[15:03:35 02/07/2025] [DEBUG] Request authentication | Meta: {"url":"/","method":"GET","isAuthenticated":false,"userId":null}
[15:03:37 02/07/2025] [DEBUG] Request authentication | Meta: {"url":"/favicon.ico","method":"GET","isAuthenticated":false,"userId":null}
[15:03:38 02/07/2025] [DEBUG] Request authentication | Meta: {"url":"/login","method":"GET","isAuthenticated":false,"userId":null}
[15:04:14 02/07/2025] [DEBUG] Request authentication | Meta: {"url":"/login","method":"POST","isAuthenticated":false,"userId":null}
[15:04:14 02/07/2025] [DEBUG] Request authentication | Meta: {"url":"/admin/dashboard","method":"GET","isAuthenticated":true,"isAdmin":true,"userId":"6863a3bd5493cc908b53292a"}
[15:04:17 02/07/2025] [DEBUG] Request authentication | Meta: {"url":"/admin/products","method":"GET","isAuthenticated":true,"isAdmin":true,"userId":"6863a3bd5493cc908b53292a"}
[15:04:22 02/07/2025] [DEBUG] Request authentication | Meta: {"url":"/logout","method":"POST","isAuthenticated":true,"isAdmin":true,"userId":"6863a3bd5493cc908b53292a"}
[15:04:22 02/07/2025] [DEBUG] Request authentication | Meta: {"url":"/","method":"GET","isAuthenticated":false,"userId":null}
[15:04:24 02/07/2025] [DEBUG] Request authentication | Meta: {"url":"/login","method":"GET","isAuthenticated":false,"userId":null}
[15:04:27 02/07/2025] [DEBUG] Request authentication | Meta: {"url":"/login","method":"POST","isAuthenticated":false,"userId":null}
[15:04:27 02/07/2025] [DEBUG] Request authentication | Meta: {"url":"/","method":"GET","isAuthenticated":true,"isAdmin":false,"userId":"6863a3bd5493cc908b53292b"}
[15:04:38 02/07/2025] [DEBUG] Request authentication | Meta: {"url":"/cart/add","method":"POST","isAuthenticated":true,"isAdmin":false,"userId":"6863a3bd5493cc908b53292b"}
[15:04:40 02/07/2025] [DEBUG] Request authentication | Meta: {"url":"/cart","method":"GET","isAuthenticated":true,"isAdmin":false,"userId":"6863a3bd5493cc908b53292b"}
[15:04:44 02/07/2025] [DEBUG] Request authentication | Meta: {"url":"/cart-update-quantity","method":"POST","isAuthenticated":true,"isAdmin":false,"userId":"6863a3bd5493cc908b53292b"}
[15:04:45 02/07/2025] [DEBUG] Request authentication | Meta: {"url":"/cart","method":"GET","isAuthenticated":true,"isAdmin":false,"userId":"6863a3bd5493cc908b53292b"}
[15:04:47 02/07/2025] [DEBUG] Request authentication | Meta: {"url":"/checkout","method":"GET","isAuthenticated":true,"isAdmin":false,"userId":"6863a3bd5493cc908b53292b"}
[15:05:01 02/07/2025] [DEBUG] Request authentication | Meta: {"url":"/vnpay/create-payment","method":"POST","isAuthenticated":true,"isAdmin":false,"userId":"6863a3bd5493cc908b53292b"}
[15:06:09 02/07/2025] [DEBUG] Request authentication | Meta: {"url":"/vnpay/return?vnp_Amount=3200000&vnp_BankCode=NCB&vnp_BankTranNo=VNP15051583&vnp_CardType=ATM&vnp_OrderInfo=Thanh+to%C3%A1n+%C4%91%C6%A1n+h%C3%A0ng+6864e82e0fd52e53e17c7c41&vnp_PayDate=20250702150657&vnp_ResponseCode=00&vnp_TmnCode=UWXDEI4Q&vnp_TransactionNo=15051583&vnp_TransactionStatus=00&vnp_TxnRef=6864e82e0fd52e53e17c7c41&vnp_SecureHash=ad5a7da588acad1a8cdbd178adc5cab2a18039d3ffe4f4cdcf7e2932033e74bcf1aa31c704b0494375007569b6b461bd5eb646c91358fbaf20f70603fc530a8e","method":"GET","isAuthenticated":true,"isAdmin":false,"userId":"6863a3bd5493cc908b53292b"}
[15:06:41 02/07/2025] [DEBUG] Request authentication | Meta: {"url":"/orders","method":"GET","isAuthenticated":true,"isAdmin":false,"userId":"6863a3bd5493cc908b53292b"}
[15:12:22 02/07/2025] [DEBUG] Request authentication | Meta: {"url":"/orders","method":"GET","isAuthenticated":true,"isAdmin":false,"userId":"6863a3bd5493cc908b53292b"}
[15:17:54 02/07/2025] [DEBUG] Request authentication | Meta: {"url":"/orders/delete-all","method":"POST","isAuthenticated":true,"isAdmin":false,"userId":"6863a3bd5493cc908b53292b"}
[15:17:54 02/07/2025] [DEBUG] Request authentication | Meta: {"url":"/orders","method":"GET","isAuthenticated":true,"isAdmin":false,"userId":"6863a3bd5493cc908b53292b"}
[15:18:44 02/07/2025] [DEBUG] Request authentication | Meta: {"url":"/","method":"GET","isAuthenticated":true,"isAdmin":false,"userId":"6863a3bd5493cc908b53292b"}
[15:18:49 02/07/2025] [DEBUG] Request authentication | Meta: {"url":"/cart/add","method":"POST","isAuthenticated":true,"isAdmin":false,"userId":"6863a3bd5493cc908b53292b"}
[15:18:51 02/07/2025] [DEBUG] Request authentication | Meta: {"url":"/cart","method":"GET","isAuthenticated":true,"isAdmin":false,"userId":"6863a3bd5493cc908b53292b"}
[15:18:54 02/07/2025] [DEBUG] Request authentication | Meta: {"url":"/cart-update-quantity","method":"POST","isAuthenticated":true,"isAdmin":false,"userId":"6863a3bd5493cc908b53292b"}
[15:18:55 02/07/2025] [DEBUG] Request authentication | Meta: {"url":"/cart","method":"GET","isAuthenticated":true,"isAdmin":false,"userId":"6863a3bd5493cc908b53292b"}
[15:18:55 02/07/2025] [DEBUG] Request authentication | Meta: {"url":"/cart-update-quantity","method":"POST","isAuthenticated":true,"isAdmin":false,"userId":"6863a3bd5493cc908b53292b"}
[15:18:55 02/07/2025] [DEBUG] Request authentication | Meta: {"url":"/cart","method":"GET","isAuthenticated":true,"isAdmin":false,"userId":"6863a3bd5493cc908b53292b"}
[15:18:57 02/07/2025] [DEBUG] Request authentication | Meta: {"url":"/cart-update-quantity","method":"POST","isAuthenticated":true,"isAdmin":false,"userId":"6863a3bd5493cc908b53292b"}
[15:18:57 02/07/2025] [DEBUG] Request authentication | Meta: {"url":"/cart","method":"GET","isAuthenticated":true,"isAdmin":false,"userId":"6863a3bd5493cc908b53292b"}
[15:18:59 02/07/2025] [DEBUG] Request authentication | Meta: {"url":"/cart-update-quantity","method":"POST","isAuthenticated":true,"isAdmin":false,"userId":"6863a3bd5493cc908b53292b"}
[15:19:00 02/07/2025] [DEBUG] Request authentication | Meta: {"url":"/cart","method":"GET","isAuthenticated":true,"isAdmin":false,"userId":"6863a3bd5493cc908b53292b"}
[15:19:01 02/07/2025] [DEBUG] Request authentication | Meta: {"url":"/cart-update-quantity","method":"POST","isAuthenticated":true,"isAdmin":false,"userId":"6863a3bd5493cc908b53292b"}
[15:19:02 02/07/2025] [DEBUG] Request authentication | Meta: {"url":"/cart","method":"GET","isAuthenticated":true,"isAdmin":false,"userId":"6863a3bd5493cc908b53292b"}
[15:19:03 02/07/2025] [DEBUG] Request authentication | Meta: {"url":"/cart-update-quantity","method":"POST","isAuthenticated":true,"isAdmin":false,"userId":"6863a3bd5493cc908b53292b"}
[15:19:03 02/07/2025] [DEBUG] Request authentication | Meta: {"url":"/cart","method":"GET","isAuthenticated":true,"isAdmin":false,"userId":"6863a3bd5493cc908b53292b"}
[15:19:05 02/07/2025] [DEBUG] Request authentication | Meta: {"url":"/checkout","method":"GET","isAuthenticated":true,"isAdmin":false,"userId":"6863a3bd5493cc908b53292b"}
[15:19:13 02/07/2025] [DEBUG] Request authentication | Meta: {"url":"/orders","method":"POST","isAuthenticated":true,"isAdmin":false,"userId":"6863a3bd5493cc908b53292b"}
[15:19:17 02/07/2025] [DEBUG] Request authentication | Meta: {"url":"/orders","method":"GET","isAuthenticated":true,"isAdmin":false,"userId":"6863a3bd5493cc908b53292b"}
[15:38:09 02/07/2025] [DEBUG] Request authentication | Meta: {"url":"/","method":"GET","isAuthenticated":true,"isAdmin":false,"userId":"6863a3bd5493cc908b53292b"}
[15:38:33 02/07/2025] [DEBUG] Request authentication | Meta: {"url":"/categories","method":"GET","isAuthenticated":true,"isAdmin":false,"userId":"6863a3bd5493cc908b53292b"}
[15:38:35 02/07/2025] [DEBUG] Request authentication | Meta: {"url":"/","method":"GET","isAuthenticated":true,"isAdmin":false,"userId":"6863a3bd5493cc908b53292b"}
[15:38:59 02/07/2025] [DEBUG] Request authentication | Meta: {"url":"/profile/change-password","method":"GET","isAuthenticated":true,"isAdmin":false,"userId":"6863a3bd5493cc908b53292b"}
[15:39:03 02/07/2025] [DEBUG] Request authentication | Meta: {"url":"/","method":"GET","isAuthenticated":true,"isAdmin":false,"userId":"6863a3bd5493cc908b53292b"}
[15:39:05 02/07/2025] [DEBUG] Request authentication | Meta: {"url":"/profile","method":"GET","isAuthenticated":true,"isAdmin":false,"userId":"6863a3bd5493cc908b53292b"}
[15:39:06 02/07/2025] [DEBUG] Request authentication | Meta: {"url":"/images/default-profile.png","method":"GET","isAuthenticated":true,"isAdmin":false,"userId":"6863a3bd5493cc908b53292b"}
[15:39:18 02/07/2025] [DEBUG] Request authentication | Meta: {"url":"/","method":"GET","isAuthenticated":true,"isAdmin":false,"userId":"6863a3bd5493cc908b53292b"}
[15:43:53 02/07/2025] [DEBUG] Request authentication | Meta: {"url":"/","method":"GET","isAuthenticated":true,"isAdmin":false,"userId":"6863a3bd5493cc908b53292b"}
[15:44:20 02/07/2025] [DEBUG] Request authentication | Meta: {"url":"/products","method":"GET","isAuthenticated":true,"isAdmin":false,"userId":"6863a3bd5493cc908b53292b"}
[15:44:22 02/07/2025] [DEBUG] Request authentication | Meta: {"url":"/","method":"GET","isAuthenticated":true,"isAdmin":false,"userId":"6863a3bd5493cc908b53292b"}
[15:44:27 02/07/2025] [DEBUG] Request authentication | Meta: {"url":"/cart","method":"GET","isAuthenticated":true,"isAdmin":false,"userId":"6863a3bd5493cc908b53292b"}
[15:45:57 02/07/2025] [DEBUG] Request authentication | Meta: {"url":"/","method":"GET","isAuthenticated":true,"isAdmin":false,"userId":"6863a3bd5493cc908b53292b"}
[20:14:42 02/07/2025] [DEBUG] Request authentication | Meta: {"url":"/","method":"GET","isAuthenticated":true,"isAdmin":false,"userId":"6863a3bd5493cc908b53292b"}
[20:14:43 02/07/2025] [DEBUG] Request authentication | Meta: {"url":"/favicon.ico","method":"GET","isAuthenticated":true,"isAdmin":false,"userId":"6863a3bd5493cc908b53292b"}
[20:14:45 02/07/2025] [DEBUG] Request authentication | Meta: {"url":"/cart","method":"GET","isAuthenticated":true,"isAdmin":false,"userId":"6863a3bd5493cc908b53292b"}
[20:14:49 02/07/2025] [DEBUG] Request authentication | Meta: {"url":"/orders","method":"GET","isAuthenticated":true,"isAdmin":false,"userId":"6863a3bd5493cc908b53292b"}
[20:23:03 02/07/2025] [DEBUG] Request authentication | Meta: {"url":"/orders","method":"GET","isAuthenticated":true,"isAdmin":false,"userId":"6863a3bd5493cc908b53292b"}
[20:23:41 02/07/2025] [DEBUG] Request authentication | Meta: {"url":"/orders","method":"GET","isAuthenticated":true,"isAdmin":false,"userId":"6863a3bd5493cc908b53292b"}
[20:28:06 02/07/2025] [DEBUG] Request authentication | Meta: {"url":"/orders","method":"GET","isAuthenticated":true,"isAdmin":false,"userId":"6863a3bd5493cc908b53292b"}
[20:29:26 02/07/2025] [DEBUG] Request authentication | Meta: {"url":"/orders/delete-all","method":"POST","isAuthenticated":true,"isAdmin":false,"userId":"6863a3bd5493cc908b53292b"}
[20:29:26 02/07/2025] [DEBUG] Request authentication | Meta: {"url":"/orders","method":"GET","isAuthenticated":true,"isAdmin":false,"userId":"6863a3bd5493cc908b53292b"}
[20:29:29 02/07/2025] [DEBUG] Request authentication | Meta: {"url":"/","method":"GET","isAuthenticated":true,"isAdmin":false,"userId":"6863a3bd5493cc908b53292b"}
[20:29:32 02/07/2025] [DEBUG] Request authentication | Meta: {"url":"/cart/add","method":"POST","isAuthenticated":true,"isAdmin":false,"userId":"6863a3bd5493cc908b53292b"}
[20:29:34 02/07/2025] [DEBUG] Request authentication | Meta: {"url":"/cart","method":"GET","isAuthenticated":true,"isAdmin":false,"userId":"6863a3bd5493cc908b53292b"}
[20:29:38 02/07/2025] [DEBUG] Request authentication | Meta: {"url":"/cart-update-quantity","method":"POST","isAuthenticated":true,"isAdmin":false,"userId":"6863a3bd5493cc908b53292b"}
[20:29:38 02/07/2025] [DEBUG] Request authentication | Meta: {"url":"/cart","method":"GET","isAuthenticated":true,"isAdmin":false,"userId":"6863a3bd5493cc908b53292b"}
[20:29:39 02/07/2025] [DEBUG] Request authentication | Meta: {"url":"/checkout","method":"GET","isAuthenticated":true,"isAdmin":false,"userId":"6863a3bd5493cc908b53292b"}
[20:29:52 02/07/2025] [DEBUG] Request authentication | Meta: {"url":"/vnpay/create-payment","method":"POST","isAuthenticated":true,"isAdmin":false,"userId":"6863a3bd5493cc908b53292b"}
[20:30:45 02/07/2025] [DEBUG] Request authentication | Meta: {"url":"/vnpay/return?vnp_Amount=3200000&vnp_BankCode=NCB&vnp_BankTranNo=VNP15052205&vnp_CardType=ATM&vnp_OrderInfo=Thanh+to%C3%A1n+%C4%91%C6%A1n+h%C3%A0ng+686534506d2d007d9aa07371&vnp_PayDate=20250702203133&vnp_ResponseCode=00&vnp_TmnCode=UWXDEI4Q&vnp_TransactionNo=15052205&vnp_TransactionStatus=00&vnp_TxnRef=686534506d2d007d9aa07371&vnp_SecureHash=81c7689414c85e4ffa8e2c695133b06520009104609462af81e1dd9562737caa1ba385dd8dbeef6ab538e14488d5390840033c8d0f710b7446b5e852f1095bcb","method":"GET","isAuthenticated":true,"isAdmin":false,"userId":"6863a3bd5493cc908b53292b"}
[20:30:51 02/07/2025] [DEBUG] Request authentication | Meta: {"url":"/orders","method":"GET","isAuthenticated":true,"isAdmin":false,"userId":"6863a3bd5493cc908b53292b"}
[20:41:27 02/07/2025] [DEBUG] Request authentication | Meta: {"url":"/orders","method":"GET","isAuthenticated":true,"isAdmin":false,"userId":"6863a3bd5493cc908b53292b"}
[20:41:47 02/07/2025] [DEBUG] Request authentication | Meta: {"url":"/orders/delete-all","method":"POST","isAuthenticated":true,"isAdmin":false,"userId":"6863a3bd5493cc908b53292b"}
[20:41:47 02/07/2025] [DEBUG] Request authentication | Meta: {"url":"/orders","method":"GET","isAuthenticated":true,"isAdmin":false,"userId":"6863a3bd5493cc908b53292b"}
[20:41:48 02/07/2025] [DEBUG] Request authentication | Meta: {"url":"/","method":"GET","isAuthenticated":true,"isAdmin":false,"userId":"6863a3bd5493cc908b53292b"}
[20:41:51 02/07/2025] [DEBUG] Request authentication | Meta: {"url":"/cart/add","method":"POST","isAuthenticated":true,"isAdmin":false,"userId":"6863a3bd5493cc908b53292b"}
[20:41:54 02/07/2025] [DEBUG] Request authentication | Meta: {"url":"/cart","method":"GET","isAuthenticated":true,"isAdmin":false,"userId":"6863a3bd5493cc908b53292b"}
[20:41:57 02/07/2025] [DEBUG] Request authentication | Meta: {"url":"/cart-update-quantity","method":"POST","isAuthenticated":true,"isAdmin":false,"userId":"6863a3bd5493cc908b53292b"}
[20:41:58 02/07/2025] [DEBUG] Request authentication | Meta: {"url":"/cart-update-quantity","method":"POST","isAuthenticated":true,"isAdmin":false,"userId":"6863a3bd5493cc908b53292b"}
[20:41:58 02/07/2025] [DEBUG] Request authentication | Meta: {"url":"/cart","method":"GET","isAuthenticated":true,"isAdmin":false,"userId":"6863a3bd5493cc908b53292b"}
[20:42:00 02/07/2025] [DEBUG] Request authentication | Meta: {"url":"/checkout","method":"GET","isAuthenticated":true,"isAdmin":false,"userId":"6863a3bd5493cc908b53292b"}
[20:42:14 02/07/2025] [DEBUG] Request authentication | Meta: {"url":"/vnpay/create-payment","method":"POST","isAuthenticated":true,"isAdmin":false,"userId":"6863a3bd5493cc908b53292b"}
[20:42:41 02/07/2025] [DEBUG] Request authentication | Meta: {"url":"/vnpay/return?vnp_Amount=3300000&vnp_BankCode=NCB&vnp_BankTranNo=VNP15052219&vnp_CardType=ATM&vnp_OrderInfo=Thanh+to%C3%A1n+%C4%91%C6%A1n+h%C3%A0ng+686537366d2d007d9aa07372&vnp_PayDate=20250702204329&vnp_ResponseCode=00&vnp_TmnCode=UWXDEI4Q&vnp_TransactionNo=15052219&vnp_TransactionStatus=00&vnp_TxnRef=686537366d2d007d9aa07372&vnp_SecureHash=84b931efc884f4d41fb0e913a54b7d6b2670198279361606f5ce8c761ab9e751c70d49fdaa17fd187556010c5237b964946a5a181ebc4db9e0bacc80d8631487","method":"GET","isAuthenticated":true,"isAdmin":false,"userId":"6863a3bd5493cc908b53292b"}
[20:42:46 02/07/2025] [DEBUG] Request authentication | Meta: {"url":"/orders","method":"GET","isAuthenticated":true,"isAdmin":false,"userId":"6863a3bd5493cc908b53292b"}
[20:47:49 02/07/2025] [DEBUG] Request authentication | Meta: {"url":"/orders","method":"GET","isAuthenticated":true,"isAdmin":false,"userId":"6863a3bd5493cc908b53292b"}
[20:49:58 02/07/2025] [DEBUG] Request authentication | Meta: {"url":"/orders","method":"GET","isAuthenticated":true,"isAdmin":false,"userId":"6863a3bd5493cc908b53292b"}
[20:53:26 02/07/2025] [DEBUG] Request authentication | Meta: {"url":"/orders","method":"GET","isAuthenticated":true,"isAdmin":false,"userId":"6863a3bd5493cc908b53292b"}
[21:03:26 02/07/2025] [DEBUG] Request authentication | Meta: {"url":"/orders","method":"GET","isAuthenticated":true,"isAdmin":false,"userId":"6863a3bd5493cc908b53292b"}
[21:03:49 02/07/2025] [DEBUG] Request authentication | Meta: {"url":"/orders","method":"GET","isAuthenticated":true,"isAdmin":false,"userId":"6863a3bd5493cc908b53292b"}
[21:04:21 02/07/2025] [DEBUG] Request authentication | Meta: {"url":"/orders","method":"GET","isAuthenticated":true,"isAdmin":false,"userId":"6863a3bd5493cc908b53292b"}
[21:08:50 02/07/2025] [DEBUG] Request authentication | Meta: {"url":"/orders","method":"GET","isAuthenticated":true,"isAdmin":false,"userId":"6863a3bd5493cc908b53292b"}
[21:12:18 02/07/2025] [DEBUG] Request authentication | Meta: {"url":"/orders","method":"GET","isAuthenticated":true,"isAdmin":false,"userId":"6863a3bd5493cc908b53292b"}
[21:14:37 02/07/2025] [DEBUG] Request authentication | Meta: {"url":"/orders","method":"GET","isAuthenticated":true,"isAdmin":false,"userId":"6863a3bd5493cc908b53292b"}
[21:18:25 02/07/2025] [DEBUG] Request authentication | Meta: {"url":"/orders","method":"GET","isAuthenticated":true,"isAdmin":false,"userId":"6863a3bd5493cc908b53292b"}
[21:18:49 02/07/2025] [DEBUG] Request authentication | Meta: {"url":"/orders","method":"GET","isAuthenticated":true,"isAdmin":false,"userId":"6863a3bd5493cc908b53292b"}
[21:24:18 02/07/2025] [DEBUG] Request authentication | Meta: {"url":"/orders","method":"GET","isAuthenticated":true,"isAdmin":false,"userId":"6863a3bd5493cc908b53292b"}
[21:35:20 02/07/2025] [DEBUG] Request authentication | Meta: {"url":"/orders","method":"GET","isAuthenticated":true,"isAdmin":false,"userId":"6863a3bd5493cc908b53292b"}
[21:35:43 02/07/2025] [DEBUG] Request authentication | Meta: {"url":"/download-invoice/686537366d2d007d9aa07372","method":"GET","isAuthenticated":true,"isAdmin":false,"userId":"6863a3bd5493cc908b53292b"}
[21:36:39 02/07/2025] [DEBUG] Request authentication | Meta: {"url":"/orders/686537366d2d007d9aa07372/delete","method":"POST","isAuthenticated":true,"isAdmin":false,"userId":"6863a3bd5493cc908b53292b"}
[21:36:39 02/07/2025] [DEBUG] Request authentication | Meta: {"url":"/orders","method":"GET","isAuthenticated":true,"isAdmin":false,"userId":"6863a3bd5493cc908b53292b"}
[21:36:41 02/07/2025] [DEBUG] Request authentication | Meta: {"url":"/","method":"GET","isAuthenticated":true,"isAdmin":false,"userId":"6863a3bd5493cc908b53292b"}
[21:36:53 02/07/2025] [DEBUG] Request authentication | Meta: {"url":"/products?category=dog","method":"GET","isAuthenticated":true,"isAdmin":false,"userId":"6863a3bd5493cc908b53292b"}
[21:36:56 02/07/2025] [DEBUG] Request authentication | Meta: {"url":"/products?category=cat","method":"GET","isAuthenticated":true,"isAdmin":false,"userId":"6863a3bd5493cc908b53292b"}
[21:37:00 02/07/2025] [DEBUG] Request authentication | Meta: {"url":"/products?category=fish","method":"GET","isAuthenticated":true,"isAdmin":false,"userId":"6863a3bd5493cc908b53292b"}
[21:37:08 02/07/2025] [DEBUG] Request authentication | Meta: {"url":"/categories","method":"GET","isAuthenticated":true,"isAdmin":false,"userId":"6863a3bd5493cc908b53292b"}
[21:37:18 02/07/2025] [DEBUG] Request authentication | Meta: {"url":"/about","method":"GET","isAuthenticated":true,"isAdmin":false,"userId":"6863a3bd5493cc908b53292b"}
[21:37:20 02/07/2025] [DEBUG] Request authentication | Meta: {"url":"/","method":"GET","isAuthenticated":true,"isAdmin":false,"userId":"6863a3bd5493cc908b53292b"}
[21:37:55 02/07/2025] [DEBUG] Request authentication | Meta: {"url":"/products?category=dog","method":"GET","isAuthenticated":true,"isAdmin":false,"userId":"6863a3bd5493cc908b53292b"}
[21:38:03 02/07/2025] [DEBUG] Request authentication | Meta: {"url":"/","method":"GET","isAuthenticated":true,"isAdmin":false,"userId":"6863a3bd5493cc908b53292b"}
[21:38:49 02/07/2025] [DEBUG] Request authentication | Meta: {"url":"/products?category=cat","method":"GET","isAuthenticated":true,"isAdmin":false,"userId":"6863a3bd5493cc908b53292b"}
[21:39:00 02/07/2025] [DEBUG] Request authentication | Meta: {"url":"/products?category=fish","method":"GET","isAuthenticated":true,"isAdmin":false,"userId":"6863a3bd5493cc908b53292b"}
[21:39:07 02/07/2025] [DEBUG] Request authentication | Meta: {"url":"/","method":"GET","isAuthenticated":true,"isAdmin":false,"userId":"6863a3bd5493cc908b53292b"}
[21:39:09 02/07/2025] [DEBUG] Request authentication | Meta: {"url":"/products?category=small-pets","method":"GET","isAuthenticated":true,"isAdmin":false,"userId":"6863a3bd5493cc908b53292b"}
[21:45:19 02/07/2025] [DEBUG] Request authentication | Meta: {"url":"/products?category=small-pets","method":"GET","isAuthenticated":true,"isAdmin":false,"userId":"6863a3bd5493cc908b53292b"}
[21:45:21 02/07/2025] [DEBUG] Request authentication | Meta: {"url":"/","method":"GET","isAuthenticated":true,"isAdmin":false,"userId":"6863a3bd5493cc908b53292b"}
[22:03:23 02/07/2025] [DEBUG] Request authentication | Meta: {"url":"/","method":"GET","isAuthenticated":true,"isAdmin":false,"userId":"6863a3bd5493cc908b53292b"}
[22:14:07 02/07/2025] [DEBUG] Request authentication | Meta: {"url":"/","method":"GET","isAuthenticated":true,"isAdmin":false,"userId":"6863a3bd5493cc908b53292b"}
[22:14:10 02/07/2025] [DEBUG] Request authentication | Meta: {"url":"/categories","method":"GET","isAuthenticated":true,"isAdmin":false,"userId":"6863a3bd5493cc908b53292b"}
[22:14:12 02/07/2025] [DEBUG] Request authentication | Meta: {"url":"/","method":"GET","isAuthenticated":true,"isAdmin":false,"userId":"6863a3bd5493cc908b53292b"}
[22:14:14 02/07/2025] [DEBUG] Request authentication | Meta: {"url":"/products?category=dog","method":"GET","isAuthenticated":true,"isAdmin":false,"userId":"6863a3bd5493cc908b53292b"}
[22:14:16 02/07/2025] [DEBUG] Request authentication | Meta: {"url":"/","method":"GET","isAuthenticated":true,"isAdmin":false,"userId":"6863a3bd5493cc908b53292b"}
[22:20:11 02/07/2025] [DEBUG] Request authentication | Meta: {"url":"/","method":"GET","isAuthenticated":true,"isAdmin":false,"userId":"6863a3bd5493cc908b53292b"}
[22:20:13 02/07/2025] [DEBUG] Request authentication | Meta: {"url":"/categories","method":"GET","isAuthenticated":true,"isAdmin":false,"userId":"6863a3bd5493cc908b53292b"}
[22:20:27 02/07/2025] [DEBUG] Request authentication | Meta: {"url":"/","method":"GET","isAuthenticated":true,"isAdmin":false,"userId":"6863a3bd5493cc908b53292b"}
[22:20:30 02/07/2025] [DEBUG] Request authentication | Meta: {"url":"/products?category=dog","method":"GET","isAuthenticated":true,"isAdmin":false,"userId":"6863a3bd5493cc908b53292b"}
[22:20:31 02/07/2025] [DEBUG] Request authentication | Meta: {"url":"/","method":"GET","isAuthenticated":true,"isAdmin":false,"userId":"6863a3bd5493cc908b53292b"}
[22:21:37 02/07/2025] [DEBUG] Request authentication | Meta: {"url":"/products?category=dog","method":"GET","isAuthenticated":true,"isAdmin":false,"userId":"6863a3bd5493cc908b53292b"}
[22:21:39 02/07/2025] [DEBUG] Request authentication | Meta: {"url":"/","method":"GET","isAuthenticated":true,"isAdmin":false,"userId":"6863a3bd5493cc908b53292b"}
[22:21:53 02/07/2025] [DEBUG] Request authentication | Meta: {"url":"/logout","method":"POST","isAuthenticated":true,"isAdmin":false,"userId":"6863a3bd5493cc908b53292b"}
[22:21:53 02/07/2025] [DEBUG] Request authentication | Meta: {"url":"/","method":"GET","isAuthenticated":false,"userId":null}
[22:21:55 02/07/2025] [DEBUG] Request authentication | Meta: {"url":"/login","method":"GET","isAuthenticated":false,"userId":null}
[22:21:59 02/07/2025] [DEBUG] Request authentication | Meta: {"url":"/login","method":"POST","isAuthenticated":false,"userId":null}
[22:21:59 02/07/2025] [DEBUG] Request authentication | Meta: {"url":"/admin/dashboard","method":"GET","isAuthenticated":true,"isAdmin":true,"userId":"6863a3bd5493cc908b53292a"}
[22:22:02 02/07/2025] [DEBUG] Request authentication | Meta: {"url":"/admin/products","method":"GET","isAuthenticated":true,"isAdmin":true,"userId":"6863a3bd5493cc908b53292a"}
[22:22:05 02/07/2025] [DEBUG] Request authentication | Meta: {"url":"/admin/products","method":"GET","isAuthenticated":true,"isAdmin":true,"userId":"6863a3bd5493cc908b53292a"}
[22:22:10 02/07/2025] [DEBUG] Request authentication | Meta: {"url":"/logout","method":"POST","isAuthenticated":true,"isAdmin":true,"userId":"6863a3bd5493cc908b53292a"}
[22:22:10 02/07/2025] [DEBUG] Request authentication | Meta: {"url":"/","method":"GET","isAuthenticated":false,"userId":null}
[22:22:14 02/07/2025] [DEBUG] Request authentication | Meta: {"url":"/login","method":"GET","isAuthenticated":false,"userId":null}
[22:22:25 02/07/2025] [DEBUG] Request authentication | Meta: {"url":"/login","method":"POST","isAuthenticated":false,"userId":null}
[22:22:25 02/07/2025] [DEBUG] Request authentication | Meta: {"url":"/","method":"GET","isAuthenticated":true,"isAdmin":false,"userId":"6863a3bd5493cc908b53292b"}
[22:31:39 02/07/2025] [DEBUG] Request authentication | Meta: {"url":"/","method":"GET","isAuthenticated":true,"isAdmin":false,"userId":"6863a3bd5493cc908b53292b"}
[22:31:42 02/07/2025] [DEBUG] Request authentication | Meta: {"url":"/products?category=dog","method":"GET","isAuthenticated":true,"isAdmin":false,"userId":"6863a3bd5493cc908b53292b"}
[22:31:57 02/07/2025] [DEBUG] Request authentication | Meta: {"url":"/","method":"GET","isAuthenticated":true,"isAdmin":false,"userId":"6863a3bd5493cc908b53292b"}
[22:32:00 02/07/2025] [DEBUG] Request authentication | Meta: {"url":"/products?category=cat","method":"GET","isAuthenticated":true,"isAdmin":false,"userId":"6863a3bd5493cc908b53292b"}
[22:32:03 02/07/2025] [DEBUG] Request authentication | Meta: {"url":"/","method":"GET","isAuthenticated":true,"isAdmin":false,"userId":"6863a3bd5493cc908b53292b"}
[22:32:05 02/07/2025] [DEBUG] Request authentication | Meta: {"url":"/products?category=fish","method":"GET","isAuthenticated":true,"isAdmin":false,"userId":"6863a3bd5493cc908b53292b"}
[22:32:31 02/07/2025] [DEBUG] Request authentication | Meta: {"url":"/","method":"GET","isAuthenticated":true,"isAdmin":false,"userId":"6863a3bd5493cc908b53292b"}
[22:37:29 02/07/2025] [DEBUG] Request authentication | Meta: {"url":"/","method":"GET","isAuthenticated":true,"isAdmin":false,"userId":"6863a3bd5493cc908b53292b"}
[22:37:42 02/07/2025] [DEBUG] Request authentication | Meta: {"url":"/products","method":"GET","isAuthenticated":true,"isAdmin":false,"userId":"6863a3bd5493cc908b53292b"}
[22:37:44 02/07/2025] [DEBUG] Request authentication | Meta: {"url":"/","method":"GET","isAuthenticated":true,"isAdmin":false,"userId":"6863a3bd5493cc908b53292b"}
[22:37:51 02/07/2025] [DEBUG] Request authentication | Meta: {"url":"/products","method":"GET","isAuthenticated":true,"isAdmin":false,"userId":"6863a3bd5493cc908b53292b"}
[22:37:52 02/07/2025] [DEBUG] Request authentication | Meta: {"url":"/","method":"GET","isAuthenticated":true,"isAdmin":false,"userId":"6863a3bd5493cc908b53292b"}
[22:37:55 02/07/2025] [DEBUG] Request authentication | Meta: {"url":"/products?category=dog","method":"GET","isAuthenticated":true,"isAdmin":false,"userId":"6863a3bd5493cc908b53292b"}
[22:37:58 02/07/2025] [DEBUG] Request authentication | Meta: {"url":"/products","method":"GET","isAuthenticated":true,"isAdmin":false,"userId":"6863a3bd5493cc908b53292b"}
[22:37:59 02/07/2025] [DEBUG] Request authentication | Meta: {"url":"/categories","method":"GET","isAuthenticated":true,"isAdmin":false,"userId":"6863a3bd5493cc908b53292b"}
[22:38:01 02/07/2025] [DEBUG] Request authentication | Meta: {"url":"/","method":"GET","isAuthenticated":true,"isAdmin":false,"userId":"6863a3bd5493cc908b53292b"}
[22:38:12 02/07/2025] [DEBUG] Request authentication | Meta: {"url":"/cart/add","method":"POST","isAuthenticated":true,"isAdmin":false,"userId":"6863a3bd5493cc908b53292b"}
[22:38:13 02/07/2025] [DEBUG] Request authentication | Meta: {"url":"/cart","method":"GET","isAuthenticated":true,"isAdmin":false,"userId":"6863a3bd5493cc908b53292b"}
[22:38:21 02/07/2025] [DEBUG] Request authentication | Meta: {"url":"/","method":"GET","isAuthenticated":true,"isAdmin":false,"userId":"6863a3bd5493cc908b53292b"}
[22:39:52 02/07/2025] [DEBUG] Request authentication | Meta: {"url":"/products?category=dog","method":"GET","isAuthenticated":true,"isAdmin":false,"userId":"6863a3bd5493cc908b53292b"}
[22:40:13 02/07/2025] [DEBUG] Request authentication | Meta: {"url":"/","method":"GET","isAuthenticated":true,"isAdmin":false,"userId":"6863a3bd5493cc908b53292b"}
[22:40:22 02/07/2025] [DEBUG] Request authentication | Meta: {"url":"/cart","method":"GET","isAuthenticated":true,"isAdmin":false,"userId":"6863a3bd5493cc908b53292b"}
[22:40:24 02/07/2025] [DEBUG] Request authentication | Meta: {"url":"/cart-delete-item","method":"POST","isAuthenticated":true,"isAdmin":false,"userId":"6863a3bd5493cc908b53292b"}
[22:40:25 02/07/2025] [DEBUG] Request authentication | Meta: {"url":"/cart","method":"GET","isAuthenticated":true,"isAdmin":false,"userId":"6863a3bd5493cc908b53292b"}
[22:40:26 02/07/2025] [DEBUG] Request authentication | Meta: {"url":"/","method":"GET","isAuthenticated":true,"isAdmin":false,"userId":"6863a3bd5493cc908b53292b"}
[22:41:26 02/07/2025] [DEBUG] Request authentication | Meta: {"url":"/products?category=dog","method":"GET","isAuthenticated":true,"isAdmin":false,"userId":"6863a3bd5493cc908b53292b"}
[22:41:51 02/07/2025] [DEBUG] Request authentication | Meta: {"url":"/","method":"GET","isAuthenticated":true,"isAdmin":false,"userId":"6863a3bd5493cc908b53292b"}
[22:41:56 02/07/2025] [DEBUG] Request authentication | Meta: {"url":"/products?category=cat","method":"GET","isAuthenticated":true,"isAdmin":false,"userId":"6863a3bd5493cc908b53292b"}
[22:53:50 02/07/2025] [DEBUG] Request authentication | Meta: {"url":"/","method":"GET","isAuthenticated":true,"isAdmin":false,"userId":"6863a3bd5493cc908b53292b"}
[22:53:55 02/07/2025] [DEBUG] Request authentication | Meta: {"url":"/products?category=dog","method":"GET","isAuthenticated":true,"isAdmin":false,"userId":"6863a3bd5493cc908b53292b"}
[22:54:26 02/07/2025] [DEBUG] Request authentication | Meta: {"url":"/","method":"GET","isAuthenticated":true,"isAdmin":false,"userId":"6863a3bd5493cc908b53292b"}
[22:57:31 02/07/2025] [DEBUG] Request authentication | Meta: {"url":"/","method":"GET","isAuthenticated":true,"isAdmin":false,"userId":"6863a3bd5493cc908b53292b"}
[22:57:35 02/07/2025] [DEBUG] Request authentication | Meta: {"url":"/products?category=dog","method":"GET","isAuthenticated":true,"isAdmin":false,"userId":"6863a3bd5493cc908b53292b"}
[22:57:44 02/07/2025] [DEBUG] Request authentication | Meta: {"url":"/","method":"GET","isAuthenticated":true,"isAdmin":false,"userId":"6863a3bd5493cc908b53292b"}
[22:57:47 02/07/2025] [DEBUG] Request authentication | Meta: {"url":"/products?category=cat","method":"GET","isAuthenticated":true,"isAdmin":false,"userId":"6863a3bd5493cc908b53292b"}
[22:57:52 02/07/2025] [DEBUG] Request authentication | Meta: {"url":"/","method":"GET","isAuthenticated":true,"isAdmin":false,"userId":"6863a3bd5493cc908b53292b"}
[22:57:55 02/07/2025] [DEBUG] Request authentication | Meta: {"url":"/products?category=fish","method":"GET","isAuthenticated":true,"isAdmin":false,"userId":"6863a3bd5493cc908b53292b"}
[22:57:59 02/07/2025] [DEBUG] Request authentication | Meta: {"url":"/","method":"GET","isAuthenticated":true,"isAdmin":false,"userId":"6863a3bd5493cc908b53292b"}
[22:58:03 02/07/2025] [DEBUG] Request authentication | Meta: {"url":"/products?category=small-pets","method":"GET","isAuthenticated":true,"isAdmin":false,"userId":"6863a3bd5493cc908b53292b"}
[22:58:30 02/07/2025] [DEBUG] Request authentication | Meta: {"url":"/","method":"GET","isAuthenticated":true,"isAdmin":false,"userId":"6863a3bd5493cc908b53292b"}
[22:58:33 02/07/2025] [DEBUG] Request authentication | Meta: {"url":"/categories","method":"GET","isAuthenticated":true,"isAdmin":false,"userId":"6863a3bd5493cc908b53292b"}
[22:58:43 02/07/2025] [DEBUG] Request authentication | Meta: {"url":"/categories","method":"GET","isAuthenticated":true,"isAdmin":false,"userId":"6863a3bd5493cc908b53292b"}
[22:58:56 02/07/2025] [DEBUG] Request authentication | Meta: {"url":"/","method":"GET","isAuthenticated":true,"isAdmin":false,"userId":"6863a3bd5493cc908b53292b"}
[22:59:57 02/07/2025] [DEBUG] Request authentication | Meta: {"url":"/products","method":"GET","isAuthenticated":true,"isAdmin":false,"userId":"6863a3bd5493cc908b53292b"}
[23:00:11 02/07/2025] [DEBUG] Request authentication | Meta: {"url":"/products?category=dog","method":"GET","isAuthenticated":true,"isAdmin":false,"userId":"6863a3bd5493cc908b53292b"}
[23:00:17 02/07/2025] [DEBUG] Request authentication | Meta: {"url":"/products","method":"GET","isAuthenticated":true,"isAdmin":false,"userId":"6863a3bd5493cc908b53292b"}
[23:00:22 02/07/2025] [DEBUG] Request authentication | Meta: {"url":"/","method":"GET","isAuthenticated":true,"isAdmin":false,"userId":"6863a3bd5493cc908b53292b"}
[23:03:58 02/07/2025] [DEBUG] Request authentication | Meta: {"url":"/products","method":"GET","isAuthenticated":true,"isAdmin":false,"userId":"6863a3bd5493cc908b53292b"}
[23:04:04 02/07/2025] [DEBUG] Request authentication | Meta: {"url":"/","method":"GET","isAuthenticated":true,"isAdmin":false,"userId":"6863a3bd5493cc908b53292b"}
[23:04:09 02/07/2025] [DEBUG] Request authentication | Meta: {"url":"/","method":"GET","isAuthenticated":true,"isAdmin":false,"userId":"6863a3bd5493cc908b53292b"}
[23:04:27 02/07/2025] [DEBUG] Request authentication | Meta: {"url":"/products","method":"GET","isAuthenticated":true,"isAdmin":false,"userId":"6863a3bd5493cc908b53292b"}
[23:04:31 02/07/2025] [DEBUG] Request authentication | Meta: {"url":"/","method":"GET","isAuthenticated":true,"isAdmin":false,"userId":"6863a3bd5493cc908b53292b"}
[23:04:35 02/07/2025] [DEBUG] Request authentication | Meta: {"url":"/","method":"GET","isAuthenticated":true,"isAdmin":false,"userId":"6863a3bd5493cc908b53292b"}
[23:04:59 02/07/2025] [DEBUG] Request authentication | Meta: {"url":"/products?category=dog","method":"GET","isAuthenticated":true,"isAdmin":false,"userId":"6863a3bd5493cc908b53292b"}
[23:05:08 02/07/2025] [DEBUG] Request authentication | Meta: {"url":"/","method":"GET","isAuthenticated":true,"isAdmin":false,"userId":"6863a3bd5493cc908b53292b"}
[23:05:50 02/07/2025] [DEBUG] Request authentication | Meta: {"url":"/products","method":"GET","isAuthenticated":true,"isAdmin":false,"userId":"6863a3bd5493cc908b53292b"}
[23:06:01 02/07/2025] [DEBUG] Request authentication | Meta: {"url":"/about","method":"GET","isAuthenticated":true,"isAdmin":false,"userId":"6863a3bd5493cc908b53292b"}
[23:06:03 02/07/2025] [DEBUG] Request authentication | Meta: {"url":"/","method":"GET","isAuthenticated":true,"isAdmin":false,"userId":"6863a3bd5493cc908b53292b"}
[23:08:36 02/07/2025] [DEBUG] Request authentication | Meta: {"url":"/products","method":"GET","isAuthenticated":true,"isAdmin":false,"userId":"6863a3bd5493cc908b53292b"}
[23:08:45 02/07/2025] [DEBUG] Request authentication | Meta: {"url":"/","method":"GET","isAuthenticated":true,"isAdmin":false,"userId":"6863a3bd5493cc908b53292b"}
[23:08:47 02/07/2025] [DEBUG] Request authentication | Meta: {"url":"/products","method":"GET","isAuthenticated":true,"isAdmin":false,"userId":"6863a3bd5493cc908b53292b"}
[23:08:54 02/07/2025] [DEBUG] Request authentication | Meta: {"url":"/","method":"GET","isAuthenticated":true,"isAdmin":false,"userId":"6863a3bd5493cc908b53292b"}
[23:08:57 02/07/2025] [DEBUG] Request authentication | Meta: {"url":"/products?category=dog","method":"GET","isAuthenticated":true,"isAdmin":false,"userId":"6863a3bd5493cc908b53292b"}
[23:09:06 02/07/2025] [DEBUG] Request authentication | Meta: {"url":"/about","method":"GET","isAuthenticated":true,"isAdmin":false,"userId":"6863a3bd5493cc908b53292b"}
[23:09:22 02/07/2025] [DEBUG] Request authentication | Meta: {"url":"/contact","method":"GET","isAuthenticated":true,"isAdmin":false,"userId":"6863a3bd5493cc908b53292b"}
[23:15:14 02/07/2025] [DEBUG] Request authentication | Meta: {"url":"/","method":"GET","isAuthenticated":true,"isAdmin":false,"userId":"6863a3bd5493cc908b53292b"}
[23:15:16 02/07/2025] [DEBUG] Request authentication | Meta: {"url":"/about","method":"GET","isAuthenticated":true,"isAdmin":false,"userId":"6863a3bd5493cc908b53292b"}
[23:15:27 02/07/2025] [DEBUG] Request authentication | Meta: {"url":"/contact","method":"GET","isAuthenticated":true,"isAdmin":false,"userId":"6863a3bd5493cc908b53292b"}
[23:15:39 02/07/2025] [DEBUG] Request authentication | Meta: {"url":"/","method":"GET","isAuthenticated":true,"isAdmin":false,"userId":"6863a3bd5493cc908b53292b"}
[23:24:51 02/07/2025] [DEBUG] Request authentication | Meta: {"url":"/","method":"GET","isAuthenticated":true,"isAdmin":false,"userId":"6863a3bd5493cc908b53292b"}
[23:32:18 02/07/2025] [DEBUG] Request authentication | Meta: {"url":"/","method":"GET","isAuthenticated":true,"isAdmin":false,"userId":"6863a3bd5493cc908b53292b"}
[23:32:24 02/07/2025] [DEBUG] Request authentication | Meta: {"url":"/products?category=dog","method":"GET","isAuthenticated":true,"isAdmin":false,"userId":"6863a3bd5493cc908b53292b"}
[23:32:29 02/07/2025] [DEBUG] Request authentication | Meta: {"url":"/","method":"GET","isAuthenticated":true,"isAdmin":false,"userId":"6863a3bd5493cc908b53292b"}
[23:32:36 02/07/2025] [DEBUG] Request authentication | Meta: {"url":"/products","method":"GET","isAuthenticated":true,"isAdmin":false,"userId":"6863a3bd5493cc908b53292b"}
[23:32:40 02/07/2025] [DEBUG] Request authentication | Meta: {"url":"/","method":"GET","isAuthenticated":true,"isAdmin":false,"userId":"6863a3bd5493cc908b53292b"}
[23:32:41 02/07/2025] [DEBUG] Request authentication | Meta: {"url":"/products","method":"GET","isAuthenticated":true,"isAdmin":false,"userId":"6863a3bd5493cc908b53292b"}
[23:32:43 02/07/2025] [DEBUG] Request authentication | Meta: {"url":"/shop","method":"GET","isAuthenticated":true,"isAdmin":false,"userId":"6863a3bd5493cc908b53292b"}
[23:32:47 02/07/2025] [DEBUG] Request authentication | Meta: {"url":"/products","method":"GET","isAuthenticated":true,"isAdmin":false,"userId":"6863a3bd5493cc908b53292b"}
[23:32:50 02/07/2025] [DEBUG] Request authentication | Meta: {"url":"/","method":"GET","isAuthenticated":true,"isAdmin":false,"userId":"6863a3bd5493cc908b53292b"}
[23:32:52 02/07/2025] [DEBUG] Request authentication | Meta: {"url":"/products?category=dog","method":"GET","isAuthenticated":true,"isAdmin":false,"userId":"6863a3bd5493cc908b53292b"}
[23:32:58 02/07/2025] [DEBUG] Request authentication | Meta: {"url":"/","method":"GET","isAuthenticated":true,"isAdmin":false,"userId":"6863a3bd5493cc908b53292b"}
[23:33:30 02/07/2025] [DEBUG] Request authentication | Meta: {"url":"/","method":"GET","isAuthenticated":true,"isAdmin":false,"userId":"6863a3bd5493cc908b53292b"}
[23:33:34 02/07/2025] [DEBUG] Request authentication | Meta: {"url":"/products?category=dog","method":"GET","isAuthenticated":true,"isAdmin":false,"userId":"6863a3bd5493cc908b53292b"}
[23:33:38 02/07/2025] [DEBUG] Request authentication | Meta: {"url":"/","method":"GET","isAuthenticated":true,"isAdmin":false,"userId":"6863a3bd5493cc908b53292b"}
[23:42:32 02/07/2025] [DEBUG] Request authentication | Meta: {"url":"/","method":"GET","isAuthenticated":true,"isAdmin":false,"userId":"6863a3bd5493cc908b53292b"}
[23:42:48 02/07/2025] [DEBUG] Request authentication | Meta: {"url":"/products?category=dog","method":"GET","isAuthenticated":true,"isAdmin":false,"userId":"6863a3bd5493cc908b53292b"}
[23:44:53 02/07/2025] [DEBUG] Request authentication | Meta: {"url":"/","method":"GET","isAuthenticated":true,"isAdmin":false,"userId":"6863a3bd5493cc908b53292b"}
[23:45:38 02/07/2025] [DEBUG] Request authentication | Meta: {"url":"/","method":"GET","isAuthenticated":true,"isAdmin":false,"userId":"6863a3bd5493cc908b53292b"}
[23:45:55 02/07/2025] [DEBUG] Request authentication | Meta: {"url":"/about","method":"GET","isAuthenticated":true,"isAdmin":false,"userId":"6863a3bd5493cc908b53292b"}
[23:46:01 02/07/2025] [DEBUG] Request authentication | Meta: {"url":"/contact","method":"GET","isAuthenticated":true,"isAdmin":false,"userId":"6863a3bd5493cc908b53292b"}
[23:46:04 02/07/2025] [DEBUG] Request authentication | Meta: {"url":"/","method":"GET","isAuthenticated":true,"isAdmin":false,"userId":"6863a3bd5493cc908b53292b"}
