[09:43:55 18/07/2025] [DEBUG] Request authentication | Meta: {"url":"/","method":"GET","isAuthenticated":true,"isAdmin":false,"userId":"6877309e49c241ac8fc5fa77","cartCount":0}
[09:43:58 18/07/2025] [DEBUG] Request authentication | Meta: {"url":"/favicon.ico","method":"GET","isAuthenticated":true,"isAdmin":false,"userId":"6877309e49c241ac8fc5fa77","cartCount":0}
[09:44:03 18/07/2025] [DEBUG] Request authentication | Meta: {"url":"/services","method":"GET","isAuthenticated":true,"isAdmin":false,"userId":"6877309e49c241ac8fc5fa77","cartCount":0}
[09:45:06 18/07/2025] [DEBUG] Request authentication | Meta: {"url":"/about","method":"GET","isAuthenticated":true,"isAdmin":false,"userId":"6877309e49c241ac8fc5fa77","cartCount":0}
[09:45:30 18/07/2025] [DEBUG] Request authentication | Meta: {"url":"/contact","method":"GET","isAuthenticated":true,"isAdmin":false,"userId":"6877309e49c241ac8fc5fa77","cartCount":0}
[09:45:51 18/07/2025] [DEBUG] Request authentication | Meta: {"url":"/favorites","method":"GET","isAuthenticated":true,"isAdmin":false,"userId":"6877309e49c241ac8fc5fa77","cartCount":0}
[09:46:10 18/07/2025] [DEBUG] Request authentication | Meta: {"url":"/profile","method":"GET","isAuthenticated":true,"isAdmin":false,"userId":"6877309e49c241ac8fc5fa77","cartCount":0}
[09:46:24 18/07/2025] [DEBUG] Request authentication | Meta: {"url":"/search?q=%C4%83n","method":"GET","isAuthenticated":true,"isAdmin":false,"userId":"6877309e49c241ac8fc5fa77","cartCount":0}
[09:46:45 18/07/2025] [DEBUG] Request authentication | Meta: {"url":"/products","method":"GET","isAuthenticated":true,"isAdmin":false,"userId":"6877309e49c241ac8fc5fa77","cartCount":0}
[09:46:49 18/07/2025] [DEBUG] Request authentication | Meta: {"url":"/products/6865522580c38388b5018017","method":"GET","isAuthenticated":true,"isAdmin":false,"userId":"6877309e49c241ac8fc5fa77","cartCount":0}
[09:46:59 18/07/2025] [DEBUG] Request authentication | Meta: {"url":"/","method":"GET","isAuthenticated":true,"isAdmin":false,"userId":"6877309e49c241ac8fc5fa77","cartCount":0}
[09:47:03 18/07/2025] [DEBUG] Request authentication | Meta: {"url":"/products/6865522580c38388b5018012","method":"GET","isAuthenticated":true,"isAdmin":false,"userId":"6877309e49c241ac8fc5fa77","cartCount":0}
[09:47:18 18/07/2025] [DEBUG] Request authentication | Meta: {"url":"/logout","method":"POST","isAuthenticated":true,"isAdmin":false,"userId":"6877309e49c241ac8fc5fa77","cartCount":0}
[09:47:18 18/07/2025] [DEBUG] Request authentication | Meta: {"url":"/","method":"GET","isAuthenticated":false,"userId":null,"cartCount":0}
[09:47:20 18/07/2025] [DEBUG] Request authentication | Meta: {"url":"/products/6865522580c38388b5018017","method":"GET","isAuthenticated":false,"userId":null,"cartCount":0}
[09:47:34 18/07/2025] [DEBUG] Request authentication | Meta: {"url":"/login","method":"GET","isAuthenticated":false,"userId":null,"cartCount":0}
[09:47:39 18/07/2025] [DEBUG] Request authentication | Meta: {"url":"/login","method":"POST","isAuthenticated":false,"userId":null,"cartCount":0}
[09:47:39 18/07/2025] [DEBUG] Request authentication | Meta: {"url":"/admin/dashboard","method":"GET","isAuthenticated":true,"isAdmin":true,"userId":"6863a3bd5493cc908b53292a","cartCount":0}
[09:47:42 18/07/2025] [DEBUG] Request authentication | Meta: {"url":"/admin/reviews","method":"GET","isAuthenticated":true,"isAdmin":true,"userId":"6863a3bd5493cc908b53292a","cartCount":0}
[09:47:49 18/07/2025] [DEBUG] Request authentication | Meta: {"url":"/logout","method":"POST","isAuthenticated":true,"isAdmin":true,"userId":"6863a3bd5493cc908b53292a","cartCount":0}
[09:47:50 18/07/2025] [DEBUG] Request authentication | Meta: {"url":"/","method":"GET","isAuthenticated":false,"userId":null,"cartCount":0}
[09:47:53 18/07/2025] [DEBUG] Request authentication | Meta: {"url":"/login","method":"GET","isAuthenticated":false,"userId":null,"cartCount":0}
[09:47:55 18/07/2025] [DEBUG] Request authentication | Meta: {"url":"/search?q=C%C3%A2y+th%E1%BB%A7y+sinh+trang+tr%C3%AD","method":"GET","isAuthenticated":false,"userId":null,"cartCount":0}
[09:47:58 18/07/2025] [DEBUG] Request authentication | Meta: {"url":"/products/6865522580c38388b5018014","method":"GET","isAuthenticated":false,"userId":null,"cartCount":0}
[09:49:08 18/07/2025] [DEBUG] Request authentication | Meta: {"url":"/login?returnTo=%2Fproducts%2F6865522580c38388b5018014","method":"GET","isAuthenticated":false,"userId":null,"cartCount":0}
[09:49:10 18/07/2025] [DEBUG] Request authentication | Meta: {"url":"/","method":"GET","isAuthenticated":false,"userId":null,"cartCount":0}
[09:49:41 18/07/2025] [DEBUG] Request authentication | Meta: {"url":"/services","method":"GET","isAuthenticated":false,"userId":null,"cartCount":0}
[09:49:53 18/07/2025] [DEBUG] Request authentication | Meta: {"url":"/about","method":"GET","isAuthenticated":false,"userId":null,"cartCount":0}
[09:51:41 18/07/2025] [DEBUG] Request authentication | Meta: {"url":"/contact","method":"GET","isAuthenticated":false,"userId":null,"cartCount":0}
[09:51:45 18/07/2025] [DEBUG] Request authentication | Meta: {"url":"/about","method":"GET","isAuthenticated":false,"userId":null,"cartCount":0}
[09:51:48 18/07/2025] [DEBUG] Request authentication | Meta: {"url":"/services","method":"GET","isAuthenticated":false,"userId":null,"cartCount":0}
[09:52:51 18/07/2025] [DEBUG] Request authentication | Meta: {"url":"/services","method":"GET","isAuthenticated":false,"userId":null,"cartCount":0}
[09:52:55 18/07/2025] [DEBUG] Request authentication | Meta: {"url":"/news","method":"GET","isAuthenticated":false,"userId":null,"cartCount":0}
[09:53:00 18/07/2025] [DEBUG] Request authentication | Meta: {"url":"/","method":"GET","isAuthenticated":false,"userId":null,"cartCount":0}
[09:53:21 18/07/2025] [DEBUG] Request authentication | Meta: {"url":"/products/6865522580c38388b5018017","method":"GET","isAuthenticated":false,"userId":null,"cartCount":0}
[09:53:28 18/07/2025] [DEBUG] Request authentication | Meta: {"url":"/login?returnTo=%2Fproducts%2F6865522580c38388b5018017","method":"GET","isAuthenticated":false,"userId":null,"cartCount":0}
[09:53:31 18/07/2025] [DEBUG] Request authentication | Meta: {"url":"/login","method":"POST","isAuthenticated":false,"userId":null,"cartCount":0}
[09:53:31 18/07/2025] [DEBUG] Request authentication | Meta: {"url":"/","method":"GET","isAuthenticated":true,"isAdmin":false,"userId":"6877309e49c241ac8fc5fa77","cartCount":0}
[09:53:34 18/07/2025] [DEBUG] Request authentication | Meta: {"url":"/products/6865522580c38388b5018017","method":"GET","isAuthenticated":true,"isAdmin":false,"userId":"6877309e49c241ac8fc5fa77","cartCount":0}
[09:53:42 18/07/2025] [DEBUG] Request authentication | Meta: {"url":"/products/6865522580c38388b5018017/review","method":"POST","isAuthenticated":true,"isAdmin":false,"userId":"6877309e49c241ac8fc5fa77","cartCount":0}
[09:53:50 18/07/2025] [DEBUG] Request authentication | Meta: {"url":"/","method":"GET","isAuthenticated":true,"isAdmin":false,"userId":"6877309e49c241ac8fc5fa77","cartCount":0}
[09:53:53 18/07/2025] [DEBUG] Request authentication | Meta: {"url":"/products/6865522580c38388b501800c","method":"GET","isAuthenticated":true,"isAdmin":false,"userId":"6877309e49c241ac8fc5fa77","cartCount":0}
[09:53:58 18/07/2025] [DEBUG] Request authentication | Meta: {"url":"/products/6865522580c38388b501800c/review","method":"POST","isAuthenticated":true,"isAdmin":false,"userId":"6877309e49c241ac8fc5fa77","cartCount":0}
[09:54:00 18/07/2025] [DEBUG] Request authentication | Meta: {"url":"/products/6865522580c38388b501800c","method":"GET","isAuthenticated":true,"isAdmin":false,"userId":"6877309e49c241ac8fc5fa77","cartCount":0}
[09:54:06 18/07/2025] [DEBUG] Request authentication | Meta: {"url":"/logout","method":"POST","isAuthenticated":true,"isAdmin":false,"userId":"6877309e49c241ac8fc5fa77","cartCount":0}
[09:54:06 18/07/2025] [DEBUG] Request authentication | Meta: {"url":"/","method":"GET","isAuthenticated":false,"userId":null,"cartCount":0}
[09:54:07 18/07/2025] [DEBUG] Request authentication | Meta: {"url":"/login","method":"GET","isAuthenticated":false,"userId":null,"cartCount":0}
[09:54:14 18/07/2025] [DEBUG] Request authentication | Meta: {"url":"/login","method":"POST","isAuthenticated":false,"userId":null,"cartCount":0}
[09:54:14 18/07/2025] [DEBUG] Request authentication | Meta: {"url":"/admin/dashboard","method":"GET","isAuthenticated":true,"isAdmin":true,"userId":"6863a3bd5493cc908b53292a","cartCount":0}
[09:54:17 18/07/2025] [DEBUG] Request authentication | Meta: {"url":"/admin/reviews","method":"GET","isAuthenticated":true,"isAdmin":true,"userId":"6863a3bd5493cc908b53292a","cartCount":0}
[09:54:30 18/07/2025] [DEBUG] Request authentication | Meta: {"url":"/admin/reviews/approve","method":"POST","isAuthenticated":true,"isAdmin":true,"userId":"6863a3bd5493cc908b53292a","cartCount":0}
[09:54:30 18/07/2025] [DEBUG] Request authentication | Meta: {"url":"/admin/reviews","method":"GET","isAuthenticated":true,"isAdmin":true,"userId":"6863a3bd5493cc908b53292a","cartCount":0}
[09:54:33 18/07/2025] [DEBUG] Request authentication | Meta: {"url":"/logout","method":"POST","isAuthenticated":true,"isAdmin":true,"userId":"6863a3bd5493cc908b53292a","cartCount":0}
[09:54:33 18/07/2025] [DEBUG] Request authentication | Meta: {"url":"/","method":"GET","isAuthenticated":false,"userId":null,"cartCount":0}
[09:54:35 18/07/2025] [DEBUG] Request authentication | Meta: {"url":"/search?q=Th%E1%BB%A9c+%C4%83n+cho+m%C3%A8o+Whiskas","method":"GET","isAuthenticated":false,"userId":null,"cartCount":0}
[09:54:37 18/07/2025] [DEBUG] Request authentication | Meta: {"url":"/products/6865522580c38388b501800c","method":"GET","isAuthenticated":false,"userId":null,"cartCount":0}
[09:54:44 18/07/2025] [DEBUG] Request authentication | Meta: {"url":"/products/6865522580c38388b501800c","method":"GET","isAuthenticated":false,"userId":null,"cartCount":0}
[09:56:17 18/07/2025] [DEBUG] Request authentication | Meta: {"url":"/login?returnTo=%2Fproducts%2F6865522580c38388b501800c","method":"GET","isAuthenticated":false,"userId":null,"cartCount":0}
[09:56:21 18/07/2025] [DEBUG] Request authentication | Meta: {"url":"/login","method":"POST","isAuthenticated":false,"userId":null,"cartCount":0}
[09:56:21 18/07/2025] [DEBUG] Request authentication | Meta: {"url":"/","method":"GET","isAuthenticated":true,"isAdmin":false,"userId":"6877309e49c241ac8fc5fa77","cartCount":0}
[09:56:24 18/07/2025] [DEBUG] Request authentication | Meta: {"url":"/products/6865522580c38388b5018009","method":"GET","isAuthenticated":true,"isAdmin":false,"userId":"6877309e49c241ac8fc5fa77","cartCount":0}
[09:56:37 18/07/2025] [DEBUG] Request authentication | Meta: {"url":"/logout","method":"POST","isAuthenticated":true,"isAdmin":false,"userId":"6877309e49c241ac8fc5fa77","cartCount":0}
[09:56:37 18/07/2025] [DEBUG] Request authentication | Meta: {"url":"/","method":"GET","isAuthenticated":false,"userId":null,"cartCount":0}
[09:57:07 18/07/2025] [DEBUG] Request authentication | Meta: {"url":"/products/6865522580c38388b5018017","method":"GET","isAuthenticated":false,"userId":null,"cartCount":0}
[09:57:11 18/07/2025] [DEBUG] Request authentication | Meta: {"url":"/products/6865522580c38388b5018010","method":"GET","isAuthenticated":false,"userId":null,"cartCount":0}
[09:57:16 18/07/2025] [DEBUG] Request authentication | Meta: {"url":"/products/6865522580c38388b5018014","method":"GET","isAuthenticated":false,"userId":null,"cartCount":0}
[10:02:31 18/07/2025] [DEBUG] Request authentication | Meta: {"url":"/products/6865522580c38388b5018014","method":"GET","isAuthenticated":false,"userId":null,"cartCount":0}
[10:03:46 18/07/2025] [DEBUG] Request authentication | Meta: {"url":"/products/6865522580c38388b5018014","method":"GET","isAuthenticated":false,"userId":null,"cartCount":0}
[10:04:55 18/07/2025] [DEBUG] Request authentication | Meta: {"url":"/products/6865522580c38388b5018014","method":"GET","isAuthenticated":false,"userId":null,"cartCount":0}
[10:08:03 18/07/2025] [DEBUG] Request authentication | Meta: {"url":"/login","method":"GET","isAuthenticated":false,"userId":null,"cartCount":0}
[10:08:12 18/07/2025] [DEBUG] Request authentication | Meta: {"url":"/","method":"GET","isAuthenticated":false,"userId":null,"cartCount":0}
[10:08:15 18/07/2025] [DEBUG] Request authentication | Meta: {"url":"/products/6865522580c38388b5018009","method":"GET","isAuthenticated":false,"userId":null,"cartCount":0}
[10:08:17 18/07/2025] [DEBUG] Request authentication | Meta: {"url":"/login?returnTo=%2Fproducts%2F6865522580c38388b5018009","method":"GET","isAuthenticated":false,"userId":null,"cartCount":0}
[10:08:19 18/07/2025] [DEBUG] Request authentication | Meta: {"url":"/login","method":"POST","isAuthenticated":false,"userId":null,"cartCount":0}
[10:08:20 18/07/2025] [DEBUG] Request authentication | Meta: {"url":"/","method":"GET","isAuthenticated":false,"userId":null,"cartCount":0}
[10:08:22 18/07/2025] [DEBUG] Request authentication | Meta: {"url":"/products/6865522580c38388b5018009","method":"GET","isAuthenticated":true,"isAdmin":false,"userId":"6877309e49c241ac8fc5fa77","cartCount":0}
[10:08:28 18/07/2025] [DEBUG] Request authentication | Meta: {"url":"/products/6865522580c38388b5018009/review","method":"POST","isAuthenticated":true,"isAdmin":false,"userId":"6877309e49c241ac8fc5fa77","cartCount":0}
[10:08:29 18/07/2025] [DEBUG] Request authentication | Meta: {"url":"/products/6865522580c38388b5018009","method":"GET","isAuthenticated":true,"isAdmin":false,"userId":"6877309e49c241ac8fc5fa77","cartCount":0}
[10:08:33 18/07/2025] [DEBUG] Request authentication | Meta: {"url":"/logout","method":"POST","isAuthenticated":true,"isAdmin":false,"userId":"6877309e49c241ac8fc5fa77","cartCount":0}
[10:08:33 18/07/2025] [DEBUG] Request authentication | Meta: {"url":"/","method":"GET","isAuthenticated":false,"userId":null,"cartCount":0}
[10:08:34 18/07/2025] [DEBUG] Request authentication | Meta: {"url":"/login","method":"GET","isAuthenticated":false,"userId":null,"cartCount":0}
[10:08:38 18/07/2025] [DEBUG] Request authentication | Meta: {"url":"/login","method":"POST","isAuthenticated":false,"userId":null,"cartCount":0}
[10:08:39 18/07/2025] [DEBUG] Request authentication | Meta: {"url":"/admin/dashboard","method":"GET","isAuthenticated":true,"isAdmin":true,"userId":"6863a3bd5493cc908b53292a","cartCount":0}
[10:08:41 18/07/2025] [DEBUG] Request authentication | Meta: {"url":"/admin/reviews","method":"GET","isAuthenticated":true,"isAdmin":true,"userId":"6863a3bd5493cc908b53292a","cartCount":0}
[10:10:52 18/07/2025] [DEBUG] Request authentication | Meta: {"url":"/admin/orders","method":"GET","isAuthenticated":true,"isAdmin":true,"userId":"6863a3bd5493cc908b53292a","cartCount":0}
[10:10:59 18/07/2025] [DEBUG] Request authentication | Meta: {"url":"/admin/orders/6879b899d4cf3b462c38085e","method":"GET","isAuthenticated":true,"isAdmin":true,"userId":"6863a3bd5493cc908b53292a","cartCount":0}
[10:11:24 18/07/2025] [DEBUG] Request authentication | Meta: {"url":"/admin/orders","method":"GET","isAuthenticated":true,"isAdmin":true,"userId":"6863a3bd5493cc908b53292a","cartCount":0}
[10:11:31 18/07/2025] [DEBUG] Request authentication | Meta: {"url":"/admin/orders/6879b81d885e2ab4b517e66b","method":"GET","isAuthenticated":true,"isAdmin":true,"userId":"6863a3bd5493cc908b53292a","cartCount":0}
[10:11:38 18/07/2025] [DEBUG] Request authentication | Meta: {"url":"/admin/update-order-status","method":"POST","isAuthenticated":true,"isAdmin":true,"userId":"6863a3bd5493cc908b53292a","cartCount":0}
[10:11:43 18/07/2025] [DEBUG] Request authentication | Meta: {"url":"/admin/orders/6879b81d885e2ab4b517e66b","method":"GET","isAuthenticated":true,"isAdmin":true,"userId":"6863a3bd5493cc908b53292a","cartCount":0}
[10:11:55 18/07/2025] [DEBUG] Request authentication | Meta: {"url":"/admin/update-order-status","method":"POST","isAuthenticated":true,"isAdmin":true,"userId":"6863a3bd5493cc908b53292a","cartCount":0}
[10:12:00 18/07/2025] [DEBUG] Request authentication | Meta: {"url":"/admin/orders/6879b81d885e2ab4b517e66b","method":"GET","isAuthenticated":true,"isAdmin":true,"userId":"6863a3bd5493cc908b53292a","cartCount":0}
[10:12:11 18/07/2025] [DEBUG] Request authentication | Meta: {"url":"/admin/update-order-status","method":"POST","isAuthenticated":true,"isAdmin":true,"userId":"6863a3bd5493cc908b53292a","cartCount":0}
[10:12:12 18/07/2025] [DEBUG] Request authentication | Meta: {"url":"/admin/orders/6879b81d885e2ab4b517e66b","method":"GET","isAuthenticated":true,"isAdmin":true,"userId":"6863a3bd5493cc908b53292a","cartCount":0}
[10:12:20 18/07/2025] [DEBUG] Request authentication | Meta: {"url":"/admin/update-payment-status","method":"POST","isAuthenticated":true,"isAdmin":true,"userId":"6863a3bd5493cc908b53292a","cartCount":0}
[10:12:25 18/07/2025] [DEBUG] Request authentication | Meta: {"url":"/admin/orders/6879b81d885e2ab4b517e66b","method":"GET","isAuthenticated":true,"isAdmin":true,"userId":"6863a3bd5493cc908b53292a","cartCount":0}
[10:12:29 18/07/2025] [DEBUG] Request authentication | Meta: {"url":"/admin/orders","method":"GET","isAuthenticated":true,"isAdmin":true,"userId":"6863a3bd5493cc908b53292a","cartCount":0}
[10:12:35 18/07/2025] [DEBUG] Request authentication | Meta: {"url":"/admin/reviews","method":"GET","isAuthenticated":true,"isAdmin":true,"userId":"6863a3bd5493cc908b53292a","cartCount":0}
[10:12:52 18/07/2025] [DEBUG] Request authentication | Meta: {"url":"/products/6865522580c38388b5018009","method":"GET","isAuthenticated":true,"isAdmin":true,"userId":"6863a3bd5493cc908b53292a","cartCount":0}
[10:13:03 18/07/2025] [DEBUG] Request authentication | Meta: {"url":"/products/6865522580c38388b5018016","method":"GET","isAuthenticated":true,"isAdmin":true,"userId":"6863a3bd5493cc908b53292a","cartCount":0}
[10:15:41 18/07/2025] [DEBUG] Request authentication | Meta: {"url":"/admin/reviews","method":"GET","isAuthenticated":true,"isAdmin":true,"userId":"6863a3bd5493cc908b53292a","cartCount":0}
[10:15:49 18/07/2025] [DEBUG] Request authentication | Meta: {"url":"/admin/reviews/approve","method":"POST","isAuthenticated":true,"isAdmin":true,"userId":"6863a3bd5493cc908b53292a","cartCount":0}
[10:15:49 18/07/2025] [DEBUG] Request authentication | Meta: {"url":"/admin/reviews","method":"GET","isAuthenticated":true,"isAdmin":true,"userId":"6863a3bd5493cc908b53292a","cartCount":0}
[10:15:56 18/07/2025] [DEBUG] Request authentication | Meta: {"url":"/admin/reviews/approve","method":"POST","isAuthenticated":true,"isAdmin":true,"userId":"6863a3bd5493cc908b53292a","cartCount":0}
[10:15:57 18/07/2025] [DEBUG] Request authentication | Meta: {"url":"/admin/reviews","method":"GET","isAuthenticated":true,"isAdmin":true,"userId":"6863a3bd5493cc908b53292a","cartCount":0}
[10:15:58 18/07/2025] [DEBUG] Request authentication | Meta: {"url":"/admin/reviews/approve","method":"POST","isAuthenticated":true,"isAdmin":true,"userId":"6863a3bd5493cc908b53292a","cartCount":0}
[10:15:58 18/07/2025] [DEBUG] Request authentication | Meta: {"url":"/admin/reviews","method":"GET","isAuthenticated":true,"isAdmin":true,"userId":"6863a3bd5493cc908b53292a","cartCount":0}
[10:16:06 18/07/2025] [DEBUG] Request authentication | Meta: {"url":"/admin/reviews/approve","method":"POST","isAuthenticated":true,"isAdmin":true,"userId":"6863a3bd5493cc908b53292a","cartCount":0}
[10:16:06 18/07/2025] [DEBUG] Request authentication | Meta: {"url":"/admin/reviews","method":"GET","isAuthenticated":true,"isAdmin":true,"userId":"6863a3bd5493cc908b53292a","cartCount":0}
[10:16:23 18/07/2025] [DEBUG] Request authentication | Meta: {"url":"/products/6865522580c38388b5018009","method":"GET","isAuthenticated":true,"isAdmin":true,"userId":"6863a3bd5493cc908b53292a","cartCount":0}
[10:16:46 18/07/2025] [DEBUG] Request authentication | Meta: {"url":"/admin/orders","method":"GET","isAuthenticated":true,"isAdmin":true,"userId":"6863a3bd5493cc908b53292a","cartCount":0}
[10:16:50 18/07/2025] [DEBUG] Request authentication | Meta: {"url":"/admin/orders/6879bc37d4cf3b462c380867","method":"GET","isAuthenticated":true,"isAdmin":true,"userId":"6863a3bd5493cc908b53292a","cartCount":0}
[10:16:57 18/07/2025] [DEBUG] Request authentication | Meta: {"url":"/admin/update-order-status","method":"POST","isAuthenticated":true,"isAdmin":true,"userId":"6863a3bd5493cc908b53292a","cartCount":0}
[10:17:06 18/07/2025] [DEBUG] Request authentication | Meta: {"url":"/admin/orders/6879bc37d4cf3b462c380867","method":"GET","isAuthenticated":true,"isAdmin":true,"userId":"6863a3bd5493cc908b53292a","cartCount":0}
[10:17:38 18/07/2025] [DEBUG] Request authentication | Meta: {"url":"/admin/update-order-status","method":"POST","isAuthenticated":true,"isAdmin":true,"userId":"6863a3bd5493cc908b53292a","cartCount":0}
[10:17:43 18/07/2025] [DEBUG] Request authentication | Meta: {"url":"/admin/orders/6879bc37d4cf3b462c380867","method":"GET","isAuthenticated":true,"isAdmin":true,"userId":"6863a3bd5493cc908b53292a","cartCount":0}
[10:17:54 18/07/2025] [DEBUG] Request authentication | Meta: {"url":"/admin/update-order-status","method":"POST","isAuthenticated":true,"isAdmin":true,"userId":"6863a3bd5493cc908b53292a","cartCount":0}
[10:17:57 18/07/2025] [DEBUG] Request authentication | Meta: {"url":"/admin/orders/6879bc37d4cf3b462c380867","method":"GET","isAuthenticated":true,"isAdmin":true,"userId":"6863a3bd5493cc908b53292a","cartCount":0}
[10:18:02 18/07/2025] [DEBUG] Request authentication | Meta: {"url":"/admin/update-payment-status","method":"POST","isAuthenticated":true,"isAdmin":true,"userId":"6863a3bd5493cc908b53292a","cartCount":0}
[10:18:22 18/07/2025] [DEBUG] Request authentication | Meta: {"url":"/admin/orders/6879bc37d4cf3b462c380867","method":"GET","isAuthenticated":true,"isAdmin":true,"userId":"6863a3bd5493cc908b53292a","cartCount":0}
[10:18:41 18/07/2025] [DEBUG] Request authentication | Meta: {"url":"/admin/accounts","method":"GET","isAuthenticated":true,"isAdmin":true,"userId":"6863a3bd5493cc908b53292a","cartCount":0}
[10:18:43 18/07/2025] [DEBUG] Request authentication | Meta: {"url":"/admin/reviews","method":"GET","isAuthenticated":true,"isAdmin":true,"userId":"6863a3bd5493cc908b53292a","cartCount":0}
[10:19:06 18/07/2025] [DEBUG] Request authentication | Meta: {"url":"/admin/reviews?search=&status=&product=6865522580c38388b501800b","method":"GET","isAuthenticated":true,"isAdmin":true,"userId":"6863a3bd5493cc908b53292a","cartCount":0}
[10:19:10 18/07/2025] [DEBUG] Request authentication | Meta: {"url":"/admin/reviews?search=&status=&product=","method":"GET","isAuthenticated":true,"isAdmin":true,"userId":"6863a3bd5493cc908b53292a","cartCount":0}
[10:21:04 18/07/2025] [DEBUG] Request authentication | Meta: {"url":"/admin/reviews?search=&status=&product=","method":"GET","isAuthenticated":true,"isAdmin":true,"userId":"6863a3bd5493cc908b53292a","cartCount":0}
[10:21:09 18/07/2025] [DEBUG] Request authentication | Meta: {"url":"/admin/reviews?search=&status=&star=4&sortTime=desc","method":"GET","isAuthenticated":true,"isAdmin":true,"userId":"6863a3bd5493cc908b53292a","cartCount":0}
[10:21:23 18/07/2025] [DEBUG] Request authentication | Meta: {"url":"/admin/reviews?search=&status=&star=5&sortTime=desc","method":"GET","isAuthenticated":true,"isAdmin":true,"userId":"6863a3bd5493cc908b53292a","cartCount":0}
[10:22:21 18/07/2025] [DEBUG] Request authentication | Meta: {"url":"/admin/reviews?search=&status=&star=4&sortTime=desc","method":"GET","isAuthenticated":true,"isAdmin":true,"userId":"6863a3bd5493cc908b53292a","cartCount":0}
[10:23:46 18/07/2025] [DEBUG] Request authentication | Meta: {"url":"/admin/reviews?search=&status=&star=4&sortTime=desc","method":"GET","isAuthenticated":true,"isAdmin":true,"userId":"6863a3bd5493cc908b53292a","cartCount":0}
[10:23:52 18/07/2025] [DEBUG] Request authentication | Meta: {"url":"/admin/reviews?search=&status=&star=5&sortTime=desc","method":"GET","isAuthenticated":true,"isAdmin":true,"userId":"6863a3bd5493cc908b53292a","cartCount":0}
[10:23:55 18/07/2025] [DEBUG] Request authentication | Meta: {"url":"/admin/reviews?search=&status=&star=2&sortTime=desc","method":"GET","isAuthenticated":true,"isAdmin":true,"userId":"6863a3bd5493cc908b53292a","cartCount":0}
[10:23:58 18/07/2025] [DEBUG] Request authentication | Meta: {"url":"/admin/reviews?search=&status=&star=3&sortTime=desc","method":"GET","isAuthenticated":true,"isAdmin":true,"userId":"6863a3bd5493cc908b53292a","cartCount":0}
[10:24:02 18/07/2025] [DEBUG] Request authentication | Meta: {"url":"/admin/reviews?search=&status=&star=&sortTime=desc","method":"GET","isAuthenticated":true,"isAdmin":true,"userId":"6863a3bd5493cc908b53292a","cartCount":0}
[10:24:05 18/07/2025] [DEBUG] Request authentication | Meta: {"url":"/admin/reviews?search=&status=&star=&sortTime=asc","method":"GET","isAuthenticated":true,"isAdmin":true,"userId":"6863a3bd5493cc908b53292a","cartCount":0}
[10:24:12 18/07/2025] [DEBUG] Request authentication | Meta: {"url":"/admin/reviews?search=&status=&star=&sortTime=desc","method":"GET","isAuthenticated":true,"isAdmin":true,"userId":"6863a3bd5493cc908b53292a","cartCount":0}
[10:24:17 18/07/2025] [DEBUG] Request authentication | Meta: {"url":"/admin/reviews?search=B%C3%A1nh+xe+ch%E1%BA%A1y+cho+hamster&status=&star=&sortTime=desc","method":"GET","isAuthenticated":true,"isAdmin":true,"userId":"6863a3bd5493cc908b53292a","cartCount":0}
[10:24:22 18/07/2025] [DEBUG] Request authentication | Meta: {"url":"/admin/products","method":"GET","isAuthenticated":true,"isAdmin":true,"userId":"6863a3bd5493cc908b53292a","cartCount":0}
[10:24:23 18/07/2025] [DEBUG] Request authentication | Meta: {"url":"/admin/accounts","method":"GET","isAuthenticated":true,"isAdmin":true,"userId":"6863a3bd5493cc908b53292a","cartCount":0}
[10:24:25 18/07/2025] [DEBUG] Request authentication | Meta: {"url":"/admin/orders","method":"GET","isAuthenticated":true,"isAdmin":true,"userId":"6863a3bd5493cc908b53292a","cartCount":0}
[10:24:27 18/07/2025] [DEBUG] Request authentication | Meta: {"url":"/admin/inventory","method":"GET","isAuthenticated":true,"isAdmin":true,"userId":"6863a3bd5493cc908b53292a","cartCount":0}
[10:24:34 18/07/2025] [DEBUG] Request authentication | Meta: {"url":"/admin/products","method":"GET","isAuthenticated":true,"isAdmin":true,"userId":"6863a3bd5493cc908b53292a","cartCount":0}
[10:24:36 18/07/2025] [DEBUG] Request authentication | Meta: {"url":"/admin/inventory","method":"GET","isAuthenticated":true,"isAdmin":true,"userId":"6863a3bd5493cc908b53292a","cartCount":0}
[10:28:26 18/07/2025] [DEBUG] Request authentication | Meta: {"url":"/admin/inventory/export","method":"GET","isAuthenticated":true,"isAdmin":true,"userId":"6863a3bd5493cc908b53292a","cartCount":0}
[10:28:34 18/07/2025] [DEBUG] Request authentication | Meta: {"url":"/admin/orders","method":"GET","isAuthenticated":true,"isAdmin":true,"userId":"6863a3bd5493cc908b53292a","cartCount":0}
[10:28:43 18/07/2025] [DEBUG] Request authentication | Meta: {"url":"/admin/orders/6879bc37d4cf3b462c380867","method":"GET","isAuthenticated":true,"isAdmin":true,"userId":"6863a3bd5493cc908b53292a","cartCount":0}
[10:28:45 18/07/2025] [DEBUG] Request authentication | Meta: {"url":"/admin/orders/6879bc37d4cf3b462c380867/invoice","method":"GET","isAuthenticated":true,"isAdmin":true,"userId":"6863a3bd5493cc908b53292a","cartCount":0}
[10:29:09 18/07/2025] [DEBUG] Request authentication | Meta: {"url":"/admin/inventory","method":"GET","isAuthenticated":true,"isAdmin":true,"userId":"6863a3bd5493cc908b53292a","cartCount":0}
[10:31:21 18/07/2025] [DEBUG] Request authentication | Meta: {"url":"/admin/inventory/update-stock","method":"POST","isAuthenticated":true,"isAdmin":true,"userId":"6863a3bd5493cc908b53292a","cartCount":0}
[10:31:22 18/07/2025] [DEBUG] Request authentication | Meta: {"url":"/admin/inventory","method":"GET","isAuthenticated":true,"isAdmin":true,"userId":"6863a3bd5493cc908b53292a","cartCount":0}
[11:12:12 18/07/2025] [DEBUG] Request authentication | Meta: {"url":"/admin/inventory","method":"GET","isAuthenticated":true,"isAdmin":true,"userId":"6863a3bd5493cc908b53292a","cartCount":0}
[11:13:13 18/07/2025] [DEBUG] Request authentication | Meta: {"url":"/admin/inventory","method":"GET","isAuthenticated":true,"isAdmin":true,"userId":"6863a3bd5493cc908b53292a","cartCount":0}
[11:17:02 18/07/2025] [DEBUG] Request authentication | Meta: {"url":"/admin/inventory","method":"GET","isAuthenticated":true,"isAdmin":true,"userId":"6863a3bd5493cc908b53292a","cartCount":0}
[11:17:12 18/07/2025] [DEBUG] Request authentication | Meta: {"url":"/admin/inventory/update-stock","method":"POST","isAuthenticated":true,"isAdmin":true,"userId":"6863a3bd5493cc908b53292a","cartCount":0}
[11:17:13 18/07/2025] [DEBUG] Request authentication | Meta: {"url":"/admin/inventory","method":"GET","isAuthenticated":true,"isAdmin":true,"userId":"6863a3bd5493cc908b53292a","cartCount":0}
[11:17:19 18/07/2025] [DEBUG] Request authentication | Meta: {"url":"/admin/inventory/update-stock","method":"POST","isAuthenticated":true,"isAdmin":true,"userId":"6863a3bd5493cc908b53292a","cartCount":0}
[11:17:20 18/07/2025] [DEBUG] Request authentication | Meta: {"url":"/admin/inventory","method":"GET","isAuthenticated":true,"isAdmin":true,"userId":"6863a3bd5493cc908b53292a","cartCount":0}
[11:17:30 18/07/2025] [DEBUG] Request authentication | Meta: {"url":"/admin/inventory/update-stock","method":"POST","isAuthenticated":true,"isAdmin":true,"userId":"6863a3bd5493cc908b53292a","cartCount":0}
[11:17:31 18/07/2025] [DEBUG] Request authentication | Meta: {"url":"/admin/inventory","method":"GET","isAuthenticated":true,"isAdmin":true,"userId":"6863a3bd5493cc908b53292a","cartCount":0}
[11:18:48 18/07/2025] [DEBUG] Request authentication | Meta: {"url":"/admin/inventory","method":"GET","isAuthenticated":true,"isAdmin":true,"userId":"6863a3bd5493cc908b53292a","cartCount":0}
[11:22:13 18/07/2025] [DEBUG] Request authentication | Meta: {"url":"/admin/inventory","method":"GET","isAuthenticated":true,"isAdmin":true,"userId":"6863a3bd5493cc908b53292a","cartCount":0}
[11:22:19 18/07/2025] [DEBUG] Request authentication | Meta: {"url":"/admin/inventory/update-stock","method":"POST","isAuthenticated":true,"isAdmin":true,"userId":"6863a3bd5493cc908b53292a","cartCount":0}
[11:22:20 18/07/2025] [DEBUG] Request authentication | Meta: {"url":"/admin/inventory","method":"GET","isAuthenticated":true,"isAdmin":true,"userId":"6863a3bd5493cc908b53292a","cartCount":0}
[11:22:29 18/07/2025] [DEBUG] Request authentication | Meta: {"url":"/admin/accounts","method":"GET","isAuthenticated":true,"isAdmin":true,"userId":"6863a3bd5493cc908b53292a","cartCount":0}
[11:22:31 18/07/2025] [DEBUG] Request authentication | Meta: {"url":"/admin/orders","method":"GET","isAuthenticated":true,"isAdmin":true,"userId":"6863a3bd5493cc908b53292a","cartCount":0}
[11:22:39 18/07/2025] [DEBUG] Request authentication | Meta: {"url":"/admin/orders/6879b81d885e2ab4b517e66b","method":"GET","isAuthenticated":true,"isAdmin":true,"userId":"6863a3bd5493cc908b53292a","cartCount":0}
[11:23:48 18/07/2025] [DEBUG] Request authentication | Meta: {"url":"/admin/orders/6879b81d885e2ab4b517e66b/invoice","method":"GET","isAuthenticated":true,"isAdmin":true,"userId":"6863a3bd5493cc908b53292a","cartCount":0}
[11:30:40 18/07/2025] [DEBUG] Request authentication | Meta: {"url":"/admin/orders/6879b81d885e2ab4b517e66b","method":"GET","isAuthenticated":true,"isAdmin":true,"userId":"6863a3bd5493cc908b53292a","cartCount":0}
[11:30:44 18/07/2025] [DEBUG] Request authentication | Meta: {"url":"/admin/orders/6879b81d885e2ab4b517e66b/invoice","method":"GET","isAuthenticated":true,"isAdmin":true,"userId":"6863a3bd5493cc908b53292a","cartCount":0}
[11:40:37 18/07/2025] [DEBUG] Request authentication | Meta: {"url":"/admin/orders/6879b81d885e2ab4b517e66b","method":"GET","isAuthenticated":true,"isAdmin":true,"userId":"6863a3bd5493cc908b53292a","cartCount":0}
[11:40:39 18/07/2025] [DEBUG] Request authentication | Meta: {"url":"/admin/orders/6879b81d885e2ab4b517e66b/invoice","method":"GET","isAuthenticated":true,"isAdmin":true,"userId":"6863a3bd5493cc908b53292a","cartCount":0}
[11:41:50 18/07/2025] [DEBUG] Request authentication | Meta: {"url":"/admin/orders","method":"GET","isAuthenticated":true,"isAdmin":true,"userId":"6863a3bd5493cc908b53292a","cartCount":0}
[11:41:53 18/07/2025] [DEBUG] Request authentication | Meta: {"url":"/admin/orders/6879bc37d4cf3b462c380867","method":"GET","isAuthenticated":true,"isAdmin":true,"userId":"6863a3bd5493cc908b53292a","cartCount":0}
[11:41:55 18/07/2025] [DEBUG] Request authentication | Meta: {"url":"/admin/orders/6879bc37d4cf3b462c380867/invoice","method":"GET","isAuthenticated":true,"isAdmin":true,"userId":"6863a3bd5493cc908b53292a","cartCount":0}
[11:47:34 18/07/2025] [DEBUG] Request authentication | Meta: {"url":"/admin/orders/6879bc37d4cf3b462c380867","method":"GET","isAuthenticated":true,"isAdmin":true,"userId":"6863a3bd5493cc908b53292a","cartCount":0}
[11:47:37 18/07/2025] [DEBUG] Request authentication | Meta: {"url":"/admin/orders/6879bc37d4cf3b462c380867/invoice","method":"GET","isAuthenticated":true,"isAdmin":true,"userId":"6863a3bd5493cc908b53292a","cartCount":0}
[11:51:01 18/07/2025] [DEBUG] Request authentication | Meta: {"url":"/admin/orders/6879bc37d4cf3b462c380867","method":"GET","isAuthenticated":true,"isAdmin":true,"userId":"6863a3bd5493cc908b53292a","cartCount":0}
[11:51:04 18/07/2025] [DEBUG] Request authentication | Meta: {"url":"/admin/orders/6879bc37d4cf3b462c380867/invoice","method":"GET","isAuthenticated":true,"isAdmin":true,"userId":"6863a3bd5493cc908b53292a","cartCount":0}
[11:51:25 18/07/2025] [DEBUG] Request authentication | Meta: {"url":"/logout","method":"POST","isAuthenticated":true,"isAdmin":true,"userId":"6863a3bd5493cc908b53292a","cartCount":0}
[11:51:25 18/07/2025] [DEBUG] Request authentication | Meta: {"url":"/","method":"GET","isAuthenticated":false,"userId":null,"cartCount":0}
[11:51:27 18/07/2025] [DEBUG] Request authentication | Meta: {"url":"/login","method":"GET","isAuthenticated":false,"userId":null,"cartCount":0}
[11:51:31 18/07/2025] [DEBUG] Request authentication | Meta: {"url":"/login","method":"POST","isAuthenticated":false,"userId":null,"cartCount":0}
[11:51:31 18/07/2025] [DEBUG] Request authentication | Meta: {"url":"/","method":"GET","isAuthenticated":true,"isAdmin":false,"userId":"6877309e49c241ac8fc5fa77","cartCount":0}
[11:51:34 18/07/2025] [DEBUG] Request authentication | Meta: {"url":"/orders","method":"GET","isAuthenticated":true,"isAdmin":false,"userId":"6877309e49c241ac8fc5fa77","cartCount":0}
[11:51:38 18/07/2025] [DEBUG] Request authentication | Meta: {"url":"/download-invoice/6878f218eba5af75220c9db2","method":"GET","isAuthenticated":true,"isAdmin":false,"userId":"6877309e49c241ac8fc5fa77","cartCount":0}
[11:52:06 18/07/2025] [DEBUG] Request authentication | Meta: {"url":"/invoice-form","method":"GET","isAuthenticated":true,"isAdmin":false,"userId":"6877309e49c241ac8fc5fa77","cartCount":0}
[11:52:37 18/07/2025] [DEBUG] Request authentication | Meta: {"url":"/","method":"GET","isAuthenticated":true,"isAdmin":false,"userId":"6877309e49c241ac8fc5fa77","cartCount":0}
[11:52:41 18/07/2025] [DEBUG] Request authentication | Meta: {"url":"/orders","method":"GET","isAuthenticated":true,"isAdmin":false,"userId":"6877309e49c241ac8fc5fa77","cartCount":0}
[11:53:20 18/07/2025] [DEBUG] Request authentication | Meta: {"url":"/profile","method":"GET","isAuthenticated":true,"isAdmin":false,"userId":"6877309e49c241ac8fc5fa77","cartCount":0}
[11:53:24 18/07/2025] [DEBUG] Request authentication | Meta: {"url":"/about","method":"GET","isAuthenticated":true,"isAdmin":false,"userId":"6877309e49c241ac8fc5fa77","cartCount":0}
[11:53:27 18/07/2025] [DEBUG] Request authentication | Meta: {"url":"/products","method":"GET","isAuthenticated":true,"isAdmin":false,"userId":"6877309e49c241ac8fc5fa77","cartCount":0}
[11:53:43 18/07/2025] [DEBUG] Request authentication | Meta: {"url":"/","method":"GET","isAuthenticated":true,"isAdmin":false,"userId":"6877309e49c241ac8fc5fa77","cartCount":0}
[11:54:07 18/07/2025] [DEBUG] Request authentication | Meta: {"url":"/logout","method":"POST","isAuthenticated":true,"isAdmin":false,"userId":"6877309e49c241ac8fc5fa77","cartCount":0}
[11:54:07 18/07/2025] [DEBUG] Request authentication | Meta: {"url":"/","method":"GET","isAuthenticated":false,"userId":null,"cartCount":0}
[11:54:11 18/07/2025] [DEBUG] Request authentication | Meta: {"url":"/login","method":"GET","isAuthenticated":false,"userId":null,"cartCount":0}
[11:54:14 18/07/2025] [DEBUG] Request authentication | Meta: {"url":"/login","method":"POST","isAuthenticated":false,"userId":null,"cartCount":0}
[11:54:15 18/07/2025] [DEBUG] Request authentication | Meta: {"url":"/admin/dashboard","method":"GET","isAuthenticated":true,"isAdmin":true,"userId":"6863a3bd5493cc908b53292a","cartCount":0}
[11:54:18 18/07/2025] [DEBUG] Request authentication | Meta: {"url":"/admin/products","method":"GET","isAuthenticated":true,"isAdmin":true,"userId":"6863a3bd5493cc908b53292a","cartCount":0}
[11:54:20 18/07/2025] [DEBUG] Request authentication | Meta: {"url":"/admin/dashboard","method":"GET","isAuthenticated":true,"isAdmin":true,"userId":"6863a3bd5493cc908b53292a","cartCount":0}
[11:54:26 18/07/2025] [DEBUG] Request authentication | Meta: {"url":"/admin/inventory","method":"GET","isAuthenticated":true,"isAdmin":true,"userId":"6863a3bd5493cc908b53292a","cartCount":0}
[11:54:27 18/07/2025] [DEBUG] Request authentication | Meta: {"url":"/admin/orders","method":"GET","isAuthenticated":true,"isAdmin":true,"userId":"6863a3bd5493cc908b53292a","cartCount":0}
[11:54:29 18/07/2025] [DEBUG] Request authentication | Meta: {"url":"/admin/accounts","method":"GET","isAuthenticated":true,"isAdmin":true,"userId":"6863a3bd5493cc908b53292a","cartCount":0}
[11:54:30 18/07/2025] [DEBUG] Request authentication | Meta: {"url":"/admin/reviews","method":"GET","isAuthenticated":true,"isAdmin":true,"userId":"6863a3bd5493cc908b53292a","cartCount":0}
[11:54:31 18/07/2025] [DEBUG] Request authentication | Meta: {"url":"/admin/dashboard","method":"GET","isAuthenticated":true,"isAdmin":true,"userId":"6863a3bd5493cc908b53292a","cartCount":0}
[11:54:39 18/07/2025] [DEBUG] Request authentication | Meta: {"url":"/admin/products","method":"GET","isAuthenticated":true,"isAdmin":true,"userId":"6863a3bd5493cc908b53292a","cartCount":0}
[11:54:41 18/07/2025] [DEBUG] Request authentication | Meta: {"url":"/admin/orders","method":"GET","isAuthenticated":true,"isAdmin":true,"userId":"6863a3bd5493cc908b53292a","cartCount":0}
[11:54:43 18/07/2025] [DEBUG] Request authentication | Meta: {"url":"/admin/accounts","method":"GET","isAuthenticated":true,"isAdmin":true,"userId":"6863a3bd5493cc908b53292a","cartCount":0}
[11:54:44 18/07/2025] [DEBUG] Request authentication | Meta: {"url":"/admin/reviews","method":"GET","isAuthenticated":true,"isAdmin":true,"userId":"6863a3bd5493cc908b53292a","cartCount":0}
[11:54:45 18/07/2025] [DEBUG] Request authentication | Meta: {"url":"/admin/accounts","method":"GET","isAuthenticated":true,"isAdmin":true,"userId":"6863a3bd5493cc908b53292a","cartCount":0}
[11:54:48 18/07/2025] [DEBUG] Request authentication | Meta: {"url":"/admin/orders","method":"GET","isAuthenticated":true,"isAdmin":true,"userId":"6863a3bd5493cc908b53292a","cartCount":0}
[11:54:54 18/07/2025] [DEBUG] Request authentication | Meta: {"url":"/admin/dashboard","method":"GET","isAuthenticated":true,"isAdmin":true,"userId":"6863a3bd5493cc908b53292a","cartCount":0}
[11:57:37 18/07/2025] [DEBUG] Request authentication | Meta: {"url":"/admin/inventory","method":"GET","isAuthenticated":true,"isAdmin":true,"userId":"6863a3bd5493cc908b53292a","cartCount":0}
[11:57:52 18/07/2025] [DEBUG] Request authentication | Meta: {"url":"/admin/orders","method":"GET","isAuthenticated":true,"isAdmin":true,"userId":"6863a3bd5493cc908b53292a","cartCount":0}
[11:58:20 18/07/2025] [DEBUG] Request authentication | Meta: {"url":"/admin/inventory","method":"GET","isAuthenticated":true,"isAdmin":true,"userId":"6863a3bd5493cc908b53292a","cartCount":0}
[11:58:25 18/07/2025] [DEBUG] Request authentication | Meta: {"url":"/admin/orders","method":"GET","isAuthenticated":true,"isAdmin":true,"userId":"6863a3bd5493cc908b53292a","cartCount":0}
[12:00:27 18/07/2025] [DEBUG] Request authentication | Meta: {"url":"/admin/orders","method":"GET","isAuthenticated":true,"isAdmin":true,"userId":"6863a3bd5493cc908b53292a","cartCount":0}
[12:01:26 18/07/2025] [DEBUG] Request authentication | Meta: {"url":"/admin/orders?page=2","method":"GET","isAuthenticated":true,"isAdmin":true,"userId":"6863a3bd5493cc908b53292a","cartCount":0}
[12:01:34 18/07/2025] [DEBUG] Request authentication | Meta: {"url":"/admin/orders?page=1","method":"GET","isAuthenticated":true,"isAdmin":true,"userId":"6863a3bd5493cc908b53292a","cartCount":0}
[12:01:42 18/07/2025] [DEBUG] Request authentication | Meta: {"url":"/admin/orders?page=2","method":"GET","isAuthenticated":true,"isAdmin":true,"userId":"6863a3bd5493cc908b53292a","cartCount":0}
[12:01:45 18/07/2025] [DEBUG] Request authentication | Meta: {"url":"/admin/orders?page=1","method":"GET","isAuthenticated":true,"isAdmin":true,"userId":"6863a3bd5493cc908b53292a","cartCount":0}
[12:01:54 18/07/2025] [DEBUG] Request authentication | Meta: {"url":"/admin/orders/6879bc37d4cf3b462c380867","method":"GET","isAuthenticated":true,"isAdmin":true,"userId":"6863a3bd5493cc908b53292a","cartCount":0}
[12:02:00 18/07/2025] [DEBUG] Request authentication | Meta: {"url":"/admin/orders/6879b81d885e2ab4b517e66b","method":"GET","isAuthenticated":true,"isAdmin":true,"userId":"6863a3bd5493cc908b53292a","cartCount":0}
[12:02:23 18/07/2025] [DEBUG] Request authentication | Meta: {"url":"/admin/orders?page=2","method":"GET","isAuthenticated":true,"isAdmin":true,"userId":"6863a3bd5493cc908b53292a","cartCount":0}
[12:02:35 18/07/2025] [DEBUG] Request authentication | Meta: {"url":"/admin/orders?page=1","method":"GET","isAuthenticated":true,"isAdmin":true,"userId":"6863a3bd5493cc908b53292a","cartCount":0}
[12:02:48 18/07/2025] [DEBUG] Request authentication | Meta: {"url":"/admin/orders/6879c682a778374043f05adb","method":"GET","isAuthenticated":true,"isAdmin":true,"userId":"6863a3bd5493cc908b53292a","cartCount":0}
[12:02:58 18/07/2025] [DEBUG] Request authentication | Meta: {"url":"/admin/update-order-status","method":"POST","isAuthenticated":true,"isAdmin":true,"userId":"6863a3bd5493cc908b53292a","cartCount":0}
[12:03:00 18/07/2025] [DEBUG] Request authentication | Meta: {"url":"/admin/orders/6879c682a778374043f05adb","method":"GET","isAuthenticated":true,"isAdmin":true,"userId":"6863a3bd5493cc908b53292a","cartCount":0}
[12:03:03 18/07/2025] [DEBUG] Request authentication | Meta: {"url":"/admin/orders","method":"GET","isAuthenticated":true,"isAdmin":true,"userId":"6863a3bd5493cc908b53292a","cartCount":0}
[12:03:15 18/07/2025] [DEBUG] Request authentication | Meta: {"url":"/admin/orders/6879c1410c3a9b448b53b910","method":"GET","isAuthenticated":true,"isAdmin":true,"userId":"6863a3bd5493cc908b53292a","cartCount":0}
[12:03:18 18/07/2025] [DEBUG] Request authentication | Meta: {"url":"/admin/update-order-status","method":"POST","isAuthenticated":true,"isAdmin":true,"userId":"6863a3bd5493cc908b53292a","cartCount":0}
[12:03:20 18/07/2025] [DEBUG] Request authentication | Meta: {"url":"/admin/orders/6879c1410c3a9b448b53b910","method":"GET","isAuthenticated":true,"isAdmin":true,"userId":"6863a3bd5493cc908b53292a","cartCount":0}
[12:03:21 18/07/2025] [DEBUG] Request authentication | Meta: {"url":"/admin/orders","method":"GET","isAuthenticated":true,"isAdmin":true,"userId":"6863a3bd5493cc908b53292a","cartCount":0}
[12:06:45 18/07/2025] [DEBUG] Request authentication | Meta: {"url":"/admin/orders","method":"GET","isAuthenticated":true,"isAdmin":true,"userId":"6863a3bd5493cc908b53292a","cartCount":0}
[12:07:03 18/07/2025] [DEBUG] Request authentication | Meta: {"url":"/logout","method":"POST","isAuthenticated":true,"isAdmin":true,"userId":"6863a3bd5493cc908b53292a","cartCount":0}
[12:07:03 18/07/2025] [DEBUG] Request authentication | Meta: {"url":"/","method":"GET","isAuthenticated":false,"userId":null,"cartCount":0}
[12:07:10 18/07/2025] [DEBUG] Request authentication | Meta: {"url":"/login","method":"GET","isAuthenticated":false,"userId":null,"cartCount":0}
[12:07:12 18/07/2025] [DEBUG] Request authentication | Meta: {"url":"/login","method":"POST","isAuthenticated":false,"userId":null,"cartCount":0}
[12:07:13 18/07/2025] [DEBUG] Request authentication | Meta: {"url":"/admin/dashboard","method":"GET","isAuthenticated":true,"isAdmin":true,"userId":"6863a3bd5493cc908b53292a","cartCount":0}
[12:07:15 18/07/2025] [DEBUG] Request authentication | Meta: {"url":"/admin/inventory","method":"GET","isAuthenticated":true,"isAdmin":true,"userId":"6863a3bd5493cc908b53292a","cartCount":0}
[12:07:35 18/07/2025] [DEBUG] Request authentication | Meta: {"url":"/logout","method":"POST","isAuthenticated":true,"isAdmin":true,"userId":"6863a3bd5493cc908b53292a","cartCount":0}
[12:07:35 18/07/2025] [DEBUG] Request authentication | Meta: {"url":"/","method":"GET","isAuthenticated":false,"userId":null,"cartCount":0}
[12:07:38 18/07/2025] [DEBUG] Request authentication | Meta: {"url":"/login","method":"GET","isAuthenticated":false,"userId":null,"cartCount":0}
[12:07:41 18/07/2025] [DEBUG] Request authentication | Meta: {"url":"/login","method":"POST","isAuthenticated":false,"userId":null,"cartCount":0}
[12:07:41 18/07/2025] [DEBUG] Request authentication | Meta: {"url":"/","method":"GET","isAuthenticated":true,"isAdmin":false,"userId":"6877309e49c241ac8fc5fa77","cartCount":0}
[12:07:44 18/07/2025] [DEBUG] Request authentication | Meta: {"url":"/products/6865522580c38388b5018017","method":"GET","isAuthenticated":true,"isAdmin":false,"userId":"6877309e49c241ac8fc5fa77","cartCount":0}
[12:07:52 18/07/2025] [DEBUG] Request authentication | Meta: {"url":"/cart/add","method":"POST","isAuthenticated":true,"isAdmin":false,"userId":"6877309e49c241ac8fc5fa77","cartCount":0}
[12:07:52 18/07/2025] [DEBUG] Request authentication | Meta: {"url":"/cart","method":"GET","isAuthenticated":true,"isAdmin":false,"userId":"6877309e49c241ac8fc5fa77","cartCount":0}
[12:07:53 18/07/2025] [DEBUG] Request authentication | Meta: {"url":"/cart","method":"GET","isAuthenticated":true,"isAdmin":false,"userId":"6877309e49c241ac8fc5fa77","cartCount":2}
[12:07:57 18/07/2025] [DEBUG] Request authentication | Meta: {"url":"/checkout","method":"GET","isAuthenticated":true,"isAdmin":false,"userId":"6877309e49c241ac8fc5fa77","cartCount":2}
[12:08:10 18/07/2025] [DEBUG] Request authentication | Meta: {"url":"/vnpay/create-payment","method":"POST","isAuthenticated":true,"isAdmin":false,"userId":"6877309e49c241ac8fc5fa77","cartCount":2}
[12:08:47 18/07/2025] [DEBUG] Request authentication | Meta: {"url":"/vnpay/return?vnp_Amount=10000000&vnp_BankCode=NCB&vnp_BankTranNo=VNP15082995&vnp_CardType=ATM&vnp_OrderInfo=Thanh+to%C3%A1n+%C4%91%C6%A1n+h%C3%A0ng+6879d6ba6bd5e74a40abfb5b&vnp_PayDate=20250718120941&vnp_ResponseCode=00&vnp_TmnCode=UWXDEI4Q&vnp_TransactionNo=15082995&vnp_TransactionStatus=00&vnp_TxnRef=6879d6ba6bd5e74a40abfb5b&vnp_SecureHash=211cd03200e88bc3ad4d6db5ec687c849d5c123b291a8857f7df69a5f9a091271130dcdad84a48b6a6b6c7f79fe6ea1664a122de70ace962d3008c4e4bfe2c9b","method":"GET","isAuthenticated":true,"isAdmin":false,"userId":"6877309e49c241ac8fc5fa77","cartCount":2}
[12:09:20 18/07/2025] [DEBUG] Request authentication | Meta: {"url":"/orders","method":"GET","isAuthenticated":true,"isAdmin":false,"userId":"6877309e49c241ac8fc5fa77","cartCount":2}
[12:14:56 18/07/2025] [DEBUG] Request authentication | Meta: {"url":"/orders","method":"GET","isAuthenticated":true,"isAdmin":false,"userId":"6877309e49c241ac8fc5fa77","cartCount":2}
[12:16:22 18/07/2025] [DEBUG] Request authentication | Meta: {"url":"/orders","method":"GET","isAuthenticated":true,"isAdmin":false,"userId":"6877309e49c241ac8fc5fa77","cartCount":2}
[12:17:16 18/07/2025] [DEBUG] Request authentication | Meta: {"url":"/","method":"GET","isAuthenticated":true,"isAdmin":false,"userId":"6877309e49c241ac8fc5fa77","cartCount":2}
[12:17:30 18/07/2025] [DEBUG] Request authentication | Meta: {"url":"/logout","method":"POST","isAuthenticated":true,"isAdmin":false,"userId":"6877309e49c241ac8fc5fa77","cartCount":2}
[12:17:30 18/07/2025] [DEBUG] Request authentication | Meta: {"url":"/","method":"GET","isAuthenticated":false,"userId":null,"cartCount":0}
[12:17:33 18/07/2025] [DEBUG] Request authentication | Meta: {"url":"/login","method":"GET","isAuthenticated":false,"userId":null,"cartCount":0}
[12:17:35 18/07/2025] [DEBUG] Request authentication | Meta: {"url":"/login","method":"POST","isAuthenticated":false,"userId":null,"cartCount":0}
[12:17:35 18/07/2025] [DEBUG] Request authentication | Meta: {"url":"/admin/dashboard","method":"GET","isAuthenticated":false,"userId":null,"cartCount":0}
[12:17:35 18/07/2025] [DEBUG] Request authentication | Meta: {"url":"/login","method":"GET","isAuthenticated":false,"userId":null,"cartCount":0}
[12:17:37 18/07/2025] [DEBUG] Request authentication | Meta: {"url":"/login","method":"POST","isAuthenticated":false,"userId":null,"cartCount":0}
[12:17:37 18/07/2025] [DEBUG] Request authentication | Meta: {"url":"/admin/dashboard","method":"GET","isAuthenticated":true,"isAdmin":false,"userId":"6877309e49c241ac8fc5fa77","cartCount":0}
[12:17:42 18/07/2025] [DEBUG] Request authentication | Meta: {"url":"/login","method":"GET","isAuthenticated":true,"isAdmin":false,"userId":"6877309e49c241ac8fc5fa77","cartCount":0}
[12:17:43 18/07/2025] [DEBUG] Request authentication | Meta: {"url":"/","method":"GET","isAuthenticated":true,"isAdmin":false,"userId":"6877309e49c241ac8fc5fa77","cartCount":0}
[12:17:44 18/07/2025] [DEBUG] Request authentication | Meta: {"url":"/logout","method":"POST","isAuthenticated":true,"isAdmin":false,"userId":"6877309e49c241ac8fc5fa77","cartCount":0}
[12:17:45 18/07/2025] [DEBUG] Request authentication | Meta: {"url":"/","method":"GET","isAuthenticated":false,"userId":null,"cartCount":0}
[12:17:46 18/07/2025] [DEBUG] Request authentication | Meta: {"url":"/login","method":"GET","isAuthenticated":false,"userId":null,"cartCount":0}
[12:17:49 18/07/2025] [DEBUG] Request authentication | Meta: {"url":"/login","method":"POST","isAuthenticated":false,"userId":null,"cartCount":0}
[12:17:49 18/07/2025] [DEBUG] Request authentication | Meta: {"url":"/admin/dashboard","method":"GET","isAuthenticated":true,"isAdmin":true,"userId":"6863a3bd5493cc908b53292a","cartCount":0}
[12:17:52 18/07/2025] [DEBUG] Request authentication | Meta: {"url":"/admin/orders","method":"GET","isAuthenticated":true,"isAdmin":true,"userId":"6863a3bd5493cc908b53292a","cartCount":0}
[12:17:55 18/07/2025] [DEBUG] Request authentication | Meta: {"url":"/admin/inventory","method":"GET","isAuthenticated":true,"isAdmin":true,"userId":"6863a3bd5493cc908b53292a","cartCount":0}
[12:18:03 18/07/2025] [DEBUG] Request authentication | Meta: {"url":"/admin/orders","method":"GET","isAuthenticated":true,"isAdmin":true,"userId":"6863a3bd5493cc908b53292a","cartCount":0}
[12:18:08 18/07/2025] [DEBUG] Request authentication | Meta: {"url":"/admin/orders/6879d6ba6bd5e74a40abfb5b","method":"GET","isAuthenticated":true,"isAdmin":true,"userId":"6863a3bd5493cc908b53292a","cartCount":0}
[12:18:13 18/07/2025] [DEBUG] Request authentication | Meta: {"url":"/admin/update-order-status","method":"POST","isAuthenticated":true,"isAdmin":true,"userId":"6863a3bd5493cc908b53292a","cartCount":0}
[12:18:17 18/07/2025] [DEBUG] Request authentication | Meta: {"url":"/admin/orders/6879d6ba6bd5e74a40abfb5b","method":"GET","isAuthenticated":true,"isAdmin":true,"userId":"6863a3bd5493cc908b53292a","cartCount":0}
[12:18:20 18/07/2025] [DEBUG] Request authentication | Meta: {"url":"/admin/update-order-status","method":"POST","isAuthenticated":true,"isAdmin":true,"userId":"6863a3bd5493cc908b53292a","cartCount":0}
[12:18:24 18/07/2025] [DEBUG] Request authentication | Meta: {"url":"/admin/orders/6879d6ba6bd5e74a40abfb5b","method":"GET","isAuthenticated":true,"isAdmin":true,"userId":"6863a3bd5493cc908b53292a","cartCount":0}
[12:18:28 18/07/2025] [DEBUG] Request authentication | Meta: {"url":"/admin/update-order-status","method":"POST","isAuthenticated":true,"isAdmin":true,"userId":"6863a3bd5493cc908b53292a","cartCount":0}
[12:18:30 18/07/2025] [DEBUG] Request authentication | Meta: {"url":"/admin/orders/6879d6ba6bd5e74a40abfb5b","method":"GET","isAuthenticated":true,"isAdmin":true,"userId":"6863a3bd5493cc908b53292a","cartCount":0}
[12:18:42 18/07/2025] [DEBUG] Request authentication | Meta: {"url":"/admin/inventory","method":"GET","isAuthenticated":true,"isAdmin":true,"userId":"6863a3bd5493cc908b53292a","cartCount":0}
[12:18:49 18/07/2025] [DEBUG] Request authentication | Meta: {"url":"/admin/orders","method":"GET","isAuthenticated":true,"isAdmin":true,"userId":"6863a3bd5493cc908b53292a","cartCount":0}
[12:19:12 18/07/2025] [DEBUG] Request authentication | Meta: {"url":"/logout","method":"POST","isAuthenticated":true,"isAdmin":true,"userId":"6863a3bd5493cc908b53292a","cartCount":0}
[12:19:12 18/07/2025] [DEBUG] Request authentication | Meta: {"url":"/","method":"GET","isAuthenticated":false,"userId":null,"cartCount":0}
[12:19:14 18/07/2025] [DEBUG] Request authentication | Meta: {"url":"/login","method":"GET","isAuthenticated":false,"userId":null,"cartCount":0}
[12:19:17 18/07/2025] [DEBUG] Request authentication | Meta: {"url":"/login","method":"POST","isAuthenticated":false,"userId":null,"cartCount":0}
[12:19:17 18/07/2025] [DEBUG] Request authentication | Meta: {"url":"/","method":"GET","isAuthenticated":true,"isAdmin":false,"userId":"6877309e49c241ac8fc5fa77","cartCount":0}
[12:19:26 18/07/2025] [DEBUG] Request authentication | Meta: {"url":"/products/6865522580c38388b5018017","method":"GET","isAuthenticated":true,"isAdmin":false,"userId":"6877309e49c241ac8fc5fa77","cartCount":0}
[12:19:31 18/07/2025] [DEBUG] Request authentication | Meta: {"url":"/cart/add","method":"POST","isAuthenticated":true,"isAdmin":false,"userId":"6877309e49c241ac8fc5fa77","cartCount":0}
[12:19:31 18/07/2025] [DEBUG] Request authentication | Meta: {"url":"/cart","method":"GET","isAuthenticated":true,"isAdmin":false,"userId":"6877309e49c241ac8fc5fa77","cartCount":2}
[12:19:32 18/07/2025] [DEBUG] Request authentication | Meta: {"url":"/cart","method":"GET","isAuthenticated":true,"isAdmin":false,"userId":"6877309e49c241ac8fc5fa77","cartCount":2}
[12:19:34 18/07/2025] [DEBUG] Request authentication | Meta: {"url":"/checkout","method":"GET","isAuthenticated":true,"isAdmin":false,"userId":"6877309e49c241ac8fc5fa77","cartCount":2}
[12:19:45 18/07/2025] [DEBUG] Request authentication | Meta: {"url":"/orders","method":"POST","isAuthenticated":true,"isAdmin":false,"userId":"6877309e49c241ac8fc5fa77","cartCount":2}
[12:19:48 18/07/2025] [DEBUG] Request authentication | Meta: {"url":"/orders","method":"GET","isAuthenticated":true,"isAdmin":false,"userId":"6877309e49c241ac8fc5fa77","cartCount":0}
[12:19:55 18/07/2025] [DEBUG] Request authentication | Meta: {"url":"/orders","method":"GET","isAuthenticated":true,"isAdmin":false,"userId":"6877309e49c241ac8fc5fa77","cartCount":0}
[12:20:17 18/07/2025] [DEBUG] Request authentication | Meta: {"url":"/orders/6879d9716bd5e74a40abfb8f/cancel","method":"POST","isAuthenticated":true,"isAdmin":false,"userId":"6877309e49c241ac8fc5fa77","cartCount":0}
[12:20:17 18/07/2025] [DEBUG] Request authentication | Meta: {"url":"/orders","method":"GET","isAuthenticated":true,"isAdmin":false,"userId":"6877309e49c241ac8fc5fa77","cartCount":0}
[12:20:22 18/07/2025] [DEBUG] Request authentication | Meta: {"url":"/logout","method":"POST","isAuthenticated":true,"isAdmin":false,"userId":"6877309e49c241ac8fc5fa77","cartCount":0}
[12:20:22 18/07/2025] [DEBUG] Request authentication | Meta: {"url":"/","method":"GET","isAuthenticated":false,"userId":null,"cartCount":0}
[12:20:24 18/07/2025] [DEBUG] Request authentication | Meta: {"url":"/login","method":"GET","isAuthenticated":false,"userId":null,"cartCount":0}
[12:20:28 18/07/2025] [DEBUG] Request authentication | Meta: {"url":"/login","method":"POST","isAuthenticated":false,"userId":null,"cartCount":0}
[12:20:28 18/07/2025] [DEBUG] Request authentication | Meta: {"url":"/admin/dashboard","method":"GET","isAuthenticated":true,"isAdmin":true,"userId":"6863a3bd5493cc908b53292a","cartCount":0}
[12:20:30 18/07/2025] [DEBUG] Request authentication | Meta: {"url":"/admin/orders","method":"GET","isAuthenticated":true,"isAdmin":true,"userId":"6863a3bd5493cc908b53292a","cartCount":0}
[12:21:07 18/07/2025] [DEBUG] Request authentication | Meta: {"url":"/admin/orders/6879d9716bd5e74a40abfb8f","method":"GET","isAuthenticated":true,"isAdmin":true,"userId":"6863a3bd5493cc908b53292a","cartCount":0}
[12:21:12 18/07/2025] [DEBUG] Request authentication | Meta: {"url":"/admin/inventory","method":"GET","isAuthenticated":true,"isAdmin":true,"userId":"6863a3bd5493cc908b53292a","cartCount":0}
[12:21:49 18/07/2025] [DEBUG] Request authentication | Meta: {"url":"/logout","method":"POST","isAuthenticated":true,"isAdmin":true,"userId":"6863a3bd5493cc908b53292a","cartCount":0}
[12:21:49 18/07/2025] [DEBUG] Request authentication | Meta: {"url":"/","method":"GET","isAuthenticated":false,"userId":null,"cartCount":0}
[12:21:52 18/07/2025] [DEBUG] Request authentication | Meta: {"url":"/products/6865522580c38388b5018017","method":"GET","isAuthenticated":false,"userId":null,"cartCount":0}
[12:21:55 18/07/2025] [DEBUG] Request authentication | Meta: {"url":"/cart/add","method":"POST","isAuthenticated":false,"userId":null,"cartCount":0}
[12:21:55 18/07/2025] [DEBUG] Request authentication | Meta: {"url":"/cart","method":"GET","isAuthenticated":false,"userId":null,"cartCount":2}
[12:21:56 18/07/2025] [DEBUG] Request authentication | Meta: {"url":"/cart","method":"GET","isAuthenticated":false,"userId":null,"cartCount":2}
[12:21:58 18/07/2025] [DEBUG] Request authentication | Meta: {"url":"/login","method":"GET","isAuthenticated":false,"userId":null,"cartCount":2}
[12:22:00 18/07/2025] [DEBUG] Request authentication | Meta: {"url":"/login","method":"POST","isAuthenticated":false,"userId":null,"cartCount":2}
[12:22:00 18/07/2025] [DEBUG] Request authentication | Meta: {"url":"/","method":"GET","isAuthenticated":true,"isAdmin":false,"userId":"6877309e49c241ac8fc5fa77","cartCount":2}
[12:22:03 18/07/2025] [DEBUG] Request authentication | Meta: {"url":"/products/6865522580c38388b5018017","method":"GET","isAuthenticated":true,"isAdmin":false,"userId":"6877309e49c241ac8fc5fa77","cartCount":2}
[12:22:05 18/07/2025] [DEBUG] Request authentication | Meta: {"url":"/cart","method":"GET","isAuthenticated":true,"isAdmin":false,"userId":"6877309e49c241ac8fc5fa77","cartCount":2}
[12:22:07 18/07/2025] [DEBUG] Request authentication | Meta: {"url":"/checkout","method":"GET","isAuthenticated":true,"isAdmin":false,"userId":"6877309e49c241ac8fc5fa77","cartCount":2}
[12:22:15 18/07/2025] [DEBUG] Request authentication | Meta: {"url":"/orders","method":"POST","isAuthenticated":true,"isAdmin":false,"userId":"6877309e49c241ac8fc5fa77","cartCount":2}
[12:22:18 18/07/2025] [DEBUG] Request authentication | Meta: {"url":"/orders","method":"GET","isAuthenticated":true,"isAdmin":false,"userId":"6877309e49c241ac8fc5fa77","cartCount":0}
[12:22:26 18/07/2025] [DEBUG] Request authentication | Meta: {"url":"/","method":"GET","isAuthenticated":true,"isAdmin":false,"userId":"6877309e49c241ac8fc5fa77","cartCount":0}
[12:22:29 18/07/2025] [DEBUG] Request authentication | Meta: {"url":"/logout","method":"POST","isAuthenticated":true,"isAdmin":false,"userId":"6877309e49c241ac8fc5fa77","cartCount":0}
[12:22:29 18/07/2025] [DEBUG] Request authentication | Meta: {"url":"/","method":"GET","isAuthenticated":false,"userId":null,"cartCount":0}
[12:22:31 18/07/2025] [DEBUG] Request authentication | Meta: {"url":"/login","method":"GET","isAuthenticated":false,"userId":null,"cartCount":0}
[12:22:33 18/07/2025] [DEBUG] Request authentication | Meta: {"url":"/login","method":"POST","isAuthenticated":false,"userId":null,"cartCount":0}
[12:22:33 18/07/2025] [DEBUG] Request authentication | Meta: {"url":"/admin/dashboard","method":"GET","isAuthenticated":true,"isAdmin":true,"userId":"6863a3bd5493cc908b53292a","cartCount":0}
[12:22:36 18/07/2025] [DEBUG] Request authentication | Meta: {"url":"/admin/inventory","method":"GET","isAuthenticated":true,"isAdmin":true,"userId":"6863a3bd5493cc908b53292a","cartCount":0}
[12:30:35 18/07/2025] [DEBUG] Request authentication | Meta: {"url":"/orders","method":"GET","isAuthenticated":true,"isAdmin":true,"userId":"6863a3bd5493cc908b53292a","cartCount":0}
[12:30:43 18/07/2025] [DEBUG] Request authentication | Meta: {"url":"/logout","method":"POST","isAuthenticated":true,"isAdmin":true,"userId":"6863a3bd5493cc908b53292a","cartCount":0}
[12:30:43 18/07/2025] [DEBUG] Request authentication | Meta: {"url":"/","method":"GET","isAuthenticated":false,"userId":null,"cartCount":0}
[12:30:45 18/07/2025] [DEBUG] Request authentication | Meta: {"url":"/login","method":"GET","isAuthenticated":false,"userId":null,"cartCount":0}
[12:30:49 18/07/2025] [DEBUG] Request authentication | Meta: {"url":"/login","method":"POST","isAuthenticated":false,"userId":null,"cartCount":0}
[12:30:50 18/07/2025] [DEBUG] Request authentication | Meta: {"url":"/","method":"GET","isAuthenticated":true,"isAdmin":false,"userId":"6877309e49c241ac8fc5fa77","cartCount":0}
[12:30:53 18/07/2025] [DEBUG] Request authentication | Meta: {"url":"/orders","method":"GET","isAuthenticated":true,"isAdmin":false,"userId":"6877309e49c241ac8fc5fa77","cartCount":0}
[12:30:55 18/07/2025] [DEBUG] Request authentication | Meta: {"url":"/","method":"GET","isAuthenticated":true,"isAdmin":false,"userId":"6877309e49c241ac8fc5fa77","cartCount":0}
[12:31:05 18/07/2025] [DEBUG] Request authentication | Meta: {"url":"/products/6865522580c38388b5018017","method":"GET","isAuthenticated":true,"isAdmin":false,"userId":"6877309e49c241ac8fc5fa77","cartCount":0}
[12:31:08 18/07/2025] [DEBUG] Request authentication | Meta: {"url":"/cart/add","method":"POST","isAuthenticated":true,"isAdmin":false,"userId":"6877309e49c241ac8fc5fa77","cartCount":0}
[12:31:08 18/07/2025] [DEBUG] Request authentication | Meta: {"url":"/cart","method":"GET","isAuthenticated":true,"isAdmin":false,"userId":"6877309e49c241ac8fc5fa77","cartCount":2}
[12:31:09 18/07/2025] [DEBUG] Request authentication | Meta: {"url":"/cart","method":"GET","isAuthenticated":true,"isAdmin":false,"userId":"6877309e49c241ac8fc5fa77","cartCount":2}
[12:31:11 18/07/2025] [DEBUG] Request authentication | Meta: {"url":"/checkout","method":"GET","isAuthenticated":true,"isAdmin":false,"userId":"6877309e49c241ac8fc5fa77","cartCount":2}
[12:31:19 18/07/2025] [DEBUG] Request authentication | Meta: {"url":"/orders","method":"POST","isAuthenticated":true,"isAdmin":false,"userId":"6877309e49c241ac8fc5fa77","cartCount":2}
[12:31:22 18/07/2025] [DEBUG] Request authentication | Meta: {"url":"/orders","method":"GET","isAuthenticated":true,"isAdmin":false,"userId":"6877309e49c241ac8fc5fa77","cartCount":0}
[12:31:27 18/07/2025] [DEBUG] Request authentication | Meta: {"url":"/admin/inventory","method":"GET","isAuthenticated":true,"isAdmin":false,"userId":"6877309e49c241ac8fc5fa77","cartCount":0}
[12:31:30 18/07/2025] [DEBUG] Request authentication | Meta: {"url":"/logout","method":"POST","isAuthenticated":true,"isAdmin":false,"userId":"6877309e49c241ac8fc5fa77","cartCount":0}
[12:31:30 18/07/2025] [DEBUG] Request authentication | Meta: {"url":"/","method":"GET","isAuthenticated":false,"userId":null,"cartCount":0}
[12:31:32 18/07/2025] [DEBUG] Request authentication | Meta: {"url":"/login","method":"GET","isAuthenticated":false,"userId":null,"cartCount":0}
[12:31:35 18/07/2025] [DEBUG] Request authentication | Meta: {"url":"/login","method":"POST","isAuthenticated":false,"userId":null,"cartCount":0}
[12:31:35 18/07/2025] [DEBUG] Request authentication | Meta: {"url":"/admin/dashboard","method":"GET","isAuthenticated":true,"isAdmin":true,"userId":"6863a3bd5493cc908b53292a","cartCount":0}
[12:31:39 18/07/2025] [DEBUG] Request authentication | Meta: {"url":"/admin/inventory","method":"GET","isAuthenticated":true,"isAdmin":true,"userId":"6863a3bd5493cc908b53292a","cartCount":0}
[12:31:53 18/07/2025] [DEBUG] Request authentication | Meta: {"url":"/admin/orders","method":"GET","isAuthenticated":true,"isAdmin":true,"userId":"6863a3bd5493cc908b53292a","cartCount":0}
[12:32:34 18/07/2025] [DEBUG] Request authentication | Meta: {"url":"/admin/orders/6879da076bd5e74a40abfbaf/delete","method":"DELETE","isAuthenticated":true,"isAdmin":true,"userId":"6863a3bd5493cc908b53292a","cartCount":0}
[12:32:36 18/07/2025] [DEBUG] Request authentication | Meta: {"url":"/admin/orders","method":"GET","isAuthenticated":true,"isAdmin":true,"userId":"6863a3bd5493cc908b53292a","cartCount":0}
[12:32:40 18/07/2025] [DEBUG] Request authentication | Meta: {"url":"/admin/inventory","method":"GET","isAuthenticated":true,"isAdmin":true,"userId":"6863a3bd5493cc908b53292a","cartCount":0}
[12:32:50 18/07/2025] [DEBUG] Request authentication | Meta: {"url":"/admin/orders","method":"GET","isAuthenticated":true,"isAdmin":true,"userId":"6863a3bd5493cc908b53292a","cartCount":0}
[12:32:54 18/07/2025] [DEBUG] Request authentication | Meta: {"url":"/logout","method":"POST","isAuthenticated":true,"isAdmin":true,"userId":"6863a3bd5493cc908b53292a","cartCount":0}
[12:32:54 18/07/2025] [DEBUG] Request authentication | Meta: {"url":"/","method":"GET","isAuthenticated":false,"userId":null,"cartCount":0}
[12:32:56 18/07/2025] [DEBUG] Request authentication | Meta: {"url":"/login","method":"GET","isAuthenticated":false,"userId":null,"cartCount":0}
[12:33:00 18/07/2025] [DEBUG] Request authentication | Meta: {"url":"/login","method":"POST","isAuthenticated":false,"userId":null,"cartCount":0}
[12:33:00 18/07/2025] [DEBUG] Request authentication | Meta: {"url":"/","method":"GET","isAuthenticated":true,"isAdmin":false,"userId":"6877309e49c241ac8fc5fa77","cartCount":0}
[12:33:03 18/07/2025] [DEBUG] Request authentication | Meta: {"url":"/orders","method":"GET","isAuthenticated":true,"isAdmin":false,"userId":"6877309e49c241ac8fc5fa77","cartCount":0}
[12:33:39 18/07/2025] [DEBUG] Request authentication | Meta: {"url":"/download-invoice/6879d9716bd5e74a40abfb8f","method":"GET","isAuthenticated":true,"isAdmin":false,"userId":"6877309e49c241ac8fc5fa77","cartCount":0}
[12:35:24 18/07/2025] [DEBUG] Request authentication | Meta: {"url":"/orders","method":"GET","isAuthenticated":true,"isAdmin":false,"userId":"6877309e49c241ac8fc5fa77","cartCount":0}
[12:35:37 18/07/2025] [DEBUG] Request authentication | Meta: {"url":"/download-invoice/6879dc273c71f332b6dc4499","method":"GET","isAuthenticated":true,"isAdmin":false,"userId":"6877309e49c241ac8fc5fa77","cartCount":0}
[12:41:32 18/07/2025] [DEBUG] Request authentication | Meta: {"url":"/orders","method":"GET","isAuthenticated":true,"isAdmin":false,"userId":"6877309e49c241ac8fc5fa77","cartCount":0}
[12:41:41 18/07/2025] [DEBUG] Request authentication | Meta: {"url":"/download-invoice/6879d6ba6bd5e74a40abfb5b","method":"GET","isAuthenticated":true,"isAdmin":false,"userId":"6877309e49c241ac8fc5fa77","cartCount":0}
[12:46:08 18/07/2025] [DEBUG] Request authentication | Meta: {"url":"/orders","method":"GET","isAuthenticated":true,"isAdmin":false,"userId":"6877309e49c241ac8fc5fa77","cartCount":0}
[12:46:11 18/07/2025] [DEBUG] Request authentication | Meta: {"url":"/download-invoice/6879dc273c71f332b6dc4499","method":"GET","isAuthenticated":true,"isAdmin":false,"userId":"6877309e49c241ac8fc5fa77","cartCount":0}
[12:46:44 18/07/2025] [DEBUG] Request authentication | Meta: {"url":"/orders","method":"GET","isAuthenticated":true,"isAdmin":false,"userId":"6877309e49c241ac8fc5fa77","cartCount":0}
[12:46:50 18/07/2025] [DEBUG] Request authentication | Meta: {"url":"/orders","method":"GET","isAuthenticated":true,"isAdmin":false,"userId":"6877309e49c241ac8fc5fa77","cartCount":0}
[12:53:24 18/07/2025] [DEBUG] Request authentication | Meta: {"url":"/orders","method":"GET","isAuthenticated":true,"isAdmin":false,"userId":"6877309e49c241ac8fc5fa77","cartCount":0}
[12:53:27 18/07/2025] [DEBUG] Request authentication | Meta: {"url":"/download-invoice/6879dc273c71f332b6dc4499","method":"GET","isAuthenticated":true,"isAdmin":false,"userId":"6877309e49c241ac8fc5fa77","cartCount":0}
[12:53:34 18/07/2025] [DEBUG] Request authentication | Meta: {"url":"/download-invoice/6879d9716bd5e74a40abfb8f","method":"GET","isAuthenticated":true,"isAdmin":false,"userId":"6877309e49c241ac8fc5fa77","cartCount":0}
[12:53:52 18/07/2025] [DEBUG] Request authentication | Meta: {"url":"/download-invoice/6879d9716bd5e74a40abfb8f","method":"GET","isAuthenticated":true,"isAdmin":false,"userId":"6877309e49c241ac8fc5fa77","cartCount":0}
[12:58:49 18/07/2025] [DEBUG] Request authentication | Meta: {"url":"/download-invoice/6879d9716bd5e74a40abfb8f","method":"GET","isAuthenticated":true,"isAdmin":false,"userId":"6877309e49c241ac8fc5fa77","cartCount":0}
[12:59:03 18/07/2025] [DEBUG] Request authentication | Meta: {"url":"/orders","method":"GET","isAuthenticated":true,"isAdmin":false,"userId":"6877309e49c241ac8fc5fa77","cartCount":0}
[12:59:10 18/07/2025] [DEBUG] Request authentication | Meta: {"url":"/download-invoice/6879dc273c71f332b6dc4499","method":"GET","isAuthenticated":true,"isAdmin":false,"userId":"6877309e49c241ac8fc5fa77","cartCount":0}
[13:02:02 18/07/2025] [DEBUG] Request authentication | Meta: {"url":"/orders","method":"GET","isAuthenticated":true,"isAdmin":false,"userId":"6877309e49c241ac8fc5fa77","cartCount":0}
[13:02:04 18/07/2025] [DEBUG] Request authentication | Meta: {"url":"/download-invoice/6879dc273c71f332b6dc4499","method":"GET","isAuthenticated":true,"isAdmin":false,"userId":"6877309e49c241ac8fc5fa77","cartCount":0}
[13:02:25 18/07/2025] [DEBUG] Request authentication | Meta: {"url":"/","method":"GET","isAuthenticated":true,"isAdmin":false,"userId":"6877309e49c241ac8fc5fa77","cartCount":0}
[13:02:38 18/07/2025] [DEBUG] Request authentication | Meta: {"url":"/products","method":"GET","isAuthenticated":true,"isAdmin":false,"userId":"6877309e49c241ac8fc5fa77","cartCount":0}
[13:02:40 18/07/2025] [DEBUG] Request authentication | Meta: {"url":"/services","method":"GET","isAuthenticated":true,"isAdmin":false,"userId":"6877309e49c241ac8fc5fa77","cartCount":0}
[13:02:44 18/07/2025] [DEBUG] Request authentication | Meta: {"url":"/about","method":"GET","isAuthenticated":true,"isAdmin":false,"userId":"6877309e49c241ac8fc5fa77","cartCount":0}
[13:02:48 18/07/2025] [DEBUG] Request authentication | Meta: {"url":"/logout","method":"POST","isAuthenticated":true,"isAdmin":false,"userId":"6877309e49c241ac8fc5fa77","cartCount":0}
[13:02:48 18/07/2025] [DEBUG] Request authentication | Meta: {"url":"/","method":"GET","isAuthenticated":false,"userId":null,"cartCount":0}
[13:02:51 18/07/2025] [DEBUG] Request authentication | Meta: {"url":"/login","method":"GET","isAuthenticated":false,"userId":null,"cartCount":0}
[13:02:54 18/07/2025] [DEBUG] Request authentication | Meta: {"url":"/login","method":"POST","isAuthenticated":false,"userId":null,"cartCount":0}
[13:02:55 18/07/2025] [DEBUG] Request authentication | Meta: {"url":"/admin/dashboard","method":"GET","isAuthenticated":true,"isAdmin":true,"userId":"6863a3bd5493cc908b53292a","cartCount":0}
[13:02:57 18/07/2025] [DEBUG] Request authentication | Meta: {"url":"/admin/inventory","method":"GET","isAuthenticated":true,"isAdmin":true,"userId":"6863a3bd5493cc908b53292a","cartCount":0}
[13:02:59 18/07/2025] [DEBUG] Request authentication | Meta: {"url":"/admin/products","method":"GET","isAuthenticated":true,"isAdmin":true,"userId":"6863a3bd5493cc908b53292a","cartCount":0}
[13:03:12 18/07/2025] [DEBUG] Request authentication | Meta: {"url":"/admin/inventory","method":"GET","isAuthenticated":true,"isAdmin":true,"userId":"6863a3bd5493cc908b53292a","cartCount":0}
[13:03:14 18/07/2025] [DEBUG] Request authentication | Meta: {"url":"/admin/orders","method":"GET","isAuthenticated":true,"isAdmin":true,"userId":"6863a3bd5493cc908b53292a","cartCount":0}
[13:03:20 18/07/2025] [DEBUG] Request authentication | Meta: {"url":"/admin/accounts","method":"GET","isAuthenticated":true,"isAdmin":true,"userId":"6863a3bd5493cc908b53292a","cartCount":0}
[13:03:29 18/07/2025] [DEBUG] Request authentication | Meta: {"url":"/admin/accounts/6863a3bd5493cc908b53292a/edit","method":"GET","isAuthenticated":true,"isAdmin":true,"userId":"6863a3bd5493cc908b53292a","cartCount":0}
[13:03:39 18/07/2025] [DEBUG] Request authentication | Meta: {"url":"/admin/reviews","method":"GET","isAuthenticated":true,"isAdmin":true,"userId":"6863a3bd5493cc908b53292a","cartCount":0}
[13:03:44 18/07/2025] [DEBUG] Request authentication | Meta: {"url":"/admin/accounts","method":"GET","isAuthenticated":true,"isAdmin":true,"userId":"6863a3bd5493cc908b53292a","cartCount":0}
[13:03:52 18/07/2025] [DEBUG] Request authentication | Meta: {"url":"/admin/orders","method":"GET","isAuthenticated":true,"isAdmin":true,"userId":"6863a3bd5493cc908b53292a","cartCount":0}
[13:03:57 18/07/2025] [DEBUG] Request authentication | Meta: {"url":"/admin/orders/6879d6ba6bd5e74a40abfb5b","method":"GET","isAuthenticated":true,"isAdmin":true,"userId":"6863a3bd5493cc908b53292a","cartCount":0}
[13:03:59 18/07/2025] [DEBUG] Request authentication | Meta: {"url":"/admin/orders/6879d6ba6bd5e74a40abfb5b/invoice","method":"GET","isAuthenticated":true,"isAdmin":true,"userId":"6863a3bd5493cc908b53292a","cartCount":0}
[13:04:08 18/07/2025] [DEBUG] Request authentication | Meta: {"url":"/logout","method":"POST","isAuthenticated":true,"isAdmin":true,"userId":"6863a3bd5493cc908b53292a","cartCount":0}
[13:04:08 18/07/2025] [DEBUG] Request authentication | Meta: {"url":"/","method":"GET","isAuthenticated":false,"userId":null,"cartCount":0}
[13:04:12 18/07/2025] [DEBUG] Request authentication | Meta: {"url":"/products/6865522580c38388b5018017","method":"GET","isAuthenticated":false,"userId":null,"cartCount":0}
