[15:43:09 15/10/2025] [DEBUG] Request authentication | Meta: {"url":"/","method":"GET","isAuthenticated":true,"isAdmin":true,"userId":"68ccdf9b7eea2d6be5a2f41b","cartCount":0}
[15:43:15 15/10/2025] [DEBUG] Request authentication | Meta: {"url":"/uploads/slides/slide-sample-2.jpg","method":"GET","isAuthenticated":true,"isAdmin":true,"userId":"68ccdf9b7eea2d6be5a2f41b","cartCount":0}
[15:43:17 15/10/2025] [DEBUG] Request authentication | Meta: {"url":"/uploads/slides/slide-sample-3.jpg","method":"GET","isAuthenticated":true,"isAdmin":true,"userId":"68ccdf9b7eea2d6be5a2f41b","cartCount":0}
[15:43:21 15/10/2025] [DEBUG] Request authentication | Meta: {"url":"/favicon.ico","method":"GET","isAuthenticated":true,"isAdmin":true,"userId":"68ccdf9b7eea2d6be5a2f41b","cartCount":0}
[15:43:22 15/10/2025] [DEBUG] Request authentication | Meta: {"url":"/logout","method":"GET","isAuthenticated":true,"isAdmin":true,"userId":"68ccdf9b7eea2d6be5a2f41b","cartCount":0}
[15:43:22 15/10/2025] [DEBUG] Request authentication | Meta: {"url":"/","method":"GET","isAuthenticated":false,"userId":null,"cartCount":0}
[15:43:27 15/10/2025] [DEBUG] Request authentication | Meta: {"url":"/uploads/slides/slide-sample-2.jpg","method":"GET","isAuthenticated":false,"userId":null,"cartCount":0}
[15:43:28 15/10/2025] [DEBUG] Request authentication | Meta: {"url":"/uploads/slides/slide-sample-3.jpg","method":"GET","isAuthenticated":false,"userId":null,"cartCount":0}
[15:43:48 15/10/2025] [DEBUG] Request authentication | Meta: {"url":"/products/68ee55ae6e98871c36a23056","method":"GET","isAuthenticated":false,"userId":null,"cartCount":0}
[15:43:57 15/10/2025] [DEBUG] Request authentication | Meta: {"url":"/","method":"GET","isAuthenticated":false,"userId":null,"cartCount":0}
[15:44:00 15/10/2025] [DEBUG] Request authentication | Meta: {"url":"/uploads/slides/slide-sample-2.jpg","method":"GET","isAuthenticated":false,"userId":null,"cartCount":0}
[15:44:00 15/10/2025] [DEBUG] Request authentication | Meta: {"url":"/uploads/slides/slide-sample-3.jpg","method":"GET","isAuthenticated":false,"userId":null,"cartCount":0}
[15:44:10 15/10/2025] [DEBUG] Request authentication | Meta: {"url":"/","method":"GET","isAuthenticated":false,"userId":null,"cartCount":0}
[15:44:12 15/10/2025] [DEBUG] Request authentication | Meta: {"url":"/uploads/slides/slide-sample-2.jpg","method":"GET","isAuthenticated":false,"userId":null,"cartCount":0}
[15:44:13 15/10/2025] [DEBUG] Request authentication | Meta: {"url":"/uploads/slides/slide-sample-3.jpg","method":"GET","isAuthenticated":false,"userId":null,"cartCount":0}
[15:44:44 15/10/2025] [DEBUG] Request authentication | Meta: {"url":"/login","method":"GET","isAuthenticated":false,"userId":null,"cartCount":0}
[15:44:48 15/10/2025] [DEBUG] Request authentication | Meta: {"url":"/login","method":"POST","isAuthenticated":false,"userId":null,"cartCount":0}
[15:44:49 15/10/2025] [DEBUG] Request authentication | Meta: {"url":"/admin/dashboard","method":"GET","isAuthenticated":true,"isAdmin":true,"userId":"68ccdf9b7eea2d6be5a2f41b","cartCount":0}
[15:44:59 15/10/2025] [DEBUG] Request authentication | Meta: {"url":"/admin/products","method":"GET","isAuthenticated":true,"isAdmin":true,"userId":"68ccdf9b7eea2d6be5a2f41b","cartCount":0}
[15:45:29 15/10/2025] [DEBUG] Request authentication | Meta: {"url":"/admin/orders","method":"GET","isAuthenticated":true,"isAdmin":true,"userId":"68ccdf9b7eea2d6be5a2f41b","cartCount":0}
[15:45:42 15/10/2025] [DEBUG] Request authentication | Meta: {"url":"/admin/orders/68d014967f451701fef26ada","method":"GET","isAuthenticated":true,"isAdmin":true,"userId":"68ccdf9b7eea2d6be5a2f41b","cartCount":0}
[15:45:48 15/10/2025] [DEBUG] Request authentication | Meta: {"url":"/admin/products","method":"GET","isAuthenticated":true,"isAdmin":true,"userId":"68ccdf9b7eea2d6be5a2f41b","cartCount":0}
[15:46:04 15/10/2025] [DEBUG] Request authentication | Meta: {"url":"/admin/orders","method":"GET","isAuthenticated":true,"isAdmin":true,"userId":"68ccdf9b7eea2d6be5a2f41b","cartCount":0}
[15:46:16 15/10/2025] [DEBUG] Request authentication | Meta: {"url":"/admin/accounts","method":"GET","isAuthenticated":true,"isAdmin":true,"userId":"68ccdf9b7eea2d6be5a2f41b","cartCount":0}
[15:47:02 15/10/2025] [DEBUG] Request authentication | Meta: {"url":"/admin/categories","method":"GET","isAuthenticated":true,"isAdmin":true,"userId":"68ccdf9b7eea2d6be5a2f41b","cartCount":0}
[15:47:18 15/10/2025] [DEBUG] Request authentication | Meta: {"url":"/admin/categories/toggle-status","method":"POST","isAuthenticated":true,"isAdmin":true,"userId":"68ccdf9b7eea2d6be5a2f41b","cartCount":0}
[15:47:19 15/10/2025] [DEBUG] Request authentication | Meta: {"url":"/admin/categories?success=toggled","method":"GET","isAuthenticated":true,"isAdmin":true,"userId":"68ccdf9b7eea2d6be5a2f41b","cartCount":0}
[15:47:31 15/10/2025] [DEBUG] Request authentication | Meta: {"url":"/admin/categories/toggle-status","method":"POST","isAuthenticated":true,"isAdmin":true,"userId":"68ccdf9b7eea2d6be5a2f41b","cartCount":0}
[15:47:32 15/10/2025] [DEBUG] Request authentication | Meta: {"url":"/admin/categories?success=toggled","method":"GET","isAuthenticated":true,"isAdmin":true,"userId":"68ccdf9b7eea2d6be5a2f41b","cartCount":0}
[15:47:39 15/10/2025] [DEBUG] Request authentication | Meta: {"url":"/logout","method":"GET","isAuthenticated":true,"isAdmin":true,"userId":"68ccdf9b7eea2d6be5a2f41b","cartCount":0}
[15:47:40 15/10/2025] [DEBUG] Request authentication | Meta: {"url":"/","method":"GET","isAuthenticated":false,"userId":null,"cartCount":0}
[15:47:49 15/10/2025] [DEBUG] Request authentication | Meta: {"url":"/uploads/slides/slide-sample-3.jpg","method":"GET","isAuthenticated":false,"userId":null,"cartCount":0}
[15:47:49 15/10/2025] [DEBUG] Request authentication | Meta: {"url":"/uploads/slides/slide-sample-2.jpg","method":"GET","isAuthenticated":false,"userId":null,"cartCount":0}
[15:49:17 15/10/2025] [DEBUG] Request authentication | Meta: {"url":"/login","method":"GET","isAuthenticated":false,"userId":null,"cartCount":0}
[15:49:20 15/10/2025] [DEBUG] Request authentication | Meta: {"url":"/login","method":"POST","isAuthenticated":false,"userId":null,"cartCount":0}
[15:49:21 15/10/2025] [DEBUG] Request authentication | Meta: {"url":"/admin/dashboard","method":"GET","isAuthenticated":true,"isAdmin":true,"userId":"68ccdf9b7eea2d6be5a2f41b","cartCount":0}
[15:49:30 15/10/2025] [DEBUG] Request authentication | Meta: {"url":"/admin/accounts","method":"GET","isAuthenticated":true,"isAdmin":true,"userId":"68ccdf9b7eea2d6be5a2f41b","cartCount":0}
[16:11:17 15/10/2025] [DEBUG] Request authentication | Meta: {"url":"/admin/accounts","method":"GET","isAuthenticated":true,"isAdmin":true,"userId":"68ccdf9b7eea2d6be5a2f41b","cartCount":0}
[16:11:57 15/10/2025] [DEBUG] Request authentication | Meta: {"url":"/admin/accounts/create","method":"POST","isAuthenticated":true,"isAdmin":true,"userId":"68ccdf9b7eea2d6be5a2f41b","cartCount":0}
[16:12:03 15/10/2025] [DEBUG] Request authentication | Meta: {"url":"/admin/accounts","method":"GET","isAuthenticated":true,"isAdmin":true,"userId":"68ccdf9b7eea2d6be5a2f41b","cartCount":0}
[16:12:13 15/10/2025] [DEBUG] Request authentication | Meta: {"url":"/logout","method":"POST","isAuthenticated":true,"isAdmin":true,"userId":"68ccdf9b7eea2d6be5a2f41b","cartCount":0}
[16:12:13 15/10/2025] [DEBUG] Request authentication | Meta: {"url":"/","method":"GET","isAuthenticated":false,"userId":null,"cartCount":0}
[16:12:16 15/10/2025] [DEBUG] Request authentication | Meta: {"url":"/uploads/slides/slide-sample-2.jpg","method":"GET","isAuthenticated":false,"userId":null,"cartCount":0}
[16:12:18 15/10/2025] [DEBUG] Request authentication | Meta: {"url":"/uploads/slides/slide-sample-3.jpg","method":"GET","isAuthenticated":false,"userId":null,"cartCount":0}
[16:12:18 15/10/2025] [DEBUG] Request authentication | Meta: {"url":"/login","method":"GET","isAuthenticated":false,"userId":null,"cartCount":0}
[16:12:19 15/10/2025] [DEBUG] Request authentication | Meta: {"url":"/login","method":"GET","isAuthenticated":false,"userId":null,"cartCount":0}
[16:12:30 15/10/2025] [DEBUG] Request authentication | Meta: {"url":"/login","method":"POST","isAuthenticated":false,"userId":null,"cartCount":0}
[16:12:32 15/10/2025] [DEBUG] Request authentication | Meta: {"url":"/","method":"GET","isAuthenticated":true,"isAdmin":false,"userId":"68ef655e1c7371af5d5fff6e","cartCount":0}
[16:12:34 15/10/2025] [DEBUG] Request authentication | Meta: {"url":"/uploads/slides/slide-sample-2.jpg","method":"GET","isAuthenticated":true,"isAdmin":false,"userId":"68ef655e1c7371af5d5fff6e","cartCount":0}
[16:12:36 15/10/2025] [DEBUG] Request authentication | Meta: {"url":"/uploads/slides/slide-sample-3.jpg","method":"GET","isAuthenticated":true,"isAdmin":false,"userId":"68ef655e1c7371af5d5fff6e","cartCount":0}
[16:12:40 15/10/2025] [DEBUG] Request authentication | Meta: {"url":"/logout","method":"POST","isAuthenticated":true,"isAdmin":false,"userId":"68ef655e1c7371af5d5fff6e","cartCount":0}
[16:12:40 15/10/2025] [DEBUG] Request authentication | Meta: {"url":"/","method":"GET","isAuthenticated":false,"userId":null,"cartCount":0}
[16:12:43 15/10/2025] [DEBUG] Request authentication | Meta: {"url":"/uploads/slides/slide-sample-2.jpg","method":"GET","isAuthenticated":false,"userId":null,"cartCount":0}
[16:12:43 15/10/2025] [DEBUG] Request authentication | Meta: {"url":"/uploads/slides/slide-sample-3.jpg","method":"GET","isAuthenticated":false,"userId":null,"cartCount":0}
[16:12:43 15/10/2025] [DEBUG] Request authentication | Meta: {"url":"/login","method":"GET","isAuthenticated":false,"userId":null,"cartCount":0}
[16:12:46 15/10/2025] [DEBUG] Request authentication | Meta: {"url":"/login","method":"POST","isAuthenticated":false,"userId":null,"cartCount":0}
[16:12:47 15/10/2025] [DEBUG] Request authentication | Meta: {"url":"/admin/dashboard","method":"GET","isAuthenticated":true,"isAdmin":true,"userId":"68ccdf9b7eea2d6be5a2f41b","cartCount":0}
[16:12:52 15/10/2025] [DEBUG] Request authentication | Meta: {"url":"/admin/accounts","method":"GET","isAuthenticated":true,"isAdmin":true,"userId":"68ccdf9b7eea2d6be5a2f41b","cartCount":0}
[16:12:59 15/10/2025] [DEBUG] Request authentication | Meta: {"url":"/admin/accounts?search=04&role=&status=","method":"GET","isAuthenticated":true,"isAdmin":true,"userId":"68ccdf9b7eea2d6be5a2f41b","cartCount":0}
[16:13:07 15/10/2025] [DEBUG] Request authentication | Meta: {"url":"/admin/accounts/toggle-status","method":"POST","isAuthenticated":true,"isAdmin":true,"userId":"68ccdf9b7eea2d6be5a2f41b","cartCount":0}
[16:13:12 15/10/2025] [DEBUG] Request authentication | Meta: {"url":"/admin/accounts?search=04&role=&status=","method":"GET","isAuthenticated":true,"isAdmin":true,"userId":"68ccdf9b7eea2d6be5a2f41b","cartCount":0}
[16:13:18 15/10/2025] [DEBUG] Request authentication | Meta: {"url":"/admin/accounts/toggle-status","method":"POST","isAuthenticated":true,"isAdmin":true,"userId":"68ccdf9b7eea2d6be5a2f41b","cartCount":0}
[16:13:20 15/10/2025] [DEBUG] Request authentication | Meta: {"url":"/admin/accounts?search=04&role=&status=","method":"GET","isAuthenticated":true,"isAdmin":true,"userId":"68ccdf9b7eea2d6be5a2f41b","cartCount":0}
[16:13:43 15/10/2025] [DEBUG] Request authentication | Meta: {"url":"/admin/accounts?search=04&role=&status=","method":"GET","isAuthenticated":true,"isAdmin":true,"userId":"68ccdf9b7eea2d6be5a2f41b","cartCount":0}
[16:15:15 15/10/2025] [DEBUG] Request authentication | Meta: {"url":"/admin/accounts","method":"GET","isAuthenticated":true,"isAdmin":true,"userId":"68ccdf9b7eea2d6be5a2f41b","cartCount":0}
[16:15:35 15/10/2025] [DEBUG] Request authentication | Meta: {"url":"/logout","method":"POST","isAuthenticated":true,"isAdmin":true,"userId":"68ccdf9b7eea2d6be5a2f41b","cartCount":0}
[16:15:36 15/10/2025] [DEBUG] Request authentication | Meta: {"url":"/","method":"GET","isAuthenticated":false,"userId":null,"cartCount":0}
[16:15:39 15/10/2025] [DEBUG] Request authentication | Meta: {"url":"/uploads/slides/slide-sample-2.jpg","method":"GET","isAuthenticated":false,"userId":null,"cartCount":0}
[16:15:40 15/10/2025] [DEBUG] Request authentication | Meta: {"url":"/uploads/slides/slide-sample-3.jpg","method":"GET","isAuthenticated":false,"userId":null,"cartCount":0}
[16:15:42 15/10/2025] [DEBUG] Request authentication | Meta: {"url":"/login","method":"GET","isAuthenticated":false,"userId":null,"cartCount":0}
[16:15:54 15/10/2025] [DEBUG] Request authentication | Meta: {"url":"/login","method":"POST","isAuthenticated":false,"userId":null,"cartCount":0}
[16:16:04 15/10/2025] [DEBUG] Request authentication | Meta: {"url":"/login","method":"GET","isAuthenticated":false,"userId":null,"cartCount":0}
[16:16:07 15/10/2025] [DEBUG] Request authentication | Meta: {"url":"/login","method":"POST","isAuthenticated":false,"userId":null,"cartCount":0}
[16:16:08 15/10/2025] [DEBUG] Request authentication | Meta: {"url":"/admin/dashboard","method":"GET","isAuthenticated":true,"isAdmin":true,"userId":"68ccdf9b7eea2d6be5a2f41b","cartCount":0}
[16:16:19 15/10/2025] [DEBUG] Request authentication | Meta: {"url":"/admin/accounts","method":"GET","isAuthenticated":true,"isAdmin":true,"userId":"68ccdf9b7eea2d6be5a2f41b","cartCount":0}
[16:16:56 15/10/2025] [DEBUG] Request authentication | Meta: {"url":"/admin/accounts?search=04&role=&status=","method":"GET","isAuthenticated":true,"isAdmin":true,"userId":"68ccdf9b7eea2d6be5a2f41b","cartCount":0}
[16:21:19 15/10/2025] [DEBUG] Request authentication | Meta: {"url":"/admin/accounts?search=04&role=&status=","method":"GET","isAuthenticated":true,"isAdmin":true,"userId":"68ccdf9b7eea2d6be5a2f41b","cartCount":0}
[16:22:55 15/10/2025] [DEBUG] Request authentication | Meta: {"url":"/admin/accounts?search=04&role=&status=","method":"GET","isAuthenticated":true,"isAdmin":true,"userId":"68ccdf9b7eea2d6be5a2f41b","cartCount":0}
[16:23:22 15/10/2025] [DEBUG] Request authentication | Meta: {"url":"/admin/accounts?search=&role=&status=","method":"GET","isAuthenticated":true,"isAdmin":true,"userId":"68ccdf9b7eea2d6be5a2f41b","cartCount":0}
[16:23:31 15/10/2025] [DEBUG] Request authentication | Meta: {"url":"/admin/accounts/toggle-status","method":"POST","isAuthenticated":true,"isAdmin":true,"userId":"68ccdf9b7eea2d6be5a2f41b","cartCount":0}
[16:23:40 15/10/2025] [DEBUG] Request authentication | Meta: {"url":"/admin/accounts?search=&role=&status=","method":"GET","isAuthenticated":true,"isAdmin":true,"userId":"68ccdf9b7eea2d6be5a2f41b","cartCount":0}
[16:23:44 15/10/2025] [DEBUG] Request authentication | Meta: {"url":"/admin/accounts/toggle-status","method":"POST","isAuthenticated":true,"isAdmin":true,"userId":"68ccdf9b7eea2d6be5a2f41b","cartCount":0}
[16:23:48 15/10/2025] [DEBUG] Request authentication | Meta: {"url":"/admin/accounts?search=&role=&status=","method":"GET","isAuthenticated":true,"isAdmin":true,"userId":"68ccdf9b7eea2d6be5a2f41b","cartCount":0}
[16:29:59 15/10/2025] [DEBUG] Request authentication | Meta: {"url":"/admin/accounts?search=&role=&status=","method":"GET","isAuthenticated":true,"isAdmin":true,"userId":"68ccdf9b7eea2d6be5a2f41b","cartCount":0}
[16:30:07 15/10/2025] [DEBUG] Request authentication | Meta: {"url":"/admin/dashboard","method":"GET","isAuthenticated":true,"isAdmin":true,"userId":"68ccdf9b7eea2d6be5a2f41b","cartCount":0}
[16:30:13 15/10/2025] [DEBUG] Request authentication | Meta: {"url":"/admin/accounts","method":"GET","isAuthenticated":true,"isAdmin":true,"userId":"68ccdf9b7eea2d6be5a2f41b","cartCount":0}
[17:20:20 15/10/2025] [DEBUG] Request authentication | Meta: {"url":"/","method":"GET","isAuthenticated":true,"isAdmin":true,"userId":"68ccdf9b7eea2d6be5a2f41b","cartCount":0}
[17:20:28 15/10/2025] [DEBUG] Request authentication | Meta: {"url":"/uploads/slides/slide-sample-2.jpg","method":"GET","isAuthenticated":true,"isAdmin":true,"userId":"68ccdf9b7eea2d6be5a2f41b","cartCount":0}
[17:20:29 15/10/2025] [DEBUG] Request authentication | Meta: {"url":"/uploads/slides/slide-sample-3.jpg","method":"GET","isAuthenticated":true,"isAdmin":true,"userId":"68ccdf9b7eea2d6be5a2f41b","cartCount":0}
[17:20:38 15/10/2025] [DEBUG] Request authentication | Meta: {"url":"/admin/dashboard","method":"GET","isAuthenticated":true,"isAdmin":true,"userId":"68ccdf9b7eea2d6be5a2f41b","cartCount":0}
[17:20:50 15/10/2025] [DEBUG] Request authentication | Meta: {"url":"/admin/accounts","method":"GET","isAuthenticated":true,"isAdmin":true,"userId":"68ccdf9b7eea2d6be5a2f41b","cartCount":0}
[17:21:37 15/10/2025] [DEBUG] Request authentication | Meta: {"url":"/admin/accounts/toggle-status","method":"POST","isAuthenticated":true,"isAdmin":true,"userId":"68ccdf9b7eea2d6be5a2f41b","cartCount":0}
[17:21:44 15/10/2025] [DEBUG] Request authentication | Meta: {"url":"/admin/accounts","method":"GET","isAuthenticated":true,"isAdmin":true,"userId":"68ccdf9b7eea2d6be5a2f41b","cartCount":0}
[17:47:06 15/10/2025] [DEBUG] Request authentication | Meta: {"url":"/admin/accounts","method":"GET","isAuthenticated":true,"isAdmin":true,"userId":"68ccdf9b7eea2d6be5a2f41b","cartCount":0}
[17:50:11 15/10/2025] [DEBUG] Request authentication | Meta: {"url":"/admin/accounts","method":"GET","isAuthenticated":true,"isAdmin":true,"userId":"68ccdf9b7eea2d6be5a2f41b","cartCount":0}
[17:50:17 15/10/2025] [DEBUG] Request authentication | Meta: {"url":"/admin/accounts","method":"GET","isAuthenticated":true,"isAdmin":true,"userId":"68ccdf9b7eea2d6be5a2f41b","cartCount":0}
[17:50:25 15/10/2025] [DEBUG] Request authentication | Meta: {"url":"/.well-known/appspecific/com.chrome.devtools.json","method":"GET","isAuthenticated":true,"isAdmin":true,"userId":"68ccdf9b7eea2d6be5a2f41b","cartCount":0}
[17:51:04 15/10/2025] [DEBUG] Request authentication | Meta: {"url":"/admin/accounts?page=2","method":"GET","isAuthenticated":true,"isAdmin":true,"userId":"68ccdf9b7eea2d6be5a2f41b","cartCount":0}
[17:51:05 15/10/2025] [DEBUG] Request authentication | Meta: {"url":"/.well-known/appspecific/com.chrome.devtools.json","method":"GET","isAuthenticated":true,"isAdmin":true,"userId":"68ccdf9b7eea2d6be5a2f41b","cartCount":0}
[17:51:09 15/10/2025] [DEBUG] Request authentication | Meta: {"url":"/admin/accounts?page=1","method":"GET","isAuthenticated":true,"isAdmin":true,"userId":"68ccdf9b7eea2d6be5a2f41b","cartCount":0}
[17:51:10 15/10/2025] [DEBUG] Request authentication | Meta: {"url":"/.well-known/appspecific/com.chrome.devtools.json","method":"GET","isAuthenticated":true,"isAdmin":true,"userId":"68ccdf9b7eea2d6be5a2f41b","cartCount":0}
[17:51:33 15/10/2025] [DEBUG] Request authentication | Meta: {"url":"/admin/accounts?page=2","method":"GET","isAuthenticated":true,"isAdmin":true,"userId":"68ccdf9b7eea2d6be5a2f41b","cartCount":0}
[17:51:33 15/10/2025] [DEBUG] Request authentication | Meta: {"url":"/.well-known/appspecific/com.chrome.devtools.json","method":"GET","isAuthenticated":true,"isAdmin":true,"userId":"68ccdf9b7eea2d6be5a2f41b","cartCount":0}
[17:54:47 15/10/2025] [DEBUG] Request authentication | Meta: {"url":"/admin/dashboard","method":"GET","isAuthenticated":true,"isAdmin":true,"userId":"68ccdf9b7eea2d6be5a2f41b","cartCount":0}
[17:54:51 15/10/2025] [DEBUG] Request authentication | Meta: {"url":"/.well-known/appspecific/com.chrome.devtools.json","method":"GET","isAuthenticated":true,"isAdmin":true,"userId":"68ccdf9b7eea2d6be5a2f41b","cartCount":0}
[17:54:54 15/10/2025] [DEBUG] Request authentication | Meta: {"url":"/admin/accounts","method":"GET","isAuthenticated":true,"isAdmin":true,"userId":"68ccdf9b7eea2d6be5a2f41b","cartCount":0}
[17:54:56 15/10/2025] [DEBUG] Request authentication | Meta: {"url":"/.well-known/appspecific/com.chrome.devtools.json","method":"GET","isAuthenticated":true,"isAdmin":true,"userId":"68ccdf9b7eea2d6be5a2f41b","cartCount":0}
[17:59:05 15/10/2025] [DEBUG] Request authentication | Meta: {"url":"/admin/accounts","method":"GET","isAuthenticated":true,"isAdmin":true,"userId":"68ccdf9b7eea2d6be5a2f41b","cartCount":0}
[17:59:06 15/10/2025] [DEBUG] Request authentication | Meta: {"url":"/.well-known/appspecific/com.chrome.devtools.json","method":"GET","isAuthenticated":true,"isAdmin":true,"userId":"68ccdf9b7eea2d6be5a2f41b","cartCount":0}
[17:59:17 15/10/2025] [DEBUG] Request authentication | Meta: {"url":"/.well-known/appspecific/com.chrome.devtools.json","method":"GET","isAuthenticated":true,"isAdmin":true,"userId":"68ccdf9b7eea2d6be5a2f41b","cartCount":0}
[17:59:18 15/10/2025] [DEBUG] Request authentication | Meta: {"url":"/.well-known/appspecific/com.chrome.devtools.json","method":"GET","isAuthenticated":true,"isAdmin":true,"userId":"68ccdf9b7eea2d6be5a2f41b","cartCount":0}
[17:59:18 15/10/2025] [DEBUG] Request authentication | Meta: {"url":"/admin/accounts","method":"GET","isAuthenticated":true,"isAdmin":true,"userId":"68ccdf9b7eea2d6be5a2f41b","cartCount":0}
[17:59:20 15/10/2025] [DEBUG] Request authentication | Meta: {"url":"/.well-known/appspecific/com.chrome.devtools.json","method":"GET","isAuthenticated":true,"isAdmin":true,"userId":"68ccdf9b7eea2d6be5a2f41b","cartCount":0}
[18:01:14 15/10/2025] [DEBUG] Request authentication | Meta: {"url":"/admin/accounts","method":"GET","isAuthenticated":true,"isAdmin":true,"userId":"68ccdf9b7eea2d6be5a2f41b","cartCount":0}
[18:01:17 15/10/2025] [DEBUG] Request authentication | Meta: {"url":"/.well-known/appspecific/com.chrome.devtools.json","method":"GET","isAuthenticated":true,"isAdmin":true,"userId":"68ccdf9b7eea2d6be5a2f41b","cartCount":0}
[18:01:31 15/10/2025] [DEBUG] Request authentication | Meta: {"url":"/admin/accounts/toggle-status","method":"POST","isAuthenticated":true,"isAdmin":true,"userId":"68ccdf9b7eea2d6be5a2f41b","cartCount":0}
[18:01:32 15/10/2025] [DEBUG] Request authentication | Meta: {"url":"/admin/accounts","method":"GET","isAuthenticated":true,"isAdmin":true,"userId":"68ccdf9b7eea2d6be5a2f41b","cartCount":0}
[18:01:39 15/10/2025] [DEBUG] Request authentication | Meta: {"url":"/admin/accounts/toggle-status","method":"POST","isAuthenticated":true,"isAdmin":true,"userId":"68ccdf9b7eea2d6be5a2f41b","cartCount":0}
[18:01:40 15/10/2025] [DEBUG] Request authentication | Meta: {"url":"/admin/accounts","method":"GET","isAuthenticated":true,"isAdmin":true,"userId":"68ccdf9b7eea2d6be5a2f41b","cartCount":0}
[18:03:02 15/10/2025] [DEBUG] Request authentication | Meta: {"url":"/admin/categories","method":"GET","isAuthenticated":true,"isAdmin":true,"userId":"68ccdf9b7eea2d6be5a2f41b","cartCount":0}
[18:07:30 15/10/2025] [DEBUG] Request authentication | Meta: {"url":"/admin/accounts","method":"GET","isAuthenticated":true,"isAdmin":true,"userId":"68ccdf9b7eea2d6be5a2f41b","cartCount":0}
[18:07:51 15/10/2025] [DEBUG] Request authentication | Meta: {"url":"/admin/accounts?page=2","method":"GET","isAuthenticated":true,"isAdmin":true,"userId":"68ccdf9b7eea2d6be5a2f41b","cartCount":0}
[18:07:54 15/10/2025] [DEBUG] Request authentication | Meta: {"url":"/admin/accounts?page=1","method":"GET","isAuthenticated":true,"isAdmin":true,"userId":"68ccdf9b7eea2d6be5a2f41b","cartCount":0}
[18:08:09 15/10/2025] [DEBUG] Request authentication | Meta: {"url":"/admin/accounts/toggle-status","method":"POST","isAuthenticated":true,"isAdmin":true,"userId":"68ccdf9b7eea2d6be5a2f41b","cartCount":0}
[18:08:11 15/10/2025] [DEBUG] Request authentication | Meta: {"url":"/admin/accounts?page=1","method":"GET","isAuthenticated":true,"isAdmin":true,"userId":"68ccdf9b7eea2d6be5a2f41b","cartCount":0}
[18:08:22 15/10/2025] [DEBUG] Request authentication | Meta: {"url":"/","method":"GET","isAuthenticated":true,"isAdmin":true,"userId":"68ccdf9b7eea2d6be5a2f41b","cartCount":0}
[18:08:26 15/10/2025] [DEBUG] Request authentication | Meta: {"url":"/uploads/slides/slide-sample-2.jpg","method":"GET","isAuthenticated":true,"isAdmin":true,"userId":"68ccdf9b7eea2d6be5a2f41b","cartCount":0}
[18:08:27 15/10/2025] [DEBUG] Request authentication | Meta: {"url":"/uploads/slides/slide-sample-3.jpg","method":"GET","isAuthenticated":true,"isAdmin":true,"userId":"68ccdf9b7eea2d6be5a2f41b","cartCount":0}
[18:08:30 15/10/2025] [DEBUG] Request authentication | Meta: {"url":"/logout","method":"GET","isAuthenticated":true,"isAdmin":true,"userId":"68ccdf9b7eea2d6be5a2f41b","cartCount":0}
[18:08:30 15/10/2025] [DEBUG] Request authentication | Meta: {"url":"/","method":"GET","isAuthenticated":false,"userId":null,"cartCount":0}
[18:08:32 15/10/2025] [DEBUG] Request authentication | Meta: {"url":"/uploads/slides/slide-sample-2.jpg","method":"GET","isAuthenticated":false,"userId":null,"cartCount":0}
[18:08:32 15/10/2025] [DEBUG] Request authentication | Meta: {"url":"/uploads/slides/slide-sample-3.jpg","method":"GET","isAuthenticated":false,"userId":null,"cartCount":0}
[18:08:33 15/10/2025] [DEBUG] Request authentication | Meta: {"url":"/login","method":"GET","isAuthenticated":false,"userId":null,"cartCount":0}
[18:08:38 15/10/2025] [DEBUG] Request authentication | Meta: {"url":"/login","method":"POST","isAuthenticated":false,"userId":null,"cartCount":0}
[18:08:49 15/10/2025] [DEBUG] Request authentication | Meta: {"url":"/admin/accounts/toggle-status","method":"POST","isAuthenticated":false,"userId":null,"cartCount":0}
[18:08:55 15/10/2025] [DEBUG] Request authentication | Meta: {"url":"/admin/accounts/toggle-status","method":"POST","isAuthenticated":false,"userId":null,"cartCount":0}
[18:08:59 15/10/2025] [DEBUG] Request authentication | Meta: {"url":"/","method":"GET","isAuthenticated":false,"userId":null,"cartCount":0}
[18:09:01 15/10/2025] [DEBUG] Request authentication | Meta: {"url":"/uploads/slides/slide-sample-2.jpg","method":"GET","isAuthenticated":false,"userId":null,"cartCount":0}
[18:09:01 15/10/2025] [DEBUG] Request authentication | Meta: {"url":"/uploads/slides/slide-sample-3.jpg","method":"GET","isAuthenticated":false,"userId":null,"cartCount":0}
[18:09:08 15/10/2025] [DEBUG] Request authentication | Meta: {"url":"/admin/accounts?page=1","method":"GET","isAuthenticated":false,"userId":null,"cartCount":0}
[18:09:08 15/10/2025] [DEBUG] Request authentication | Meta: {"url":"/login","method":"GET","isAuthenticated":false,"userId":null,"cartCount":0}
[18:09:10 15/10/2025] [DEBUG] Request authentication | Meta: {"url":"/login","method":"POST","isAuthenticated":false,"userId":null,"cartCount":0}
[18:09:12 15/10/2025] [DEBUG] Request authentication | Meta: {"url":"/admin/dashboard","method":"GET","isAuthenticated":true,"isAdmin":true,"userId":"68ccdf9b7eea2d6be5a2f41b","cartCount":0}
[18:09:15 15/10/2025] [DEBUG] Request authentication | Meta: {"url":"/admin/accounts","method":"GET","isAuthenticated":true,"isAdmin":true,"userId":"68ccdf9b7eea2d6be5a2f41b","cartCount":0}
[18:09:20 15/10/2025] [DEBUG] Request authentication | Meta: {"url":"/admin/accounts/toggle-status","method":"POST","isAuthenticated":true,"isAdmin":true,"userId":"68ccdf9b7eea2d6be5a2f41b","cartCount":0}
[18:09:22 15/10/2025] [DEBUG] Request authentication | Meta: {"url":"/admin/accounts","method":"GET","isAuthenticated":true,"isAdmin":true,"userId":"68ccdf9b7eea2d6be5a2f41b","cartCount":0}
[18:09:28 15/10/2025] [DEBUG] Request authentication | Meta: {"url":"/logout","method":"GET","isAuthenticated":true,"isAdmin":true,"userId":"68ccdf9b7eea2d6be5a2f41b","cartCount":0}
[18:09:28 15/10/2025] [DEBUG] Request authentication | Meta: {"url":"/","method":"GET","isAuthenticated":false,"userId":null,"cartCount":0}
[18:09:30 15/10/2025] [DEBUG] Request authentication | Meta: {"url":"/uploads/slides/slide-sample-3.jpg","method":"GET","isAuthenticated":false,"userId":null,"cartCount":0}
[18:09:30 15/10/2025] [DEBUG] Request authentication | Meta: {"url":"/uploads/slides/slide-sample-2.jpg","method":"GET","isAuthenticated":false,"userId":null,"cartCount":0}
[18:09:32 15/10/2025] [DEBUG] Request authentication | Meta: {"url":"/login","method":"GET","isAuthenticated":false,"userId":null,"cartCount":0}
[18:09:37 15/10/2025] [DEBUG] Request authentication | Meta: {"url":"/login","method":"POST","isAuthenticated":false,"userId":null,"cartCount":0}
[18:09:45 15/10/2025] [DEBUG] Request authentication | Meta: {"url":"/login","method":"POST","isAuthenticated":false,"userId":null,"cartCount":0}
[18:09:46 15/10/2025] [DEBUG] Request authentication | Meta: {"url":"/","method":"GET","isAuthenticated":true,"isAdmin":false,"userId":"68d8f2018ae55fd6cc950c14","cartCount":0}
[18:09:48 15/10/2025] [DEBUG] Request authentication | Meta: {"url":"/uploads/slides/slide-sample-2.jpg","method":"GET","isAuthenticated":true,"isAdmin":false,"userId":"68d8f2018ae55fd6cc950c14","cartCount":0}
[18:09:48 15/10/2025] [DEBUG] Request authentication | Meta: {"url":"/uploads/slides/slide-sample-3.jpg","method":"GET","isAuthenticated":true,"isAdmin":false,"userId":"68d8f2018ae55fd6cc950c14","cartCount":0}
[18:09:53 15/10/2025] [DEBUG] Request authentication | Meta: {"url":"/logout","method":"POST","isAuthenticated":true,"isAdmin":false,"userId":"68d8f2018ae55fd6cc950c14","cartCount":0}
[18:09:54 15/10/2025] [DEBUG] Request authentication | Meta: {"url":"/","method":"GET","isAuthenticated":false,"userId":null,"cartCount":0}
[18:09:59 15/10/2025] [DEBUG] Request authentication | Meta: {"url":"/uploads/slides/slide-sample-3.jpg","method":"GET","isAuthenticated":false,"userId":null,"cartCount":0}
[18:10:00 15/10/2025] [DEBUG] Request authentication | Meta: {"url":"/uploads/slides/slide-sample-2.jpg","method":"GET","isAuthenticated":false,"userId":null,"cartCount":0}
[18:10:01 15/10/2025] [DEBUG] Request authentication | Meta: {"url":"/login","method":"GET","isAuthenticated":false,"userId":null,"cartCount":0}
[18:10:04 15/10/2025] [DEBUG] Request authentication | Meta: {"url":"/login","method":"POST","isAuthenticated":false,"userId":null,"cartCount":0}
[18:10:06 15/10/2025] [DEBUG] Request authentication | Meta: {"url":"/admin/dashboard","method":"GET","isAuthenticated":true,"isAdmin":true,"userId":"68ccdf9b7eea2d6be5a2f41b","cartCount":0}
[18:10:10 15/10/2025] [DEBUG] Request authentication | Meta: {"url":"/admin/accounts","method":"GET","isAuthenticated":true,"isAdmin":true,"userId":"68ccdf9b7eea2d6be5a2f41b","cartCount":0}
[18:10:16 15/10/2025] [DEBUG] Request authentication | Meta: {"url":"/admin/accounts?page=2","method":"GET","isAuthenticated":true,"isAdmin":true,"userId":"68ccdf9b7eea2d6be5a2f41b","cartCount":0}
[18:10:18 15/10/2025] [DEBUG] Request authentication | Meta: {"url":"/admin/accounts?page=1","method":"GET","isAuthenticated":true,"isAdmin":true,"userId":"68ccdf9b7eea2d6be5a2f41b","cartCount":0}
[21:15:08 15/10/2025] [DEBUG] Request authentication | Meta: {"url":"/","method":"GET","isAuthenticated":true,"isAdmin":true,"userId":"68ccdf9b7eea2d6be5a2f41b","cartCount":0}
[21:15:12 15/10/2025] [DEBUG] Request authentication | Meta: {"url":"/uploads/slides/slide-sample-2.jpg","method":"GET","isAuthenticated":true,"isAdmin":true,"userId":"68ccdf9b7eea2d6be5a2f41b","cartCount":0}
[21:15:13 15/10/2025] [DEBUG] Request authentication | Meta: {"url":"/uploads/slides/slide-sample-3.jpg","method":"GET","isAuthenticated":true,"isAdmin":true,"userId":"68ccdf9b7eea2d6be5a2f41b","cartCount":0}
[21:15:14 15/10/2025] [DEBUG] Request authentication | Meta: {"url":"/favicon.ico","method":"GET","isAuthenticated":true,"isAdmin":true,"userId":"68ccdf9b7eea2d6be5a2f41b","cartCount":0}
[21:16:01 15/10/2025] [DEBUG] Request authentication | Meta: {"url":"/admin/dashboard","method":"GET","isAuthenticated":true,"isAdmin":true,"userId":"68ccdf9b7eea2d6be5a2f41b","cartCount":0}
[21:16:08 15/10/2025] [DEBUG] Request authentication | Meta: {"url":"/admin/accounts","method":"GET","isAuthenticated":true,"isAdmin":true,"userId":"68ccdf9b7eea2d6be5a2f41b","cartCount":0}
[21:16:34 15/10/2025] [DEBUG] Request authentication | Meta: {"url":"/admin/categories","method":"GET","isAuthenticated":true,"isAdmin":true,"userId":"68ccdf9b7eea2d6be5a2f41b","cartCount":0}
[21:16:39 15/10/2025] [DEBUG] Request authentication | Meta: {"url":"/admin/brands","method":"GET","isAuthenticated":true,"isAdmin":true,"userId":"68ccdf9b7eea2d6be5a2f41b","cartCount":0}
[21:16:43 15/10/2025] [DEBUG] Request authentication | Meta: {"url":"/admin/dashboard","method":"GET","isAuthenticated":true,"isAdmin":true,"userId":"68ccdf9b7eea2d6be5a2f41b","cartCount":0}
[21:16:49 15/10/2025] [DEBUG] Request authentication | Meta: {"url":"/admin/reviews","method":"GET","isAuthenticated":true,"isAdmin":true,"userId":"68ccdf9b7eea2d6be5a2f41b","cartCount":0}
[21:16:55 15/10/2025] [DEBUG] Request authentication | Meta: {"url":"/admin/slides","method":"GET","isAuthenticated":true,"isAdmin":true,"userId":"68ccdf9b7eea2d6be5a2f41b","cartCount":0}
[21:16:55 15/10/2025] [DEBUG] Request authentication | Meta: {"url":"/uploads/slides/slide-sample-2.jpg","method":"GET","isAuthenticated":true,"isAdmin":true,"userId":"68ccdf9b7eea2d6be5a2f41b","cartCount":0}
[21:16:55 15/10/2025] [DEBUG] Request authentication | Meta: {"url":"/uploads/slides/slide-sample-3.jpg","method":"GET","isAuthenticated":true,"isAdmin":true,"userId":"68ccdf9b7eea2d6be5a2f41b","cartCount":0}
[21:17:02 15/10/2025] [DEBUG] Request authentication | Meta: {"url":"/admin/accounts","method":"GET","isAuthenticated":true,"isAdmin":true,"userId":"68ccdf9b7eea2d6be5a2f41b","cartCount":0}
[21:17:09 15/10/2025] [DEBUG] Request authentication | Meta: {"url":"/logout","method":"GET","isAuthenticated":true,"isAdmin":true,"userId":"68ccdf9b7eea2d6be5a2f41b","cartCount":0}
[21:17:09 15/10/2025] [DEBUG] Request authentication | Meta: {"url":"/","method":"GET","isAuthenticated":false,"userId":null,"cartCount":0}
[21:17:11 15/10/2025] [DEBUG] Request authentication | Meta: {"url":"/uploads/slides/slide-sample-2.jpg","method":"GET","isAuthenticated":false,"userId":null,"cartCount":0}
[21:17:11 15/10/2025] [DEBUG] Request authentication | Meta: {"url":"/uploads/slides/slide-sample-3.jpg","method":"GET","isAuthenticated":false,"userId":null,"cartCount":0}
[21:17:12 15/10/2025] [DEBUG] Request authentication | Meta: {"url":"/login","method":"GET","isAuthenticated":false,"userId":null,"cartCount":0}
[21:17:14 15/10/2025] [DEBUG] Request authentication | Meta: {"url":"/login","method":"POST","isAuthenticated":false,"userId":null,"cartCount":0}
[21:17:15 15/10/2025] [DEBUG] Request authentication | Meta: {"url":"/admin/dashboard","method":"GET","isAuthenticated":true,"isAdmin":true,"userId":"68ccdf9b7eea2d6be5a2f41b","cartCount":0}
[21:17:48 15/10/2025] [DEBUG] Request authentication | Meta: {"url":"/admin/accounts","method":"GET","isAuthenticated":true,"isAdmin":true,"userId":"68ccdf9b7eea2d6be5a2f41b","cartCount":0}
[21:18:24 15/10/2025] [DEBUG] Request authentication | Meta: {"url":"/admin/accounts?page=2","method":"GET","isAuthenticated":true,"isAdmin":true,"userId":"68ccdf9b7eea2d6be5a2f41b","cartCount":0}
[21:18:33 15/10/2025] [DEBUG] Request authentication | Meta: {"url":"/admin/accounts?page=2","method":"GET","isAuthenticated":true,"isAdmin":true,"userId":"68ccdf9b7eea2d6be5a2f41b","cartCount":0}
[21:21:30 15/10/2025] [DEBUG] Request authentication | Meta: {"url":"/admin/accounts?page=2","method":"GET","isAuthenticated":true,"isAdmin":true,"userId":"68ccdf9b7eea2d6be5a2f41b","cartCount":0}
[21:21:35 15/10/2025] [DEBUG] Request authentication | Meta: {"url":"/admin/accounts/68d8f21c8ae55fd6cc950c17/edit","method":"GET","isAuthenticated":true,"isAdmin":true,"userId":"68ccdf9b7eea2d6be5a2f41b","cartCount":0}
[21:21:44 15/10/2025] [DEBUG] Request authentication | Meta: {"url":"/admin/accounts/delete","method":"POST","isAuthenticated":true,"isAdmin":true,"userId":"68ccdf9b7eea2d6be5a2f41b","cartCount":0}
[21:21:45 15/10/2025] [DEBUG] Request authentication | Meta: {"url":"/admin/accounts?page=2","method":"GET","isAuthenticated":true,"isAdmin":true,"userId":"68ccdf9b7eea2d6be5a2f41b","cartCount":0}
[21:21:57 15/10/2025] [DEBUG] Request authentication | Meta: {"url":"/admin/accounts/create","method":"GET","isAuthenticated":true,"isAdmin":true,"userId":"68ccdf9b7eea2d6be5a2f41b","cartCount":0}
[21:24:28 15/10/2025] [DEBUG] Request authentication | Meta: {"url":"/admin/accounts?page=2","method":"GET","isAuthenticated":true,"isAdmin":true,"userId":"68ccdf9b7eea2d6be5a2f41b","cartCount":0}
[21:24:30 15/10/2025] [DEBUG] Request authentication | Meta: {"url":"/admin/accounts/68d8f21c8ae55fd6cc950c17/edit","method":"GET","isAuthenticated":true,"isAdmin":true,"userId":"68ccdf9b7eea2d6be5a2f41b","cartCount":0}
[21:24:38 15/10/2025] [DEBUG] Request authentication | Meta: {"url":"/admin/accounts?page=1","method":"GET","isAuthenticated":true,"isAdmin":true,"userId":"68ccdf9b7eea2d6be5a2f41b","cartCount":0}
[21:24:41 15/10/2025] [DEBUG] Request authentication | Meta: {"url":"/admin/accounts/68ccdf9b7eea2d6be5a2f41c/edit","method":"GET","isAuthenticated":true,"isAdmin":true,"userId":"68ccdf9b7eea2d6be5a2f41b","cartCount":0}
[21:24:52 15/10/2025] [DEBUG] Request authentication | Meta: {"url":"/admin/accounts/68ccdf9b7eea2d6be5a2f41b/edit","method":"GET","isAuthenticated":true,"isAdmin":true,"userId":"68ccdf9b7eea2d6be5a2f41b","cartCount":0}
[21:25:41 15/10/2025] [DEBUG] Request authentication | Meta: {"url":"/admin/accounts/create","method":"POST","isAuthenticated":true,"isAdmin":true,"userId":"68ccdf9b7eea2d6be5a2f41b","cartCount":0}
[21:25:59 15/10/2025] [DEBUG] Request authentication | Meta: {"url":"/admin/accounts/create","method":"POST","isAuthenticated":true,"isAdmin":true,"userId":"68ccdf9b7eea2d6be5a2f41b","cartCount":0}
[21:28:16 15/10/2025] [DEBUG] Request authentication | Meta: {"url":"/admin/accounts?page=1","method":"GET","isAuthenticated":true,"isAdmin":true,"userId":"68ccdf9b7eea2d6be5a2f41b","cartCount":0}
[21:29:04 15/10/2025] [DEBUG] Request authentication | Meta: {"url":"/admin/accounts/create","method":"POST","isAuthenticated":true,"isAdmin":true,"userId":"68ccdf9b7eea2d6be5a2f41b","cartCount":0}
[21:29:14 15/10/2025] [DEBUG] Request authentication | Meta: {"url":"/admin/accounts?page=2","method":"GET","isAuthenticated":true,"isAdmin":true,"userId":"68ccdf9b7eea2d6be5a2f41b","cartCount":0}
[21:29:22 15/10/2025] [DEBUG] Request authentication | Meta: {"url":"/admin/accounts/edit","method":"POST","isAuthenticated":true,"isAdmin":true,"userId":"68ccdf9b7eea2d6be5a2f41b","cartCount":0}
[21:29:27 15/10/2025] [DEBUG] Request authentication | Meta: {"url":"/admin/accounts/edit","method":"POST","isAuthenticated":true,"isAdmin":true,"userId":"68ccdf9b7eea2d6be5a2f41b","cartCount":0}
[21:33:09 15/10/2025] [DEBUG] Request authentication | Meta: {"url":"/admin/accounts?page=2","method":"GET","isAuthenticated":true,"isAdmin":true,"userId":"68ccdf9b7eea2d6be5a2f41b","cartCount":0}
[21:47:14 15/10/2025] [DEBUG] Request authentication | Meta: {"url":"/admin/accounts/edit","method":"POST","isAuthenticated":true,"isAdmin":true,"userId":"68ccdf9b7eea2d6be5a2f41b","cartCount":0}
[21:47:16 15/10/2025] [DEBUG] Request authentication | Meta: {"url":"/admin/accounts?page=2","method":"GET","isAuthenticated":true,"isAdmin":true,"userId":"68ccdf9b7eea2d6be5a2f41b","cartCount":0}
[21:47:28 15/10/2025] [DEBUG] Request authentication | Meta: {"url":"/admin/accounts/edit","method":"POST","isAuthenticated":true,"isAdmin":true,"userId":"68ccdf9b7eea2d6be5a2f41b","cartCount":0}
[21:47:30 15/10/2025] [DEBUG] Request authentication | Meta: {"url":"/admin/accounts?page=2","method":"GET","isAuthenticated":true,"isAdmin":true,"userId":"68ccdf9b7eea2d6be5a2f41b","cartCount":0}
[21:47:36 15/10/2025] [DEBUG] Request authentication | Meta: {"url":"/logout","method":"GET","isAuthenticated":true,"isAdmin":true,"userId":"68ccdf9b7eea2d6be5a2f41b","cartCount":0}
[21:47:37 15/10/2025] [DEBUG] Request authentication | Meta: {"url":"/","method":"GET","isAuthenticated":false,"userId":null,"cartCount":0}
[21:47:38 15/10/2025] [DEBUG] Request authentication | Meta: {"url":"/uploads/slides/slide-sample-2.jpg","method":"GET","isAuthenticated":false,"userId":null,"cartCount":0}
[21:47:39 15/10/2025] [DEBUG] Request authentication | Meta: {"url":"/uploads/slides/slide-sample-3.jpg","method":"GET","isAuthenticated":false,"userId":null,"cartCount":0}
[21:47:39 15/10/2025] [DEBUG] Request authentication | Meta: {"url":"/login","method":"GET","isAuthenticated":false,"userId":null,"cartCount":0}
[21:47:44 15/10/2025] [DEBUG] Request authentication | Meta: {"url":"/login","method":"POST","isAuthenticated":false,"userId":null,"cartCount":0}
[21:47:44 15/10/2025] [DEBUG] Request authentication | Meta: {"url":"/","method":"GET","isAuthenticated":true,"isAdmin":false,"userId":"68d8f21c8ae55fd6cc950c17","cartCount":0}
[21:47:46 15/10/2025] [DEBUG] Request authentication | Meta: {"url":"/uploads/slides/slide-sample-3.jpg","method":"GET","isAuthenticated":true,"isAdmin":false,"userId":"68d8f21c8ae55fd6cc950c17","cartCount":0}
[21:47:47 15/10/2025] [DEBUG] Request authentication | Meta: {"url":"/uploads/slides/slide-sample-2.jpg","method":"GET","isAuthenticated":true,"isAdmin":false,"userId":"68d8f21c8ae55fd6cc950c17","cartCount":0}
[21:47:52 15/10/2025] [DEBUG] Request authentication | Meta: {"url":"/logout","method":"POST","isAuthenticated":true,"isAdmin":false,"userId":"68d8f21c8ae55fd6cc950c17","cartCount":0}
[21:47:52 15/10/2025] [DEBUG] Request authentication | Meta: {"url":"/","method":"GET","isAuthenticated":false,"userId":null,"cartCount":0}
[21:47:54 15/10/2025] [DEBUG] Request authentication | Meta: {"url":"/uploads/slides/slide-sample-3.jpg","method":"GET","isAuthenticated":false,"userId":null,"cartCount":0}
[21:47:54 15/10/2025] [DEBUG] Request authentication | Meta: {"url":"/uploads/slides/slide-sample-2.jpg","method":"GET","isAuthenticated":false,"userId":null,"cartCount":0}
[21:47:55 15/10/2025] [DEBUG] Request authentication | Meta: {"url":"/login","method":"GET","isAuthenticated":false,"userId":null,"cartCount":0}
[21:47:57 15/10/2025] [DEBUG] Request authentication | Meta: {"url":"/login","method":"POST","isAuthenticated":false,"userId":null,"cartCount":0}
[21:47:58 15/10/2025] [DEBUG] Request authentication | Meta: {"url":"/admin/dashboard","method":"GET","isAuthenticated":true,"isAdmin":true,"userId":"68ccdf9b7eea2d6be5a2f41b","cartCount":0}
[21:48:02 15/10/2025] [DEBUG] Request authentication | Meta: {"url":"/admin/accounts","method":"GET","isAuthenticated":true,"isAdmin":true,"userId":"68ccdf9b7eea2d6be5a2f41b","cartCount":0}
[21:48:06 15/10/2025] [DEBUG] Request authentication | Meta: {"url":"/admin/accounts?page=2","method":"GET","isAuthenticated":true,"isAdmin":true,"userId":"68ccdf9b7eea2d6be5a2f41b","cartCount":0}
[21:48:41 15/10/2025] [DEBUG] Request authentication | Meta: {"url":"/admin/accounts/create","method":"POST","isAuthenticated":true,"isAdmin":true,"userId":"68ccdf9b7eea2d6be5a2f41b","cartCount":0}
[21:48:47 15/10/2025] [DEBUG] Request authentication | Meta: {"url":"/admin/accounts?page=2","method":"GET","isAuthenticated":true,"isAdmin":true,"userId":"68ccdf9b7eea2d6be5a2f41b","cartCount":0}
[21:48:54 15/10/2025] [DEBUG] Request authentication | Meta: {"url":"/admin/accounts?page=1","method":"GET","isAuthenticated":true,"isAdmin":true,"userId":"68ccdf9b7eea2d6be5a2f41b","cartCount":0}
[21:51:12 15/10/2025] [DEBUG] Request authentication | Meta: {"url":"/admin/accounts?page=1","method":"GET","isAuthenticated":true,"isAdmin":true,"userId":"68ccdf9b7eea2d6be5a2f41b","cartCount":0}
[21:51:47 15/10/2025] [DEBUG] Request authentication | Meta: {"url":"/admin/accounts?page=2","method":"GET","isAuthenticated":true,"isAdmin":true,"userId":"68ccdf9b7eea2d6be5a2f41b","cartCount":0}
[21:51:51 15/10/2025] [DEBUG] Request authentication | Meta: {"url":"/admin/accounts/delete","method":"POST","isAuthenticated":true,"isAdmin":true,"userId":"68ccdf9b7eea2d6be5a2f41b","cartCount":0}
[21:51:53 15/10/2025] [DEBUG] Request authentication | Meta: {"url":"/admin/accounts?page=2","method":"GET","isAuthenticated":true,"isAdmin":true,"userId":"68ccdf9b7eea2d6be5a2f41b","cartCount":0}
[21:51:55 15/10/2025] [DEBUG] Request authentication | Meta: {"url":"/admin/accounts?page=1","method":"GET","isAuthenticated":true,"isAdmin":true,"userId":"68ccdf9b7eea2d6be5a2f41b","cartCount":0}
[21:52:08 15/10/2025] [DEBUG] Request authentication | Meta: {"url":"/admin/accounts/create","method":"POST","isAuthenticated":true,"isAdmin":true,"userId":"68ccdf9b7eea2d6be5a2f41b","cartCount":0}
[21:52:13 15/10/2025] [DEBUG] Request authentication | Meta: {"url":"/admin/accounts?page=1","method":"GET","isAuthenticated":true,"isAdmin":true,"userId":"68ccdf9b7eea2d6be5a2f41b","cartCount":0}
[21:52:46 15/10/2025] [DEBUG] Request authentication | Meta: {"url":"/admin/accounts/create","method":"POST","isAuthenticated":true,"isAdmin":true,"userId":"68ccdf9b7eea2d6be5a2f41b","cartCount":0}
[21:52:58 15/10/2025] [DEBUG] Request authentication | Meta: {"url":"/admin/accounts/create","method":"POST","isAuthenticated":true,"isAdmin":true,"userId":"68ccdf9b7eea2d6be5a2f41b","cartCount":0}
[21:53:03 15/10/2025] [DEBUG] Request authentication | Meta: {"url":"/admin/accounts?page=1","method":"GET","isAuthenticated":true,"isAdmin":true,"userId":"68ccdf9b7eea2d6be5a2f41b","cartCount":0}
[21:56:31 15/10/2025] [DEBUG] Request authentication | Meta: {"url":"/admin/accounts?page=1","method":"GET","isAuthenticated":true,"isAdmin":true,"userId":"68ccdf9b7eea2d6be5a2f41b","cartCount":0}
[21:56:38 15/10/2025] [DEBUG] Request authentication | Meta: {"url":"/admin/accounts?page=1","method":"GET","isAuthenticated":true,"isAdmin":true,"userId":"68ccdf9b7eea2d6be5a2f41b","cartCount":0}
[21:56:41 15/10/2025] [DEBUG] Request authentication | Meta: {"url":"/admin/accounts?page=1","method":"GET","isAuthenticated":true,"isAdmin":true,"userId":"68ccdf9b7eea2d6be5a2f41b","cartCount":0}
[21:56:45 15/10/2025] [DEBUG] Request authentication | Meta: {"url":"/admin/accounts?page=2","method":"GET","isAuthenticated":true,"isAdmin":true,"userId":"68ccdf9b7eea2d6be5a2f41b","cartCount":0}
[21:56:50 15/10/2025] [DEBUG] Request authentication | Meta: {"url":"/admin/accounts/delete","method":"POST","isAuthenticated":true,"isAdmin":true,"userId":"68ccdf9b7eea2d6be5a2f41b","cartCount":0}
[21:56:55 15/10/2025] [DEBUG] Request authentication | Meta: {"url":"/admin/accounts/delete","method":"POST","isAuthenticated":true,"isAdmin":true,"userId":"68ccdf9b7eea2d6be5a2f41b","cartCount":0}
[21:56:57 15/10/2025] [DEBUG] Request authentication | Meta: {"url":"/admin/accounts/delete","method":"POST","isAuthenticated":true,"isAdmin":true,"userId":"68ccdf9b7eea2d6be5a2f41b","cartCount":0}
[21:57:00 15/10/2025] [DEBUG] Request authentication | Meta: {"url":"/admin/accounts?page=1","method":"GET","isAuthenticated":true,"isAdmin":true,"userId":"68ccdf9b7eea2d6be5a2f41b","cartCount":0}
[21:57:18 15/10/2025] [DEBUG] Request authentication | Meta: {"url":"/admin/accounts/create","method":"POST","isAuthenticated":true,"isAdmin":true,"userId":"68ccdf9b7eea2d6be5a2f41b","cartCount":0}
[21:57:52 15/10/2025] [DEBUG] Request authentication | Meta: {"url":"/admin/accounts/edit","method":"POST","isAuthenticated":true,"isAdmin":true,"userId":"68ccdf9b7eea2d6be5a2f41b","cartCount":0}
[21:57:59 15/10/2025] [DEBUG] Request authentication | Meta: {"url":"/logout","method":"GET","isAuthenticated":true,"isAdmin":true,"userId":"68ccdf9b7eea2d6be5a2f41b","cartCount":0}
[21:57:59 15/10/2025] [DEBUG] Request authentication | Meta: {"url":"/","method":"GET","isAuthenticated":false,"userId":null,"cartCount":0}
[21:58:03 15/10/2025] [DEBUG] Request authentication | Meta: {"url":"/uploads/slides/slide-sample-2.jpg","method":"GET","isAuthenticated":false,"userId":null,"cartCount":0}
[21:58:03 15/10/2025] [DEBUG] Request authentication | Meta: {"url":"/uploads/slides/slide-sample-3.jpg","method":"GET","isAuthenticated":false,"userId":null,"cartCount":0}
[21:58:04 15/10/2025] [DEBUG] Request authentication | Meta: {"url":"/login","method":"GET","isAuthenticated":false,"userId":null,"cartCount":0}
[21:58:09 15/10/2025] [DEBUG] Request authentication | Meta: {"url":"/login","method":"POST","isAuthenticated":false,"userId":null,"cartCount":0}
[21:58:20 15/10/2025] [DEBUG] Request authentication | Meta: {"url":"/login","method":"POST","isAuthenticated":false,"userId":null,"cartCount":0}
[21:58:23 15/10/2025] [DEBUG] Request authentication | Meta: {"url":"/login","method":"GET","isAuthenticated":false,"userId":null,"cartCount":0}
[21:58:26 15/10/2025] [DEBUG] Request authentication | Meta: {"url":"/login","method":"POST","isAuthenticated":false,"userId":null,"cartCount":0}
[21:58:27 15/10/2025] [DEBUG] Request authentication | Meta: {"url":"/admin/dashboard","method":"GET","isAuthenticated":true,"isAdmin":true,"userId":"68ccdf9b7eea2d6be5a2f41b","cartCount":0}
[21:58:31 15/10/2025] [DEBUG] Request authentication | Meta: {"url":"/admin/accounts","method":"GET","isAuthenticated":true,"isAdmin":true,"userId":"68ccdf9b7eea2d6be5a2f41b","cartCount":0}
[21:58:37 15/10/2025] [DEBUG] Request authentication | Meta: {"url":"/admin/dashboard","method":"GET","isAuthenticated":true,"isAdmin":true,"userId":"68ccdf9b7eea2d6be5a2f41b","cartCount":0}
[21:58:40 15/10/2025] [DEBUG] Request authentication | Meta: {"url":"/admin/accounts","method":"GET","isAuthenticated":true,"isAdmin":true,"userId":"68ccdf9b7eea2d6be5a2f41b","cartCount":0}
[21:58:45 15/10/2025] [DEBUG] Request authentication | Meta: {"url":"/admin/accounts?page=2","method":"GET","isAuthenticated":true,"isAdmin":true,"userId":"68ccdf9b7eea2d6be5a2f41b","cartCount":0}
[21:58:53 15/10/2025] [DEBUG] Request authentication | Meta: {"url":"/admin/accounts?page=1","method":"GET","isAuthenticated":true,"isAdmin":true,"userId":"68ccdf9b7eea2d6be5a2f41b","cartCount":0}
[21:58:56 15/10/2025] [DEBUG] Request authentication | Meta: {"url":"/admin/accounts?page=2","method":"GET","isAuthenticated":true,"isAdmin":true,"userId":"68ccdf9b7eea2d6be5a2f41b","cartCount":0}
[21:59:01 15/10/2025] [DEBUG] Request authentication | Meta: {"url":"/admin/accounts/delete","method":"POST","isAuthenticated":true,"isAdmin":true,"userId":"68ccdf9b7eea2d6be5a2f41b","cartCount":0}
[21:59:03 15/10/2025] [DEBUG] Request authentication | Meta: {"url":"/admin/accounts?page=1","method":"GET","isAuthenticated":true,"isAdmin":true,"userId":"68ccdf9b7eea2d6be5a2f41b","cartCount":0}
[21:59:24 15/10/2025] [DEBUG] Request authentication | Meta: {"url":"/admin/accounts/create","method":"POST","isAuthenticated":true,"isAdmin":true,"userId":"68ccdf9b7eea2d6be5a2f41b","cartCount":0}
[21:59:38 15/10/2025] [DEBUG] Request authentication | Meta: {"url":"/admin/accounts?page=1","method":"GET","isAuthenticated":true,"isAdmin":true,"userId":"68ccdf9b7eea2d6be5a2f41b","cartCount":0}
[21:59:44 15/10/2025] [DEBUG] Request authentication | Meta: {"url":"/logout","method":"GET","isAuthenticated":true,"isAdmin":true,"userId":"68ccdf9b7eea2d6be5a2f41b","cartCount":0}
[21:59:44 15/10/2025] [DEBUG] Request authentication | Meta: {"url":"/","method":"GET","isAuthenticated":false,"userId":null,"cartCount":0}
[21:59:47 15/10/2025] [DEBUG] Request authentication | Meta: {"url":"/uploads/slides/slide-sample-2.jpg","method":"GET","isAuthenticated":false,"userId":null,"cartCount":0}
[21:59:48 15/10/2025] [DEBUG] Request authentication | Meta: {"url":"/uploads/slides/slide-sample-3.jpg","method":"GET","isAuthenticated":false,"userId":null,"cartCount":0}
[21:59:49 15/10/2025] [DEBUG] Request authentication | Meta: {"url":"/login","method":"GET","isAuthenticated":false,"userId":null,"cartCount":0}
[21:59:51 15/10/2025] [DEBUG] Request authentication | Meta: {"url":"/login","method":"POST","isAuthenticated":false,"userId":null,"cartCount":0}
[21:59:52 15/10/2025] [DEBUG] Request authentication | Meta: {"url":"/","method":"GET","isAuthenticated":true,"isAdmin":false,"userId":"68efb6cd4f63d0d9895c0787","cartCount":0}
[21:59:55 15/10/2025] [DEBUG] Request authentication | Meta: {"url":"/uploads/slides/slide-sample-2.jpg","method":"GET","isAuthenticated":true,"isAdmin":false,"userId":"68efb6cd4f63d0d9895c0787","cartCount":0}
[21:59:55 15/10/2025] [DEBUG] Request authentication | Meta: {"url":"/uploads/slides/slide-sample-3.jpg","method":"GET","isAuthenticated":true,"isAdmin":false,"userId":"68efb6cd4f63d0d9895c0787","cartCount":0}
[21:59:58 15/10/2025] [DEBUG] Request authentication | Meta: {"url":"/logout","method":"POST","isAuthenticated":true,"isAdmin":false,"userId":"68efb6cd4f63d0d9895c0787","cartCount":0}
[21:59:58 15/10/2025] [DEBUG] Request authentication | Meta: {"url":"/","method":"GET","isAuthenticated":false,"userId":null,"cartCount":0}
[22:00:01 15/10/2025] [DEBUG] Request authentication | Meta: {"url":"/uploads/slides/slide-sample-2.jpg","method":"GET","isAuthenticated":false,"userId":null,"cartCount":0}
[22:00:01 15/10/2025] [DEBUG] Request authentication | Meta: {"url":"/uploads/slides/slide-sample-3.jpg","method":"GET","isAuthenticated":false,"userId":null,"cartCount":0}
[22:00:02 15/10/2025] [DEBUG] Request authentication | Meta: {"url":"/login","method":"GET","isAuthenticated":false,"userId":null,"cartCount":0}
[22:00:07 15/10/2025] [DEBUG] Request authentication | Meta: {"url":"/login","method":"POST","isAuthenticated":false,"userId":null,"cartCount":0}
[22:00:20 15/10/2025] [DEBUG] Request authentication | Meta: {"url":"/login","method":"POST","isAuthenticated":false,"userId":null,"cartCount":0}
[22:00:27 15/10/2025] [DEBUG] Request authentication | Meta: {"url":"/login","method":"POST","isAuthenticated":false,"userId":null,"cartCount":0}
[22:00:27 15/10/2025] [DEBUG] Request authentication | Meta: {"url":"/","method":"GET","isAuthenticated":true,"isAdmin":false,"userId":"68efb6cd4f63d0d9895c0787","cartCount":0}
[22:00:30 15/10/2025] [DEBUG] Request authentication | Meta: {"url":"/uploads/slides/slide-sample-2.jpg","method":"GET","isAuthenticated":true,"isAdmin":false,"userId":"68efb6cd4f63d0d9895c0787","cartCount":0}
[22:00:30 15/10/2025] [DEBUG] Request authentication | Meta: {"url":"/uploads/slides/slide-sample-3.jpg","method":"GET","isAuthenticated":true,"isAdmin":false,"userId":"68efb6cd4f63d0d9895c0787","cartCount":0}
[22:00:33 15/10/2025] [DEBUG] Request authentication | Meta: {"url":"/logout","method":"POST","isAuthenticated":true,"isAdmin":false,"userId":"68efb6cd4f63d0d9895c0787","cartCount":0}
[22:00:34 15/10/2025] [DEBUG] Request authentication | Meta: {"url":"/","method":"GET","isAuthenticated":false,"userId":null,"cartCount":0}
[22:00:36 15/10/2025] [DEBUG] Request authentication | Meta: {"url":"/uploads/slides/slide-sample-3.jpg","method":"GET","isAuthenticated":false,"userId":null,"cartCount":0}
[22:00:36 15/10/2025] [DEBUG] Request authentication | Meta: {"url":"/uploads/slides/slide-sample-2.jpg","method":"GET","isAuthenticated":false,"userId":null,"cartCount":0}
[22:00:37 15/10/2025] [DEBUG] Request authentication | Meta: {"url":"/login","method":"GET","isAuthenticated":false,"userId":null,"cartCount":0}
[22:01:57 15/10/2025] [DEBUG] Request authentication | Meta: {"url":"/login","method":"POST","isAuthenticated":false,"userId":null,"cartCount":0}
[22:01:58 15/10/2025] [DEBUG] Request authentication | Meta: {"url":"/admin/dashboard","method":"GET","isAuthenticated":true,"isAdmin":true,"userId":"68ccdf9b7eea2d6be5a2f41b","cartCount":0}
[22:02:01 15/10/2025] [DEBUG] Request authentication | Meta: {"url":"/admin/accounts","method":"GET","isAuthenticated":true,"isAdmin":true,"userId":"68ccdf9b7eea2d6be5a2f41b","cartCount":0}
[22:02:08 15/10/2025] [DEBUG] Request authentication | Meta: {"url":"/admin/accounts?page=2","method":"GET","isAuthenticated":true,"isAdmin":true,"userId":"68ccdf9b7eea2d6be5a2f41b","cartCount":0}
[22:02:19 15/10/2025] [DEBUG] Request authentication | Meta: {"url":"/logout","method":"GET","isAuthenticated":true,"isAdmin":true,"userId":"68ccdf9b7eea2d6be5a2f41b","cartCount":0}
[22:02:19 15/10/2025] [DEBUG] Request authentication | Meta: {"url":"/","method":"GET","isAuthenticated":false,"userId":null,"cartCount":0}
[22:02:21 15/10/2025] [DEBUG] Request authentication | Meta: {"url":"/uploads/slides/slide-sample-3.jpg","method":"GET","isAuthenticated":false,"userId":null,"cartCount":0}
[22:02:22 15/10/2025] [DEBUG] Request authentication | Meta: {"url":"/uploads/slides/slide-sample-2.jpg","method":"GET","isAuthenticated":false,"userId":null,"cartCount":0}
[22:02:23 15/10/2025] [DEBUG] Request authentication | Meta: {"url":"/login","method":"GET","isAuthenticated":false,"userId":null,"cartCount":0}
[22:02:29 15/10/2025] [DEBUG] Request authentication | Meta: {"url":"/login","method":"POST","isAuthenticated":false,"userId":null,"cartCount":0}
[22:02:29 15/10/2025] [DEBUG] Request authentication | Meta: {"url":"/","method":"GET","isAuthenticated":true,"isAdmin":false,"userId":"68efb6cd4f63d0d9895c0787","cartCount":0}
[22:02:32 15/10/2025] [DEBUG] Request authentication | Meta: {"url":"/uploads/slides/slide-sample-2.jpg","method":"GET","isAuthenticated":true,"isAdmin":false,"userId":"68efb6cd4f63d0d9895c0787","cartCount":0}
[22:02:32 15/10/2025] [DEBUG] Request authentication | Meta: {"url":"/uploads/slides/slide-sample-3.jpg","method":"GET","isAuthenticated":true,"isAdmin":false,"userId":"68efb6cd4f63d0d9895c0787","cartCount":0}
[22:02:35 15/10/2025] [DEBUG] Request authentication | Meta: {"url":"/logout","method":"POST","isAuthenticated":true,"isAdmin":false,"userId":"68efb6cd4f63d0d9895c0787","cartCount":0}
[22:02:36 15/10/2025] [DEBUG] Request authentication | Meta: {"url":"/","method":"GET","isAuthenticated":false,"userId":null,"cartCount":0}
[22:02:38 15/10/2025] [DEBUG] Request authentication | Meta: {"url":"/uploads/slides/slide-sample-3.jpg","method":"GET","isAuthenticated":false,"userId":null,"cartCount":0}
[22:02:38 15/10/2025] [DEBUG] Request authentication | Meta: {"url":"/uploads/slides/slide-sample-2.jpg","method":"GET","isAuthenticated":false,"userId":null,"cartCount":0}
[22:02:39 15/10/2025] [DEBUG] Request authentication | Meta: {"url":"/login","method":"GET","isAuthenticated":false,"userId":null,"cartCount":0}
[22:02:42 15/10/2025] [DEBUG] Request authentication | Meta: {"url":"/login","method":"POST","isAuthenticated":false,"userId":null,"cartCount":0}
[22:02:43 15/10/2025] [DEBUG] Request authentication | Meta: {"url":"/admin/dashboard","method":"GET","isAuthenticated":true,"isAdmin":true,"userId":"68ccdf9b7eea2d6be5a2f41b","cartCount":0}
[22:03:27 15/10/2025] [DEBUG] Request authentication | Meta: {"url":"/admin/accounts","method":"GET","isAuthenticated":true,"isAdmin":true,"userId":"68ccdf9b7eea2d6be5a2f41b","cartCount":0}
[22:03:50 15/10/2025] [DEBUG] Request authentication | Meta: {"url":"/admin/accounts/create","method":"POST","isAuthenticated":true,"isAdmin":true,"userId":"68ccdf9b7eea2d6be5a2f41b","cartCount":0}
[22:04:03 15/10/2025] [DEBUG] Request authentication | Meta: {"url":"/logout","method":"GET","isAuthenticated":true,"isAdmin":true,"userId":"68ccdf9b7eea2d6be5a2f41b","cartCount":0}
[22:04:03 15/10/2025] [DEBUG] Request authentication | Meta: {"url":"/","method":"GET","isAuthenticated":false,"userId":null,"cartCount":0}
[22:04:05 15/10/2025] [DEBUG] Request authentication | Meta: {"url":"/uploads/slides/slide-sample-3.jpg","method":"GET","isAuthenticated":false,"userId":null,"cartCount":0}
[22:04:05 15/10/2025] [DEBUG] Request authentication | Meta: {"url":"/uploads/slides/slide-sample-2.jpg","method":"GET","isAuthenticated":false,"userId":null,"cartCount":0}
[22:04:06 15/10/2025] [DEBUG] Request authentication | Meta: {"url":"/login","method":"GET","isAuthenticated":false,"userId":null,"cartCount":0}
[22:04:12 15/10/2025] [DEBUG] Request authentication | Meta: {"url":"/login","method":"POST","isAuthenticated":false,"userId":null,"cartCount":0}
[22:04:12 15/10/2025] [DEBUG] Request authentication | Meta: {"url":"/","method":"GET","isAuthenticated":true,"isAdmin":false,"userId":"68efb7d74f63d0d9895c07da","cartCount":0}
[22:04:14 15/10/2025] [DEBUG] Request authentication | Meta: {"url":"/uploads/slides/slide-sample-3.jpg","method":"GET","isAuthenticated":true,"isAdmin":false,"userId":"68efb7d74f63d0d9895c07da","cartCount":0}
[22:04:15 15/10/2025] [DEBUG] Request authentication | Meta: {"url":"/uploads/slides/slide-sample-2.jpg","method":"GET","isAuthenticated":true,"isAdmin":false,"userId":"68efb7d74f63d0d9895c07da","cartCount":0}
[22:04:19 15/10/2025] [DEBUG] Request authentication | Meta: {"url":"/logout","method":"POST","isAuthenticated":true,"isAdmin":false,"userId":"68efb7d74f63d0d9895c07da","cartCount":0}
[22:04:19 15/10/2025] [DEBUG] Request authentication | Meta: {"url":"/","method":"GET","isAuthenticated":false,"userId":null,"cartCount":0}
[22:04:21 15/10/2025] [DEBUG] Request authentication | Meta: {"url":"/uploads/slides/slide-sample-3.jpg","method":"GET","isAuthenticated":false,"userId":null,"cartCount":0}
[22:04:21 15/10/2025] [DEBUG] Request authentication | Meta: {"url":"/uploads/slides/slide-sample-2.jpg","method":"GET","isAuthenticated":false,"userId":null,"cartCount":0}
[22:04:22 15/10/2025] [DEBUG] Request authentication | Meta: {"url":"/login","method":"GET","isAuthenticated":false,"userId":null,"cartCount":0}
[22:04:54 15/10/2025] [DEBUG] Request authentication | Meta: {"url":"/login","method":"POST","isAuthenticated":false,"userId":null,"cartCount":0}
[22:04:55 15/10/2025] [DEBUG] Request authentication | Meta: {"url":"/admin/dashboard","method":"GET","isAuthenticated":false,"userId":null,"cartCount":0}
[22:04:55 15/10/2025] [DEBUG] Request authentication | Meta: {"url":"/login","method":"GET","isAuthenticated":false,"userId":null,"cartCount":0}
[22:04:59 15/10/2025] [DEBUG] Request authentication | Meta: {"url":"/login","method":"POST","isAuthenticated":false,"userId":null,"cartCount":0}
[22:05:00 15/10/2025] [DEBUG] Request authentication | Meta: {"url":"/admin/dashboard","method":"GET","isAuthenticated":true,"isAdmin":true,"userId":"68ccdf9b7eea2d6be5a2f41b","cartCount":0}
[22:05:03 15/10/2025] [DEBUG] Request authentication | Meta: {"url":"/admin/accounts","method":"GET","isAuthenticated":true,"isAdmin":true,"userId":"68ccdf9b7eea2d6be5a2f41b","cartCount":0}
[22:05:16 15/10/2025] [DEBUG] Request authentication | Meta: {"url":"/admin/accounts/create","method":"POST","isAuthenticated":true,"isAdmin":true,"userId":"68ccdf9b7eea2d6be5a2f41b","cartCount":0}
[22:08:28 15/10/2025] [DEBUG] Request authentication | Meta: {"url":"/admin/accounts","method":"GET","isAuthenticated":true,"isAdmin":true,"userId":"68ccdf9b7eea2d6be5a2f41b","cartCount":0}
[22:08:31 15/10/2025] [DEBUG] Request authentication | Meta: {"url":"/admin/accounts","method":"GET","isAuthenticated":true,"isAdmin":true,"userId":"68ccdf9b7eea2d6be5a2f41b","cartCount":0}
[22:08:35 15/10/2025] [DEBUG] Request authentication | Meta: {"url":"/admin/accounts?page=2","method":"GET","isAuthenticated":true,"isAdmin":true,"userId":"68ccdf9b7eea2d6be5a2f41b","cartCount":0}
[22:08:38 15/10/2025] [DEBUG] Request authentication | Meta: {"url":"/admin/accounts?page=1","method":"GET","isAuthenticated":true,"isAdmin":true,"userId":"68ccdf9b7eea2d6be5a2f41b","cartCount":0}
[22:11:35 15/10/2025] [DEBUG] Request authentication | Meta: {"url":"/admin/accounts?page=1","method":"GET","isAuthenticated":true,"isAdmin":true,"userId":"68ccdf9b7eea2d6be5a2f41b","cartCount":0}
[22:11:47 15/10/2025] [DEBUG] Request authentication | Meta: {"url":"/admin/accounts?page=2","method":"GET","isAuthenticated":true,"isAdmin":true,"userId":"68ccdf9b7eea2d6be5a2f41b","cartCount":0}
[22:11:49 15/10/2025] [DEBUG] Request authentication | Meta: {"url":"/admin/accounts?page=1","method":"GET","isAuthenticated":true,"isAdmin":true,"userId":"68ccdf9b7eea2d6be5a2f41b","cartCount":0}
[22:12:04 15/10/2025] [DEBUG] Request authentication | Meta: {"url":"/admin/accounts?page=2","method":"GET","isAuthenticated":true,"isAdmin":true,"userId":"68ccdf9b7eea2d6be5a2f41b","cartCount":0}
[22:12:06 15/10/2025] [DEBUG] Request authentication | Meta: {"url":"/admin/accounts?page=1","method":"GET","isAuthenticated":true,"isAdmin":true,"userId":"68ccdf9b7eea2d6be5a2f41b","cartCount":0}
[22:12:10 15/10/2025] [DEBUG] Request authentication | Meta: {"url":"/admin/accounts/toggle-status","method":"POST","isAuthenticated":true,"isAdmin":true,"userId":"68ccdf9b7eea2d6be5a2f41b","cartCount":0}
[22:12:12 15/10/2025] [DEBUG] Request authentication | Meta: {"url":"/admin/accounts?page=1","method":"GET","isAuthenticated":true,"isAdmin":true,"userId":"68ccdf9b7eea2d6be5a2f41b","cartCount":0}
[22:12:20 15/10/2025] [DEBUG] Request authentication | Meta: {"url":"/admin/accounts/toggle-status","method":"POST","isAuthenticated":true,"isAdmin":true,"userId":"68ccdf9b7eea2d6be5a2f41b","cartCount":0}
[22:12:21 15/10/2025] [DEBUG] Request authentication | Meta: {"url":"/admin/accounts?page=1","method":"GET","isAuthenticated":true,"isAdmin":true,"userId":"68ccdf9b7eea2d6be5a2f41b","cartCount":0}
[22:12:30 15/10/2025] [DEBUG] Request authentication | Meta: {"url":"/admin/accounts/toggle-status","method":"POST","isAuthenticated":true,"isAdmin":true,"userId":"68ccdf9b7eea2d6be5a2f41b","cartCount":0}
[22:12:32 15/10/2025] [DEBUG] Request authentication | Meta: {"url":"/admin/accounts?page=1","method":"GET","isAuthenticated":true,"isAdmin":true,"userId":"68ccdf9b7eea2d6be5a2f41b","cartCount":0}
[22:12:37 15/10/2025] [DEBUG] Request authentication | Meta: {"url":"/admin/accounts/toggle-status","method":"POST","isAuthenticated":true,"isAdmin":true,"userId":"68ccdf9b7eea2d6be5a2f41b","cartCount":0}
[22:12:40 15/10/2025] [DEBUG] Request authentication | Meta: {"url":"/admin/accounts?page=1","method":"GET","isAuthenticated":true,"isAdmin":true,"userId":"68ccdf9b7eea2d6be5a2f41b","cartCount":0}
[22:12:46 15/10/2025] [DEBUG] Request authentication | Meta: {"url":"/admin/accounts/toggle-status","method":"POST","isAuthenticated":true,"isAdmin":true,"userId":"68ccdf9b7eea2d6be5a2f41b","cartCount":0}
[22:12:48 15/10/2025] [DEBUG] Request authentication | Meta: {"url":"/admin/accounts?page=1","method":"GET","isAuthenticated":true,"isAdmin":true,"userId":"68ccdf9b7eea2d6be5a2f41b","cartCount":0}
