[16:21:55 01/10/2025] [DEBUG] Request authentication | Meta: {"url":"/","method":"GET","isAuthenticated":false,"userId":null,"cartCount":0}
[16:21:58 01/10/2025] [DEBUG] Request authentication | Meta: {"url":"/favicon.ico","method":"GET","isAuthenticated":false,"userId":null,"cartCount":0}
[16:44:34 01/10/2025] [DEBUG] Request authentication | Meta: {"url":"/products/68ce659ddc6e05ce884c179a","method":"GET","isAuthenticated":false,"userId":null,"cartCount":0}
[16:44:41 01/10/2025] [DEBUG] Request authentication | Meta: {"url":"/login","method":"GET","isAuthenticated":false,"userId":null,"cartCount":0}
[16:44:42 01/10/2025] [DEBUG] Request authentication | Meta: {"url":"/login","method":"POST","isAuthenticated":false,"userId":null,"cartCount":0}
[16:44:43 01/10/2025] [DEBUG] Request authentication | Meta: {"url":"/admin/dashboard","method":"GET","isAuthenticated":true,"isAdmin":true,"userId":"68ccdf9b7eea2d6be5a2f41b","cartCount":0}
[16:44:46 01/10/2025] [DEBUG] Request authentication | Meta: {"url":"/logout","method":"POST","isAuthenticated":true,"isAdmin":true,"userId":"68ccdf9b7eea2d6be5a2f41b","cartCount":0}
[16:44:46 01/10/2025] [DEBUG] Request authentication | Meta: {"url":"/","method":"GET","isAuthenticated":false,"userId":null,"cartCount":0}
[16:44:48 01/10/2025] [DEBUG] Request authentication | Meta: {"url":"/login","method":"GET","isAuthenticated":false,"userId":null,"cartCount":0}
[16:44:50 01/10/2025] [DEBUG] Request authentication | Meta: {"url":"/login","method":"POST","isAuthenticated":false,"userId":null,"cartCount":0}
[16:44:51 01/10/2025] [DEBUG] Request authentication | Meta: {"url":"/","method":"GET","isAuthenticated":true,"isAdmin":false,"userId":"68ccef4f8a55d7d4ae4478d1","cartCount":0}
[16:44:54 01/10/2025] [DEBUG] Request authentication | Meta: {"url":"/products/68ce659ddc6e05ce884c179a","method":"GET","isAuthenticated":true,"isAdmin":false,"userId":"68ccef4f8a55d7d4ae4478d1","cartCount":0}
[16:45:00 01/10/2025] [DEBUG] Request authentication | Meta: {"url":"/products/68ce659ddc6e05ce884c179a/review","method":"POST","isAuthenticated":true,"isAdmin":false,"userId":"68ccef4f8a55d7d4ae4478d1","cartCount":0}
[16:45:11 01/10/2025] [DEBUG] Request authentication | Meta: {"url":"/products/68ce659ddc6e05ce884c179a/review","method":"POST","isAuthenticated":true,"isAdmin":false,"userId":"68ccef4f8a55d7d4ae4478d1","cartCount":0}
[16:45:21 01/10/2025] [DEBUG] Request authentication | Meta: {"url":"/favorites/68ce659ddc6e05ce884c179a","method":"POST","isAuthenticated":true,"isAdmin":false,"userId":"68ccef4f8a55d7d4ae4478d1","cartCount":0}
[16:45:24 01/10/2025] [DEBUG] Request authentication | Meta: {"url":"/favorites/68ce659ddc6e05ce884c179a","method":"DELETE","isAuthenticated":true,"isAdmin":false,"userId":"68ccef4f8a55d7d4ae4478d1","cartCount":0}
[16:45:25 01/10/2025] [DEBUG] Request authentication | Meta: {"url":"/favorites","method":"DELETE","isAuthenticated":true,"isAdmin":false,"userId":"68ccef4f8a55d7d4ae4478d1","cartCount":0}
[16:45:33 01/10/2025] [DEBUG] Request authentication | Meta: {"url":"/favorites","method":"GET","isAuthenticated":true,"isAdmin":false,"userId":"68ccef4f8a55d7d4ae4478d1","cartCount":0}
[16:45:36 01/10/2025] [DEBUG] Request authentication | Meta: {"url":"/favorites/68ce659ddc6e05ce884c1795?_method=DELETE","method":"DELETE","isAuthenticated":true,"isAdmin":false,"userId":"68ccef4f8a55d7d4ae4478d1","cartCount":0}
[16:45:36 01/10/2025] [DEBUG] Request authentication | Meta: {"url":"/favorites/68ce659ddc6e05ce884c1795?_method=DELETE","method":"DELETE","isAuthenticated":true,"isAdmin":false,"userId":"68ccef4f8a55d7d4ae4478d1","cartCount":0}
[16:45:36 01/10/2025] [DEBUG] Request authentication | Meta: {"url":"/favorites","method":"GET","isAuthenticated":true,"isAdmin":false,"userId":"68ccef4f8a55d7d4ae4478d1","cartCount":0}
[16:45:37 01/10/2025] [DEBUG] Request authentication | Meta: {"url":"/favorites/68ce659ddc6e05ce884c1798?_method=DELETE","method":"DELETE","isAuthenticated":true,"isAdmin":false,"userId":"68ccef4f8a55d7d4ae4478d1","cartCount":0}
[16:45:37 01/10/2025] [DEBUG] Request authentication | Meta: {"url":"/favorites/68ce659ddc6e05ce884c1798?_method=DELETE","method":"DELETE","isAuthenticated":true,"isAdmin":false,"userId":"68ccef4f8a55d7d4ae4478d1","cartCount":0}
[16:45:37 01/10/2025] [DEBUG] Request authentication | Meta: {"url":"/favorites","method":"GET","isAuthenticated":true,"isAdmin":false,"userId":"68ccef4f8a55d7d4ae4478d1","cartCount":0}
[16:45:38 01/10/2025] [DEBUG] Request authentication | Meta: {"url":"/favorites/68ce659ddc6e05ce884c1799?_method=DELETE","method":"DELETE","isAuthenticated":true,"isAdmin":false,"userId":"68ccef4f8a55d7d4ae4478d1","cartCount":0}
[16:45:38 01/10/2025] [DEBUG] Request authentication | Meta: {"url":"/favorites/68ce659ddc6e05ce884c1799?_method=DELETE","method":"DELETE","isAuthenticated":true,"isAdmin":false,"userId":"68ccef4f8a55d7d4ae4478d1","cartCount":0}
[16:45:38 01/10/2025] [DEBUG] Request authentication | Meta: {"url":"/favorites","method":"GET","isAuthenticated":true,"isAdmin":false,"userId":"68ccef4f8a55d7d4ae4478d1","cartCount":0}
[16:45:40 01/10/2025] [DEBUG] Request authentication | Meta: {"url":"/","method":"GET","isAuthenticated":true,"isAdmin":false,"userId":"68ccef4f8a55d7d4ae4478d1","cartCount":0}
[16:45:46 01/10/2025] [DEBUG] Request authentication | Meta: {"url":"/products/68ce659ddc6e05ce884c179a","method":"GET","isAuthenticated":true,"isAdmin":false,"userId":"68ccef4f8a55d7d4ae4478d1","cartCount":0}
[16:45:59 01/10/2025] [DEBUG] Request authentication | Meta: {"url":"/search?q=JOR-0001","method":"GET","isAuthenticated":true,"isAdmin":false,"userId":"68ccef4f8a55d7d4ae4478d1","cartCount":0}
[16:46:18 01/10/2025] [DEBUG] Request authentication | Meta: {"url":"/search?q=+Gi%C3%A0y+Jordan+1+Retro+High","method":"GET","isAuthenticated":true,"isAdmin":false,"userId":"68ccef4f8a55d7d4ae4478d1","cartCount":0}
[16:46:20 01/10/2025] [DEBUG] Request authentication | Meta: {"url":"/","method":"GET","isAuthenticated":true,"isAdmin":false,"userId":"68ccef4f8a55d7d4ae4478d1","cartCount":0}
[17:32:51 01/10/2025] [DEBUG] Request authentication | Meta: {"url":"/orders","method":"GET","isAuthenticated":true,"isAdmin":false,"userId":"68ccef4f8a55d7d4ae4478d1","cartCount":0}
[17:32:58 01/10/2025] [DEBUG] Request authentication | Meta: {"url":"/download-invoice/68d01ad97f451701fef26b0a","method":"GET","isAuthenticated":true,"isAdmin":false,"userId":"68ccef4f8a55d7d4ae4478d1","cartCount":0}
[17:33:50 01/10/2025] [DEBUG] Request authentication | Meta: {"url":"/contact","method":"GET","isAuthenticated":true,"isAdmin":false,"userId":"68ccef4f8a55d7d4ae4478d1","cartCount":0}
[17:34:12 01/10/2025] [DEBUG] Request authentication | Meta: {"url":"/profile/change-password","method":"GET","isAuthenticated":true,"isAdmin":false,"userId":"68ccef4f8a55d7d4ae4478d1","cartCount":0}
[17:34:31 01/10/2025] [DEBUG] Request authentication | Meta: {"url":"/profile/change-password","method":"POST","isAuthenticated":true,"isAdmin":false,"userId":"68ccef4f8a55d7d4ae4478d1","cartCount":0}
[17:34:48 01/10/2025] [DEBUG] Request authentication | Meta: {"url":"/profile/change-password","method":"POST","isAuthenticated":true,"isAdmin":false,"userId":"68ccef4f8a55d7d4ae4478d1","cartCount":0}
[17:34:51 01/10/2025] [DEBUG] Request authentication | Meta: {"url":"/logout","method":"POST","isAuthenticated":true,"isAdmin":false,"userId":"68ccef4f8a55d7d4ae4478d1","cartCount":0}
[17:34:52 01/10/2025] [DEBUG] Request authentication | Meta: {"url":"/","method":"GET","isAuthenticated":false,"userId":null,"cartCount":0}
[17:34:54 01/10/2025] [DEBUG] Request authentication | Meta: {"url":"/login","method":"GET","isAuthenticated":false,"userId":null,"cartCount":0}
[17:35:02 01/10/2025] [DEBUG] Request authentication | Meta: {"url":"/login","method":"POST","isAuthenticated":false,"userId":null,"cartCount":0}
[17:35:07 01/10/2025] [DEBUG] Request authentication | Meta: {"url":"/login","method":"POST","isAuthenticated":false,"userId":null,"cartCount":0}
[17:35:07 01/10/2025] [DEBUG] Request authentication | Meta: {"url":"/","method":"GET","isAuthenticated":true,"isAdmin":false,"userId":"68ccef4f8a55d7d4ae4478d1","cartCount":0}
[17:35:10 01/10/2025] [DEBUG] Request authentication | Meta: {"url":"/profile/change-password","method":"GET","isAuthenticated":true,"isAdmin":false,"userId":"68ccef4f8a55d7d4ae4478d1","cartCount":0}
[17:35:21 01/10/2025] [DEBUG] Request authentication | Meta: {"url":"/profile/change-password","method":"POST","isAuthenticated":true,"isAdmin":false,"userId":"68ccef4f8a55d7d4ae4478d1","cartCount":0}
[17:35:28 01/10/2025] [DEBUG] Request authentication | Meta: {"url":"/logout","method":"POST","isAuthenticated":true,"isAdmin":false,"userId":"68ccef4f8a55d7d4ae4478d1","cartCount":0}
[17:35:28 01/10/2025] [DEBUG] Request authentication | Meta: {"url":"/","method":"GET","isAuthenticated":false,"userId":null,"cartCount":0}
[17:35:30 01/10/2025] [DEBUG] Request authentication | Meta: {"url":"/login","method":"GET","isAuthenticated":false,"userId":null,"cartCount":0}
[17:35:36 01/10/2025] [DEBUG] Request authentication | Meta: {"url":"/login","method":"POST","isAuthenticated":false,"userId":null,"cartCount":0}
[17:35:40 01/10/2025] [DEBUG] Request authentication | Meta: {"url":"/login","method":"POST","isAuthenticated":false,"userId":null,"cartCount":0}
[17:35:40 01/10/2025] [DEBUG] Request authentication | Meta: {"url":"/","method":"GET","isAuthenticated":true,"isAdmin":false,"userId":"68ccef4f8a55d7d4ae4478d1","cartCount":0}
[17:35:45 01/10/2025] [DEBUG] Request authentication | Meta: {"url":"/profile/change-password","method":"GET","isAuthenticated":true,"isAdmin":false,"userId":"68ccef4f8a55d7d4ae4478d1","cartCount":0}
[17:36:00 01/10/2025] [DEBUG] Request authentication | Meta: {"url":"/logout","method":"POST","isAuthenticated":true,"isAdmin":false,"userId":"68ccef4f8a55d7d4ae4478d1","cartCount":0}
[17:36:01 01/10/2025] [DEBUG] Request authentication | Meta: {"url":"/","method":"GET","isAuthenticated":false,"userId":null,"cartCount":0}
[17:36:04 01/10/2025] [DEBUG] Request authentication | Meta: {"url":"/login","method":"GET","isAuthenticated":false,"userId":null,"cartCount":0}
[17:40:18 01/10/2025] [DEBUG] Request authentication | Meta: {"url":"/login","method":"POST","isAuthenticated":false,"userId":null,"cartCount":0}
[17:40:19 01/10/2025] [DEBUG] Request authentication | Meta: {"url":"/","method":"GET","isAuthenticated":true,"isAdmin":false,"userId":"68ccef4f8a55d7d4ae4478d1","cartCount":0}
[17:40:22 01/10/2025] [DEBUG] Request authentication | Meta: {"url":"/profile/change-password","method":"GET","isAuthenticated":true,"isAdmin":false,"userId":"68ccef4f8a55d7d4ae4478d1","cartCount":0}
[17:40:34 01/10/2025] [DEBUG] Request authentication | Meta: {"url":"/profile/change-password","method":"POST","isAuthenticated":true,"isAdmin":false,"userId":"68ccef4f8a55d7d4ae4478d1","cartCount":0}
[17:40:54 01/10/2025] [DEBUG] Request authentication | Meta: {"url":"/profile","method":"GET","isAuthenticated":true,"isAdmin":false,"userId":"68ccef4f8a55d7d4ae4478d1","cartCount":0}
[17:41:00 01/10/2025] [DEBUG] Request authentication | Meta: {"url":"/logout","method":"POST","isAuthenticated":true,"isAdmin":false,"userId":"68ccef4f8a55d7d4ae4478d1","cartCount":0}
[17:41:00 01/10/2025] [DEBUG] Request authentication | Meta: {"url":"/","method":"GET","isAuthenticated":false,"userId":null,"cartCount":0}
[17:41:02 01/10/2025] [DEBUG] Request authentication | Meta: {"url":"/login","method":"GET","isAuthenticated":false,"userId":null,"cartCount":0}
[17:41:09 01/10/2025] [DEBUG] Request authentication | Meta: {"url":"/login","method":"POST","isAuthenticated":false,"userId":null,"cartCount":0}
[17:41:14 01/10/2025] [DEBUG] Request authentication | Meta: {"url":"/login","method":"POST","isAuthenticated":false,"userId":null,"cartCount":0}
[17:41:14 01/10/2025] [DEBUG] Request authentication | Meta: {"url":"/","method":"GET","isAuthenticated":false,"userId":null,"cartCount":0}
[17:41:19 01/10/2025] [DEBUG] Request authentication | Meta: {"url":"/login","method":"GET","isAuthenticated":true,"isAdmin":false,"userId":"68ccef4f8a55d7d4ae4478d1","cartCount":0}
[17:41:19 01/10/2025] [DEBUG] Request authentication | Meta: {"url":"/","method":"GET","isAuthenticated":true,"isAdmin":false,"userId":"68ccef4f8a55d7d4ae4478d1","cartCount":0}
[17:41:23 01/10/2025] [DEBUG] Request authentication | Meta: {"url":"/profile","method":"GET","isAuthenticated":true,"isAdmin":false,"userId":"68ccef4f8a55d7d4ae4478d1","cartCount":0}
[17:42:02 01/10/2025] [DEBUG] Request authentication | Meta: {"url":"/profile/edit","method":"GET","isAuthenticated":true,"isAdmin":false,"userId":"68ccef4f8a55d7d4ae4478d1","cartCount":0}
[17:42:05 01/10/2025] [DEBUG] Request authentication | Meta: {"url":"/profile","method":"GET","isAuthenticated":true,"isAdmin":false,"userId":"68ccef4f8a55d7d4ae4478d1","cartCount":0}
[17:54:37 01/10/2025] [DEBUG] Request authentication | Meta: {"url":"/profile","method":"GET","isAuthenticated":true,"isAdmin":false,"userId":"68ccef4f8a55d7d4ae4478d1","cartCount":0}
[17:54:55 01/10/2025] [DEBUG] Request authentication | Meta: {"url":"/favorites","method":"GET","isAuthenticated":true,"isAdmin":false,"userId":"68ccef4f8a55d7d4ae4478d1","cartCount":0}
[17:54:59 01/10/2025] [DEBUG] Request authentication | Meta: {"url":"/profile","method":"GET","isAuthenticated":true,"isAdmin":false,"userId":"68ccef4f8a55d7d4ae4478d1","cartCount":0}
[17:55:03 01/10/2025] [DEBUG] Request authentication | Meta: {"url":"/profile/edit","method":"GET","isAuthenticated":true,"isAdmin":false,"userId":"68ccef4f8a55d7d4ae4478d1","cartCount":0}
[17:55:13 01/10/2025] [DEBUG] Request authentication | Meta: {"url":"/profile/edit","method":"POST","isAuthenticated":true,"isAdmin":false,"userId":"68ccef4f8a55d7d4ae4478d1","cartCount":0}
[17:55:16 01/10/2025] [DEBUG] Request authentication | Meta: {"url":"/profile","method":"GET","isAuthenticated":true,"isAdmin":false,"userId":"68ccef4f8a55d7d4ae4478d1","cartCount":0}
[17:55:23 01/10/2025] [DEBUG] Request authentication | Meta: {"url":"/orders","method":"GET","isAuthenticated":true,"isAdmin":false,"userId":"68ccef4f8a55d7d4ae4478d1","cartCount":0}
[17:55:41 01/10/2025] [DEBUG] Request authentication | Meta: {"url":"/contact","method":"GET","isAuthenticated":true,"isAdmin":false,"userId":"68ccef4f8a55d7d4ae4478d1","cartCount":0}
[17:55:46 01/10/2025] [DEBUG] Request authentication | Meta: {"url":"/favorites","method":"GET","isAuthenticated":true,"isAdmin":false,"userId":"68ccef4f8a55d7d4ae4478d1","cartCount":0}
[17:55:50 01/10/2025] [DEBUG] Request authentication | Meta: {"url":"/orders","method":"GET","isAuthenticated":true,"isAdmin":false,"userId":"68ccef4f8a55d7d4ae4478d1","cartCount":0}
[17:56:20 01/10/2025] [DEBUG] Request authentication | Meta: {"url":"/profile/edit","method":"GET","isAuthenticated":true,"isAdmin":false,"userId":"68ccef4f8a55d7d4ae4478d1","cartCount":0}
[17:56:37 01/10/2025] [DEBUG] Request authentication | Meta: {"url":"/profile/edit","method":"POST","isAuthenticated":true,"isAdmin":false,"userId":"68ccef4f8a55d7d4ae4478d1","cartCount":0}
[17:56:39 01/10/2025] [DEBUG] Request authentication | Meta: {"url":"/profile","method":"GET","isAuthenticated":true,"isAdmin":false,"userId":"68ccef4f8a55d7d4ae4478d1","cartCount":0}
[17:56:43 01/10/2025] [DEBUG] Request authentication | Meta: {"url":"/","method":"GET","isAuthenticated":true,"isAdmin":false,"userId":"68ccef4f8a55d7d4ae4478d1","cartCount":0}
[17:56:47 01/10/2025] [DEBUG] Request authentication | Meta: {"url":"/products/68ce659ddc6e05ce884c179a","method":"GET","isAuthenticated":true,"isAdmin":false,"userId":"68ccef4f8a55d7d4ae4478d1","cartCount":0}
[17:56:49 01/10/2025] [DEBUG] Request authentication | Meta: {"url":"/cart/add","method":"POST","isAuthenticated":true,"isAdmin":false,"userId":"68ccef4f8a55d7d4ae4478d1","cartCount":0}
[17:56:50 01/10/2025] [DEBUG] Request authentication | Meta: {"url":"/cart","method":"GET","isAuthenticated":true,"isAdmin":false,"userId":"68ccef4f8a55d7d4ae4478d1","cartCount":0}
[17:56:50 01/10/2025] [DEBUG] Request authentication | Meta: {"url":"/cart","method":"GET","isAuthenticated":true,"isAdmin":false,"userId":"68ccef4f8a55d7d4ae4478d1","cartCount":0}
[17:56:58 01/10/2025] [DEBUG] Request authentication | Meta: {"url":"/","method":"GET","isAuthenticated":true,"isAdmin":false,"userId":"68ccef4f8a55d7d4ae4478d1","cartCount":1}
[17:57:05 01/10/2025] [DEBUG] Request authentication | Meta: {"url":"/cart","method":"GET","isAuthenticated":true,"isAdmin":false,"userId":"68ccef4f8a55d7d4ae4478d1","cartCount":1}
[17:57:09 01/10/2025] [DEBUG] Request authentication | Meta: {"url":"/cart-delete-item","method":"POST","isAuthenticated":true,"isAdmin":false,"userId":"68ccef4f8a55d7d4ae4478d1","cartCount":1}
[17:57:09 01/10/2025] [DEBUG] Request authentication | Meta: {"url":"/cart","method":"GET","isAuthenticated":true,"isAdmin":false,"userId":"68ccef4f8a55d7d4ae4478d1","cartCount":0}
[17:57:10 01/10/2025] [DEBUG] Request authentication | Meta: {"url":"/","method":"GET","isAuthenticated":true,"isAdmin":false,"userId":"68ccef4f8a55d7d4ae4478d1","cartCount":0}
[17:57:13 01/10/2025] [DEBUG] Request authentication | Meta: {"url":"/products/68ce659ddc6e05ce884c1797","method":"GET","isAuthenticated":true,"isAdmin":false,"userId":"68ccef4f8a55d7d4ae4478d1","cartCount":0}
[17:57:15 01/10/2025] [DEBUG] Request authentication | Meta: {"url":"/cart/add","method":"POST","isAuthenticated":true,"isAdmin":false,"userId":"68ccef4f8a55d7d4ae4478d1","cartCount":0}
[17:57:16 01/10/2025] [DEBUG] Request authentication | Meta: {"url":"/cart","method":"GET","isAuthenticated":true,"isAdmin":false,"userId":"68ccef4f8a55d7d4ae4478d1","cartCount":0}
[17:57:16 01/10/2025] [DEBUG] Request authentication | Meta: {"url":"/cart","method":"GET","isAuthenticated":true,"isAdmin":false,"userId":"68ccef4f8a55d7d4ae4478d1","cartCount":1}
[17:57:22 01/10/2025] [DEBUG] Request authentication | Meta: {"url":"/cart-update-quantity","method":"POST","isAuthenticated":true,"isAdmin":false,"userId":"68ccef4f8a55d7d4ae4478d1","cartCount":1}
[17:57:25 01/10/2025] [DEBUG] Request authentication | Meta: {"url":"/checkout","method":"GET","isAuthenticated":true,"isAdmin":false,"userId":"68ccef4f8a55d7d4ae4478d1","cartCount":2}
[17:57:49 01/10/2025] [DEBUG] Request authentication | Meta: {"url":"/cart","method":"GET","isAuthenticated":true,"isAdmin":false,"userId":"68ccef4f8a55d7d4ae4478d1","cartCount":2}
[17:57:52 01/10/2025] [DEBUG] Request authentication | Meta: {"url":"/cart-delete-item","method":"POST","isAuthenticated":true,"isAdmin":false,"userId":"68ccef4f8a55d7d4ae4478d1","cartCount":2}
[17:57:52 01/10/2025] [DEBUG] Request authentication | Meta: {"url":"/cart","method":"GET","isAuthenticated":true,"isAdmin":false,"userId":"68ccef4f8a55d7d4ae4478d1","cartCount":0}
[17:57:54 01/10/2025] [DEBUG] Request authentication | Meta: {"url":"/","method":"GET","isAuthenticated":true,"isAdmin":false,"userId":"68ccef4f8a55d7d4ae4478d1","cartCount":0}
[17:57:58 01/10/2025] [DEBUG] Request authentication | Meta: {"url":"/profile","method":"GET","isAuthenticated":true,"isAdmin":false,"userId":"68ccef4f8a55d7d4ae4478d1","cartCount":0}
[17:58:13 01/10/2025] [DEBUG] Request authentication | Meta: {"url":"/logout","method":"POST","isAuthenticated":true,"isAdmin":false,"userId":"68ccef4f8a55d7d4ae4478d1","cartCount":0}
[17:58:13 01/10/2025] [DEBUG] Request authentication | Meta: {"url":"/","method":"GET","isAuthenticated":false,"userId":null,"cartCount":0}
[17:58:15 01/10/2025] [DEBUG] Request authentication | Meta: {"url":"/login","method":"GET","isAuthenticated":false,"userId":null,"cartCount":0}
[17:58:19 01/10/2025] [DEBUG] Request authentication | Meta: {"url":"/login","method":"POST","isAuthenticated":false,"userId":null,"cartCount":0}
[17:58:19 01/10/2025] [DEBUG] Request authentication | Meta: {"url":"/admin/dashboard","method":"GET","isAuthenticated":false,"userId":null,"cartCount":0}
[17:58:19 01/10/2025] [DEBUG] Request authentication | Meta: {"url":"/login","method":"GET","isAuthenticated":false,"userId":null,"cartCount":0}
[17:58:24 01/10/2025] [DEBUG] Request authentication | Meta: {"url":"/login","method":"POST","isAuthenticated":false,"userId":null,"cartCount":0}
[17:58:25 01/10/2025] [DEBUG] Request authentication | Meta: {"url":"/admin/dashboard","method":"GET","isAuthenticated":true,"isAdmin":true,"userId":"68ccdf9b7eea2d6be5a2f41b","cartCount":0}
[17:58:30 01/10/2025] [DEBUG] Request authentication | Meta: {"url":"/admin/products","method":"GET","isAuthenticated":true,"isAdmin":true,"userId":"68ccdf9b7eea2d6be5a2f41b","cartCount":0}
[17:58:37 01/10/2025] [DEBUG] Request authentication | Meta: {"url":"/admin/profile","method":"GET","isAuthenticated":true,"isAdmin":true,"userId":"68ccdf9b7eea2d6be5a2f41b","cartCount":0}
[17:58:59 01/10/2025] [DEBUG] Request authentication | Meta: {"url":"/admin/settings","method":"GET","isAuthenticated":true,"isAdmin":true,"userId":"68ccdf9b7eea2d6be5a2f41b","cartCount":0}
[17:59:34 01/10/2025] [DEBUG] Request authentication | Meta: {"url":"/admin/settings","method":"GET","isAuthenticated":true,"isAdmin":true,"userId":"68ccdf9b7eea2d6be5a2f41b","cartCount":0}
[17:59:39 01/10/2025] [DEBUG] Request authentication | Meta: {"url":"/admin/dashboard","method":"GET","isAuthenticated":true,"isAdmin":true,"userId":"68ccdf9b7eea2d6be5a2f41b","cartCount":0}
[17:59:42 01/10/2025] [DEBUG] Request authentication | Meta: {"url":"/admin/settings","method":"GET","isAuthenticated":true,"isAdmin":true,"userId":"68ccdf9b7eea2d6be5a2f41b","cartCount":0}
[17:59:47 01/10/2025] [DEBUG] Request authentication | Meta: {"url":"/admin/dashboard","method":"GET","isAuthenticated":true,"isAdmin":true,"userId":"68ccdf9b7eea2d6be5a2f41b","cartCount":0}
[17:59:52 01/10/2025] [DEBUG] Request authentication | Meta: {"url":"/admin/products","method":"GET","isAuthenticated":true,"isAdmin":true,"userId":"68ccdf9b7eea2d6be5a2f41b","cartCount":0}
[17:59:55 01/10/2025] [DEBUG] Request authentication | Meta: {"url":"/admin/dashboard","method":"GET","isAuthenticated":true,"isAdmin":true,"userId":"68ccdf9b7eea2d6be5a2f41b","cartCount":0}
[17:59:58 01/10/2025] [DEBUG] Request authentication | Meta: {"url":"/admin/profile","method":"GET","isAuthenticated":true,"isAdmin":true,"userId":"68ccdf9b7eea2d6be5a2f41b","cartCount":0}
[18:00:03 01/10/2025] [DEBUG] Request authentication | Meta: {"url":"/admin/products","method":"GET","isAuthenticated":true,"isAdmin":true,"userId":"68ccdf9b7eea2d6be5a2f41b","cartCount":0}
[18:00:07 01/10/2025] [DEBUG] Request authentication | Meta: {"url":"/admin/profile","method":"GET","isAuthenticated":true,"isAdmin":true,"userId":"68ccdf9b7eea2d6be5a2f41b","cartCount":0}
[18:00:10 01/10/2025] [DEBUG] Request authentication | Meta: {"url":"/admin/orders","method":"GET","isAuthenticated":true,"isAdmin":true,"userId":"68ccdf9b7eea2d6be5a2f41b","cartCount":0}
[18:00:18 01/10/2025] [DEBUG] Request authentication | Meta: {"url":"/admin/export-orders?format=pdf","method":"GET","isAuthenticated":true,"isAdmin":true,"userId":"68ccdf9b7eea2d6be5a2f41b","cartCount":0}
[18:00:34 01/10/2025] [DEBUG] Request authentication | Meta: {"url":"/admin/accounts","method":"GET","isAuthenticated":true,"isAdmin":true,"userId":"68ccdf9b7eea2d6be5a2f41b","cartCount":0}
[18:00:36 01/10/2025] [DEBUG] Request authentication | Meta: {"url":"/admin/categories","method":"GET","isAuthenticated":true,"isAdmin":true,"userId":"68ccdf9b7eea2d6be5a2f41b","cartCount":0}
[18:00:39 01/10/2025] [DEBUG] Request authentication | Meta: {"url":"/admin/brands","method":"GET","isAuthenticated":true,"isAdmin":true,"userId":"68ccdf9b7eea2d6be5a2f41b","cartCount":0}
[18:00:41 01/10/2025] [DEBUG] Request authentication | Meta: {"url":"/admin/reviews","method":"GET","isAuthenticated":true,"isAdmin":true,"userId":"68ccdf9b7eea2d6be5a2f41b","cartCount":0}
[18:00:44 01/10/2025] [DEBUG] Request authentication | Meta: {"url":"/admin/products","method":"GET","isAuthenticated":true,"isAdmin":true,"userId":"68ccdf9b7eea2d6be5a2f41b","cartCount":0}
[18:00:47 01/10/2025] [DEBUG] Request authentication | Meta: {"url":"/admin/orders","method":"GET","isAuthenticated":true,"isAdmin":true,"userId":"68ccdf9b7eea2d6be5a2f41b","cartCount":0}
[18:01:10 01/10/2025] [DEBUG] Request authentication | Meta: {"url":"/admin/dashboard","method":"GET","isAuthenticated":true,"isAdmin":true,"userId":"68ccdf9b7eea2d6be5a2f41b","cartCount":0}
[20:16:06 01/10/2025] [DEBUG] Request authentication | Meta: {"url":"/","method":"GET","isAuthenticated":true,"isAdmin":true,"userId":"68ccdf9b7eea2d6be5a2f41b","cartCount":0}
[20:16:07 01/10/2025] [DEBUG] Request authentication | Meta: {"url":"/","method":"GET","isAuthenticated":true,"isAdmin":true,"userId":"68ccdf9b7eea2d6be5a2f41b","cartCount":0}
[20:16:11 01/10/2025] [DEBUG] Request authentication | Meta: {"url":"/favicon.ico","method":"GET","isAuthenticated":true,"isAdmin":true,"userId":"68ccdf9b7eea2d6be5a2f41b","cartCount":0}
[20:16:13 01/10/2025] [DEBUG] Request authentication | Meta: {"url":"/logout","method":"GET","isAuthenticated":true,"isAdmin":true,"userId":"68ccdf9b7eea2d6be5a2f41b","cartCount":0}
[20:16:13 01/10/2025] [DEBUG] Request authentication | Meta: {"url":"/","method":"GET","isAuthenticated":false,"userId":null,"cartCount":0}
[20:20:10 01/10/2025] [DEBUG] Request authentication | Meta: {"url":"/categories","method":"GET","isAuthenticated":false,"userId":null,"cartCount":0}
[20:21:45 01/10/2025] [DEBUG] Request authentication | Meta: {"url":"/products?category=boot","method":"GET","isAuthenticated":false,"userId":null,"cartCount":0}
[20:22:21 01/10/2025] [DEBUG] Request authentication | Meta: {"url":"/products","method":"GET","isAuthenticated":false,"userId":null,"cartCount":0}
[20:24:30 01/10/2025] [DEBUG] Request authentication | Meta: {"url":"/brands","method":"GET","isAuthenticated":false,"userId":null,"cartCount":0}
[20:24:50 01/10/2025] [DEBUG] Request authentication | Meta: {"url":"/news","method":"GET","isAuthenticated":false,"userId":null,"cartCount":0}
[20:24:54 01/10/2025] [DEBUG] Request authentication | Meta: {"url":"/","method":"GET","isAuthenticated":false,"userId":null,"cartCount":0}
[20:24:59 01/10/2025] [DEBUG] Request authentication | Meta: {"url":"/categories","method":"GET","isAuthenticated":false,"userId":null,"cartCount":0}
[20:25:02 01/10/2025] [DEBUG] Request authentication | Meta: {"url":"/products?category=basketball","method":"GET","isAuthenticated":false,"userId":null,"cartCount":0}
[20:25:07 01/10/2025] [DEBUG] Request authentication | Meta: {"url":"/products","method":"GET","isAuthenticated":false,"userId":null,"cartCount":0}
[20:26:41 01/10/2025] [DEBUG] Request authentication | Meta: {"url":"/products?page=2","method":"GET","isAuthenticated":false,"userId":null,"cartCount":0}
[20:26:48 01/10/2025] [DEBUG] Request authentication | Meta: {"url":"/products?page=1","method":"GET","isAuthenticated":false,"userId":null,"cartCount":0}
[20:28:45 01/10/2025] [DEBUG] Request authentication | Meta: {"url":"/","method":"GET","isAuthenticated":false,"userId":null,"cartCount":0}
[20:28:49 01/10/2025] [DEBUG] Request authentication | Meta: {"url":"/categories","method":"GET","isAuthenticated":false,"userId":null,"cartCount":0}
[20:29:12 01/10/2025] [DEBUG] Request authentication | Meta: {"url":"/","method":"GET","isAuthenticated":false,"userId":null,"cartCount":0}
[20:30:13 01/10/2025] [DEBUG] Request authentication | Meta: {"url":"/about","method":"GET","isAuthenticated":false,"userId":null,"cartCount":0}
[20:30:28 01/10/2025] [DEBUG] Request authentication | Meta: {"url":"/contact","method":"GET","isAuthenticated":false,"userId":null,"cartCount":0}
[20:30:56 01/10/2025] [DEBUG] Request authentication | Meta: {"url":"/brands","method":"GET","isAuthenticated":false,"userId":null,"cartCount":0}
[20:36:22 01/10/2025] [DEBUG] Request authentication | Meta: {"url":"/","method":"GET","isAuthenticated":false,"userId":null,"cartCount":0}
[20:36:30 01/10/2025] [DEBUG] Request authentication | Meta: {"url":"/categories","method":"GET","isAuthenticated":false,"userId":null,"cartCount":0}
[20:37:15 01/10/2025] [DEBUG] Request authentication | Meta: {"url":"/products","method":"GET","isAuthenticated":false,"userId":null,"cartCount":0}
[20:37:25 01/10/2025] [DEBUG] Request authentication | Meta: {"url":"/about","method":"GET","isAuthenticated":false,"userId":null,"cartCount":0}
[20:37:40 01/10/2025] [DEBUG] Request authentication | Meta: {"url":"/contact","method":"GET","isAuthenticated":false,"userId":null,"cartCount":0}
[20:38:18 01/10/2025] [DEBUG] Request authentication | Meta: {"url":"/about","method":"GET","isAuthenticated":false,"userId":null,"cartCount":0}
