[17:47:36 13/10/2025] [DEBUG] Request authentication | Meta: {"url":"/","method":"GET","isAuthenticated":false,"userId":null,"cartCount":0}
[17:47:40 13/10/2025] [DEBUG] Request authentication | Meta: {"url":"/favicon.ico","method":"GET","isAuthenticated":false,"userId":null,"cartCount":0}
[17:47:44 13/10/2025] [DEBUG] Request authentication | Meta: {"url":"/categories","method":"GET","isAuthenticated":false,"userId":null,"cartCount":0}
[17:47:44 13/10/2025] [DEBUG] Request authentication | Meta: {"url":"/uploads/slides/slide-sample-2.jpg","method":"GET","isAuthenticated":false,"userId":null,"cartCount":0}
[17:47:45 13/10/2025] [DEBUG] Request authentication | Meta: {"url":"/uploads/slides/slide-sample-3.jpg","method":"GET","isAuthenticated":false,"userId":null,"cartCount":0}
[17:47:46 13/10/2025] [DEBUG] Request authentication | Meta: {"url":"/","method":"GET","isAuthenticated":false,"userId":null,"cartCount":0}
[17:48:19 13/10/2025] [DEBUG] Request authentication | Meta: {"url":"/news","method":"GET","isAuthenticated":false,"userId":null,"cartCount":0}
[17:48:43 13/10/2025] [DEBUG] Request authentication | Meta: {"url":"/categories","method":"GET","isAuthenticated":false,"userId":null,"cartCount":0}
[17:48:44 13/10/2025] [DEBUG] Request authentication | Meta: {"url":"/uploads/slides/slide-sample-2.jpg","method":"GET","isAuthenticated":false,"userId":null,"cartCount":0}
[17:48:44 13/10/2025] [DEBUG] Request authentication | Meta: {"url":"/uploads/slides/slide-sample-3.jpg","method":"GET","isAuthenticated":false,"userId":null,"cartCount":0}
[17:48:49 13/10/2025] [DEBUG] Request authentication | Meta: {"url":"/","method":"GET","isAuthenticated":false,"userId":null,"cartCount":0}
[17:48:58 13/10/2025] [DEBUG] Request authentication | Meta: {"url":"/products?category=giay-the-thao","method":"GET","isAuthenticated":false,"userId":null,"cartCount":0}
[17:49:03 13/10/2025] [DEBUG] Request authentication | Meta: {"url":"/","method":"GET","isAuthenticated":false,"userId":null,"cartCount":0}
[17:49:06 13/10/2025] [DEBUG] Request authentication | Meta: {"url":"/products","method":"GET","isAuthenticated":false,"userId":null,"cartCount":0}
[17:49:13 13/10/2025] [DEBUG] Request authentication | Meta: {"url":"/","method":"GET","isAuthenticated":false,"userId":null,"cartCount":0}
[20:26:01 13/10/2025] [DEBUG] Request authentication | Meta: {"url":"/","method":"GET","isAuthenticated":false,"userId":null,"cartCount":0}
[20:26:04 13/10/2025] [DEBUG] Request authentication | Meta: {"url":"/favicon.ico","method":"GET","isAuthenticated":false,"userId":null,"cartCount":0}
[20:33:12 13/10/2025] [DEBUG] Request authentication | Meta: {"url":"/","method":"GET","isAuthenticated":false,"userId":null,"cartCount":0}
[20:33:13 13/10/2025] [DEBUG] Request authentication | Meta: {"url":"/uploads/slides/slide-sample-2.jpg","method":"GET","isAuthenticated":false,"userId":null,"cartCount":0}
[20:33:14 13/10/2025] [DEBUG] Request authentication | Meta: {"url":"/uploads/slides/slide-sample-3.jpg","method":"GET","isAuthenticated":false,"userId":null,"cartCount":0}
[20:34:22 13/10/2025] [DEBUG] Request authentication | Meta: {"url":"/news","method":"GET","isAuthenticated":false,"userId":null,"cartCount":0}
[20:36:20 13/10/2025] [DEBUG] Request authentication | Meta: {"url":"/","method":"GET","isAuthenticated":false,"userId":null,"cartCount":0}
[20:36:21 13/10/2025] [DEBUG] Request authentication | Meta: {"url":"/uploads/slides/slide-sample-3.jpg","method":"GET","isAuthenticated":false,"userId":null,"cartCount":0}
[20:36:21 13/10/2025] [DEBUG] Request authentication | Meta: {"url":"/uploads/slides/slide-sample-2.jpg","method":"GET","isAuthenticated":false,"userId":null,"cartCount":0}
[20:36:22 13/10/2025] [DEBUG] Request authentication | Meta: {"url":"/about","method":"GET","isAuthenticated":false,"userId":null,"cartCount":0}
[20:36:24 13/10/2025] [DEBUG] Request authentication | Meta: {"url":"/contact","method":"GET","isAuthenticated":false,"userId":null,"cartCount":0}
[20:36:27 13/10/2025] [DEBUG] Request authentication | Meta: {"url":"/","method":"GET","isAuthenticated":false,"userId":null,"cartCount":0}
[20:36:28 13/10/2025] [DEBUG] Request authentication | Meta: {"url":"/uploads/slides/slide-sample-3.jpg","method":"GET","isAuthenticated":false,"userId":null,"cartCount":0}
[20:36:29 13/10/2025] [DEBUG] Request authentication | Meta: {"url":"/uploads/slides/slide-sample-2.jpg","method":"GET","isAuthenticated":false,"userId":null,"cartCount":0}
[20:36:43 13/10/2025] [DEBUG] Request authentication | Meta: {"url":"/search?q=boot","method":"GET","isAuthenticated":false,"userId":null,"cartCount":0}
[20:36:48 13/10/2025] [DEBUG] Request authentication | Meta: {"url":"/","method":"GET","isAuthenticated":false,"userId":null,"cartCount":0}
[20:36:50 13/10/2025] [DEBUG] Request authentication | Meta: {"url":"/uploads/slides/slide-sample-2.jpg","method":"GET","isAuthenticated":false,"userId":null,"cartCount":0}
[20:36:50 13/10/2025] [DEBUG] Request authentication | Meta: {"url":"/uploads/slides/slide-sample-3.jpg","method":"GET","isAuthenticated":false,"userId":null,"cartCount":0}
[20:36:57 13/10/2025] [DEBUG] Request authentication | Meta: {"url":"/search?q=samsung","method":"GET","isAuthenticated":false,"userId":null,"cartCount":0}
[20:39:32 13/10/2025] [DEBUG] Request authentication | Meta: {"url":"/search?q=samsung","method":"GET","isAuthenticated":false,"userId":null,"cartCount":0}
[20:39:41 13/10/2025] [DEBUG] Request authentication | Meta: {"url":"/","method":"GET","isAuthenticated":false,"userId":null,"cartCount":0}
[20:39:43 13/10/2025] [DEBUG] Request authentication | Meta: {"url":"/uploads/slides/slide-sample-2.jpg","method":"GET","isAuthenticated":false,"userId":null,"cartCount":0}
[20:39:44 13/10/2025] [DEBUG] Request authentication | Meta: {"url":"/uploads/slides/slide-sample-3.jpg","method":"GET","isAuthenticated":false,"userId":null,"cartCount":0}
[20:39:57 13/10/2025] [DEBUG] Request authentication | Meta: {"url":"/search?q=adidas","method":"GET","isAuthenticated":false,"userId":null,"cartCount":0}
[20:40:11 13/10/2025] [DEBUG] Request authentication | Meta: {"url":"/brands","method":"GET","isAuthenticated":false,"userId":null,"cartCount":0}
[20:40:37 13/10/2025] [DEBUG] Request authentication | Meta: {"url":"/","method":"GET","isAuthenticated":false,"userId":null,"cartCount":0}
[20:40:39 13/10/2025] [DEBUG] Request authentication | Meta: {"url":"/uploads/slides/slide-sample-2.jpg","method":"GET","isAuthenticated":false,"userId":null,"cartCount":0}
[20:40:40 13/10/2025] [DEBUG] Request authentication | Meta: {"url":"/uploads/slides/slide-sample-3.jpg","method":"GET","isAuthenticated":false,"userId":null,"cartCount":0}
[20:41:07 13/10/2025] [DEBUG] Request authentication | Meta: {"url":"/categories","method":"GET","isAuthenticated":false,"userId":null,"cartCount":0}
[20:41:08 13/10/2025] [DEBUG] Request authentication | Meta: {"url":"/uploads/slides/slide-sample-2.jpg","method":"GET","isAuthenticated":false,"userId":null,"cartCount":0}
[20:41:08 13/10/2025] [DEBUG] Request authentication | Meta: {"url":"/uploads/slides/slide-sample-3.jpg","method":"GET","isAuthenticated":false,"userId":null,"cartCount":0}
[20:41:20 13/10/2025] [DEBUG] Request authentication | Meta: {"url":"/","method":"GET","isAuthenticated":false,"userId":null,"cartCount":0}
[20:41:21 13/10/2025] [DEBUG] Request authentication | Meta: {"url":"/uploads/slides/slide-sample-2.jpg","method":"GET","isAuthenticated":false,"userId":null,"cartCount":0}
[20:41:21 13/10/2025] [DEBUG] Request authentication | Meta: {"url":"/uploads/slides/slide-sample-3.jpg","method":"GET","isAuthenticated":false,"userId":null,"cartCount":0}
[20:41:28 13/10/2025] [DEBUG] Request authentication | Meta: {"url":"/products","method":"GET","isAuthenticated":false,"userId":null,"cartCount":0}
[20:42:23 13/10/2025] [DEBUG] Request authentication | Meta: {"url":"/","method":"GET","isAuthenticated":false,"userId":null,"cartCount":0}
[20:42:26 13/10/2025] [DEBUG] Request authentication | Meta: {"url":"/uploads/slides/slide-sample-2.jpg","method":"GET","isAuthenticated":false,"userId":null,"cartCount":0}
[20:42:26 13/10/2025] [DEBUG] Request authentication | Meta: {"url":"/uploads/slides/slide-sample-3.jpg","method":"GET","isAuthenticated":false,"userId":null,"cartCount":0}
[20:42:49 13/10/2025] [DEBUG] Request authentication | Meta: {"url":"/products","method":"GET","isAuthenticated":false,"userId":null,"cartCount":0}
[20:42:53 13/10/2025] [DEBUG] Request authentication | Meta: {"url":"/brands","method":"GET","isAuthenticated":false,"userId":null,"cartCount":0}
[20:42:59 13/10/2025] [DEBUG] Request authentication | Meta: {"url":"/about","method":"GET","isAuthenticated":false,"userId":null,"cartCount":0}
[20:43:02 13/10/2025] [DEBUG] Request authentication | Meta: {"url":"/contact","method":"GET","isAuthenticated":false,"userId":null,"cartCount":0}
[20:43:09 13/10/2025] [DEBUG] Request authentication | Meta: {"url":"/","method":"GET","isAuthenticated":false,"userId":null,"cartCount":0}
[20:43:10 13/10/2025] [DEBUG] Request authentication | Meta: {"url":"/uploads/slides/slide-sample-2.jpg","method":"GET","isAuthenticated":false,"userId":null,"cartCount":0}
[20:43:11 13/10/2025] [DEBUG] Request authentication | Meta: {"url":"/uploads/slides/slide-sample-3.jpg","method":"GET","isAuthenticated":false,"userId":null,"cartCount":0}
[20:43:12 13/10/2025] [DEBUG] Request authentication | Meta: {"url":"/.well-known/appspecific/com.chrome.devtools.json","method":"GET","isAuthenticated":false,"userId":null,"cartCount":0}
[20:48:35 13/10/2025] [DEBUG] Request authentication | Meta: {"url":"/products","method":"GET","isAuthenticated":false,"userId":null,"cartCount":0}
[20:48:40 13/10/2025] [DEBUG] Request authentication | Meta: {"url":"/","method":"GET","isAuthenticated":false,"userId":null,"cartCount":0}
[20:48:41 13/10/2025] [DEBUG] Request authentication | Meta: {"url":"/uploads/slides/slide-sample-3.jpg","method":"GET","isAuthenticated":false,"userId":null,"cartCount":0}
[20:48:41 13/10/2025] [DEBUG] Request authentication | Meta: {"url":"/uploads/slides/slide-sample-2.jpg","method":"GET","isAuthenticated":false,"userId":null,"cartCount":0}
[20:48:45 13/10/2025] [DEBUG] Request authentication | Meta: {"url":"/brands","method":"GET","isAuthenticated":false,"userId":null,"cartCount":0}
[20:48:49 13/10/2025] [DEBUG] Request authentication | Meta: {"url":"/about","method":"GET","isAuthenticated":false,"userId":null,"cartCount":0}
[20:48:53 13/10/2025] [DEBUG] Request authentication | Meta: {"url":"/contact","method":"GET","isAuthenticated":false,"userId":null,"cartCount":0}
[20:48:57 13/10/2025] [DEBUG] Request authentication | Meta: {"url":"/","method":"GET","isAuthenticated":false,"userId":null,"cartCount":0}
[20:48:58 13/10/2025] [DEBUG] Request authentication | Meta: {"url":"/uploads/slides/slide-sample-2.jpg","method":"GET","isAuthenticated":false,"userId":null,"cartCount":0}
[20:48:58 13/10/2025] [DEBUG] Request authentication | Meta: {"url":"/uploads/slides/slide-sample-3.jpg","method":"GET","isAuthenticated":false,"userId":null,"cartCount":0}
[20:49:00 13/10/2025] [DEBUG] Request authentication | Meta: {"url":"/categories","method":"GET","isAuthenticated":false,"userId":null,"cartCount":0}
[20:49:00 13/10/2025] [DEBUG] Request authentication | Meta: {"url":"/uploads/slides/slide-sample-3.jpg","method":"GET","isAuthenticated":false,"userId":null,"cartCount":0}
[20:49:01 13/10/2025] [DEBUG] Request authentication | Meta: {"url":"/uploads/slides/slide-sample-2.jpg","method":"GET","isAuthenticated":false,"userId":null,"cartCount":0}
[20:49:29 13/10/2025] [DEBUG] Request authentication | Meta: {"url":"/","method":"GET","isAuthenticated":false,"userId":null,"cartCount":0}
[20:49:31 13/10/2025] [DEBUG] Request authentication | Meta: {"url":"/uploads/slides/slide-sample-2.jpg","method":"GET","isAuthenticated":false,"userId":null,"cartCount":0}
[20:49:31 13/10/2025] [DEBUG] Request authentication | Meta: {"url":"/uploads/slides/slide-sample-3.jpg","method":"GET","isAuthenticated":false,"userId":null,"cartCount":0}
[21:11:22 13/10/2025] [DEBUG] Request authentication | Meta: {"url":"/brands","method":"GET","isAuthenticated":false,"userId":null,"cartCount":0}
[21:12:23 13/10/2025] [DEBUG] Request authentication | Meta: {"url":"/products","method":"GET","isAuthenticated":false,"userId":null,"cartCount":0}
[21:29:54 13/10/2025] [DEBUG] Request authentication | Meta: {"url":"/products","method":"GET","isAuthenticated":false,"userId":null,"cartCount":0}
[21:30:02 13/10/2025] [DEBUG] Request authentication | Meta: {"url":"/products?page=2","method":"GET","isAuthenticated":false,"userId":null,"cartCount":0}
[21:30:06 13/10/2025] [DEBUG] Request authentication | Meta: {"url":"/products?page=1","method":"GET","isAuthenticated":false,"userId":null,"cartCount":0}
[21:30:16 13/10/2025] [DEBUG] Request authentication | Meta: {"url":"/login","method":"GET","isAuthenticated":false,"userId":null,"cartCount":0}
[21:30:19 13/10/2025] [DEBUG] Request authentication | Meta: {"url":"/login","method":"POST","isAuthenticated":false,"userId":null,"cartCount":0}
[21:30:20 13/10/2025] [DEBUG] Request authentication | Meta: {"url":"/admin/dashboard","method":"GET","isAuthenticated":true,"isAdmin":true,"userId":"68ccdf9b7eea2d6be5a2f41b","cartCount":0}
[21:30:24 13/10/2025] [DEBUG] Request authentication | Meta: {"url":"/admin/products","method":"GET","isAuthenticated":true,"isAdmin":true,"userId":"68ccdf9b7eea2d6be5a2f41b","cartCount":0}
[21:30:29 13/10/2025] [DEBUG] Request authentication | Meta: {"url":"/admin/products?page=2&search=&category=&brand=&sort=","method":"GET","isAuthenticated":true,"isAdmin":true,"userId":"68ccdf9b7eea2d6be5a2f41b","cartCount":0}
[21:31:36 13/10/2025] [DEBUG] Request authentication | Meta: {"url":"/admin/create-sample-products","method":"POST","isAuthenticated":true,"isAdmin":true,"userId":"68ccdf9b7eea2d6be5a2f41b","cartCount":0}
[21:31:52 13/10/2025] [DEBUG] Request authentication | Meta: {"url":"/admin/products?page=2&search=&category=&brand=&sort=","method":"GET","isAuthenticated":true,"isAdmin":true,"userId":"68ccdf9b7eea2d6be5a2f41b","cartCount":0}
[21:34:32 13/10/2025] [DEBUG] Request authentication | Meta: {"url":"/admin/products?page=2&search=&category=&brand=&sort=","method":"GET","isAuthenticated":true,"isAdmin":true,"userId":"68ccdf9b7eea2d6be5a2f41b","cartCount":0}
[21:34:38 13/10/2025] [DEBUG] Request authentication | Meta: {"url":"/admin/create-sample-products","method":"POST","isAuthenticated":true,"isAdmin":true,"userId":"68ccdf9b7eea2d6be5a2f41b","cartCount":0}
[21:34:47 13/10/2025] [DEBUG] Request authentication | Meta: {"url":"/admin/products?page=2&search=&category=&brand=&sort=","method":"GET","isAuthenticated":true,"isAdmin":true,"userId":"68ccdf9b7eea2d6be5a2f41b","cartCount":0}
[21:34:58 13/10/2025] [DEBUG] Request authentication | Meta: {"url":"/admin/products?page=4&search=&category=&brand=&sort=","method":"GET","isAuthenticated":true,"isAdmin":true,"userId":"68ccdf9b7eea2d6be5a2f41b","cartCount":0}
[21:35:05 13/10/2025] [DEBUG] Request authentication | Meta: {"url":"/admin/products?page=6&search=&category=&brand=&sort=","method":"GET","isAuthenticated":true,"isAdmin":true,"userId":"68ccdf9b7eea2d6be5a2f41b","cartCount":0}
[21:35:13 13/10/2025] [DEBUG] Request authentication | Meta: {"url":"/admin/products?page=5&search=&category=&brand=&sort=","method":"GET","isAuthenticated":true,"isAdmin":true,"userId":"68ccdf9b7eea2d6be5a2f41b","cartCount":0}
[21:35:17 13/10/2025] [DEBUG] Request authentication | Meta: {"url":"/admin/products?page=4&search=&category=&brand=&sort=","method":"GET","isAuthenticated":true,"isAdmin":true,"userId":"68ccdf9b7eea2d6be5a2f41b","cartCount":0}
[21:35:20 13/10/2025] [DEBUG] Request authentication | Meta: {"url":"/admin/products?page=2&search=&category=&brand=&sort=","method":"GET","isAuthenticated":true,"isAdmin":true,"userId":"68ccdf9b7eea2d6be5a2f41b","cartCount":0}
[21:35:24 13/10/2025] [DEBUG] Request authentication | Meta: {"url":"/admin/products?page=1&search=&category=&brand=&sort=","method":"GET","isAuthenticated":true,"isAdmin":true,"userId":"68ccdf9b7eea2d6be5a2f41b","cartCount":0}
[21:35:44 13/10/2025] [DEBUG] Request authentication | Meta: {"url":"/logout","method":"GET","isAuthenticated":true,"isAdmin":true,"userId":"68ccdf9b7eea2d6be5a2f41b","cartCount":0}
[21:35:44 13/10/2025] [DEBUG] Request authentication | Meta: {"url":"/","method":"GET","isAuthenticated":false,"userId":null,"cartCount":0}
[21:35:46 13/10/2025] [DEBUG] Request authentication | Meta: {"url":"/uploads/slides/slide-sample-2.jpg","method":"GET","isAuthenticated":false,"userId":null,"cartCount":0}
[21:35:46 13/10/2025] [DEBUG] Request authentication | Meta: {"url":"/uploads/slides/slide-sample-3.jpg","method":"GET","isAuthenticated":false,"userId":null,"cartCount":0}
[21:35:49 13/10/2025] [DEBUG] Request authentication | Meta: {"url":"/products","method":"GET","isAuthenticated":false,"userId":null,"cartCount":0}
[21:35:59 13/10/2025] [DEBUG] Request authentication | Meta: {"url":"/products?page=2","method":"GET","isAuthenticated":false,"userId":null,"cartCount":0}
[21:36:09 13/10/2025] [DEBUG] Request authentication | Meta: {"url":"/products?page=1","method":"GET","isAuthenticated":false,"userId":null,"cartCount":0}
[21:36:30 13/10/2025] [DEBUG] Request authentication | Meta: {"url":"/products/68ed0e04eceaadd8740a7956","method":"GET","isAuthenticated":false,"userId":null,"cartCount":0}
[21:36:48 13/10/2025] [DEBUG] Request authentication | Meta: {"url":"/","method":"GET","isAuthenticated":false,"userId":null,"cartCount":0}
[21:36:50 13/10/2025] [DEBUG] Request authentication | Meta: {"url":"/uploads/slides/slide-sample-2.jpg","method":"GET","isAuthenticated":false,"userId":null,"cartCount":0}
[21:36:50 13/10/2025] [DEBUG] Request authentication | Meta: {"url":"/uploads/slides/slide-sample-3.jpg","method":"GET","isAuthenticated":false,"userId":null,"cartCount":0}
[21:36:53 13/10/2025] [DEBUG] Request authentication | Meta: {"url":"/login","method":"GET","isAuthenticated":false,"userId":null,"cartCount":0}
[21:36:55 13/10/2025] [DEBUG] Request authentication | Meta: {"url":"/login","method":"POST","isAuthenticated":false,"userId":null,"cartCount":0}
[21:36:56 13/10/2025] [DEBUG] Request authentication | Meta: {"url":"/admin/dashboard","method":"GET","isAuthenticated":true,"isAdmin":true,"userId":"68ccdf9b7eea2d6be5a2f41b","cartCount":0}
[21:36:59 13/10/2025] [DEBUG] Request authentication | Meta: {"url":"/admin/products","method":"GET","isAuthenticated":true,"isAdmin":true,"userId":"68ccdf9b7eea2d6be5a2f41b","cartCount":0}
[21:47:59 13/10/2025] [DEBUG] Request authentication | Meta: {"url":"/admin/products","method":"GET","isAuthenticated":true,"isAdmin":true,"userId":"68ccdf9b7eea2d6be5a2f41b","cartCount":0}
[21:52:41 13/10/2025] [DEBUG] Request authentication | Meta: {"url":"/admin/products","method":"GET","isAuthenticated":true,"isAdmin":true,"userId":"68ccdf9b7eea2d6be5a2f41b","cartCount":0}
[21:53:54 13/10/2025] [DEBUG] Request authentication | Meta: {"url":"/admin/edit-product/68ed0e04eceaadd8740a7956?edit=true","method":"GET","isAuthenticated":true,"isAdmin":true,"userId":"68ccdf9b7eea2d6be5a2f41b","cartCount":0}
[21:54:00 13/10/2025] [DEBUG] Request authentication | Meta: {"url":"/admin/products","method":"GET","isAuthenticated":true,"isAdmin":true,"userId":"68ccdf9b7eea2d6be5a2f41b","cartCount":0}
[21:58:39 13/10/2025] [DEBUG] Request authentication | Meta: {"url":"/admin/products","method":"GET","isAuthenticated":true,"isAdmin":true,"userId":"68ccdf9b7eea2d6be5a2f41b","cartCount":0}
[22:11:28 13/10/2025] [DEBUG] Request authentication | Meta: {"url":"/admin/products","method":"GET","isAuthenticated":true,"isAdmin":true,"userId":"68ccdf9b7eea2d6be5a2f41b","cartCount":0}
[22:15:27 13/10/2025] [DEBUG] Request authentication | Meta: {"url":"/admin/products","method":"GET","isAuthenticated":true,"isAdmin":true,"userId":"68ccdf9b7eea2d6be5a2f41b","cartCount":0}
