[10:49:36 03/07/2025] [DEBUG] Request authentication | Meta: {"url":"/","method":"GET","isAuthenticated":true,"isAdmin":false,"userId":"6863a3bd5493cc908b53292b"}
[10:49:37 03/07/2025] [DEBUG] Request authentication | Meta: {"url":"/favicon.ico","method":"GET","isAuthenticated":true,"isAdmin":false,"userId":"6863a3bd5493cc908b53292b"}
[10:59:05 03/07/2025] [DEBUG] Request authentication | Meta: {"url":"/products?category=fish","method":"GET","isAuthenticated":true,"isAdmin":false,"userId":"6863a3bd5493cc908b53292b"}
[10:59:30 03/07/2025] [DEBUG] Request authentication | Meta: {"url":"/","method":"GET","isAuthenticated":true,"isAdmin":false,"userId":"6863a3bd5493cc908b53292b"}
[11:33:06 03/07/2025] [DEBUG] Request authentication | Meta: {"url":"/logout","method":"POST","isAuthenticated":true,"isAdmin":false,"userId":"6863a3bd5493cc908b53292b"}
[11:33:06 03/07/2025] [DEBUG] Request authentication | Meta: {"url":"/","method":"GET","isAuthenticated":false,"userId":null}
[11:33:08 03/07/2025] [DEBUG] Request authentication | Meta: {"url":"/login","method":"GET","isAuthenticated":false,"userId":null}
[11:33:11 03/07/2025] [DEBUG] Request authentication | Meta: {"url":"/login","method":"POST","isAuthenticated":false,"userId":null}
[11:33:12 03/07/2025] [DEBUG] Request authentication | Meta: {"url":"/admin/dashboard","method":"GET","isAuthenticated":true,"isAdmin":true,"userId":"6863a3bd5493cc908b53292a"}
[11:33:16 03/07/2025] [DEBUG] Request authentication | Meta: {"url":"/admin/accounts","method":"GET","isAuthenticated":true,"isAdmin":true,"userId":"6863a3bd5493cc908b53292a"}
[11:33:18 03/07/2025] [DEBUG] Request authentication | Meta: {"url":"/admin/products","method":"GET","isAuthenticated":true,"isAdmin":true,"userId":"6863a3bd5493cc908b53292a"}
[11:33:38 03/07/2025] [DEBUG] Request authentication | Meta: {"url":"/admin/edit-product/6865522580c38388b5018010?edit=true","method":"GET","isAuthenticated":true,"isAdmin":true,"userId":"6863a3bd5493cc908b53292a"}
[11:33:42 03/07/2025] [DEBUG] Request authentication | Meta: {"url":"/admin/products","method":"GET","isAuthenticated":true,"isAdmin":true,"userId":"6863a3bd5493cc908b53292a"}
[11:34:16 03/07/2025] [DEBUG] Request authentication | Meta: {"url":"/admin/edit-product/6865522580c38388b5018010?edit=true","method":"GET","isAuthenticated":true,"isAdmin":true,"userId":"6863a3bd5493cc908b53292a"}
[11:34:20 03/07/2025] [DEBUG] Request authentication | Meta: {"url":"/admin/products","method":"GET","isAuthenticated":true,"isAdmin":true,"userId":"6863a3bd5493cc908b53292a"}
[11:42:59 03/07/2025] [DEBUG] Request authentication | Meta: {"url":"/admin/products","method":"GET","isAuthenticated":true,"isAdmin":true,"userId":"6863a3bd5493cc908b53292a"}
[11:43:52 03/07/2025] [DEBUG] Request authentication | Meta: {"url":"/logout","method":"POST","isAuthenticated":true,"isAdmin":true,"userId":"6863a3bd5493cc908b53292a"}
[11:43:52 03/07/2025] [DEBUG] Request authentication | Meta: {"url":"/","method":"GET","isAuthenticated":false,"userId":null}
[11:43:56 03/07/2025] [DEBUG] Request authentication | Meta: {"url":"/login","method":"GET","isAuthenticated":false,"userId":null}
[11:43:58 03/07/2025] [DEBUG] Request authentication | Meta: {"url":"/login","method":"POST","isAuthenticated":false,"userId":null}
[11:43:59 03/07/2025] [DEBUG] Request authentication | Meta: {"url":"/admin/dashboard","method":"GET","isAuthenticated":true,"isAdmin":true,"userId":"6863a3bd5493cc908b53292a"}
[11:44:02 03/07/2025] [DEBUG] Request authentication | Meta: {"url":"/admin/products","method":"GET","isAuthenticated":true,"isAdmin":true,"userId":"6863a3bd5493cc908b53292a"}
[11:44:06 03/07/2025] [DEBUG] Request authentication | Meta: {"url":"/logout","method":"POST","isAuthenticated":true,"isAdmin":true,"userId":"6863a3bd5493cc908b53292a"}
[11:44:06 03/07/2025] [DEBUG] Request authentication | Meta: {"url":"/","method":"GET","isAuthenticated":false,"userId":null}
[11:44:10 03/07/2025] [DEBUG] Request authentication | Meta: {"url":"/login","method":"GET","isAuthenticated":false,"userId":null}
[11:44:12 03/07/2025] [DEBUG] Request authentication | Meta: {"url":"/login","method":"POST","isAuthenticated":false,"userId":null}
[11:44:12 03/07/2025] [DEBUG] Request authentication | Meta: {"url":"/admin/dashboard","method":"GET","isAuthenticated":true,"isAdmin":true,"userId":"6863a3bd5493cc908b53292a"}
[11:44:15 03/07/2025] [DEBUG] Request authentication | Meta: {"url":"/admin/products","method":"GET","isAuthenticated":true,"isAdmin":true,"userId":"6863a3bd5493cc908b53292a"}
[11:44:19 03/07/2025] [DEBUG] Request authentication | Meta: {"url":"/logout","method":"POST","isAuthenticated":true,"isAdmin":true,"userId":"6863a3bd5493cc908b53292a"}
[11:44:19 03/07/2025] [DEBUG] Request authentication | Meta: {"url":"/","method":"GET","isAuthenticated":false,"userId":null}
[11:44:21 03/07/2025] [DEBUG] Request authentication | Meta: {"url":"/login","method":"GET","isAuthenticated":false,"userId":null}
[11:44:24 03/07/2025] [DEBUG] Request authentication | Meta: {"url":"/login","method":"POST","isAuthenticated":false,"userId":null}
[11:44:24 03/07/2025] [DEBUG] Request authentication | Meta: {"url":"/admin/dashboard","method":"GET","isAuthenticated":true,"isAdmin":true,"userId":"6863a3bd5493cc908b53292a"}
[11:44:27 03/07/2025] [DEBUG] Request authentication | Meta: {"url":"/admin/products","method":"GET","isAuthenticated":true,"isAdmin":true,"userId":"6863a3bd5493cc908b53292a"}
[11:44:32 03/07/2025] [DEBUG] Request authentication | Meta: {"url":"/logout","method":"POST","isAuthenticated":true,"isAdmin":true,"userId":"6863a3bd5493cc908b53292a"}
[11:44:32 03/07/2025] [DEBUG] Request authentication | Meta: {"url":"/admin/products?search=Th%E1%BB%A9c+%C4%83n+cho+c%C3%A1+c%E1%BA%A3nh&category=&sort=","method":"GET","isAuthenticated":true,"isAdmin":true,"userId":"6863a3bd5493cc908b53292a"}
[11:44:38 03/07/2025] [DEBUG] Request authentication | Meta: {"url":"/admin/products","method":"GET","isAuthenticated":false,"userId":null}
[11:44:39 03/07/2025] [DEBUG] Request authentication | Meta: {"url":"/create-default-user","method":"GET","isAuthenticated":false,"userId":null}
[11:44:39 03/07/2025] [DEBUG] Request authentication | Meta: {"url":"/","method":"GET","isAuthenticated":true,"isAdmin":true,"userId":"68660ab78c03b945b9e8e2cf"}
[11:44:43 03/07/2025] [DEBUG] Request authentication | Meta: {"url":"/admin/accounts","method":"GET","isAuthenticated":true,"isAdmin":true,"userId":"68660ab78c03b945b9e8e2cf"}
[11:44:45 03/07/2025] [DEBUG] Request authentication | Meta: {"url":"/logout","method":"POST","isAuthenticated":true,"isAdmin":true,"userId":"68660ab78c03b945b9e8e2cf"}
[11:44:45 03/07/2025] [DEBUG] Request authentication | Meta: {"url":"/","method":"GET","isAuthenticated":false,"userId":null}
[11:44:47 03/07/2025] [DEBUG] Request authentication | Meta: {"url":"/login","method":"GET","isAuthenticated":false,"userId":null}
[11:44:48 03/07/2025] [DEBUG] Request authentication | Meta: {"url":"/login","method":"POST","isAuthenticated":false,"userId":null}
[11:44:49 03/07/2025] [DEBUG] Request authentication | Meta: {"url":"/admin/dashboard","method":"GET","isAuthenticated":true,"isAdmin":true,"userId":"6863a3bd5493cc908b53292a"}
[11:44:53 03/07/2025] [DEBUG] Request authentication | Meta: {"url":"/admin/products","method":"GET","isAuthenticated":true,"isAdmin":true,"userId":"6863a3bd5493cc908b53292a"}
[11:45:54 03/07/2025] [DEBUG] Request authentication | Meta: {"url":"/admin/add-product","method":"GET","isAuthenticated":true,"isAdmin":true,"userId":"6863a3bd5493cc908b53292a"}
[11:46:20 03/07/2025] [DEBUG] Request authentication | Meta: {"url":"/","method":"GET","isAuthenticated":true,"isAdmin":true,"userId":"6863a3bd5493cc908b53292a"}
[11:46:20 03/07/2025] [DEBUG] Request authentication | Meta: {"url":"/","method":"GET","isAuthenticated":true,"isAdmin":true,"userId":"6863a3bd5493cc908b53292a"}
[11:46:24 03/07/2025] [DEBUG] Request authentication | Meta: {"url":"/logout","method":"POST","isAuthenticated":true,"isAdmin":true,"userId":"6863a3bd5493cc908b53292a"}
[11:46:24 03/07/2025] [DEBUG] Request authentication | Meta: {"url":"/","method":"GET","isAuthenticated":false,"userId":null}
[11:46:25 03/07/2025] [DEBUG] Request authentication | Meta: {"url":"/login","method":"GET","isAuthenticated":false,"userId":null}
[11:46:27 03/07/2025] [DEBUG] Request authentication | Meta: {"url":"/login","method":"POST","isAuthenticated":false,"userId":null}
[11:46:27 03/07/2025] [DEBUG] Request authentication | Meta: {"url":"/admin/dashboard","method":"GET","isAuthenticated":true,"isAdmin":true,"userId":"6863a3bd5493cc908b53292a"}
[11:52:49 03/07/2025] [DEBUG] Request authentication | Meta: {"url":"/admin/products","method":"GET","isAuthenticated":true,"isAdmin":true,"userId":"6863a3bd5493cc908b53292a"}
[11:52:55 03/07/2025] [DEBUG] Request authentication | Meta: {"url":"/admin/products?search=&category=dog&sort=","method":"GET","isAuthenticated":true,"isAdmin":true,"userId":"6863a3bd5493cc908b53292a"}
[11:53:02 03/07/2025] [DEBUG] Request authentication | Meta: {"url":"/admin/products?search=&category=cat&sort=","method":"GET","isAuthenticated":true,"isAdmin":true,"userId":"6863a3bd5493cc908b53292a"}
[11:53:09 03/07/2025] [DEBUG] Request authentication | Meta: {"url":"/admin/products?search=&category=fish&sort=","method":"GET","isAuthenticated":true,"isAdmin":true,"userId":"6863a3bd5493cc908b53292a"}
[11:53:14 03/07/2025] [DEBUG] Request authentication | Meta: {"url":"/admin/products?search=&category=small-pets&sort=","method":"GET","isAuthenticated":true,"isAdmin":true,"userId":"6863a3bd5493cc908b53292a"}
[13:04:38 03/07/2025] [DEBUG] Request authentication | Meta: {"url":"/admin/products?search=&category=small-pets&sort=","method":"GET","isAuthenticated":true,"isAdmin":true,"userId":"6863a3bd5493cc908b53292a"}
[13:05:35 03/07/2025] [DEBUG] Request authentication | Meta: {"url":"/admin/products","method":"GET","isAuthenticated":true,"isAdmin":true,"userId":"6863a3bd5493cc908b53292a"}
[13:05:42 03/07/2025] [DEBUG] Request authentication | Meta: {"url":"/admin/products?search=&category=dog&sort=","method":"GET","isAuthenticated":true,"isAdmin":true,"userId":"6863a3bd5493cc908b53292a"}
[13:05:47 03/07/2025] [DEBUG] Request authentication | Meta: {"url":"/admin/products?search=&category=cat&sort=","method":"GET","isAuthenticated":true,"isAdmin":true,"userId":"6863a3bd5493cc908b53292a"}
[13:05:52 03/07/2025] [DEBUG] Request authentication | Meta: {"url":"/admin/products?search=&category=fish&sort=","method":"GET","isAuthenticated":true,"isAdmin":true,"userId":"6863a3bd5493cc908b53292a"}
[13:05:58 03/07/2025] [DEBUG] Request authentication | Meta: {"url":"/admin/products","method":"GET","isAuthenticated":true,"isAdmin":true,"userId":"6863a3bd5493cc908b53292a"}
[13:06:05 03/07/2025] [DEBUG] Request authentication | Meta: {"url":"/admin/products?search=&category=&sort=price_asc","method":"GET","isAuthenticated":true,"isAdmin":true,"userId":"6863a3bd5493cc908b53292a"}
[13:06:15 03/07/2025] [DEBUG] Request authentication | Meta: {"url":"/admin/products?search=%C4%90%E1%BB%93+ch%C6%A1i+g%E1%BA%B7m+r%C4%83ng+ch%C3%B3&category=&sort=price_asc","method":"GET","isAuthenticated":true,"isAdmin":true,"userId":"6863a3bd5493cc908b53292a"}
[13:06:18 03/07/2025] [DEBUG] Request authentication | Meta: {"url":"/admin/products","method":"GET","isAuthenticated":true,"isAdmin":true,"userId":"6863a3bd5493cc908b53292a"}
[13:11:27 03/07/2025] [DEBUG] Request authentication | Meta: {"url":"/admin/products","method":"GET","isAuthenticated":true,"isAdmin":true,"userId":"6863a3bd5493cc908b53292a"}
[13:11:41 03/07/2025] [DEBUG] Request authentication | Meta: {"url":"/admin/products","method":"GET","isAuthenticated":true,"isAdmin":true,"userId":"6863a3bd5493cc908b53292a"}
[13:12:42 03/07/2025] [DEBUG] Request authentication | Meta: {"url":"/admin/products","method":"GET","isAuthenticated":true,"isAdmin":true,"userId":"6863a3bd5493cc908b53292a"}
[13:13:43 03/07/2025] [DEBUG] Request authentication | Meta: {"url":"/admin/products","method":"GET","isAuthenticated":true,"isAdmin":true,"userId":"6863a3bd5493cc908b53292a"}
[13:13:58 03/07/2025] [DEBUG] Request authentication | Meta: {"url":"/admin/products","method":"GET","isAuthenticated":true,"isAdmin":true,"userId":"6863a3bd5493cc908b53292a"}
[13:14:00 03/07/2025] [DEBUG] Request authentication | Meta: {"url":"/admin/dashboard","method":"GET","isAuthenticated":true,"isAdmin":true,"userId":"6863a3bd5493cc908b53292a"}
[13:20:27 03/07/2025] [DEBUG] Request authentication | Meta: {"url":"/admin/products","method":"GET","isAuthenticated":true,"isAdmin":true,"userId":"6863a3bd5493cc908b53292a"}
[13:20:37 03/07/2025] [DEBUG] Request authentication | Meta: {"url":"/admin/products?limit=10&page=2","method":"GET","isAuthenticated":true,"isAdmin":true,"userId":"6863a3bd5493cc908b53292a"}
[13:27:09 03/07/2025] [DEBUG] Request authentication | Meta: {"url":"/admin/products?limit=10&page=1","method":"GET","isAuthenticated":true,"isAdmin":true,"userId":"6863a3bd5493cc908b53292a"}
[13:33:31 03/07/2025] [DEBUG] Request authentication | Meta: {"url":"/admin/products?limit=10&page=1","method":"GET","isAuthenticated":true,"isAdmin":true,"userId":"6863a3bd5493cc908b53292a"}
[13:33:36 03/07/2025] [DEBUG] Request authentication | Meta: {"url":"/admin/products?limit=10&page=2","method":"GET","isAuthenticated":true,"isAdmin":true,"userId":"6863a3bd5493cc908b53292a"}
[13:33:39 03/07/2025] [DEBUG] Request authentication | Meta: {"url":"/admin/products?limit=10&page=1","method":"GET","isAuthenticated":true,"isAdmin":true,"userId":"6863a3bd5493cc908b53292a"}
[13:35:39 03/07/2025] [DEBUG] Request authentication | Meta: {"url":"/admin/products?limit=10&page=1","method":"GET","isAuthenticated":true,"isAdmin":true,"userId":"6863a3bd5493cc908b53292a"}
[13:36:32 03/07/2025] [DEBUG] Request authentication | Meta: {"url":"/admin/products?limit=10&page=1","method":"GET","isAuthenticated":true,"isAdmin":true,"userId":"6863a3bd5493cc908b53292a"}
[13:36:45 03/07/2025] [DEBUG] Request authentication | Meta: {"url":"/admin/products?search=&category=dog&sort=&limit=10","method":"GET","isAuthenticated":true,"isAdmin":true,"userId":"6863a3bd5493cc908b53292a"}
[13:36:49 03/07/2025] [DEBUG] Request authentication | Meta: {"url":"/admin/products?search=&category=cat&sort=&limit=10","method":"GET","isAuthenticated":true,"isAdmin":true,"userId":"6863a3bd5493cc908b53292a"}
[13:36:54 03/07/2025] [DEBUG] Request authentication | Meta: {"url":"/admin/products","method":"GET","isAuthenticated":true,"isAdmin":true,"userId":"6863a3bd5493cc908b53292a"}
[13:37:00 03/07/2025] [DEBUG] Request authentication | Meta: {"url":"/admin/products?search=&category=&sort=stock_desc&limit=10","method":"GET","isAuthenticated":true,"isAdmin":true,"userId":"6863a3bd5493cc908b53292a"}
[13:37:05 03/07/2025] [DEBUG] Request authentication | Meta: {"url":"/admin/products?search=&category=&sort=stock_desc&limit=5","method":"GET","isAuthenticated":true,"isAdmin":true,"userId":"6863a3bd5493cc908b53292a"}
[13:37:16 03/07/2025] [DEBUG] Request authentication | Meta: {"url":"/admin/edit-product/6865522580c38388b5018010?edit=true","method":"GET","isAuthenticated":true,"isAdmin":true,"userId":"6863a3bd5493cc908b53292a"}
[13:37:24 03/07/2025] [DEBUG] Request authentication | Meta: {"url":"/admin/dashboard","method":"GET","isAuthenticated":true,"isAdmin":true,"userId":"6863a3bd5493cc908b53292a"}
[13:37:26 03/07/2025] [DEBUG] Request authentication | Meta: {"url":"/admin/products","method":"GET","isAuthenticated":true,"isAdmin":true,"userId":"6863a3bd5493cc908b53292a"}
[13:37:30 03/07/2025] [DEBUG] Request authentication | Meta: {"url":"/admin/orders","method":"GET","isAuthenticated":true,"isAdmin":true,"userId":"6863a3bd5493cc908b53292a"}
[13:37:43 03/07/2025] [DEBUG] Request authentication | Meta: {"url":"/admin/orders/68639e1432fc99258f81c528","method":"GET","isAuthenticated":true,"isAdmin":true,"userId":"6863a3bd5493cc908b53292a"}
[13:37:43 03/07/2025] [DEBUG] Request authentication | Meta: {"url":"/css/admin.css","method":"GET","isAuthenticated":true,"isAdmin":true,"userId":"6863a3bd5493cc908b53292a"}
[13:37:49 03/07/2025] [DEBUG] Request authentication | Meta: {"url":"/admin/dashboard","method":"GET","isAuthenticated":true,"isAdmin":true,"userId":"6863a3bd5493cc908b53292a"}
[13:37:54 03/07/2025] [DEBUG] Request authentication | Meta: {"url":"/admin/orders","method":"GET","isAuthenticated":true,"isAdmin":true,"userId":"6863a3bd5493cc908b53292a"}
[13:37:55 03/07/2025] [DEBUG] Request authentication | Meta: {"url":"/admin/accounts","method":"GET","isAuthenticated":true,"isAdmin":true,"userId":"6863a3bd5493cc908b53292a"}
[13:37:57 03/07/2025] [DEBUG] Request authentication | Meta: {"url":"/admin/dashboard","method":"GET","isAuthenticated":true,"isAdmin":true,"userId":"6863a3bd5493cc908b53292a"}
[13:38:00 03/07/2025] [DEBUG] Request authentication | Meta: {"url":"/admin/products","method":"GET","isAuthenticated":true,"isAdmin":true,"userId":"6863a3bd5493cc908b53292a"}
[13:38:19 03/07/2025] [DEBUG] Request authentication | Meta: {"url":"/admin/add-product","method":"GET","isAuthenticated":true,"isAdmin":true,"userId":"6863a3bd5493cc908b53292a"}
[13:46:24 03/07/2025] [DEBUG] Request authentication | Meta: {"url":"/admin/add-product","method":"GET","isAuthenticated":true,"isAdmin":true,"userId":"6863a3bd5493cc908b53292a"}
[13:46:37 03/07/2025] [DEBUG] Request authentication | Meta: {"url":"/admin/products","method":"GET","isAuthenticated":true,"isAdmin":true,"userId":"6863a3bd5493cc908b53292a"}
[13:47:50 03/07/2025] [DEBUG] Request authentication | Meta: {"url":"/admin/add-product","method":"GET","isAuthenticated":true,"isAdmin":true,"userId":"6863a3bd5493cc908b53292a"}
[13:48:22 03/07/2025] [DEBUG] Request authentication | Meta: {"url":"/admin/products","method":"GET","isAuthenticated":true,"isAdmin":true,"userId":"6863a3bd5493cc908b53292a"}
[13:52:08 03/07/2025] [DEBUG] Request authentication | Meta: {"url":"/admin/add-product","method":"GET","isAuthenticated":true,"isAdmin":true,"userId":"6863a3bd5493cc908b53292a"}
[13:52:40 03/07/2025] [DEBUG] Request authentication | Meta: {"url":"/admin/dashboard","method":"GET","isAuthenticated":true,"isAdmin":true,"userId":"6863a3bd5493cc908b53292a"}
[13:53:26 03/07/2025] [DEBUG] Request authentication | Meta: {"url":"/admin/products","method":"GET","isAuthenticated":true,"isAdmin":true,"userId":"6863a3bd5493cc908b53292a"}
[13:53:30 03/07/2025] [DEBUG] Request authentication | Meta: {"url":"/admin/add-product","method":"GET","isAuthenticated":true,"isAdmin":true,"userId":"6863a3bd5493cc908b53292a"}
[13:54:49 03/07/2025] [DEBUG] Request authentication | Meta: {"url":"/admin/add-product","method":"POST","isAuthenticated":true,"isAdmin":true,"userId":"6863a3bd5493cc908b53292a"}
[13:54:49 03/07/2025] [DEBUG] Request authentication | Meta: {"url":"/admin/products","method":"GET","isAuthenticated":true,"isAdmin":true,"userId":"6863a3bd5493cc908b53292a"}
[13:54:59 03/07/2025] [DEBUG] Request authentication | Meta: {"url":"/admin/orders","method":"GET","isAuthenticated":true,"isAdmin":true,"userId":"6863a3bd5493cc908b53292a"}
[13:55:07 03/07/2025] [DEBUG] Request authentication | Meta: {"url":"/admin/dashboard","method":"GET","isAuthenticated":true,"isAdmin":true,"userId":"6863a3bd5493cc908b53292a"}
[13:55:09 03/07/2025] [DEBUG] Request authentication | Meta: {"url":"/admin/orders","method":"GET","isAuthenticated":true,"isAdmin":true,"userId":"6863a3bd5493cc908b53292a"}
[13:55:12 03/07/2025] [DEBUG] Request authentication | Meta: {"url":"/admin/dashboard","method":"GET","isAuthenticated":true,"isAdmin":true,"userId":"6863a3bd5493cc908b53292a"}
[13:55:13 03/07/2025] [DEBUG] Request authentication | Meta: {"url":"/admin/products","method":"GET","isAuthenticated":true,"isAdmin":true,"userId":"6863a3bd5493cc908b53292a"}
[13:55:22 03/07/2025] [DEBUG] Request authentication | Meta: {"url":"/logout","method":"POST","isAuthenticated":true,"isAdmin":true,"userId":"6863a3bd5493cc908b53292a"}
[13:55:22 03/07/2025] [DEBUG] Request authentication | Meta: {"url":"/","method":"GET","isAuthenticated":false,"userId":null}
[13:55:33 03/07/2025] [DEBUG] Request authentication | Meta: {"url":"/login","method":"GET","isAuthenticated":false,"userId":null}
[13:55:42 03/07/2025] [DEBUG] Request authentication | Meta: {"url":"/login","method":"POST","isAuthenticated":false,"userId":null}
[13:55:42 03/07/2025] [DEBUG] Request authentication | Meta: {"url":"/admin/dashboard","method":"GET","isAuthenticated":true,"isAdmin":true,"userId":"6863a3bd5493cc908b53292a"}
[13:55:45 03/07/2025] [DEBUG] Request authentication | Meta: {"url":"/admin/products","method":"GET","isAuthenticated":true,"isAdmin":true,"userId":"6863a3bd5493cc908b53292a"}
[14:01:11 03/07/2025] [DEBUG] Request authentication | Meta: {"url":"/admin/products","method":"GET","isAuthenticated":true,"isAdmin":true,"userId":"6863a3bd5493cc908b53292a"}
[14:01:50 03/07/2025] [DEBUG] Request authentication | Meta: {"url":"/admin/products","method":"GET","isAuthenticated":true,"isAdmin":true,"userId":"6863a3bd5493cc908b53292a"}
[14:01:56 03/07/2025] [DEBUG] Request authentication | Meta: {"url":"/admin/orders","method":"GET","isAuthenticated":true,"isAdmin":true,"userId":"6863a3bd5493cc908b53292a"}
[14:02:03 03/07/2025] [DEBUG] Request authentication | Meta: {"url":"/admin/accounts","method":"GET","isAuthenticated":true,"isAdmin":true,"userId":"6863a3bd5493cc908b53292a"}
[14:02:06 03/07/2025] [DEBUG] Request authentication | Meta: {"url":"/admin/products","method":"GET","isAuthenticated":true,"isAdmin":true,"userId":"6863a3bd5493cc908b53292a"}
[14:02:08 03/07/2025] [DEBUG] Request authentication | Meta: {"url":"/admin/dashboard","method":"GET","isAuthenticated":true,"isAdmin":true,"userId":"6863a3bd5493cc908b53292a"}
[14:02:10 03/07/2025] [DEBUG] Request authentication | Meta: {"url":"/admin/products","method":"GET","isAuthenticated":true,"isAdmin":true,"userId":"6863a3bd5493cc908b53292a"}
[14:02:16 03/07/2025] [DEBUG] Request authentication | Meta: {"url":"/admin/accounts","method":"GET","isAuthenticated":true,"isAdmin":true,"userId":"6863a3bd5493cc908b53292a"}
[14:03:20 03/07/2025] [DEBUG] Request authentication | Meta: {"url":"/admin/products","method":"GET","isAuthenticated":true,"isAdmin":true,"userId":"6863a3bd5493cc908b53292a"}
[14:10:01 03/07/2025] [DEBUG] Request authentication | Meta: {"url":"/admin/accounts","method":"GET","isAuthenticated":true,"isAdmin":true,"userId":"6863a3bd5493cc908b53292a"}
[14:10:24 03/07/2025] [DEBUG] Request authentication | Meta: {"url":"/admin/dashboard","method":"GET","isAuthenticated":true,"isAdmin":true,"userId":"6863a3bd5493cc908b53292a"}
[14:10:26 03/07/2025] [DEBUG] Request authentication | Meta: {"url":"/admin/accounts","method":"GET","isAuthenticated":true,"isAdmin":true,"userId":"6863a3bd5493cc908b53292a"}
[14:10:59 03/07/2025] [DEBUG] Request authentication | Meta: {"url":"/","method":"GET","isAuthenticated":true,"isAdmin":true,"userId":"6863a3bd5493cc908b53292a"}
[14:13:23 03/07/2025] [DEBUG] Request authentication | Meta: {"url":"/admin/accounts","method":"GET","isAuthenticated":true,"isAdmin":true,"userId":"6863a3bd5493cc908b53292a"}
[14:14:27 03/07/2025] [DEBUG] Request authentication | Meta: {"url":"/","method":"GET","isAuthenticated":true,"isAdmin":true,"userId":"6863a3bd5493cc908b53292a"}
[14:14:29 03/07/2025] [DEBUG] Request authentication | Meta: {"url":"/admin/accounts","method":"GET","isAuthenticated":true,"isAdmin":true,"userId":"6863a3bd5493cc908b53292a"}
[14:14:31 03/07/2025] [DEBUG] Request authentication | Meta: {"url":"/admin/dashboard","method":"GET","isAuthenticated":true,"isAdmin":true,"userId":"6863a3bd5493cc908b53292a"}
[14:14:41 03/07/2025] [DEBUG] Request authentication | Meta: {"url":"/admin/accounts","method":"GET","isAuthenticated":true,"isAdmin":true,"userId":"6863a3bd5493cc908b53292a"}
[14:17:18 03/07/2025] [DEBUG] Request authentication | Meta: {"url":"/admin/accounts","method":"GET","isAuthenticated":true,"isAdmin":true,"userId":"6863a3bd5493cc908b53292a"}
[14:19:18 03/07/2025] [DEBUG] Request authentication | Meta: {"url":"/admin/accounts","method":"GET","isAuthenticated":true,"isAdmin":true,"userId":"6863a3bd5493cc908b53292a"}
[14:19:26 03/07/2025] [DEBUG] Request authentication | Meta: {"url":"/admin/orders","method":"GET","isAuthenticated":true,"isAdmin":true,"userId":"6863a3bd5493cc908b53292a"}
[14:19:28 03/07/2025] [DEBUG] Request authentication | Meta: {"url":"/admin/products","method":"GET","isAuthenticated":true,"isAdmin":true,"userId":"6863a3bd5493cc908b53292a"}
[14:19:31 03/07/2025] [DEBUG] Request authentication | Meta: {"url":"/admin/accounts","method":"GET","isAuthenticated":true,"isAdmin":true,"userId":"6863a3bd5493cc908b53292a"}
[14:20:04 03/07/2025] [DEBUG] Request authentication | Meta: {"url":"/admin/dashboard","method":"GET","isAuthenticated":true,"isAdmin":true,"userId":"6863a3bd5493cc908b53292a"}
[14:20:06 03/07/2025] [DEBUG] Request authentication | Meta: {"url":"/admin/products","method":"GET","isAuthenticated":true,"isAdmin":true,"userId":"6863a3bd5493cc908b53292a"}
[14:20:08 03/07/2025] [DEBUG] Request authentication | Meta: {"url":"/admin/orders","method":"GET","isAuthenticated":true,"isAdmin":true,"userId":"6863a3bd5493cc908b53292a"}
[14:20:11 03/07/2025] [DEBUG] Request authentication | Meta: {"url":"/admin/accounts","method":"GET","isAuthenticated":true,"isAdmin":true,"userId":"6863a3bd5493cc908b53292a"}
[14:20:12 03/07/2025] [DEBUG] Request authentication | Meta: {"url":"/admin/dashboard","method":"GET","isAuthenticated":true,"isAdmin":true,"userId":"6863a3bd5493cc908b53292a"}
[14:20:19 03/07/2025] [DEBUG] Request authentication | Meta: {"url":"/admin/products","method":"GET","isAuthenticated":true,"isAdmin":true,"userId":"6863a3bd5493cc908b53292a"}
[14:20:23 03/07/2025] [DEBUG] Request authentication | Meta: {"url":"/admin/orders","method":"GET","isAuthenticated":true,"isAdmin":true,"userId":"6863a3bd5493cc908b53292a"}
[14:20:31 03/07/2025] [DEBUG] Request authentication | Meta: {"url":"/admin/accounts","method":"GET","isAuthenticated":true,"isAdmin":true,"userId":"6863a3bd5493cc908b53292a"}
[14:20:49 03/07/2025] [DEBUG] Request authentication | Meta: {"url":"/admin/accounts/6863a3bd5493cc908b53292a/edit","method":"GET","isAuthenticated":true,"isAdmin":true,"userId":"6863a3bd5493cc908b53292a"}
[14:24:26 03/07/2025] [DEBUG] Request authentication | Meta: {"url":"/admin/accounts","method":"GET","isAuthenticated":true,"isAdmin":true,"userId":"6863a3bd5493cc908b53292a"}
[14:25:34 03/07/2025] [DEBUG] Request authentication | Meta: {"url":"/admin/accounts","method":"GET","isAuthenticated":true,"isAdmin":true,"userId":"6863a3bd5493cc908b53292a"}
[14:25:52 03/07/2025] [DEBUG] Request authentication | Meta: {"url":"/admin/accounts/create","method":"GET","isAuthenticated":true,"isAdmin":true,"userId":"6863a3bd5493cc908b53292a"}
[14:26:16 03/07/2025] [DEBUG] Request authentication | Meta: {"url":"/admin/accounts?search=&role=admin","method":"GET","isAuthenticated":true,"isAdmin":true,"userId":"6863a3bd5493cc908b53292a"}
[14:26:19 03/07/2025] [DEBUG] Request authentication | Meta: {"url":"/admin/accounts?search=&role=user","method":"GET","isAuthenticated":true,"isAdmin":true,"userId":"6863a3bd5493cc908b53292a"}
[14:26:21 03/07/2025] [DEBUG] Request authentication | Meta: {"url":"/admin/accounts?search=&role=user","method":"GET","isAuthenticated":true,"isAdmin":true,"userId":"6863a3bd5493cc908b53292a"}
[14:26:23 03/07/2025] [DEBUG] Request authentication | Meta: {"url":"/admin/accounts?search=&role=","method":"GET","isAuthenticated":true,"isAdmin":true,"userId":"6863a3bd5493cc908b53292a"}
[14:26:26 03/07/2025] [DEBUG] Request authentication | Meta: {"url":"/admin/accounts/6863a3bd5493cc908b53292a/edit","method":"GET","isAuthenticated":true,"isAdmin":true,"userId":"6863a3bd5493cc908b53292a"}
[14:26:33 03/07/2025] [DEBUG] Request authentication | Meta: {"url":"/admin/accounts/create","method":"GET","isAuthenticated":true,"isAdmin":true,"userId":"6863a3bd5493cc908b53292a"}
[14:26:57 03/07/2025] [DEBUG] Request authentication | Meta: {"url":"/admin/accounts?search=Normal+User&role=","method":"GET","isAuthenticated":true,"isAdmin":true,"userId":"6863a3bd5493cc908b53292a"}
[14:27:01 03/07/2025] [DEBUG] Request authentication | Meta: {"url":"/admin/accounts?search=Normal+User&role=","method":"GET","isAuthenticated":true,"isAdmin":true,"userId":"6863a3bd5493cc908b53292a"}
[14:27:07 03/07/2025] [DEBUG] Request authentication | Meta: {"url":"/admin/accounts?search=&role=","method":"GET","isAuthenticated":true,"isAdmin":true,"userId":"6863a3bd5493cc908b53292a"}
[14:52:48 03/07/2025] [DEBUG] Request authentication | Meta: {"url":"/admin/accounts?search=&role=","method":"GET","isAuthenticated":true,"isAdmin":true,"userId":"6863a3bd5493cc908b53292a"}
[14:52:53 03/07/2025] [DEBUG] Request authentication | Meta: {"url":"/admin/accounts/create","method":"GET","isAuthenticated":true,"isAdmin":true,"userId":"6863a3bd5493cc908b53292a"}
[14:53:05 03/07/2025] [DEBUG] Request authentication | Meta: {"url":"/admin/accounts","method":"GET","isAuthenticated":true,"isAdmin":true,"userId":"6863a3bd5493cc908b53292a"}
[14:53:07 03/07/2025] [DEBUG] Request authentication | Meta: {"url":"/admin/accounts/6863a3bd5493cc908b53292a/edit","method":"GET","isAuthenticated":true,"isAdmin":true,"userId":"6863a3bd5493cc908b53292a"}
[14:53:17 03/07/2025] [DEBUG] Request authentication | Meta: {"url":"/admin/accounts/create","method":"GET","isAuthenticated":true,"isAdmin":true,"userId":"6863a3bd5493cc908b53292a"}
[14:53:26 03/07/2025] [DEBUG] Request authentication | Meta: {"url":"/admin/accounts/create","method":"POST","isAuthenticated":true,"isAdmin":true,"userId":"6863a3bd5493cc908b53292a"}
[14:53:26 03/07/2025] [DEBUG] Request authentication | Meta: {"url":"/admin/accounts","method":"GET","isAuthenticated":true,"isAdmin":true,"userId":"6863a3bd5493cc908b53292a"}
[14:53:36 03/07/2025] [DEBUG] Request authentication | Meta: {"url":"/admin/accounts/686636f6d9b4317e8805ab10/edit","method":"GET","isAuthenticated":true,"isAdmin":true,"userId":"6863a3bd5493cc908b53292a"}
[14:55:42 03/07/2025] [DEBUG] Request authentication | Meta: {"url":"/admin/accounts/6863a3bd5493cc908b53292a/edit","method":"GET","isAuthenticated":true,"isAdmin":true,"userId":"6863a3bd5493cc908b53292a"}
[14:55:57 03/07/2025] [DEBUG] Request authentication | Meta: {"url":"/admin/accounts/686636f6d9b4317e8805ab10","method":"DELETE","isAuthenticated":true,"isAdmin":true,"userId":"6863a3bd5493cc908b53292a"}
[14:55:57 03/07/2025] [DEBUG] Request authentication | Meta: {"url":"/admin/accounts","method":"DELETE","isAuthenticated":true,"isAdmin":true,"userId":"6863a3bd5493cc908b53292a"}
[14:55:57 03/07/2025] [DEBUG] Request authentication | Meta: {"url":"/admin/accounts","method":"GET","isAuthenticated":true,"isAdmin":true,"userId":"6863a3bd5493cc908b53292a"}
[19:09:49 03/07/2025] [DEBUG] Request authentication | Meta: {"url":"/","method":"GET","isAuthenticated":true,"isAdmin":true,"userId":"6863a3bd5493cc908b53292a"}
[19:09:52 03/07/2025] [DEBUG] Request authentication | Meta: {"url":"/favicon.ico","method":"GET","isAuthenticated":true,"isAdmin":true,"userId":"6863a3bd5493cc908b53292a"}
[19:10:01 03/07/2025] [DEBUG] Request authentication | Meta: {"url":"/products?category=dog","method":"GET","isAuthenticated":true,"isAdmin":true,"userId":"6863a3bd5493cc908b53292a"}
[19:10:08 03/07/2025] [DEBUG] Request authentication | Meta: {"url":"/shop","method":"GET","isAuthenticated":true,"isAdmin":true,"userId":"6863a3bd5493cc908b53292a"}
[19:10:11 03/07/2025] [DEBUG] Request authentication | Meta: {"url":"/logout","method":"POST","isAuthenticated":true,"isAdmin":true,"userId":"6863a3bd5493cc908b53292a"}
[19:10:11 03/07/2025] [DEBUG] Request authentication | Meta: {"url":"/","method":"GET","isAuthenticated":false,"userId":null}
[19:10:13 03/07/2025] [DEBUG] Request authentication | Meta: {"url":"/login","method":"GET","isAuthenticated":false,"userId":null}
[19:10:14 03/07/2025] [DEBUG] Request authentication | Meta: {"url":"/login","method":"POST","isAuthenticated":false,"userId":null}
[19:10:15 03/07/2025] [DEBUG] Request authentication | Meta: {"url":"/admin/dashboard","method":"GET","isAuthenticated":true,"isAdmin":true,"userId":"6863a3bd5493cc908b53292a"}
[19:10:17 03/07/2025] [DEBUG] Request authentication | Meta: {"url":"/admin/products","method":"GET","isAuthenticated":true,"isAdmin":true,"userId":"6863a3bd5493cc908b53292a"}
[19:10:23 03/07/2025] [DEBUG] Request authentication | Meta: {"url":"/admin/products?search=&category=dog&sort=&limit=10","method":"GET","isAuthenticated":true,"isAdmin":true,"userId":"6863a3bd5493cc908b53292a"}
[19:10:24 03/07/2025] [DEBUG] Request authentication | Meta: {"url":"/admin/products?search=&category=dog&sort=&limit=10","method":"GET","isAuthenticated":true,"isAdmin":true,"userId":"6863a3bd5493cc908b53292a"}
[19:19:02 03/07/2025] [DEBUG] Request authentication | Meta: {"url":"/admin/products?search=&category=cat&sort=&limit=10","method":"GET","isAuthenticated":true,"isAdmin":true,"userId":"6863a3bd5493cc908b53292a"}
[19:23:30 03/07/2025] [DEBUG] Request authentication | Meta: {"url":"/admin/products?search=&category=fish&sort=&limit=10","method":"GET","isAuthenticated":true,"isAdmin":true,"userId":"6863a3bd5493cc908b53292a"}
[19:27:59 03/07/2025] [DEBUG] Request authentication | Meta: {"url":"/admin/products?search=&category=small-pets&sort=&limit=10","method":"GET","isAuthenticated":true,"isAdmin":true,"userId":"6863a3bd5493cc908b53292a"}
[19:31:12 03/07/2025] [DEBUG] Request authentication | Meta: {"url":"/admin/edit-product/6865522580c38388b5018015?edit=true","method":"GET","isAuthenticated":true,"isAdmin":true,"userId":"6863a3bd5493cc908b53292a"}
[19:31:31 03/07/2025] [DEBUG] Request authentication | Meta: {"url":"/admin/edit-product","method":"POST","isAuthenticated":true,"isAdmin":true,"userId":"6863a3bd5493cc908b53292a"}
[19:31:31 03/07/2025] [DEBUG] Request authentication | Meta: {"url":"/admin/products","method":"GET","isAuthenticated":true,"isAdmin":true,"userId":"6863a3bd5493cc908b53292a"}
[19:31:38 03/07/2025] [DEBUG] Request authentication | Meta: {"url":"/admin/products?search=&category=small-pets&sort=&limit=10","method":"GET","isAuthenticated":true,"isAdmin":true,"userId":"6863a3bd5493cc908b53292a"}
[19:31:49 03/07/2025] [DEBUG] Request authentication | Meta: {"url":"/admin/edit-product/6865522580c38388b5018016?edit=true","method":"GET","isAuthenticated":true,"isAdmin":true,"userId":"6863a3bd5493cc908b53292a"}
[19:32:01 03/07/2025] [DEBUG] Request authentication | Meta: {"url":"/admin/edit-product","method":"POST","isAuthenticated":true,"isAdmin":true,"userId":"6863a3bd5493cc908b53292a"}
[19:32:01 03/07/2025] [DEBUG] Request authentication | Meta: {"url":"/admin/products","method":"GET","isAuthenticated":true,"isAdmin":true,"userId":"6863a3bd5493cc908b53292a"}
[19:32:06 03/07/2025] [DEBUG] Request authentication | Meta: {"url":"/admin/products?search=&category=small-pets&sort=&limit=10","method":"GET","isAuthenticated":true,"isAdmin":true,"userId":"6863a3bd5493cc908b53292a"}
[19:32:24 03/07/2025] [DEBUG] Request authentication | Meta: {"url":"/admin/edit-product/6865522580c38388b5018017?edit=true","method":"GET","isAuthenticated":true,"isAdmin":true,"userId":"6863a3bd5493cc908b53292a"}
[19:32:31 03/07/2025] [DEBUG] Request authentication | Meta: {"url":"/admin/edit-product","method":"POST","isAuthenticated":true,"isAdmin":true,"userId":"6863a3bd5493cc908b53292a"}
[19:32:31 03/07/2025] [DEBUG] Request authentication | Meta: {"url":"/admin/products","method":"GET","isAuthenticated":true,"isAdmin":true,"userId":"6863a3bd5493cc908b53292a"}
[19:32:48 03/07/2025] [DEBUG] Request authentication | Meta: {"url":"/admin/products?search=&category=small-pets&sort=&limit=10","method":"GET","isAuthenticated":true,"isAdmin":true,"userId":"6863a3bd5493cc908b53292a"}
[19:32:58 03/07/2025] [DEBUG] Request authentication | Meta: {"url":"/admin/edit-product/6865522580c38388b5018018?edit=true","method":"GET","isAuthenticated":true,"isAdmin":true,"userId":"6863a3bd5493cc908b53292a"}
[19:33:04 03/07/2025] [DEBUG] Request authentication | Meta: {"url":"/admin/edit-product","method":"POST","isAuthenticated":true,"isAdmin":true,"userId":"6863a3bd5493cc908b53292a"}
[19:33:05 03/07/2025] [DEBUG] Request authentication | Meta: {"url":"/admin/products","method":"GET","isAuthenticated":true,"isAdmin":true,"userId":"6863a3bd5493cc908b53292a"}
[19:33:15 03/07/2025] [DEBUG] Request authentication | Meta: {"url":"/admin/products?search=&category=small-pets&sort=&limit=10","method":"GET","isAuthenticated":true,"isAdmin":true,"userId":"6863a3bd5493cc908b53292a"}
[19:33:19 03/07/2025] [DEBUG] Request authentication | Meta: {"url":"/admin/edit-product/6865522580c38388b5018019?edit=true","method":"GET","isAuthenticated":true,"isAdmin":true,"userId":"6863a3bd5493cc908b53292a"}
[19:34:27 03/07/2025] [DEBUG] Request authentication | Meta: {"url":"/admin/edit-product","method":"POST","isAuthenticated":true,"isAdmin":true,"userId":"6863a3bd5493cc908b53292a"}
[19:34:27 03/07/2025] [DEBUG] Request authentication | Meta: {"url":"/admin/products","method":"GET","isAuthenticated":true,"isAdmin":true,"userId":"6863a3bd5493cc908b53292a"}
[19:34:36 03/07/2025] [DEBUG] Request authentication | Meta: {"url":"/admin/products?search=&category=small-pets&sort=&limit=10","method":"GET","isAuthenticated":true,"isAdmin":true,"userId":"6863a3bd5493cc908b53292a"}
[19:34:43 03/07/2025] [DEBUG] Request authentication | Meta: {"url":"/admin/products?search=&category=fish&sort=&limit=10","method":"GET","isAuthenticated":true,"isAdmin":true,"userId":"6863a3bd5493cc908b53292a"}
[19:34:55 03/07/2025] [DEBUG] Request authentication | Meta: {"url":"/admin/edit-product/6865522580c38388b5018010?edit=true","method":"GET","isAuthenticated":true,"isAdmin":true,"userId":"6863a3bd5493cc908b53292a"}
[19:35:05 03/07/2025] [DEBUG] Request authentication | Meta: {"url":"/admin/edit-product","method":"POST","isAuthenticated":true,"isAdmin":true,"userId":"6863a3bd5493cc908b53292a"}
[19:35:06 03/07/2025] [DEBUG] Request authentication | Meta: {"url":"/admin/products","method":"GET","isAuthenticated":true,"isAdmin":true,"userId":"6863a3bd5493cc908b53292a"}
[19:35:09 03/07/2025] [DEBUG] Request authentication | Meta: {"url":"/admin/products?search=&category=fish&sort=&limit=10","method":"GET","isAuthenticated":true,"isAdmin":true,"userId":"6863a3bd5493cc908b53292a"}
[19:35:14 03/07/2025] [DEBUG] Request authentication | Meta: {"url":"/admin/edit-product/6865522580c38388b5018011?edit=true","method":"GET","isAuthenticated":true,"isAdmin":true,"userId":"6863a3bd5493cc908b53292a"}
[19:35:20 03/07/2025] [DEBUG] Request authentication | Meta: {"url":"/admin/edit-product","method":"POST","isAuthenticated":true,"isAdmin":true,"userId":"6863a3bd5493cc908b53292a"}
[19:35:20 03/07/2025] [DEBUG] Request authentication | Meta: {"url":"/admin/products","method":"GET","isAuthenticated":true,"isAdmin":true,"userId":"6863a3bd5493cc908b53292a"}
[19:35:24 03/07/2025] [DEBUG] Request authentication | Meta: {"url":"/admin/products?search=&category=fish&sort=&limit=10","method":"GET","isAuthenticated":true,"isAdmin":true,"userId":"6863a3bd5493cc908b53292a"}
[19:35:29 03/07/2025] [DEBUG] Request authentication | Meta: {"url":"/admin/edit-product/6865522580c38388b5018012?edit=true","method":"GET","isAuthenticated":true,"isAdmin":true,"userId":"6863a3bd5493cc908b53292a"}
[19:35:36 03/07/2025] [DEBUG] Request authentication | Meta: {"url":"/admin/edit-product","method":"POST","isAuthenticated":true,"isAdmin":true,"userId":"6863a3bd5493cc908b53292a"}
[19:35:37 03/07/2025] [DEBUG] Request authentication | Meta: {"url":"/admin/products","method":"GET","isAuthenticated":true,"isAdmin":true,"userId":"6863a3bd5493cc908b53292a"}
[19:35:48 03/07/2025] [DEBUG] Request authentication | Meta: {"url":"/admin/products?search=&category=fish&sort=&limit=10","method":"GET","isAuthenticated":true,"isAdmin":true,"userId":"6863a3bd5493cc908b53292a"}
[19:35:53 03/07/2025] [DEBUG] Request authentication | Meta: {"url":"/admin/edit-product/6865522580c38388b5018013?edit=true","method":"GET","isAuthenticated":true,"isAdmin":true,"userId":"6863a3bd5493cc908b53292a"}
[19:36:02 03/07/2025] [DEBUG] Request authentication | Meta: {"url":"/admin/edit-product","method":"POST","isAuthenticated":true,"isAdmin":true,"userId":"6863a3bd5493cc908b53292a"}
[19:36:03 03/07/2025] [DEBUG] Request authentication | Meta: {"url":"/admin/products","method":"GET","isAuthenticated":true,"isAdmin":true,"userId":"6863a3bd5493cc908b53292a"}
[19:36:07 03/07/2025] [DEBUG] Request authentication | Meta: {"url":"/admin/products?search=&category=fish&sort=&limit=10","method":"GET","isAuthenticated":true,"isAdmin":true,"userId":"6863a3bd5493cc908b53292a"}
[19:36:11 03/07/2025] [DEBUG] Request authentication | Meta: {"url":"/admin/edit-product/6865522580c38388b5018014?edit=true","method":"GET","isAuthenticated":true,"isAdmin":true,"userId":"6863a3bd5493cc908b53292a"}
[19:36:19 03/07/2025] [DEBUG] Request authentication | Meta: {"url":"/admin/edit-product","method":"POST","isAuthenticated":true,"isAdmin":true,"userId":"6863a3bd5493cc908b53292a"}
[19:36:19 03/07/2025] [DEBUG] Request authentication | Meta: {"url":"/admin/products","method":"GET","isAuthenticated":true,"isAdmin":true,"userId":"6863a3bd5493cc908b53292a"}
[19:36:26 03/07/2025] [DEBUG] Request authentication | Meta: {"url":"/admin/products?search=&category=fish&sort=&limit=10","method":"GET","isAuthenticated":true,"isAdmin":true,"userId":"6863a3bd5493cc908b53292a"}
[19:36:32 03/07/2025] [DEBUG] Request authentication | Meta: {"url":"/admin/products?search=&category=cat&sort=&limit=10","method":"GET","isAuthenticated":true,"isAdmin":true,"userId":"6863a3bd5493cc908b53292a"}
[19:36:42 03/07/2025] [DEBUG] Request authentication | Meta: {"url":"/admin/edit-product/6865522580c38388b501800b?edit=true","method":"GET","isAuthenticated":true,"isAdmin":true,"userId":"6863a3bd5493cc908b53292a"}
[19:36:51 03/07/2025] [DEBUG] Request authentication | Meta: {"url":"/admin/edit-product","method":"POST","isAuthenticated":true,"isAdmin":true,"userId":"6863a3bd5493cc908b53292a"}
[19:36:52 03/07/2025] [DEBUG] Request authentication | Meta: {"url":"/admin/products","method":"GET","isAuthenticated":true,"isAdmin":true,"userId":"6863a3bd5493cc908b53292a"}
[19:36:56 03/07/2025] [DEBUG] Request authentication | Meta: {"url":"/admin/products?search=&category=cat&sort=&limit=10","method":"GET","isAuthenticated":true,"isAdmin":true,"userId":"6863a3bd5493cc908b53292a"}
[19:37:00 03/07/2025] [DEBUG] Request authentication | Meta: {"url":"/admin/edit-product/6865522580c38388b501800c?edit=true","method":"GET","isAuthenticated":true,"isAdmin":true,"userId":"6863a3bd5493cc908b53292a"}
[19:37:06 03/07/2025] [DEBUG] Request authentication | Meta: {"url":"/admin/edit-product","method":"POST","isAuthenticated":true,"isAdmin":true,"userId":"6863a3bd5493cc908b53292a"}
[19:37:06 03/07/2025] [DEBUG] Request authentication | Meta: {"url":"/admin/products","method":"GET","isAuthenticated":true,"isAdmin":true,"userId":"6863a3bd5493cc908b53292a"}
[19:37:13 03/07/2025] [DEBUG] Request authentication | Meta: {"url":"/admin/products?search=&category=cat&sort=&limit=10","method":"GET","isAuthenticated":true,"isAdmin":true,"userId":"6863a3bd5493cc908b53292a"}
[19:37:27 03/07/2025] [DEBUG] Request authentication | Meta: {"url":"/admin/edit-product/6865522580c38388b501800d?edit=true","method":"GET","isAuthenticated":true,"isAdmin":true,"userId":"6863a3bd5493cc908b53292a"}
[19:37:33 03/07/2025] [DEBUG] Request authentication | Meta: {"url":"/admin/edit-product","method":"POST","isAuthenticated":true,"isAdmin":true,"userId":"6863a3bd5493cc908b53292a"}
[19:37:33 03/07/2025] [DEBUG] Request authentication | Meta: {"url":"/admin/products","method":"GET","isAuthenticated":true,"isAdmin":true,"userId":"6863a3bd5493cc908b53292a"}
[19:37:38 03/07/2025] [DEBUG] Request authentication | Meta: {"url":"/admin/products?search=&category=cat&sort=&limit=10","method":"GET","isAuthenticated":true,"isAdmin":true,"userId":"6863a3bd5493cc908b53292a"}
[19:37:44 03/07/2025] [DEBUG] Request authentication | Meta: {"url":"/admin/edit-product/6865522580c38388b501800e?edit=true","method":"GET","isAuthenticated":true,"isAdmin":true,"userId":"6863a3bd5493cc908b53292a"}
[19:37:49 03/07/2025] [DEBUG] Request authentication | Meta: {"url":"/admin/edit-product","method":"POST","isAuthenticated":true,"isAdmin":true,"userId":"6863a3bd5493cc908b53292a"}
[19:37:50 03/07/2025] [DEBUG] Request authentication | Meta: {"url":"/admin/products","method":"GET","isAuthenticated":true,"isAdmin":true,"userId":"6863a3bd5493cc908b53292a"}
[19:37:54 03/07/2025] [DEBUG] Request authentication | Meta: {"url":"/admin/products?search=&category=cat&sort=&limit=10","method":"GET","isAuthenticated":true,"isAdmin":true,"userId":"6863a3bd5493cc908b53292a"}
[19:38:00 03/07/2025] [DEBUG] Request authentication | Meta: {"url":"/admin/edit-product/6865522580c38388b501800f?edit=true","method":"GET","isAuthenticated":true,"isAdmin":true,"userId":"6863a3bd5493cc908b53292a"}
[19:38:06 03/07/2025] [DEBUG] Request authentication | Meta: {"url":"/admin/edit-product","method":"POST","isAuthenticated":true,"isAdmin":true,"userId":"6863a3bd5493cc908b53292a"}
[19:38:06 03/07/2025] [DEBUG] Request authentication | Meta: {"url":"/admin/products","method":"GET","isAuthenticated":true,"isAdmin":true,"userId":"6863a3bd5493cc908b53292a"}
[19:38:10 03/07/2025] [DEBUG] Request authentication | Meta: {"url":"/admin/products?search=&category=cat&sort=&limit=10","method":"GET","isAuthenticated":true,"isAdmin":true,"userId":"6863a3bd5493cc908b53292a"}
[19:38:19 03/07/2025] [DEBUG] Request authentication | Meta: {"url":"/admin/products?search=&category=dog&sort=&limit=10","method":"GET","isAuthenticated":true,"isAdmin":true,"userId":"6863a3bd5493cc908b53292a"}
[19:38:23 03/07/2025] [DEBUG] Request authentication | Meta: {"url":"/admin/edit-product/6865522580c38388b5018006?edit=true","method":"GET","isAuthenticated":true,"isAdmin":true,"userId":"6863a3bd5493cc908b53292a"}
[19:38:33 03/07/2025] [DEBUG] Request authentication | Meta: {"url":"/admin/edit-product","method":"POST","isAuthenticated":true,"isAdmin":true,"userId":"6863a3bd5493cc908b53292a"}
[19:38:33 03/07/2025] [DEBUG] Request authentication | Meta: {"url":"/admin/products","method":"GET","isAuthenticated":true,"isAdmin":true,"userId":"6863a3bd5493cc908b53292a"}
[19:38:36 03/07/2025] [DEBUG] Request authentication | Meta: {"url":"/admin/products?search=&category=dog&sort=&limit=10","method":"GET","isAuthenticated":true,"isAdmin":true,"userId":"6863a3bd5493cc908b53292a"}
[19:38:40 03/07/2025] [DEBUG] Request authentication | Meta: {"url":"/admin/edit-product/6865522580c38388b5018007?edit=true","method":"GET","isAuthenticated":true,"isAdmin":true,"userId":"6863a3bd5493cc908b53292a"}
[19:38:46 03/07/2025] [DEBUG] Request authentication | Meta: {"url":"/admin/edit-product","method":"POST","isAuthenticated":true,"isAdmin":true,"userId":"6863a3bd5493cc908b53292a"}
[19:38:46 03/07/2025] [DEBUG] Request authentication | Meta: {"url":"/admin/products","method":"GET","isAuthenticated":true,"isAdmin":true,"userId":"6863a3bd5493cc908b53292a"}
[19:38:49 03/07/2025] [DEBUG] Request authentication | Meta: {"url":"/admin/products?search=&category=dog&sort=&limit=10","method":"GET","isAuthenticated":true,"isAdmin":true,"userId":"6863a3bd5493cc908b53292a"}
[19:38:52 03/07/2025] [DEBUG] Request authentication | Meta: {"url":"/admin/edit-product/6865522580c38388b5018008?edit=true","method":"GET","isAuthenticated":true,"isAdmin":true,"userId":"6863a3bd5493cc908b53292a"}
[19:38:59 03/07/2025] [DEBUG] Request authentication | Meta: {"url":"/admin/edit-product","method":"POST","isAuthenticated":true,"isAdmin":true,"userId":"6863a3bd5493cc908b53292a"}
[19:39:00 03/07/2025] [DEBUG] Request authentication | Meta: {"url":"/admin/products","method":"GET","isAuthenticated":true,"isAdmin":true,"userId":"6863a3bd5493cc908b53292a"}
[19:39:04 03/07/2025] [DEBUG] Request authentication | Meta: {"url":"/admin/products?search=&category=dog&sort=&limit=10","method":"GET","isAuthenticated":true,"isAdmin":true,"userId":"6863a3bd5493cc908b53292a"}
[19:39:10 03/07/2025] [DEBUG] Request authentication | Meta: {"url":"/admin/edit-product/6865522580c38388b5018009?edit=true","method":"GET","isAuthenticated":true,"isAdmin":true,"userId":"6863a3bd5493cc908b53292a"}
[19:39:18 03/07/2025] [DEBUG] Request authentication | Meta: {"url":"/admin/edit-product","method":"POST","isAuthenticated":true,"isAdmin":true,"userId":"6863a3bd5493cc908b53292a"}
[19:39:18 03/07/2025] [DEBUG] Request authentication | Meta: {"url":"/admin/products","method":"GET","isAuthenticated":true,"isAdmin":true,"userId":"6863a3bd5493cc908b53292a"}
[19:39:23 03/07/2025] [DEBUG] Request authentication | Meta: {"url":"/admin/products?search=&category=dog&sort=&limit=10","method":"GET","isAuthenticated":true,"isAdmin":true,"userId":"6863a3bd5493cc908b53292a"}
[19:39:28 03/07/2025] [DEBUG] Request authentication | Meta: {"url":"/admin/edit-product/6865522580c38388b501800a?edit=true","method":"GET","isAuthenticated":true,"isAdmin":true,"userId":"6863a3bd5493cc908b53292a"}
[19:39:36 03/07/2025] [DEBUG] Request authentication | Meta: {"url":"/admin/edit-product","method":"POST","isAuthenticated":true,"isAdmin":true,"userId":"6863a3bd5493cc908b53292a"}
[19:39:36 03/07/2025] [DEBUG] Request authentication | Meta: {"url":"/admin/products","method":"GET","isAuthenticated":true,"isAdmin":true,"userId":"6863a3bd5493cc908b53292a"}
[19:39:45 03/07/2025] [DEBUG] Request authentication | Meta: {"url":"/admin/products?search=&category=dog&sort=&limit=10","method":"GET","isAuthenticated":true,"isAdmin":true,"userId":"6863a3bd5493cc908b53292a"}
[19:40:01 03/07/2025] [DEBUG] Request authentication | Meta: {"url":"/admin/products?search=&category=&sort=&limit=10","method":"GET","isAuthenticated":true,"isAdmin":true,"userId":"6863a3bd5493cc908b53292a"}
[19:40:04 03/07/2025] [DEBUG] Request authentication | Meta: {"url":"/admin/products?search=&category=&sort=&limit=10","method":"GET","isAuthenticated":true,"isAdmin":true,"userId":"6863a3bd5493cc908b53292a"}
[19:40:11 03/07/2025] [DEBUG] Request authentication | Meta: {"url":"/admin/delete-product","method":"POST","isAuthenticated":true,"isAdmin":true,"userId":"6863a3bd5493cc908b53292a"}
[19:40:11 03/07/2025] [DEBUG] Request authentication | Meta: {"url":"/admin/products","method":"GET","isAuthenticated":true,"isAdmin":true,"userId":"6863a3bd5493cc908b53292a"}
[19:40:21 03/07/2025] [DEBUG] Request authentication | Meta: {"url":"/admin/products?search=&category=dog&sort=&limit=10","method":"GET","isAuthenticated":true,"isAdmin":true,"userId":"6863a3bd5493cc908b53292a"}
[19:40:29 03/07/2025] [DEBUG] Request authentication | Meta: {"url":"/admin/products?search=&category=&sort=&limit=10","method":"GET","isAuthenticated":true,"isAdmin":true,"userId":"6863a3bd5493cc908b53292a"}
[19:40:46 03/07/2025] [DEBUG] Request authentication | Meta: {"url":"/admin/dashboard","method":"GET","isAuthenticated":true,"isAdmin":true,"userId":"6863a3bd5493cc908b53292a"}
[19:40:47 03/07/2025] [DEBUG] Request authentication | Meta: {"url":"/admin/products","method":"GET","isAuthenticated":true,"isAdmin":true,"userId":"6863a3bd5493cc908b53292a"}
[19:40:59 03/07/2025] [DEBUG] Request authentication | Meta: {"url":"/admin/products?search=&category=dog&sort=&limit=10","method":"GET","isAuthenticated":true,"isAdmin":true,"userId":"6863a3bd5493cc908b53292a"}
[19:41:03 03/07/2025] [DEBUG] Request authentication | Meta: {"url":"/admin/products?search=&category=dog&sort=price_asc&limit=10","method":"GET","isAuthenticated":true,"isAdmin":true,"userId":"6863a3bd5493cc908b53292a"}
[19:41:09 03/07/2025] [DEBUG] Request authentication | Meta: {"url":"/admin/products?search=&category=dog&sort=price_asc&limit=5","method":"GET","isAuthenticated":true,"isAdmin":true,"userId":"6863a3bd5493cc908b53292a"}
[19:41:18 03/07/2025] [DEBUG] Request authentication | Meta: {"url":"/admin/products?search=V%C3%B2ng+c%E1%BB%95+ch%C3%B3+da+PU&category=dog&sort=price_asc&limit=5","method":"GET","isAuthenticated":true,"isAdmin":true,"userId":"6863a3bd5493cc908b53292a"}
[19:41:18 03/07/2025] [DEBUG] Request authentication | Meta: {"url":"/admin/products?search=V%C3%B2ng+c%E1%BB%95+ch%C3%B3+da+PU&category=dog&sort=price_asc&limit=5","method":"GET","isAuthenticated":true,"isAdmin":true,"userId":"6863a3bd5493cc908b53292a"}
[19:41:25 03/07/2025] [DEBUG] Request authentication | Meta: {"url":"/admin/products?search=V%C3%B2ng+c%E1%BB%95+ch%C3%B3+da+PU&category=cat&sort=price_asc&limit=5","method":"GET","isAuthenticated":true,"isAdmin":true,"userId":"6863a3bd5493cc908b53292a"}
[19:41:29 03/07/2025] [DEBUG] Request authentication | Meta: {"url":"/admin/products?search=V%C3%B2ng+c%E1%BB%95+&category=cat&sort=price_asc&limit=5","method":"GET","isAuthenticated":true,"isAdmin":true,"userId":"6863a3bd5493cc908b53292a"}
[19:41:34 03/07/2025] [DEBUG] Request authentication | Meta: {"url":"/admin/products?search=V%C3%B2ng+c%E1%BB%95+ch%C3%B3+da+PU&category=cat&sort=price_asc&limit=5","method":"GET","isAuthenticated":true,"isAdmin":true,"userId":"6863a3bd5493cc908b53292a"}
[19:41:36 03/07/2025] [DEBUG] Request authentication | Meta: {"url":"/admin/products?search=V%C3%B2ng+c%E1%BB%95+ch%C3%B3+da+PU&category=dog&sort=price_asc&limit=5","method":"GET","isAuthenticated":true,"isAdmin":true,"userId":"6863a3bd5493cc908b53292a"}
[19:41:40 03/07/2025] [DEBUG] Request authentication | Meta: {"url":"/admin/products","method":"GET","isAuthenticated":true,"isAdmin":true,"userId":"6863a3bd5493cc908b53292a"}
[19:41:47 03/07/2025] [DEBUG] Request authentication | Meta: {"url":"/admin/orders","method":"GET","isAuthenticated":true,"isAdmin":true,"userId":"6863a3bd5493cc908b53292a"}
[19:41:54 03/07/2025] [DEBUG] Request authentication | Meta: {"url":"/admin/products","method":"GET","isAuthenticated":true,"isAdmin":true,"userId":"6863a3bd5493cc908b53292a"}
[19:42:19 03/07/2025] [DEBUG] Request authentication | Meta: {"url":"/logout","method":"POST","isAuthenticated":true,"isAdmin":true,"userId":"6863a3bd5493cc908b53292a"}
[19:42:19 03/07/2025] [DEBUG] Request authentication | Meta: {"url":"/","method":"GET","isAuthenticated":false,"userId":null}
[19:42:35 03/07/2025] [DEBUG] Request authentication | Meta: {"url":"/products","method":"GET","isAuthenticated":false,"userId":null}
[19:42:41 03/07/2025] [DEBUG] Request authentication | Meta: {"url":"/products?category=dog","method":"GET","isAuthenticated":false,"userId":null}
[19:42:43 03/07/2025] [DEBUG] Request authentication | Meta: {"url":"/products?category=cat","method":"GET","isAuthenticated":false,"userId":null}
[19:42:47 03/07/2025] [DEBUG] Request authentication | Meta: {"url":"/products","method":"GET","isAuthenticated":false,"userId":null}
[19:42:48 03/07/2025] [DEBUG] Request authentication | Meta: {"url":"/products","method":"GET","isAuthenticated":false,"userId":null}
[19:42:50 03/07/2025] [DEBUG] Request authentication | Meta: {"url":"/","method":"GET","isAuthenticated":false,"userId":null}
[19:42:52 03/07/2025] [DEBUG] Request authentication | Meta: {"url":"/products","method":"GET","isAuthenticated":false,"userId":null}
[19:42:54 03/07/2025] [DEBUG] Request authentication | Meta: {"url":"/","method":"GET","isAuthenticated":false,"userId":null}
[19:42:56 03/07/2025] [DEBUG] Request authentication | Meta: {"url":"/products","method":"GET","isAuthenticated":false,"userId":null}
[19:42:58 03/07/2025] [DEBUG] Request authentication | Meta: {"url":"/","method":"GET","isAuthenticated":false,"userId":null}
[19:44:21 03/07/2025] [DEBUG] Request authentication | Meta: {"url":"/cart/add","method":"POST","isAuthenticated":false,"userId":null}
[19:44:22 03/07/2025] [DEBUG] Request authentication | Meta: {"url":"/create-default-user","method":"GET","isAuthenticated":false,"userId":null}
[19:44:22 03/07/2025] [DEBUG] Request authentication | Meta: {"url":"/admin/products","method":"GET","isAuthenticated":true,"isAdmin":true,"userId":"68660ab78c03b945b9e8e2cf"}
[19:44:26 03/07/2025] [DEBUG] Request authentication | Meta: {"url":"/login","method":"GET","isAuthenticated":true,"isAdmin":true,"userId":"68660ab78c03b945b9e8e2cf"}
[19:44:30 03/07/2025] [DEBUG] Request authentication | Meta: {"url":"/login","method":"POST","isAuthenticated":true,"isAdmin":true,"userId":"68660ab78c03b945b9e8e2cf"}
[19:44:31 03/07/2025] [DEBUG] Request authentication | Meta: {"url":"/","method":"GET","isAuthenticated":true,"isAdmin":false,"userId":"6863a3bd5493cc908b53292b"}
[19:44:37 03/07/2025] [DEBUG] Request authentication | Meta: {"url":"/cart","method":"GET","isAuthenticated":true,"isAdmin":false,"userId":"6863a3bd5493cc908b53292b"}
[19:44:39 03/07/2025] [DEBUG] Request authentication | Meta: {"url":"/","method":"GET","isAuthenticated":true,"isAdmin":false,"userId":"6863a3bd5493cc908b53292b"}
[19:44:42 03/07/2025] [DEBUG] Request authentication | Meta: {"url":"/cart/add","method":"POST","isAuthenticated":true,"isAdmin":false,"userId":"6863a3bd5493cc908b53292b"}
[19:44:44 03/07/2025] [DEBUG] Request authentication | Meta: {"url":"/cart","method":"GET","isAuthenticated":true,"isAdmin":false,"userId":"6863a3bd5493cc908b53292b"}
[19:44:47 03/07/2025] [DEBUG] Request authentication | Meta: {"url":"/cart-update-quantity","method":"POST","isAuthenticated":true,"isAdmin":false,"userId":"6863a3bd5493cc908b53292b"}
[19:44:47 03/07/2025] [DEBUG] Request authentication | Meta: {"url":"/cart","method":"GET","isAuthenticated":true,"isAdmin":false,"userId":"6863a3bd5493cc908b53292b"}
[19:44:53 03/07/2025] [DEBUG] Request authentication | Meta: {"url":"/checkout","method":"GET","isAuthenticated":true,"isAdmin":false,"userId":"6863a3bd5493cc908b53292b"}
[19:45:01 03/07/2025] [DEBUG] Request authentication | Meta: {"url":"/","method":"GET","isAuthenticated":true,"isAdmin":false,"userId":"6863a3bd5493cc908b53292b"}
[19:45:03 03/07/2025] [DEBUG] Request authentication | Meta: {"url":"/cart","method":"GET","isAuthenticated":true,"isAdmin":false,"userId":"6863a3bd5493cc908b53292b"}
[19:45:05 03/07/2025] [DEBUG] Request authentication | Meta: {"url":"/cart-delete-item","method":"POST","isAuthenticated":true,"isAdmin":false,"userId":"6863a3bd5493cc908b53292b"}
[19:45:05 03/07/2025] [DEBUG] Request authentication | Meta: {"url":"/cart","method":"GET","isAuthenticated":true,"isAdmin":false,"userId":"6863a3bd5493cc908b53292b"}
[19:45:08 03/07/2025] [DEBUG] Request authentication | Meta: {"url":"/","method":"GET","isAuthenticated":true,"isAdmin":false,"userId":"6863a3bd5493cc908b53292b"}
[19:45:27 03/07/2025] [DEBUG] Request authentication | Meta: {"url":"/products?category=dog","method":"GET","isAuthenticated":true,"isAdmin":false,"userId":"6863a3bd5493cc908b53292b"}
[19:45:32 03/07/2025] [DEBUG] Request authentication | Meta: {"url":"/categories","method":"GET","isAuthenticated":true,"isAdmin":false,"userId":"6863a3bd5493cc908b53292b"}
[19:45:39 03/07/2025] [DEBUG] Request authentication | Meta: {"url":"/","method":"GET","isAuthenticated":true,"isAdmin":false,"userId":"6863a3bd5493cc908b53292b"}
[19:45:44 03/07/2025] [DEBUG] Request authentication | Meta: {"url":"/products?category=dog","method":"GET","isAuthenticated":true,"isAdmin":false,"userId":"6863a3bd5493cc908b53292b"}
[19:45:48 03/07/2025] [DEBUG] Request authentication | Meta: {"url":"/","method":"GET","isAuthenticated":true,"isAdmin":false,"userId":"6863a3bd5493cc908b53292b"}
[19:47:27 03/07/2025] [DEBUG] Request authentication | Meta: {"url":"/products","method":"GET","isAuthenticated":true,"isAdmin":false,"userId":"6863a3bd5493cc908b53292b"}
[19:47:27 03/07/2025] [DEBUG] Request authentication | Meta: {"url":"/products/6865522580c38388b5018019","method":"GET","isAuthenticated":true,"isAdmin":false,"userId":"6863a3bd5493cc908b53292b"}
[19:47:42 03/07/2025] [DEBUG] Request authentication | Meta: {"url":"/products?page=2","method":"GET","isAuthenticated":true,"isAdmin":false,"userId":"6863a3bd5493cc908b53292b"}
[19:47:56 03/07/2025] [DEBUG] Request authentication | Meta: {"url":"/","method":"GET","isAuthenticated":true,"isAdmin":false,"userId":"6863a3bd5493cc908b53292b"}
[19:48:09 03/07/2025] [DEBUG] Request authentication | Meta: {"url":"/cart/add","method":"POST","isAuthenticated":true,"isAdmin":false,"userId":"6863a3bd5493cc908b53292b"}
[19:48:15 03/07/2025] [DEBUG] Request authentication | Meta: {"url":"/profile","method":"GET","isAuthenticated":true,"isAdmin":false,"userId":"6863a3bd5493cc908b53292b"}
[19:48:16 03/07/2025] [DEBUG] Request authentication | Meta: {"url":"/images/default-profile.png","method":"GET","isAuthenticated":true,"isAdmin":false,"userId":"6863a3bd5493cc908b53292b"}
[19:48:18 03/07/2025] [DEBUG] Request authentication | Meta: {"url":"/cart","method":"GET","isAuthenticated":true,"isAdmin":false,"userId":"6863a3bd5493cc908b53292b"}
[19:48:22 03/07/2025] [DEBUG] Request authentication | Meta: {"url":"/cart-delete-item","method":"POST","isAuthenticated":true,"isAdmin":false,"userId":"6863a3bd5493cc908b53292b"}
[19:48:23 03/07/2025] [DEBUG] Request authentication | Meta: {"url":"/cart","method":"GET","isAuthenticated":true,"isAdmin":false,"userId":"6863a3bd5493cc908b53292b"}
[19:48:24 03/07/2025] [DEBUG] Request authentication | Meta: {"url":"/","method":"GET","isAuthenticated":true,"isAdmin":false,"userId":"6863a3bd5493cc908b53292b"}
[19:48:45 03/07/2025] [DEBUG] Request authentication | Meta: {"url":"/about","method":"GET","isAuthenticated":true,"isAdmin":false,"userId":"6863a3bd5493cc908b53292b"}
[19:48:49 03/07/2025] [DEBUG] Request authentication | Meta: {"url":"/contact","method":"GET","isAuthenticated":true,"isAdmin":false,"userId":"6863a3bd5493cc908b53292b"}
[19:48:51 03/07/2025] [DEBUG] Request authentication | Meta: {"url":"/","method":"GET","isAuthenticated":true,"isAdmin":false,"userId":"6863a3bd5493cc908b53292b"}
[19:48:59 03/07/2025] [DEBUG] Request authentication | Meta: {"url":"/cart/add","method":"POST","isAuthenticated":true,"isAdmin":false,"userId":"6863a3bd5493cc908b53292b"}
[19:49:05 03/07/2025] [DEBUG] Request authentication | Meta: {"url":"/cart","method":"GET","isAuthenticated":true,"isAdmin":false,"userId":"6863a3bd5493cc908b53292b"}
[19:49:08 03/07/2025] [DEBUG] Request authentication | Meta: {"url":"/cart-delete-item","method":"POST","isAuthenticated":true,"isAdmin":false,"userId":"6863a3bd5493cc908b53292b"}
[19:49:09 03/07/2025] [DEBUG] Request authentication | Meta: {"url":"/cart","method":"GET","isAuthenticated":true,"isAdmin":false,"userId":"6863a3bd5493cc908b53292b"}
[19:49:11 03/07/2025] [DEBUG] Request authentication | Meta: {"url":"/","method":"GET","isAuthenticated":true,"isAdmin":false,"userId":"6863a3bd5493cc908b53292b"}
[19:51:12 03/07/2025] [DEBUG] Request authentication | Meta: {"url":"/products","method":"GET","isAuthenticated":true,"isAdmin":false,"userId":"6863a3bd5493cc908b53292b"}
[19:51:15 03/07/2025] [DEBUG] Request authentication | Meta: {"url":"/","method":"GET","isAuthenticated":true,"isAdmin":false,"userId":"6863a3bd5493cc908b53292b"}
[19:53:11 03/07/2025] [DEBUG] Request authentication | Meta: {"url":"/about","method":"GET","isAuthenticated":true,"isAdmin":false,"userId":"6863a3bd5493cc908b53292b"}
[19:53:14 03/07/2025] [DEBUG] Request authentication | Meta: {"url":"/products","method":"GET","isAuthenticated":true,"isAdmin":false,"userId":"6863a3bd5493cc908b53292b"}
[19:53:16 03/07/2025] [DEBUG] Request authentication | Meta: {"url":"/","method":"GET","isAuthenticated":true,"isAdmin":false,"userId":"6863a3bd5493cc908b53292b"}
[19:53:18 03/07/2025] [DEBUG] Request authentication | Meta: {"url":"/contact","method":"GET","isAuthenticated":true,"isAdmin":false,"userId":"6863a3bd5493cc908b53292b"}
[19:53:19 03/07/2025] [DEBUG] Request authentication | Meta: {"url":"/","method":"GET","isAuthenticated":true,"isAdmin":false,"userId":"6863a3bd5493cc908b53292b"}
[19:53:21 03/07/2025] [DEBUG] Request authentication | Meta: {"url":"/products","method":"GET","isAuthenticated":true,"isAdmin":false,"userId":"6863a3bd5493cc908b53292b"}
[19:53:27 03/07/2025] [DEBUG] Request authentication | Meta: {"url":"/","method":"GET","isAuthenticated":true,"isAdmin":false,"userId":"6863a3bd5493cc908b53292b"}
[19:55:34 03/07/2025] [DEBUG] Request authentication | Meta: {"url":"/","method":"GET","isAuthenticated":true,"isAdmin":false,"userId":"6863a3bd5493cc908b53292b"}
[19:55:36 03/07/2025] [DEBUG] Request authentication | Meta: {"url":"/about","method":"GET","isAuthenticated":true,"isAdmin":false,"userId":"6863a3bd5493cc908b53292b"}
[19:55:37 03/07/2025] [DEBUG] Request authentication | Meta: {"url":"/contact","method":"GET","isAuthenticated":true,"isAdmin":false,"userId":"6863a3bd5493cc908b53292b"}
[19:55:39 03/07/2025] [DEBUG] Request authentication | Meta: {"url":"/products","method":"GET","isAuthenticated":true,"isAdmin":false,"userId":"6863a3bd5493cc908b53292b"}
[19:55:42 03/07/2025] [DEBUG] Request authentication | Meta: {"url":"/","method":"GET","isAuthenticated":true,"isAdmin":false,"userId":"6863a3bd5493cc908b53292b"}
[19:58:21 03/07/2025] [DEBUG] Request authentication | Meta: {"url":"/products","method":"GET","isAuthenticated":true,"isAdmin":false,"userId":"6863a3bd5493cc908b53292b"}
[19:58:23 03/07/2025] [DEBUG] Request authentication | Meta: {"url":"/","method":"GET","isAuthenticated":true,"isAdmin":false,"userId":"6863a3bd5493cc908b53292b"}
[19:58:36 03/07/2025] [DEBUG] Request authentication | Meta: {"url":"/products","method":"GET","isAuthenticated":true,"isAdmin":false,"userId":"6863a3bd5493cc908b53292b"}
[19:59:15 03/07/2025] [DEBUG] Request authentication | Meta: {"url":"/","method":"GET","isAuthenticated":true,"isAdmin":false,"userId":"6863a3bd5493cc908b53292b"}
[20:00:02 03/07/2025] [DEBUG] Request authentication | Meta: {"url":"/products","method":"GET","isAuthenticated":true,"isAdmin":false,"userId":"6863a3bd5493cc908b53292b"}
[20:01:31 03/07/2025] [DEBUG] Request authentication | Meta: {"url":"/products","method":"GET","isAuthenticated":true,"isAdmin":false,"userId":"6863a3bd5493cc908b53292b"}
[20:01:39 03/07/2025] [DEBUG] Request authentication | Meta: {"url":"/","method":"GET","isAuthenticated":true,"isAdmin":false,"userId":"6863a3bd5493cc908b53292b"}
[20:01:41 03/07/2025] [DEBUG] Request authentication | Meta: {"url":"/products","method":"GET","isAuthenticated":true,"isAdmin":false,"userId":"6863a3bd5493cc908b53292b"}
[20:01:51 03/07/2025] [DEBUG] Request authentication | Meta: {"url":"/","method":"GET","isAuthenticated":true,"isAdmin":false,"userId":"6863a3bd5493cc908b53292b"}
[20:04:00 03/07/2025] [DEBUG] Request authentication | Meta: {"url":"/","method":"GET","isAuthenticated":true,"isAdmin":false,"userId":"6863a3bd5493cc908b53292b"}
[20:04:03 03/07/2025] [DEBUG] Request authentication | Meta: {"url":"/","method":"GET","isAuthenticated":true,"isAdmin":false,"userId":"6863a3bd5493cc908b53292b"}
[20:04:10 03/07/2025] [DEBUG] Request authentication | Meta: {"url":"/products","method":"GET","isAuthenticated":true,"isAdmin":false,"userId":"6863a3bd5493cc908b53292b"}
[20:04:16 03/07/2025] [DEBUG] Request authentication | Meta: {"url":"/products?page=2","method":"GET","isAuthenticated":true,"isAdmin":false,"userId":"6863a3bd5493cc908b53292b"}
[20:04:21 03/07/2025] [DEBUG] Request authentication | Meta: {"url":"/","method":"GET","isAuthenticated":true,"isAdmin":false,"userId":"6863a3bd5493cc908b53292b"}
[20:08:07 03/07/2025] [DEBUG] Request authentication | Meta: {"url":"/","method":"GET","isAuthenticated":true,"isAdmin":false,"userId":"6863a3bd5493cc908b53292b"}
[20:09:16 03/07/2025] [DEBUG] Request authentication | Meta: {"url":"/","method":"GET","isAuthenticated":true,"isAdmin":false,"userId":"6863a3bd5493cc908b53292b"}
[20:10:33 03/07/2025] [DEBUG] Request authentication | Meta: {"url":"/","method":"GET","isAuthenticated":true,"isAdmin":false,"userId":"6863a3bd5493cc908b53292b"}
[20:10:49 03/07/2025] [DEBUG] Request authentication | Meta: {"url":"/about","method":"GET","isAuthenticated":true,"isAdmin":false,"userId":"6863a3bd5493cc908b53292b"}
[20:10:52 03/07/2025] [DEBUG] Request authentication | Meta: {"url":"/products","method":"GET","isAuthenticated":true,"isAdmin":false,"userId":"6863a3bd5493cc908b53292b"}
[20:10:55 03/07/2025] [DEBUG] Request authentication | Meta: {"url":"/products?category=dog","method":"GET","isAuthenticated":true,"isAdmin":false,"userId":"6863a3bd5493cc908b53292b"}
[20:10:59 03/07/2025] [DEBUG] Request authentication | Meta: {"url":"/products","method":"GET","isAuthenticated":true,"isAdmin":false,"userId":"6863a3bd5493cc908b53292b"}
[20:11:01 03/07/2025] [DEBUG] Request authentication | Meta: {"url":"/products?category=fish","method":"GET","isAuthenticated":true,"isAdmin":false,"userId":"6863a3bd5493cc908b53292b"}
[20:11:06 03/07/2025] [DEBUG] Request authentication | Meta: {"url":"/","method":"GET","isAuthenticated":true,"isAdmin":false,"userId":"6863a3bd5493cc908b53292b"}
[20:11:24 03/07/2025] [DEBUG] Request authentication | Meta: {"url":"/profile","method":"GET","isAuthenticated":true,"isAdmin":false,"userId":"6863a3bd5493cc908b53292b"}
[20:11:25 03/07/2025] [DEBUG] Request authentication | Meta: {"url":"/images/default-profile.png","method":"GET","isAuthenticated":true,"isAdmin":false,"userId":"6863a3bd5493cc908b53292b"}
[20:11:30 03/07/2025] [DEBUG] Request authentication | Meta: {"url":"/profile/edit","method":"GET","isAuthenticated":true,"isAdmin":false,"userId":"6863a3bd5493cc908b53292b"}
[20:11:33 03/07/2025] [DEBUG] Request authentication | Meta: {"url":"/","method":"GET","isAuthenticated":true,"isAdmin":false,"userId":"6863a3bd5493cc908b53292b"}
[20:11:43 03/07/2025] [DEBUG] Request authentication | Meta: {"url":"/products","method":"GET","isAuthenticated":true,"isAdmin":false,"userId":"6863a3bd5493cc908b53292b"}
[20:11:50 03/07/2025] [DEBUG] Request authentication | Meta: {"url":"/contact","method":"GET","isAuthenticated":true,"isAdmin":false,"userId":"6863a3bd5493cc908b53292b"}
[20:11:54 03/07/2025] [DEBUG] Request authentication | Meta: {"url":"/about","method":"GET","isAuthenticated":true,"isAdmin":false,"userId":"6863a3bd5493cc908b53292b"}
[20:12:05 03/07/2025] [DEBUG] Request authentication | Meta: {"url":"/","method":"GET","isAuthenticated":true,"isAdmin":false,"userId":"6863a3bd5493cc908b53292b"}
[20:12:07 03/07/2025] [DEBUG] Request authentication | Meta: {"url":"/orders","method":"GET","isAuthenticated":true,"isAdmin":false,"userId":"6863a3bd5493cc908b53292b"}
[20:12:13 03/07/2025] [DEBUG] Request authentication | Meta: {"url":"/profile/change-password","method":"GET","isAuthenticated":true,"isAdmin":false,"userId":"6863a3bd5493cc908b53292b"}
[20:12:16 03/07/2025] [DEBUG] Request authentication | Meta: {"url":"/","method":"GET","isAuthenticated":true,"isAdmin":false,"userId":"6863a3bd5493cc908b53292b"}
[20:12:53 03/07/2025] [DEBUG] Request authentication | Meta: {"url":"/cart/add","method":"POST","isAuthenticated":true,"isAdmin":false,"userId":"6863a3bd5493cc908b53292b"}
[20:13:12 03/07/2025] [DEBUG] Request authentication | Meta: {"url":"/cart","method":"GET","isAuthenticated":true,"isAdmin":false,"userId":"6863a3bd5493cc908b53292b"}
[20:13:22 03/07/2025] [DEBUG] Request authentication | Meta: {"url":"/cart-delete-item","method":"POST","isAuthenticated":true,"isAdmin":false,"userId":"6863a3bd5493cc908b53292b"}
[20:13:22 03/07/2025] [DEBUG] Request authentication | Meta: {"url":"/cart","method":"GET","isAuthenticated":true,"isAdmin":false,"userId":"6863a3bd5493cc908b53292b"}
[20:13:24 03/07/2025] [DEBUG] Request authentication | Meta: {"url":"/","method":"GET","isAuthenticated":true,"isAdmin":false,"userId":"6863a3bd5493cc908b53292b"}
[20:13:28 03/07/2025] [DEBUG] Request authentication | Meta: {"url":"/cart/add","method":"POST","isAuthenticated":true,"isAdmin":false,"userId":"6863a3bd5493cc908b53292b"}
[20:15:12 03/07/2025] [DEBUG] Request authentication | Meta: {"url":"/cart","method":"GET","isAuthenticated":true,"isAdmin":false,"userId":"6863a3bd5493cc908b53292b"}
[20:15:14 03/07/2025] [DEBUG] Request authentication | Meta: {"url":"/cart-delete-item","method":"POST","isAuthenticated":true,"isAdmin":false,"userId":"6863a3bd5493cc908b53292b"}
[20:15:15 03/07/2025] [DEBUG] Request authentication | Meta: {"url":"/cart","method":"GET","isAuthenticated":true,"isAdmin":false,"userId":"6863a3bd5493cc908b53292b"}
[20:15:17 03/07/2025] [DEBUG] Request authentication | Meta: {"url":"/","method":"GET","isAuthenticated":true,"isAdmin":false,"userId":"6863a3bd5493cc908b53292b"}
[20:17:51 03/07/2025] [DEBUG] Request authentication | Meta: {"url":"/cart","method":"GET","isAuthenticated":true,"isAdmin":false,"userId":"6863a3bd5493cc908b53292b"}
[20:17:52 03/07/2025] [DEBUG] Request authentication | Meta: {"url":"/","method":"GET","isAuthenticated":true,"isAdmin":false,"userId":"6863a3bd5493cc908b53292b"}
[20:17:55 03/07/2025] [DEBUG] Request authentication | Meta: {"url":"/cart/add","method":"POST","isAuthenticated":true,"isAdmin":false,"userId":"6863a3bd5493cc908b53292b"}
[20:17:57 03/07/2025] [DEBUG] Request authentication | Meta: {"url":"/cart/add","method":"POST","isAuthenticated":true,"isAdmin":false,"userId":"6863a3bd5493cc908b53292b"}
[20:17:59 03/07/2025] [DEBUG] Request authentication | Meta: {"url":"/cart/add","method":"POST","isAuthenticated":true,"isAdmin":false,"userId":"6863a3bd5493cc908b53292b"}
[20:18:01 03/07/2025] [DEBUG] Request authentication | Meta: {"url":"/cart","method":"GET","isAuthenticated":true,"isAdmin":false,"userId":"6863a3bd5493cc908b53292b"}
[20:18:12 03/07/2025] [DEBUG] Request authentication | Meta: {"url":"/cart-update-quantity","method":"POST","isAuthenticated":true,"isAdmin":false,"userId":"6863a3bd5493cc908b53292b"}
[20:18:13 03/07/2025] [DEBUG] Request authentication | Meta: {"url":"/cart","method":"GET","isAuthenticated":true,"isAdmin":false,"userId":"6863a3bd5493cc908b53292b"}
[20:18:16 03/07/2025] [DEBUG] Request authentication | Meta: {"url":"/cart-update-quantity","method":"POST","isAuthenticated":true,"isAdmin":false,"userId":"6863a3bd5493cc908b53292b"}
[20:18:17 03/07/2025] [DEBUG] Request authentication | Meta: {"url":"/cart","method":"GET","isAuthenticated":true,"isAdmin":false,"userId":"6863a3bd5493cc908b53292b"}
[20:18:24 03/07/2025] [DEBUG] Request authentication | Meta: {"url":"/cart-update-quantity","method":"POST","isAuthenticated":true,"isAdmin":false,"userId":"6863a3bd5493cc908b53292b"}
[20:18:24 03/07/2025] [DEBUG] Request authentication | Meta: {"url":"/cart","method":"GET","isAuthenticated":true,"isAdmin":false,"userId":"6863a3bd5493cc908b53292b"}
[20:18:57 03/07/2025] [DEBUG] Request authentication | Meta: {"url":"/cart-delete-item","method":"POST","isAuthenticated":true,"isAdmin":false,"userId":"6863a3bd5493cc908b53292b"}
[20:18:58 03/07/2025] [DEBUG] Request authentication | Meta: {"url":"/cart","method":"GET","isAuthenticated":true,"isAdmin":false,"userId":"6863a3bd5493cc908b53292b"}
[20:18:59 03/07/2025] [DEBUG] Request authentication | Meta: {"url":"/cart-delete-item","method":"POST","isAuthenticated":true,"isAdmin":false,"userId":"6863a3bd5493cc908b53292b"}
[20:18:59 03/07/2025] [DEBUG] Request authentication | Meta: {"url":"/cart","method":"GET","isAuthenticated":true,"isAdmin":false,"userId":"6863a3bd5493cc908b53292b"}
[20:19:01 03/07/2025] [DEBUG] Request authentication | Meta: {"url":"/checkout","method":"GET","isAuthenticated":true,"isAdmin":false,"userId":"6863a3bd5493cc908b53292b"}
[20:19:15 03/07/2025] [DEBUG] Request authentication | Meta: {"url":"/vnpay/create-payment","method":"POST","isAuthenticated":true,"isAdmin":false,"userId":"6863a3bd5493cc908b53292b"}
[20:19:52 03/07/2025] [DEBUG] Request authentication | Meta: {"url":"/vnpay/return?vnp_Amount=9000000&vnp_BankCode=NCB&vnp_BankTranNo=VNP15054348&vnp_CardType=ATM&vnp_OrderInfo=Thanh+to%C3%A1n+%C4%91%C6%A1n+h%C3%A0ng+68668353660c6f0760c09199&vnp_PayDate=20250703202042&vnp_ResponseCode=00&vnp_TmnCode=UWXDEI4Q&vnp_TransactionNo=15054348&vnp_TransactionStatus=00&vnp_TxnRef=68668353660c6f0760c09199&vnp_SecureHash=f98d2ad76f2dced5944c1dcacec68d1881e58d9b0f5b97b2bc0d310f6619f2008829b01241c1cec801ac8d1c27754c4440cc77fd2256fa858af963d17f3ecbe1","method":"GET","isAuthenticated":true,"isAdmin":false,"userId":"6863a3bd5493cc908b53292b"}
[20:19:58 03/07/2025] [DEBUG] Request authentication | Meta: {"url":"/orders","method":"GET","isAuthenticated":true,"isAdmin":false,"userId":"6863a3bd5493cc908b53292b"}
[20:20:27 03/07/2025] [DEBUG] Request authentication | Meta: {"url":"/download-invoice/68668353660c6f0760c09199","method":"GET","isAuthenticated":true,"isAdmin":false,"userId":"6863a3bd5493cc908b53292b"}
[20:24:49 03/07/2025] [DEBUG] Request authentication | Meta: {"url":"/orders","method":"GET","isAuthenticated":true,"isAdmin":false,"userId":"6863a3bd5493cc908b53292b"}
[20:25:52 03/07/2025] [DEBUG] Request authentication | Meta: {"url":"/","method":"GET","isAuthenticated":true,"isAdmin":false,"userId":"6863a3bd5493cc908b53292b"}
[20:28:57 03/07/2025] [DEBUG] Request authentication | Meta: {"url":"/logout","method":"POST","isAuthenticated":true,"isAdmin":false,"userId":"6863a3bd5493cc908b53292b"}
[20:28:57 03/07/2025] [DEBUG] Request authentication | Meta: {"url":"/","method":"GET","isAuthenticated":false,"userId":null}
[20:28:58 03/07/2025] [DEBUG] Request authentication | Meta: {"url":"/login","method":"GET","isAuthenticated":false,"userId":null}
[20:29:03 03/07/2025] [DEBUG] Request authentication | Meta: {"url":"/login","method":"POST","isAuthenticated":false,"userId":null}
[20:29:03 03/07/2025] [DEBUG] Request authentication | Meta: {"url":"/admin/dashboard","method":"GET","isAuthenticated":true,"isAdmin":true,"userId":"6863a3bd5493cc908b53292a"}
[20:29:06 03/07/2025] [DEBUG] Request authentication | Meta: {"url":"/admin/products","method":"GET","isAuthenticated":true,"isAdmin":true,"userId":"6863a3bd5493cc908b53292a"}
[20:29:13 03/07/2025] [DEBUG] Request authentication | Meta: {"url":"/admin/products?search=&category=dog&sort=&limit=10","method":"GET","isAuthenticated":true,"isAdmin":true,"userId":"6863a3bd5493cc908b53292a"}
[20:29:16 03/07/2025] [DEBUG] Request authentication | Meta: {"url":"/admin/products?search=&category=dog&sort=&limit=10","method":"GET","isAuthenticated":true,"isAdmin":true,"userId":"6863a3bd5493cc908b53292a"}
[20:30:11 03/07/2025] [DEBUG] Request authentication | Meta: {"url":"/admin/products?search=&category=dog&sort=name_asc&limit=10","method":"GET","isAuthenticated":true,"isAdmin":true,"userId":"6863a3bd5493cc908b53292a"}
[20:30:18 03/07/2025] [DEBUG] Request authentication | Meta: {"url":"/admin/products?search=&category=dog&sort=price_desc&limit=10","method":"GET","isAuthenticated":true,"isAdmin":true,"userId":"6863a3bd5493cc908b53292a"}
[20:30:42 03/07/2025] [DEBUG] Request authentication | Meta: {"url":"/admin/products?search=&category=cat&sort=price_desc&limit=10","method":"GET","isAuthenticated":true,"isAdmin":true,"userId":"6863a3bd5493cc908b53292a"}
[20:30:56 03/07/2025] [DEBUG] Request authentication | Meta: {"url":"/admin/products?search=cat&category=cat&sort=price_desc&limit=10","method":"GET","isAuthenticated":true,"isAdmin":true,"userId":"6863a3bd5493cc908b53292a"}
[20:30:58 03/07/2025] [DEBUG] Request authentication | Meta: {"url":"/admin/products?search=cat&category=cat&sort=price_desc&limit=10","method":"GET","isAuthenticated":true,"isAdmin":true,"userId":"6863a3bd5493cc908b53292a"}
[20:31:04 03/07/2025] [DEBUG] Request authentication | Meta: {"url":"/admin/products?search=ca%CC%81t&category=cat&sort=price_desc&limit=10","method":"GET","isAuthenticated":true,"isAdmin":true,"userId":"6863a3bd5493cc908b53292a"}
[20:31:07 03/07/2025] [DEBUG] Request authentication | Meta: {"url":"/admin/products?search=ca%CC%81t&category=&sort=price_desc&limit=10","method":"GET","isAuthenticated":true,"isAdmin":true,"userId":"6863a3bd5493cc908b53292a"}
[20:31:09 03/07/2025] [DEBUG] Request authentication | Meta: {"url":"/admin/products?search=ca%CC%81t&category=&sort=price_desc&limit=10","method":"GET","isAuthenticated":true,"isAdmin":true,"userId":"6863a3bd5493cc908b53292a"}
[20:31:11 03/07/2025] [DEBUG] Request authentication | Meta: {"url":"/admin/products?search=&category=&sort=price_desc&limit=10","method":"GET","isAuthenticated":true,"isAdmin":true,"userId":"6863a3bd5493cc908b53292a"}
[20:31:18 03/07/2025] [DEBUG] Request authentication | Meta: {"url":"/admin/products?search=&category=dog&sort=price_desc&limit=10","method":"GET","isAuthenticated":true,"isAdmin":true,"userId":"6863a3bd5493cc908b53292a"}
[20:31:23 03/07/2025] [DEBUG] Request authentication | Meta: {"url":"/admin/edit-product/6865522580c38388b5018006?edit=true","method":"GET","isAuthenticated":true,"isAdmin":true,"userId":"6863a3bd5493cc908b53292a"}
[20:31:30 03/07/2025] [DEBUG] Request authentication | Meta: {"url":"/admin/edit-product","method":"POST","isAuthenticated":true,"isAdmin":true,"userId":"6863a3bd5493cc908b53292a"}
[20:31:31 03/07/2025] [DEBUG] Request authentication | Meta: {"url":"/admin/products","method":"GET","isAuthenticated":true,"isAdmin":true,"userId":"6863a3bd5493cc908b53292a"}
[20:31:45 03/07/2025] [DEBUG] Request authentication | Meta: {"url":"/logout","method":"POST","isAuthenticated":true,"isAdmin":true,"userId":"6863a3bd5493cc908b53292a"}
[20:31:46 03/07/2025] [DEBUG] Request authentication | Meta: {"url":"/","method":"GET","isAuthenticated":false,"userId":null}
[20:32:28 03/07/2025] [DEBUG] Request authentication | Meta: {"url":"/login","method":"GET","isAuthenticated":false,"userId":null}
[20:32:30 03/07/2025] [DEBUG] Request authentication | Meta: {"url":"/login","method":"POST","isAuthenticated":false,"userId":null}
[20:32:30 03/07/2025] [DEBUG] Request authentication | Meta: {"url":"/admin/dashboard","method":"GET","isAuthenticated":true,"isAdmin":true,"userId":"6863a3bd5493cc908b53292a"}
[20:33:26 03/07/2025] [DEBUG] Request authentication | Meta: {"url":"/admin/products","method":"GET","isAuthenticated":true,"isAdmin":true,"userId":"6863a3bd5493cc908b53292a"}
[20:35:31 03/07/2025] [DEBUG] Request authentication | Meta: {"url":"/admin/orders","method":"GET","isAuthenticated":true,"isAdmin":true,"userId":"6863a3bd5493cc908b53292a"}
[20:35:39 03/07/2025] [DEBUG] Request authentication | Meta: {"url":"/admin/orders/68668353660c6f0760c09199","method":"GET","isAuthenticated":true,"isAdmin":true,"userId":"6863a3bd5493cc908b53292a"}
[20:35:40 03/07/2025] [DEBUG] Request authentication | Meta: {"url":"/css/admin.css","method":"GET","isAuthenticated":true,"isAdmin":true,"userId":"6863a3bd5493cc908b53292a"}
[20:35:53 03/07/2025] [DEBUG] Request authentication | Meta: {"url":"/admin/dashboard","method":"GET","isAuthenticated":true,"isAdmin":true,"userId":"6863a3bd5493cc908b53292a"}
[20:35:56 03/07/2025] [DEBUG] Request authentication | Meta: {"url":"/admin/orders","method":"GET","isAuthenticated":true,"isAdmin":true,"userId":"6863a3bd5493cc908b53292a"}
[20:36:36 03/07/2025] [DEBUG] Request authentication | Meta: {"url":"/admin/orders/68668353660c6f0760c09199","method":"GET","isAuthenticated":true,"isAdmin":true,"userId":"6863a3bd5493cc908b53292a"}
[20:36:36 03/07/2025] [DEBUG] Request authentication | Meta: {"url":"/css/admin.css","method":"GET","isAuthenticated":true,"isAdmin":true,"userId":"6863a3bd5493cc908b53292a"}
[20:36:50 03/07/2025] [DEBUG] Request authentication | Meta: {"url":"/admin/update-order-status","method":"POST","isAuthenticated":true,"isAdmin":true,"userId":"6863a3bd5493cc908b53292a"}
[20:36:55 03/07/2025] [DEBUG] Request authentication | Meta: {"url":"/admin/orders/68668353660c6f0760c09199","method":"GET","isAuthenticated":true,"isAdmin":true,"userId":"6863a3bd5493cc908b53292a"}
[20:36:55 03/07/2025] [DEBUG] Request authentication | Meta: {"url":"/css/admin.css","method":"GET","isAuthenticated":true,"isAdmin":true,"userId":"6863a3bd5493cc908b53292a"}
[20:37:34 03/07/2025] [DEBUG] Request authentication | Meta: {"url":"/logout","method":"POST","isAuthenticated":true,"isAdmin":true,"userId":"6863a3bd5493cc908b53292a"}
[20:37:35 03/07/2025] [DEBUG] Request authentication | Meta: {"url":"/","method":"GET","isAuthenticated":false,"userId":null}
[20:37:36 03/07/2025] [DEBUG] Request authentication | Meta: {"url":"/login","method":"GET","isAuthenticated":false,"userId":null}
[20:37:39 03/07/2025] [DEBUG] Request authentication | Meta: {"url":"/login","method":"POST","isAuthenticated":false,"userId":null}
[20:37:40 03/07/2025] [DEBUG] Request authentication | Meta: {"url":"/","method":"GET","isAuthenticated":true,"isAdmin":false,"userId":"6863a3bd5493cc908b53292b"}
[20:37:43 03/07/2025] [DEBUG] Request authentication | Meta: {"url":"/cart/add","method":"POST","isAuthenticated":true,"isAdmin":false,"userId":"6863a3bd5493cc908b53292b"}
[20:37:45 03/07/2025] [DEBUG] Request authentication | Meta: {"url":"/cart","method":"GET","isAuthenticated":true,"isAdmin":false,"userId":"6863a3bd5493cc908b53292b"}
[20:37:47 03/07/2025] [DEBUG] Request authentication | Meta: {"url":"/checkout","method":"GET","isAuthenticated":true,"isAdmin":false,"userId":"6863a3bd5493cc908b53292b"}
[20:37:57 03/07/2025] [DEBUG] Request authentication | Meta: {"url":"/orders","method":"POST","isAuthenticated":true,"isAdmin":false,"userId":"6863a3bd5493cc908b53292b"}
[20:38:01 03/07/2025] [DEBUG] Request authentication | Meta: {"url":"/orders","method":"GET","isAuthenticated":true,"isAdmin":false,"userId":"6863a3bd5493cc908b53292b"}
[20:39:14 03/07/2025] [DEBUG] Request authentication | Meta: {"url":"/","method":"GET","isAuthenticated":true,"isAdmin":false,"userId":"6863a3bd5493cc908b53292b"}
[20:39:18 03/07/2025] [DEBUG] Request authentication | Meta: {"url":"/cart/add","method":"POST","isAuthenticated":true,"isAdmin":false,"userId":"6863a3bd5493cc908b53292b"}
[20:39:21 03/07/2025] [DEBUG] Request authentication | Meta: {"url":"/cart","method":"GET","isAuthenticated":true,"isAdmin":false,"userId":"6863a3bd5493cc908b53292b"}
[20:39:23 03/07/2025] [DEBUG] Request authentication | Meta: {"url":"/checkout","method":"GET","isAuthenticated":true,"isAdmin":false,"userId":"6863a3bd5493cc908b53292b"}
[20:39:34 03/07/2025] [DEBUG] Request authentication | Meta: {"url":"/vnpay/create-payment","method":"POST","isAuthenticated":true,"isAdmin":false,"userId":"6863a3bd5493cc908b53292b"}
[20:40:13 03/07/2025] [DEBUG] Request authentication | Meta: {"url":"/vnpay/return?vnp_Amount=6000000&vnp_BankCode=NCB&vnp_BankTranNo=VNP15054372&vnp_CardType=ATM&vnp_OrderInfo=Thanh+to%C3%A1n+%C4%91%C6%A1n+h%C3%A0ng+68668816660c6f0760c091dc&vnp_PayDate=20250703204056&vnp_ResponseCode=00&vnp_TmnCode=UWXDEI4Q&vnp_TransactionNo=15054372&vnp_TransactionStatus=00&vnp_TxnRef=68668816660c6f0760c091dc&vnp_SecureHash=15e02a11abdc790a30917369b13fd4db31284da535b0307112d44f154c60065c40da5fd8d9e8e755effc078c5b42fcea3d1f99b319c9266acd4f161cdba5c683","method":"GET","isAuthenticated":true,"isAdmin":false,"userId":"6863a3bd5493cc908b53292b"}
[20:40:18 03/07/2025] [DEBUG] Request authentication | Meta: {"url":"/orders","method":"GET","isAuthenticated":true,"isAdmin":false,"userId":"6863a3bd5493cc908b53292b"}
[20:47:15 03/07/2025] [DEBUG] Request authentication | Meta: {"url":"/orders","method":"GET","isAuthenticated":true,"isAdmin":false,"userId":"6863a3bd5493cc908b53292b"}
[20:50:00 03/07/2025] [DEBUG] Request authentication | Meta: {"url":"/orders","method":"GET","isAuthenticated":true,"isAdmin":false,"userId":"6863a3bd5493cc908b53292b"}
[20:50:17 03/07/2025] [DEBUG] Request authentication | Meta: {"url":"/download-invoice/68668816660c6f0760c091dc","method":"GET","isAuthenticated":true,"isAdmin":false,"userId":"6863a3bd5493cc908b53292b"}
