[15:57:29 09/10/2025] [DEBUG] Request authentication | Meta: {"url":"/","method":"GET","isAuthenticated":false,"userId":null,"cartCount":0}
[15:57:33 09/10/2025] [DEBUG] Request authentication | Meta: {"url":"/favicon.ico","method":"GET","isAuthenticated":false,"userId":null,"cartCount":0}
[16:19:16 09/10/2025] [DEBUG] Request authentication | Meta: {"url":"/brands","method":"GET","isAuthenticated":false,"userId":null,"cartCount":0}
[16:19:24 09/10/2025] [DEBUG] Request authentication | Meta: {"url":"/","method":"GET","isAuthenticated":false,"userId":null,"cartCount":0}
[16:19:30 09/10/2025] [DEBUG] Request authentication | Meta: {"url":"/products/68ce659ddc6e05ce884c179a","method":"GET","isAuthenticated":false,"userId":null,"cartCount":0}
[16:19:36 09/10/2025] [DEBUG] Request authentication | Meta: {"url":"/login?returnTo=%2Fproducts%2F68ce659ddc6e05ce884c179a","method":"GET","isAuthenticated":false,"userId":null,"cartCount":0}
[16:19:41 09/10/2025] [DEBUG] Request authentication | Meta: {"url":"/login","method":"POST","isAuthenticated":false,"userId":null,"cartCount":0}
[16:19:42 09/10/2025] [DEBUG] Request authentication | Meta: {"url":"/","method":"GET","isAuthenticated":true,"isAdmin":false,"userId":"68ccef4f8a55d7d4ae4478d1","cartCount":0}
[16:19:46 09/10/2025] [DEBUG] Request authentication | Meta: {"url":"/products/68ce659ddc6e05ce884c179a","method":"GET","isAuthenticated":true,"isAdmin":false,"userId":"68ccef4f8a55d7d4ae4478d1","cartCount":0}
[16:19:52 09/10/2025] [DEBUG] Request authentication | Meta: {"url":"/products/68ce659ddc6e05ce884c179a/review","method":"POST","isAuthenticated":true,"isAdmin":false,"userId":"68ccef4f8a55d7d4ae4478d1","cartCount":0}
[16:29:46 09/10/2025] [DEBUG] Request authentication | Meta: {"url":"/products/68ce659ddc6e05ce884c179a","method":"GET","isAuthenticated":true,"isAdmin":false,"userId":"68ccef4f8a55d7d4ae4478d1","cartCount":0}
[16:29:52 09/10/2025] [DEBUG] Request authentication | Meta: {"url":"/products/68ce659ddc6e05ce884c179a/review","method":"POST","isAuthenticated":true,"isAdmin":false,"userId":"68ccef4f8a55d7d4ae4478d1","cartCount":0}
[16:30:14 09/10/2025] [DEBUG] Request authentication | Meta: {"url":"/products/68ce659ddc6e05ce884c179a","method":"GET","isAuthenticated":true,"isAdmin":false,"userId":"68ccef4f8a55d7d4ae4478d1","cartCount":0}
[16:30:18 09/10/2025] [DEBUG] Request authentication | Meta: {"url":"/products/68ce659ddc6e05ce884c179a/review","method":"POST","isAuthenticated":true,"isAdmin":false,"userId":"68ccef4f8a55d7d4ae4478d1","cartCount":0}
[16:31:05 09/10/2025] [DEBUG] Request authentication | Meta: {"url":"/products/68ce659ddc6e05ce884c179a","method":"GET","isAuthenticated":true,"isAdmin":false,"userId":"68ccef4f8a55d7d4ae4478d1","cartCount":0}
[16:31:25 09/10/2025] [DEBUG] Request authentication | Meta: {"url":"/","method":"GET","isAuthenticated":true,"isAdmin":false,"userId":"68ccef4f8a55d7d4ae4478d1","cartCount":0}
[16:31:28 09/10/2025] [DEBUG] Request authentication | Meta: {"url":"/","method":"GET","isAuthenticated":true,"isAdmin":false,"userId":"68ccef4f8a55d7d4ae4478d1","cartCount":0}
[16:31:30 09/10/2025] [DEBUG] Request authentication | Meta: {"url":"/","method":"GET","isAuthenticated":true,"isAdmin":false,"userId":"68ccef4f8a55d7d4ae4478d1","cartCount":0}
[16:31:32 09/10/2025] [DEBUG] Request authentication | Meta: {"url":"/","method":"GET","isAuthenticated":true,"isAdmin":false,"userId":"68ccef4f8a55d7d4ae4478d1","cartCount":0}
[16:31:58 09/10/2025] [DEBUG] Request authentication | Meta: {"url":"/products","method":"GET","isAuthenticated":true,"isAdmin":false,"userId":"68ccef4f8a55d7d4ae4478d1","cartCount":0}
[16:32:02 09/10/2025] [DEBUG] Request authentication | Meta: {"url":"/","method":"GET","isAuthenticated":true,"isAdmin":false,"userId":"68ccef4f8a55d7d4ae4478d1","cartCount":0}
[16:32:04 09/10/2025] [DEBUG] Request authentication | Meta: {"url":"/","method":"GET","isAuthenticated":true,"isAdmin":false,"userId":"68ccef4f8a55d7d4ae4478d1","cartCount":0}
[16:32:10 09/10/2025] [DEBUG] Request authentication | Meta: {"url":"/brands","method":"GET","isAuthenticated":true,"isAdmin":false,"userId":"68ccef4f8a55d7d4ae4478d1","cartCount":0}
[16:32:12 09/10/2025] [DEBUG] Request authentication | Meta: {"url":"/","method":"GET","isAuthenticated":true,"isAdmin":false,"userId":"68ccef4f8a55d7d4ae4478d1","cartCount":0}
[16:32:33 09/10/2025] [DEBUG] Request authentication | Meta: {"url":"/products","method":"GET","isAuthenticated":true,"isAdmin":false,"userId":"68ccef4f8a55d7d4ae4478d1","cartCount":0}
[16:32:38 09/10/2025] [DEBUG] Request authentication | Meta: {"url":"/products/68ce659ddc6e05ce884c1795","method":"GET","isAuthenticated":true,"isAdmin":false,"userId":"68ccef4f8a55d7d4ae4478d1","cartCount":0}
[16:32:41 09/10/2025] [DEBUG] Request authentication | Meta: {"url":"/","method":"GET","isAuthenticated":true,"isAdmin":false,"userId":"68ccef4f8a55d7d4ae4478d1","cartCount":0}
[16:32:45 09/10/2025] [DEBUG] Request authentication | Meta: {"url":"/","method":"GET","isAuthenticated":true,"isAdmin":false,"userId":"68ccef4f8a55d7d4ae4478d1","cartCount":0}
[16:32:57 09/10/2025] [DEBUG] Request authentication | Meta: {"url":"/products","method":"GET","isAuthenticated":true,"isAdmin":false,"userId":"68ccef4f8a55d7d4ae4478d1","cartCount":0}
[16:33:00 09/10/2025] [DEBUG] Request authentication | Meta: {"url":"/products/68ce659ddc6e05ce884c179a","method":"GET","isAuthenticated":true,"isAdmin":false,"userId":"68ccef4f8a55d7d4ae4478d1","cartCount":0}
[16:35:40 09/10/2025] [DEBUG] Request authentication | Meta: {"url":"/products/68ce659ddc6e05ce884c179a","method":"GET","isAuthenticated":true,"isAdmin":false,"userId":"68ccef4f8a55d7d4ae4478d1","cartCount":0}
[16:35:43 09/10/2025] [DEBUG] Request authentication | Meta: {"url":"/","method":"GET","isAuthenticated":true,"isAdmin":false,"userId":"68ccef4f8a55d7d4ae4478d1","cartCount":0}
[16:35:45 09/10/2025] [DEBUG] Request authentication | Meta: {"url":"/products","method":"GET","isAuthenticated":true,"isAdmin":false,"userId":"68ccef4f8a55d7d4ae4478d1","cartCount":0}
[16:35:48 09/10/2025] [DEBUG] Request authentication | Meta: {"url":"/","method":"GET","isAuthenticated":true,"isAdmin":false,"userId":"68ccef4f8a55d7d4ae4478d1","cartCount":0}
[16:36:51 09/10/2025] [DEBUG] Request authentication | Meta: {"url":"/","method":"GET","isAuthenticated":true,"isAdmin":false,"userId":"68ccef4f8a55d7d4ae4478d1","cartCount":0}
[16:36:59 09/10/2025] [DEBUG] Request authentication | Meta: {"url":"/products","method":"GET","isAuthenticated":true,"isAdmin":false,"userId":"68ccef4f8a55d7d4ae4478d1","cartCount":0}
[16:37:02 09/10/2025] [DEBUG] Request authentication | Meta: {"url":"/brands","method":"GET","isAuthenticated":true,"isAdmin":false,"userId":"68ccef4f8a55d7d4ae4478d1","cartCount":0}
[16:37:05 09/10/2025] [DEBUG] Request authentication | Meta: {"url":"/news","method":"GET","isAuthenticated":true,"isAdmin":false,"userId":"68ccef4f8a55d7d4ae4478d1","cartCount":0}
[16:37:07 09/10/2025] [DEBUG] Request authentication | Meta: {"url":"/about","method":"GET","isAuthenticated":true,"isAdmin":false,"userId":"68ccef4f8a55d7d4ae4478d1","cartCount":0}
[16:37:08 09/10/2025] [DEBUG] Request authentication | Meta: {"url":"/contact","method":"GET","isAuthenticated":true,"isAdmin":false,"userId":"68ccef4f8a55d7d4ae4478d1","cartCount":0}
[16:37:11 09/10/2025] [DEBUG] Request authentication | Meta: {"url":"/","method":"GET","isAuthenticated":true,"isAdmin":false,"userId":"68ccef4f8a55d7d4ae4478d1","cartCount":0}
[16:37:18 09/10/2025] [DEBUG] Request authentication | Meta: {"url":"/products/68ce659ddc6e05ce884c1795","method":"GET","isAuthenticated":true,"isAdmin":false,"userId":"68ccef4f8a55d7d4ae4478d1","cartCount":0}
[17:57:30 09/10/2025] [DEBUG] Request authentication | Meta: {"url":"/products/68ce659ddc6e05ce884c1795","method":"GET","isAuthenticated":true,"isAdmin":false,"userId":"68ccef4f8a55d7d4ae4478d1","cartCount":0}
[17:57:38 09/10/2025] [DEBUG] Request authentication | Meta: {"url":"/products/68ce659ddc6e05ce884c1795/review","method":"POST","isAuthenticated":true,"isAdmin":false,"userId":"68ccef4f8a55d7d4ae4478d1","cartCount":0}
[17:57:39 09/10/2025] [DEBUG] Request authentication | Meta: {"url":"/products/68ce659ddc6e05ce884c1795","method":"GET","isAuthenticated":true,"isAdmin":false,"userId":"68ccef4f8a55d7d4ae4478d1","cartCount":0}
[18:09:45 09/10/2025] [DEBUG] Request authentication | Meta: {"url":"/products/68ce659ddc6e05ce884c1795","method":"GET","isAuthenticated":true,"isAdmin":false,"userId":"68ccef4f8a55d7d4ae4478d1","cartCount":0}
[18:09:52 09/10/2025] [DEBUG] Request authentication | Meta: {"url":"/products/68ce659ddc6e05ce884c1795/review","method":"POST","isAuthenticated":true,"isAdmin":false,"userId":"68ccef4f8a55d7d4ae4478d1","cartCount":0}
[18:09:57 09/10/2025] [DEBUG] Request authentication | Meta: {"url":"/logout","method":"POST","isAuthenticated":true,"isAdmin":false,"userId":"68ccef4f8a55d7d4ae4478d1","cartCount":0}
[18:09:57 09/10/2025] [DEBUG] Request authentication | Meta: {"url":"/","method":"GET","isAuthenticated":false,"userId":null,"cartCount":0}
[18:10:02 09/10/2025] [DEBUG] Request authentication | Meta: {"url":"/login","method":"GET","isAuthenticated":false,"userId":null,"cartCount":0}
[18:10:05 09/10/2025] [DEBUG] Request authentication | Meta: {"url":"/login","method":"POST","isAuthenticated":false,"userId":null,"cartCount":0}
[18:10:06 09/10/2025] [DEBUG] Request authentication | Meta: {"url":"/admin/dashboard","method":"GET","isAuthenticated":true,"isAdmin":true,"userId":"68ccdf9b7eea2d6be5a2f41b","cartCount":0}
[18:10:16 09/10/2025] [DEBUG] Request authentication | Meta: {"url":"/admin/reviews","method":"GET","isAuthenticated":true,"isAdmin":true,"userId":"68ccdf9b7eea2d6be5a2f41b","cartCount":0}
[18:10:23 09/10/2025] [DEBUG] Request authentication | Meta: {"url":"/admin/reports","method":"GET","isAuthenticated":true,"isAdmin":true,"userId":"68ccdf9b7eea2d6be5a2f41b","cartCount":0}
[18:28:35 09/10/2025] [DEBUG] Request authentication | Meta: {"url":"/admin/reviews","method":"GET","isAuthenticated":true,"isAdmin":true,"userId":"68ccdf9b7eea2d6be5a2f41b","cartCount":0}
[18:32:44 09/10/2025] [DEBUG] Request authentication | Meta: {"url":"/admin/reviews","method":"GET","isAuthenticated":true,"isAdmin":true,"userId":"68ccdf9b7eea2d6be5a2f41b","cartCount":0}
[18:33:46 09/10/2025] [DEBUG] Request authentication | Meta: {"url":"/admin/reviews","method":"GET","isAuthenticated":true,"isAdmin":true,"userId":"68ccdf9b7eea2d6be5a2f41b","cartCount":0}
[18:34:48 09/10/2025] [DEBUG] Request authentication | Meta: {"url":"/admin/reviews","method":"GET","isAuthenticated":true,"isAdmin":true,"userId":"68ccdf9b7eea2d6be5a2f41b","cartCount":0}
[18:35:50 09/10/2025] [DEBUG] Request authentication | Meta: {"url":"/admin/reviews","method":"GET","isAuthenticated":true,"isAdmin":true,"userId":"68ccdf9b7eea2d6be5a2f41b","cartCount":0}
[18:36:52 09/10/2025] [DEBUG] Request authentication | Meta: {"url":"/admin/reviews","method":"GET","isAuthenticated":true,"isAdmin":true,"userId":"68ccdf9b7eea2d6be5a2f41b","cartCount":0}
[18:37:54 09/10/2025] [DEBUG] Request authentication | Meta: {"url":"/admin/reviews","method":"GET","isAuthenticated":true,"isAdmin":true,"userId":"68ccdf9b7eea2d6be5a2f41b","cartCount":0}
[18:38:55 09/10/2025] [DEBUG] Request authentication | Meta: {"url":"/admin/reviews","method":"GET","isAuthenticated":true,"isAdmin":true,"userId":"68ccdf9b7eea2d6be5a2f41b","cartCount":0}
[18:39:57 09/10/2025] [DEBUG] Request authentication | Meta: {"url":"/admin/reviews","method":"GET","isAuthenticated":true,"isAdmin":true,"userId":"68ccdf9b7eea2d6be5a2f41b","cartCount":0}
[18:40:59 09/10/2025] [DEBUG] Request authentication | Meta: {"url":"/admin/reviews","method":"GET","isAuthenticated":true,"isAdmin":true,"userId":"68ccdf9b7eea2d6be5a2f41b","cartCount":0}
[18:42:01 09/10/2025] [DEBUG] Request authentication | Meta: {"url":"/admin/reviews","method":"GET","isAuthenticated":true,"isAdmin":true,"userId":"68ccdf9b7eea2d6be5a2f41b","cartCount":0}
[18:43:02 09/10/2025] [DEBUG] Request authentication | Meta: {"url":"/admin/reviews","method":"GET","isAuthenticated":true,"isAdmin":true,"userId":"68ccdf9b7eea2d6be5a2f41b","cartCount":0}
[18:44:04 09/10/2025] [DEBUG] Request authentication | Meta: {"url":"/admin/reviews","method":"GET","isAuthenticated":true,"isAdmin":true,"userId":"68ccdf9b7eea2d6be5a2f41b","cartCount":0}
[18:45:06 09/10/2025] [DEBUG] Request authentication | Meta: {"url":"/admin/reviews","method":"GET","isAuthenticated":true,"isAdmin":true,"userId":"68ccdf9b7eea2d6be5a2f41b","cartCount":0}
[18:46:07 09/10/2025] [DEBUG] Request authentication | Meta: {"url":"/admin/reviews","method":"GET","isAuthenticated":true,"isAdmin":true,"userId":"68ccdf9b7eea2d6be5a2f41b","cartCount":0}
[18:47:08 09/10/2025] [DEBUG] Request authentication | Meta: {"url":"/admin/reviews","method":"GET","isAuthenticated":true,"isAdmin":true,"userId":"68ccdf9b7eea2d6be5a2f41b","cartCount":0}
[18:48:10 09/10/2025] [DEBUG] Request authentication | Meta: {"url":"/admin/reviews","method":"GET","isAuthenticated":true,"isAdmin":true,"userId":"68ccdf9b7eea2d6be5a2f41b","cartCount":0}
[18:49:11 09/10/2025] [DEBUG] Request authentication | Meta: {"url":"/admin/reviews","method":"GET","isAuthenticated":true,"isAdmin":true,"userId":"68ccdf9b7eea2d6be5a2f41b","cartCount":0}
[18:50:13 09/10/2025] [DEBUG] Request authentication | Meta: {"url":"/admin/reviews","method":"GET","isAuthenticated":true,"isAdmin":true,"userId":"68ccdf9b7eea2d6be5a2f41b","cartCount":0}
[18:51:14 09/10/2025] [DEBUG] Request authentication | Meta: {"url":"/admin/reviews","method":"GET","isAuthenticated":true,"isAdmin":true,"userId":"68ccdf9b7eea2d6be5a2f41b","cartCount":0}
[18:52:16 09/10/2025] [DEBUG] Request authentication | Meta: {"url":"/admin/reviews","method":"GET","isAuthenticated":true,"isAdmin":true,"userId":"68ccdf9b7eea2d6be5a2f41b","cartCount":0}
[18:53:17 09/10/2025] [DEBUG] Request authentication | Meta: {"url":"/admin/reviews","method":"GET","isAuthenticated":true,"isAdmin":true,"userId":"68ccdf9b7eea2d6be5a2f41b","cartCount":0}
[18:53:23 09/10/2025] [DEBUG] Request authentication | Meta: {"url":"/admin/reviews","method":"GET","isAuthenticated":true,"isAdmin":true,"userId":"68ccdf9b7eea2d6be5a2f41b","cartCount":0}
[18:54:27 09/10/2025] [DEBUG] Request authentication | Meta: {"url":"/admin/reviews","method":"GET","isAuthenticated":true,"isAdmin":true,"userId":"68ccdf9b7eea2d6be5a2f41b","cartCount":0}
[18:55:30 09/10/2025] [DEBUG] Request authentication | Meta: {"url":"/admin/reviews","method":"GET","isAuthenticated":true,"isAdmin":true,"userId":"68ccdf9b7eea2d6be5a2f41b","cartCount":0}
[18:56:31 09/10/2025] [DEBUG] Request authentication | Meta: {"url":"/admin/reviews","method":"GET","isAuthenticated":true,"isAdmin":true,"userId":"68ccdf9b7eea2d6be5a2f41b","cartCount":0}
[18:57:32 09/10/2025] [DEBUG] Request authentication | Meta: {"url":"/admin/reviews","method":"GET","isAuthenticated":true,"isAdmin":true,"userId":"68ccdf9b7eea2d6be5a2f41b","cartCount":0}
[18:57:35 09/10/2025] [DEBUG] Request authentication | Meta: {"url":"/admin/reviews","method":"GET","isAuthenticated":true,"isAdmin":true,"userId":"68ccdf9b7eea2d6be5a2f41b","cartCount":0}
[18:57:38 09/10/2025] [DEBUG] Request authentication | Meta: {"url":"/admin/dashboard","method":"GET","isAuthenticated":true,"isAdmin":true,"userId":"68ccdf9b7eea2d6be5a2f41b","cartCount":0}
[18:57:40 09/10/2025] [DEBUG] Request authentication | Meta: {"url":"/admin/reviews","method":"GET","isAuthenticated":true,"isAdmin":true,"userId":"68ccdf9b7eea2d6be5a2f41b","cartCount":0}
[18:58:43 09/10/2025] [DEBUG] Request authentication | Meta: {"url":"/admin/reviews","method":"GET","isAuthenticated":true,"isAdmin":true,"userId":"68ccdf9b7eea2d6be5a2f41b","cartCount":0}
[18:59:45 09/10/2025] [DEBUG] Request authentication | Meta: {"url":"/admin/reviews","method":"GET","isAuthenticated":true,"isAdmin":true,"userId":"68ccdf9b7eea2d6be5a2f41b","cartCount":0}
[19:00:47 09/10/2025] [DEBUG] Request authentication | Meta: {"url":"/admin/reviews","method":"GET","isAuthenticated":true,"isAdmin":true,"userId":"68ccdf9b7eea2d6be5a2f41b","cartCount":0}
[19:01:48 09/10/2025] [DEBUG] Request authentication | Meta: {"url":"/admin/reviews","method":"GET","isAuthenticated":true,"isAdmin":true,"userId":"68ccdf9b7eea2d6be5a2f41b","cartCount":0}
[19:02:50 09/10/2025] [DEBUG] Request authentication | Meta: {"url":"/admin/reviews","method":"GET","isAuthenticated":true,"isAdmin":true,"userId":"68ccdf9b7eea2d6be5a2f41b","cartCount":0}
[19:03:51 09/10/2025] [DEBUG] Request authentication | Meta: {"url":"/admin/reviews","method":"GET","isAuthenticated":true,"isAdmin":true,"userId":"68ccdf9b7eea2d6be5a2f41b","cartCount":0}
[19:04:53 09/10/2025] [DEBUG] Request authentication | Meta: {"url":"/admin/reviews","method":"GET","isAuthenticated":true,"isAdmin":true,"userId":"68ccdf9b7eea2d6be5a2f41b","cartCount":0}
[19:05:55 09/10/2025] [DEBUG] Request authentication | Meta: {"url":"/admin/reviews","method":"GET","isAuthenticated":true,"isAdmin":true,"userId":"68ccdf9b7eea2d6be5a2f41b","cartCount":0}
[19:06:56 09/10/2025] [DEBUG] Request authentication | Meta: {"url":"/admin/reviews","method":"GET","isAuthenticated":true,"isAdmin":true,"userId":"68ccdf9b7eea2d6be5a2f41b","cartCount":0}
[19:07:58 09/10/2025] [DEBUG] Request authentication | Meta: {"url":"/admin/reviews","method":"GET","isAuthenticated":true,"isAdmin":true,"userId":"68ccdf9b7eea2d6be5a2f41b","cartCount":0}
[19:08:59 09/10/2025] [DEBUG] Request authentication | Meta: {"url":"/admin/reviews","method":"GET","isAuthenticated":true,"isAdmin":true,"userId":"68ccdf9b7eea2d6be5a2f41b","cartCount":0}
[19:10:00 09/10/2025] [DEBUG] Request authentication | Meta: {"url":"/admin/reviews","method":"GET","isAuthenticated":true,"isAdmin":true,"userId":"68ccdf9b7eea2d6be5a2f41b","cartCount":0}
[19:11:02 09/10/2025] [DEBUG] Request authentication | Meta: {"url":"/admin/reviews","method":"GET","isAuthenticated":true,"isAdmin":true,"userId":"68ccdf9b7eea2d6be5a2f41b","cartCount":0}
[19:12:03 09/10/2025] [DEBUG] Request authentication | Meta: {"url":"/admin/reviews","method":"GET","isAuthenticated":true,"isAdmin":true,"userId":"68ccdf9b7eea2d6be5a2f41b","cartCount":0}
[19:13:04 09/10/2025] [DEBUG] Request authentication | Meta: {"url":"/admin/reviews","method":"GET","isAuthenticated":true,"isAdmin":true,"userId":"68ccdf9b7eea2d6be5a2f41b","cartCount":0}
[19:14:06 09/10/2025] [DEBUG] Request authentication | Meta: {"url":"/admin/reviews","method":"GET","isAuthenticated":true,"isAdmin":true,"userId":"68ccdf9b7eea2d6be5a2f41b","cartCount":0}
[19:15:07 09/10/2025] [DEBUG] Request authentication | Meta: {"url":"/admin/reviews","method":"GET","isAuthenticated":true,"isAdmin":true,"userId":"68ccdf9b7eea2d6be5a2f41b","cartCount":0}
[19:16:09 09/10/2025] [DEBUG] Request authentication | Meta: {"url":"/admin/reviews","method":"GET","isAuthenticated":true,"isAdmin":true,"userId":"68ccdf9b7eea2d6be5a2f41b","cartCount":0}
[19:17:10 09/10/2025] [DEBUG] Request authentication | Meta: {"url":"/admin/reviews","method":"GET","isAuthenticated":true,"isAdmin":true,"userId":"68ccdf9b7eea2d6be5a2f41b","cartCount":0}
[19:18:12 09/10/2025] [DEBUG] Request authentication | Meta: {"url":"/admin/reviews","method":"GET","isAuthenticated":true,"isAdmin":true,"userId":"68ccdf9b7eea2d6be5a2f41b","cartCount":0}
[19:19:13 09/10/2025] [DEBUG] Request authentication | Meta: {"url":"/admin/reviews","method":"GET","isAuthenticated":true,"isAdmin":true,"userId":"68ccdf9b7eea2d6be5a2f41b","cartCount":0}
[19:20:16 09/10/2025] [DEBUG] Request authentication | Meta: {"url":"/admin/reviews","method":"GET","isAuthenticated":true,"isAdmin":true,"userId":"68ccdf9b7eea2d6be5a2f41b","cartCount":0}
[19:23:32 09/10/2025] [DEBUG] Request authentication | Meta: {"url":"/admin/reviews","method":"GET","isAuthenticated":true,"isAdmin":true,"userId":"68ccdf9b7eea2d6be5a2f41b","cartCount":0}
[19:23:35 09/10/2025] [DEBUG] Request authentication | Meta: {"url":"/admin/dashboard","method":"GET","isAuthenticated":true,"isAdmin":true,"userId":"68ccdf9b7eea2d6be5a2f41b","cartCount":0}
[19:23:38 09/10/2025] [DEBUG] Request authentication | Meta: {"url":"/admin/reviews","method":"GET","isAuthenticated":true,"isAdmin":true,"userId":"68ccdf9b7eea2d6be5a2f41b","cartCount":0}
[19:30:26 09/10/2025] [DEBUG] Request authentication | Meta: {"url":"/admin/dashboard","method":"GET","isAuthenticated":true,"isAdmin":true,"userId":"68ccdf9b7eea2d6be5a2f41b","cartCount":0}
[19:30:31 09/10/2025] [DEBUG] Request authentication | Meta: {"url":"/admin/reviews","method":"GET","isAuthenticated":true,"isAdmin":true,"userId":"68ccdf9b7eea2d6be5a2f41b","cartCount":0}
[19:30:52 09/10/2025] [DEBUG] Request authentication | Meta: {"url":"/admin/dashboard","method":"GET","isAuthenticated":true,"isAdmin":true,"userId":"68ccdf9b7eea2d6be5a2f41b","cartCount":0}
[19:30:58 09/10/2025] [DEBUG] Request authentication | Meta: {"url":"/admin/reviews","method":"GET","isAuthenticated":true,"isAdmin":true,"userId":"68ccdf9b7eea2d6be5a2f41b","cartCount":0}
[19:33:18 09/10/2025] [DEBUG] Request authentication | Meta: {"url":"/admin/reviews","method":"GET","isAuthenticated":true,"isAdmin":true,"userId":"68ccdf9b7eea2d6be5a2f41b","cartCount":0}
[19:34:17 09/10/2025] [DEBUG] Request authentication | Meta: {"url":"/admin/dashboard","method":"GET","isAuthenticated":true,"isAdmin":true,"userId":"68ccdf9b7eea2d6be5a2f41b","cartCount":0}
[19:34:40 09/10/2025] [DEBUG] Request authentication | Meta: {"url":"/admin/reviews","method":"GET","isAuthenticated":true,"isAdmin":true,"userId":"68ccdf9b7eea2d6be5a2f41b","cartCount":0}
[19:35:26 09/10/2025] [DEBUG] Request authentication | Meta: {"url":"/","method":"GET","isAuthenticated":true,"isAdmin":true,"userId":"68ccdf9b7eea2d6be5a2f41b","cartCount":0}
[19:35:30 09/10/2025] [DEBUG] Request authentication | Meta: {"url":"/logout","method":"GET","isAuthenticated":true,"isAdmin":true,"userId":"68ccdf9b7eea2d6be5a2f41b","cartCount":0}
[19:35:31 09/10/2025] [DEBUG] Request authentication | Meta: {"url":"/","method":"GET","isAuthenticated":false,"userId":null,"cartCount":0}
[19:35:34 09/10/2025] [DEBUG] Request authentication | Meta: {"url":"/login","method":"GET","isAuthenticated":false,"userId":null,"cartCount":0}
[19:35:36 09/10/2025] [DEBUG] Request authentication | Meta: {"url":"/login","method":"POST","isAuthenticated":false,"userId":null,"cartCount":0}
[19:35:38 09/10/2025] [DEBUG] Request authentication | Meta: {"url":"/admin/dashboard","method":"GET","isAuthenticated":true,"isAdmin":true,"userId":"68ccdf9b7eea2d6be5a2f41b","cartCount":0}
[19:35:43 09/10/2025] [DEBUG] Request authentication | Meta: {"url":"/admin/reviews","method":"GET","isAuthenticated":true,"isAdmin":true,"userId":"68ccdf9b7eea2d6be5a2f41b","cartCount":0}
[19:35:48 09/10/2025] [DEBUG] Request authentication | Meta: {"url":"/admin/brands","method":"GET","isAuthenticated":true,"isAdmin":true,"userId":"68ccdf9b7eea2d6be5a2f41b","cartCount":0}
[19:35:54 09/10/2025] [DEBUG] Request authentication | Meta: {"url":"/admin/reviews","method":"GET","isAuthenticated":true,"isAdmin":true,"userId":"68ccdf9b7eea2d6be5a2f41b","cartCount":0}
[19:36:00 09/10/2025] [DEBUG] Request authentication | Meta: {"url":"/admin/reviews","method":"GET","isAuthenticated":true,"isAdmin":true,"userId":"68ccdf9b7eea2d6be5a2f41b","cartCount":0}
[19:36:05 09/10/2025] [DEBUG] Request authentication | Meta: {"url":"/admin/reviews","method":"GET","isAuthenticated":true,"isAdmin":true,"userId":"68ccdf9b7eea2d6be5a2f41b","cartCount":0}
[19:36:55 09/10/2025] [DEBUG] Request authentication | Meta: {"url":"/admin/dashboard","method":"GET","isAuthenticated":true,"isAdmin":true,"userId":"68ccdf9b7eea2d6be5a2f41b","cartCount":0}
[19:39:57 09/10/2025] [DEBUG] Request authentication | Meta: {"url":"/admin/reviews","method":"GET","isAuthenticated":true,"isAdmin":true,"userId":"68ccdf9b7eea2d6be5a2f41b","cartCount":0}
[19:41:13 09/10/2025] [DEBUG] Request authentication | Meta: {"url":"/admin/products","method":"GET","isAuthenticated":true,"isAdmin":true,"userId":"68ccdf9b7eea2d6be5a2f41b","cartCount":0}
[19:41:22 09/10/2025] [DEBUG] Request authentication | Meta: {"url":"/admin/users","method":"GET","isAuthenticated":true,"isAdmin":true,"userId":"68ccdf9b7eea2d6be5a2f41b","cartCount":0}
[19:41:25 09/10/2025] [DEBUG] Request authentication | Meta: {"url":"/admin/users","method":"GET","isAuthenticated":true,"isAdmin":true,"userId":"68ccdf9b7eea2d6be5a2f41b","cartCount":0}
[19:41:28 09/10/2025] [DEBUG] Request authentication | Meta: {"url":"/admin/users","method":"GET","isAuthenticated":true,"isAdmin":true,"userId":"68ccdf9b7eea2d6be5a2f41b","cartCount":0}
[19:41:30 09/10/2025] [DEBUG] Request authentication | Meta: {"url":"/admin/dashboard","method":"GET","isAuthenticated":true,"isAdmin":true,"userId":"68ccdf9b7eea2d6be5a2f41b","cartCount":0}
[19:41:33 09/10/2025] [DEBUG] Request authentication | Meta: {"url":"/admin/accounts","method":"GET","isAuthenticated":true,"isAdmin":true,"userId":"68ccdf9b7eea2d6be5a2f41b","cartCount":0}
[19:41:42 09/10/2025] [DEBUG] Request authentication | Meta: {"url":"/admin/brands","method":"GET","isAuthenticated":true,"isAdmin":true,"userId":"68ccdf9b7eea2d6be5a2f41b","cartCount":0}
[19:46:02 09/10/2025] [DEBUG] Request authentication | Meta: {"url":"/admin/reviews","method":"GET","isAuthenticated":true,"isAdmin":true,"userId":"68ccdf9b7eea2d6be5a2f41b","cartCount":0}
[19:46:25 09/10/2025] [DEBUG] Request authentication | Meta: {"url":"/admin/reviews","method":"GET","isAuthenticated":true,"isAdmin":true,"userId":"68ccdf9b7eea2d6be5a2f41b","cartCount":0}
[19:46:27 09/10/2025] [DEBUG] Request authentication | Meta: {"url":"/admin/reviews","method":"GET","isAuthenticated":true,"isAdmin":true,"userId":"68ccdf9b7eea2d6be5a2f41b","cartCount":0}
[19:46:45 09/10/2025] [DEBUG] Request authentication | Meta: {"url":"/admin/accounts","method":"GET","isAuthenticated":true,"isAdmin":true,"userId":"68ccdf9b7eea2d6be5a2f41b","cartCount":0}
[19:46:47 09/10/2025] [DEBUG] Request authentication | Meta: {"url":"/admin/categories","method":"GET","isAuthenticated":true,"isAdmin":true,"userId":"68ccdf9b7eea2d6be5a2f41b","cartCount":0}
[19:46:49 09/10/2025] [DEBUG] Request authentication | Meta: {"url":"/admin/brands","method":"GET","isAuthenticated":true,"isAdmin":true,"userId":"68ccdf9b7eea2d6be5a2f41b","cartCount":0}
[19:46:51 09/10/2025] [DEBUG] Request authentication | Meta: {"url":"/admin/reviews","method":"GET","isAuthenticated":true,"isAdmin":true,"userId":"68ccdf9b7eea2d6be5a2f41b","cartCount":0}
[19:46:54 09/10/2025] [DEBUG] Request authentication | Meta: {"url":"/admin/categories","method":"GET","isAuthenticated":true,"isAdmin":true,"userId":"68ccdf9b7eea2d6be5a2f41b","cartCount":0}
[19:46:55 09/10/2025] [DEBUG] Request authentication | Meta: {"url":"/admin/reviews","method":"GET","isAuthenticated":true,"isAdmin":true,"userId":"68ccdf9b7eea2d6be5a2f41b","cartCount":0}
[19:47:06 09/10/2025] [DEBUG] Request authentication | Meta: {"url":"/admin/brands","method":"GET","isAuthenticated":true,"isAdmin":true,"userId":"68ccdf9b7eea2d6be5a2f41b","cartCount":0}
[19:47:09 09/10/2025] [DEBUG] Request authentication | Meta: {"url":"/admin/reviews","method":"GET","isAuthenticated":true,"isAdmin":true,"userId":"68ccdf9b7eea2d6be5a2f41b","cartCount":0}
[19:49:32 09/10/2025] [DEBUG] Request authentication | Meta: {"url":"/admin/reviews","method":"GET","isAuthenticated":true,"isAdmin":true,"userId":"68ccdf9b7eea2d6be5a2f41b","cartCount":0}
[19:49:44 09/10/2025] [DEBUG] Request authentication | Meta: {"url":"/admin/reports","method":"GET","isAuthenticated":true,"isAdmin":true,"userId":"68ccdf9b7eea2d6be5a2f41b","cartCount":0}
[19:54:27 09/10/2025] [DEBUG] Request authentication | Meta: {"url":"/admin/reviews","method":"GET","isAuthenticated":true,"isAdmin":true,"userId":"68ccdf9b7eea2d6be5a2f41b","cartCount":0}
[19:54:32 09/10/2025] [DEBUG] Request authentication | Meta: {"url":"/admin/reviews","method":"GET","isAuthenticated":true,"isAdmin":true,"userId":"68ccdf9b7eea2d6be5a2f41b","cartCount":0}
[19:54:45 09/10/2025] [DEBUG] Request authentication | Meta: {"url":"/admin/reviews/update-status","method":"POST","isAuthenticated":true,"isAdmin":true,"userId":"68ccdf9b7eea2d6be5a2f41b","cartCount":0}
[19:54:46 09/10/2025] [DEBUG] Request authentication | Meta: {"url":"/admin/reviews","method":"GET","isAuthenticated":true,"isAdmin":true,"userId":"68ccdf9b7eea2d6be5a2f41b","cartCount":0}
[19:54:51 09/10/2025] [DEBUG] Request authentication | Meta: {"url":"/admin/reviews","method":"GET","isAuthenticated":true,"isAdmin":true,"userId":"68ccdf9b7eea2d6be5a2f41b","cartCount":0}
[19:55:10 09/10/2025] [DEBUG] Request authentication | Meta: {"url":"/admin/reviews/delete","method":"POST","isAuthenticated":true,"isAdmin":true,"userId":"68ccdf9b7eea2d6be5a2f41b","cartCount":0}
[19:55:11 09/10/2025] [DEBUG] Request authentication | Meta: {"url":"/admin/reviews","method":"GET","isAuthenticated":true,"isAdmin":true,"userId":"68ccdf9b7eea2d6be5a2f41b","cartCount":0}
[19:55:14 09/10/2025] [DEBUG] Request authentication | Meta: {"url":"/admin/reviews","method":"GET","isAuthenticated":true,"isAdmin":true,"userId":"68ccdf9b7eea2d6be5a2f41b","cartCount":0}
[19:55:46 09/10/2025] [DEBUG] Request authentication | Meta: {"url":"/admin/reviews","method":"GET","isAuthenticated":true,"isAdmin":true,"userId":"68ccdf9b7eea2d6be5a2f41b","cartCount":0}
[19:58:40 09/10/2025] [DEBUG] Request authentication | Meta: {"url":"/admin/reviews","method":"GET","isAuthenticated":true,"isAdmin":true,"userId":"68ccdf9b7eea2d6be5a2f41b","cartCount":0}
[19:58:53 09/10/2025] [DEBUG] Request authentication | Meta: {"url":"/admin/reviews/delete","method":"POST","isAuthenticated":true,"isAdmin":true,"userId":"68ccdf9b7eea2d6be5a2f41b","cartCount":0}
[19:58:53 09/10/2025] [DEBUG] Request authentication | Meta: {"url":"/admin/reviews","method":"GET","isAuthenticated":true,"isAdmin":true,"userId":"68ccdf9b7eea2d6be5a2f41b","cartCount":0}
[19:58:56 09/10/2025] [DEBUG] Request authentication | Meta: {"url":"/admin/reviews","method":"GET","isAuthenticated":true,"isAdmin":true,"userId":"68ccdf9b7eea2d6be5a2f41b","cartCount":0}
[20:03:12 09/10/2025] [DEBUG] Request authentication | Meta: {"url":"/admin/reviews","method":"GET","isAuthenticated":true,"isAdmin":true,"userId":"68ccdf9b7eea2d6be5a2f41b","cartCount":0}
[20:13:45 09/10/2025] [DEBUG] Request authentication | Meta: {"url":"/admin/reviews","method":"GET","isAuthenticated":true,"isAdmin":true,"userId":"68ccdf9b7eea2d6be5a2f41b","cartCount":0}
[20:17:27 09/10/2025] [DEBUG] Request authentication | Meta: {"url":"/admin/reviews","method":"GET","isAuthenticated":true,"isAdmin":true,"userId":"68ccdf9b7eea2d6be5a2f41b","cartCount":0}
[20:17:46 09/10/2025] [DEBUG] Request authentication | Meta: {"url":"/admin/reviews","method":"GET","isAuthenticated":true,"isAdmin":true,"userId":"68ccdf9b7eea2d6be5a2f41b","cartCount":0}
[20:17:49 09/10/2025] [DEBUG] Request authentication | Meta: {"url":"/admin/dashboard","method":"GET","isAuthenticated":true,"isAdmin":true,"userId":"68ccdf9b7eea2d6be5a2f41b","cartCount":0}
[20:17:53 09/10/2025] [DEBUG] Request authentication | Meta: {"url":"/admin/dashboard","method":"GET","isAuthenticated":true,"isAdmin":true,"userId":"68ccdf9b7eea2d6be5a2f41b","cartCount":0}
[20:18:00 09/10/2025] [DEBUG] Request authentication | Meta: {"url":"/admin/reviews","method":"GET","isAuthenticated":true,"isAdmin":true,"userId":"68ccdf9b7eea2d6be5a2f41b","cartCount":0}
[20:18:19 09/10/2025] [DEBUG] Request authentication | Meta: {"url":"/admin/dashboard","method":"GET","isAuthenticated":true,"isAdmin":true,"userId":"68ccdf9b7eea2d6be5a2f41b","cartCount":0}
[20:23:23 09/10/2025] [DEBUG] Request authentication | Meta: {"url":"/admin/reviews","method":"GET","isAuthenticated":true,"isAdmin":true,"userId":"68ccdf9b7eea2d6be5a2f41b","cartCount":0}
[20:28:45 09/10/2025] [DEBUG] Request authentication | Meta: {"url":"/admin/reviews","method":"GET","isAuthenticated":true,"isAdmin":true,"userId":"68ccdf9b7eea2d6be5a2f41b","cartCount":0}
[20:58:23 09/10/2025] [DEBUG] Request authentication | Meta: {"url":"/admin/reviews","method":"GET","isAuthenticated":true,"isAdmin":true,"userId":"68ccdf9b7eea2d6be5a2f41b","cartCount":0}
[20:58:58 09/10/2025] [DEBUG] Request authentication | Meta: {"url":"/logout","method":"POST","isAuthenticated":true,"isAdmin":true,"userId":"68ccdf9b7eea2d6be5a2f41b","cartCount":0}
[20:58:58 09/10/2025] [DEBUG] Request authentication | Meta: {"url":"/","method":"GET","isAuthenticated":false,"userId":null,"cartCount":0}
[20:59:03 09/10/2025] [DEBUG] Request authentication | Meta: {"url":"/login","method":"GET","isAuthenticated":false,"userId":null,"cartCount":0}
[20:59:06 09/10/2025] [DEBUG] Request authentication | Meta: {"url":"/login","method":"POST","isAuthenticated":false,"userId":null,"cartCount":0}
[20:59:07 09/10/2025] [DEBUG] Request authentication | Meta: {"url":"/","method":"GET","isAuthenticated":true,"isAdmin":false,"userId":"68ccef4f8a55d7d4ae4478d1","cartCount":0}
[20:59:12 09/10/2025] [DEBUG] Request authentication | Meta: {"url":"/products/68ce659ddc6e05ce884c1795","method":"GET","isAuthenticated":true,"isAdmin":false,"userId":"68ccef4f8a55d7d4ae4478d1","cartCount":0}
[20:59:18 09/10/2025] [DEBUG] Request authentication | Meta: {"url":"/products/68ce659ddc6e05ce884c1795/review","method":"POST","isAuthenticated":true,"isAdmin":false,"userId":"68ccef4f8a55d7d4ae4478d1","cartCount":0}
[20:59:23 09/10/2025] [DEBUG] Request authentication | Meta: {"url":"/","method":"GET","isAuthenticated":true,"isAdmin":false,"userId":"68ccef4f8a55d7d4ae4478d1","cartCount":0}
[20:59:27 09/10/2025] [DEBUG] Request authentication | Meta: {"url":"/products/68ce659ddc6e05ce884c179a","method":"GET","isAuthenticated":true,"isAdmin":false,"userId":"68ccef4f8a55d7d4ae4478d1","cartCount":0}
[20:59:32 09/10/2025] [DEBUG] Request authentication | Meta: {"url":"/products/68ce659ddc6e05ce884c179a/review","method":"POST","isAuthenticated":true,"isAdmin":false,"userId":"68ccef4f8a55d7d4ae4478d1","cartCount":0}
[20:59:33 09/10/2025] [DEBUG] Request authentication | Meta: {"url":"/products/68ce659ddc6e05ce884c179a","method":"GET","isAuthenticated":true,"isAdmin":false,"userId":"68ccef4f8a55d7d4ae4478d1","cartCount":0}
[20:59:47 09/10/2025] [DEBUG] Request authentication | Meta: {"url":"/products/68ce659ddc6e05ce884c179a/review","method":"POST","isAuthenticated":true,"isAdmin":false,"userId":"68ccef4f8a55d7d4ae4478d1","cartCount":0}
[20:59:52 09/10/2025] [DEBUG] Request authentication | Meta: {"url":"/logout","method":"POST","isAuthenticated":true,"isAdmin":false,"userId":"68ccef4f8a55d7d4ae4478d1","cartCount":0}
[20:59:52 09/10/2025] [DEBUG] Request authentication | Meta: {"url":"/","method":"GET","isAuthenticated":false,"userId":null,"cartCount":0}
[20:59:55 09/10/2025] [DEBUG] Request authentication | Meta: {"url":"/login","method":"GET","isAuthenticated":false,"userId":null,"cartCount":0}
[21:00:00 09/10/2025] [DEBUG] Request authentication | Meta: {"url":"/login","method":"POST","isAuthenticated":false,"userId":null,"cartCount":0}
[21:00:00 09/10/2025] [DEBUG] Request authentication | Meta: {"url":"/admin/dashboard","method":"GET","isAuthenticated":true,"isAdmin":true,"userId":"68ccdf9b7eea2d6be5a2f41b","cartCount":0}
[21:00:03 09/10/2025] [DEBUG] Request authentication | Meta: {"url":"/admin/reviews","method":"GET","isAuthenticated":true,"isAdmin":true,"userId":"68ccdf9b7eea2d6be5a2f41b","cartCount":0}
[21:00:12 09/10/2025] [DEBUG] Request authentication | Meta: {"url":"/admin/reviews","method":"GET","isAuthenticated":true,"isAdmin":true,"userId":"68ccdf9b7eea2d6be5a2f41b","cartCount":0}
[21:00:36 09/10/2025] [DEBUG] Request authentication | Meta: {"url":"/logout","method":"POST","isAuthenticated":true,"isAdmin":true,"userId":"68ccdf9b7eea2d6be5a2f41b","cartCount":0}
[21:00:36 09/10/2025] [DEBUG] Request authentication | Meta: {"url":"/","method":"GET","isAuthenticated":false,"userId":null,"cartCount":0}
[21:00:41 09/10/2025] [DEBUG] Request authentication | Meta: {"url":"/products/68ce659ddc6e05ce884c179a","method":"GET","isAuthenticated":false,"userId":null,"cartCount":0}
[21:00:44 09/10/2025] [DEBUG] Request authentication | Meta: {"url":"/login?returnTo=%2Fproducts%2F68ce659ddc6e05ce884c179a","method":"GET","isAuthenticated":false,"userId":null,"cartCount":0}
[21:00:49 09/10/2025] [DEBUG] Request authentication | Meta: {"url":"/login","method":"POST","isAuthenticated":false,"userId":null,"cartCount":0}
[21:00:49 09/10/2025] [DEBUG] Request authentication | Meta: {"url":"/","method":"GET","isAuthenticated":true,"isAdmin":false,"userId":"68ccef4f8a55d7d4ae4478d1","cartCount":0}
[21:05:01 09/10/2025] [DEBUG] Request authentication | Meta: {"url":"/logout","method":"POST","isAuthenticated":true,"isAdmin":false,"userId":"68ccef4f8a55d7d4ae4478d1","cartCount":0}
[21:05:01 09/10/2025] [DEBUG] Request authentication | Meta: {"url":"/","method":"GET","isAuthenticated":false,"userId":null,"cartCount":0}
[21:05:11 09/10/2025] [DEBUG] Request authentication | Meta: {"url":"/login","method":"GET","isAuthenticated":false,"userId":null,"cartCount":0}
[21:05:18 09/10/2025] [DEBUG] Request authentication | Meta: {"url":"/login","method":"POST","isAuthenticated":false,"userId":null,"cartCount":0}
[21:05:19 09/10/2025] [DEBUG] Request authentication | Meta: {"url":"/admin/dashboard","method":"GET","isAuthenticated":true,"isAdmin":true,"userId":"68ccdf9b7eea2d6be5a2f41b","cartCount":0}
[21:05:33 09/10/2025] [DEBUG] Request authentication | Meta: {"url":"/admin/reviews","method":"GET","isAuthenticated":true,"isAdmin":true,"userId":"68ccdf9b7eea2d6be5a2f41b","cartCount":0}
[21:08:31 09/10/2025] [DEBUG] Request authentication | Meta: {"url":"/admin/reviews","method":"GET","isAuthenticated":true,"isAdmin":true,"userId":"68ccdf9b7eea2d6be5a2f41b","cartCount":0}
[21:08:47 09/10/2025] [DEBUG] Request authentication | Meta: {"url":"/.well-known/appspecific/com.chrome.devtools.json","method":"GET","isAuthenticated":true,"isAdmin":true,"userId":"68ccdf9b7eea2d6be5a2f41b","cartCount":0}
[21:13:29 09/10/2025] [DEBUG] Request authentication | Meta: {"url":"/admin/reviews","method":"GET","isAuthenticated":true,"isAdmin":true,"userId":"68ccdf9b7eea2d6be5a2f41b","cartCount":0}
[21:13:42 09/10/2025] [DEBUG] Request authentication | Meta: {"url":"/admin/dashboard","method":"GET","isAuthenticated":true,"isAdmin":true,"userId":"68ccdf9b7eea2d6be5a2f41b","cartCount":0}
[21:13:44 09/10/2025] [DEBUG] Request authentication | Meta: {"url":"/admin/reviews","method":"GET","isAuthenticated":true,"isAdmin":true,"userId":"68ccdf9b7eea2d6be5a2f41b","cartCount":0}
[21:24:38 09/10/2025] [DEBUG] Request authentication | Meta: {"url":"/","method":"GET","isAuthenticated":true,"isAdmin":true,"userId":"68ccdf9b7eea2d6be5a2f41b","cartCount":0}
[21:25:28 09/10/2025] [DEBUG] Request authentication | Meta: {"url":"/admin/dashboard","method":"GET","isAuthenticated":true,"isAdmin":true,"userId":"68ccdf9b7eea2d6be5a2f41b","cartCount":0}
[21:25:31 09/10/2025] [DEBUG] Request authentication | Meta: {"url":"/admin/reviews","method":"GET","isAuthenticated":true,"isAdmin":true,"userId":"68ccdf9b7eea2d6be5a2f41b","cartCount":0}
[21:35:42 09/10/2025] [DEBUG] Request authentication | Meta: {"url":"/admin/reviews","method":"GET","isAuthenticated":true,"isAdmin":true,"userId":"68ccdf9b7eea2d6be5a2f41b","cartCount":0}
[21:39:18 09/10/2025] [DEBUG] Request authentication | Meta: {"url":"/admin/dashboard","method":"GET","isAuthenticated":true,"isAdmin":true,"userId":"68ccdf9b7eea2d6be5a2f41b","cartCount":0}
[21:39:27 09/10/2025] [DEBUG] Request authentication | Meta: {"url":"/admin/reviews","method":"GET","isAuthenticated":true,"isAdmin":true,"userId":"68ccdf9b7eea2d6be5a2f41b","cartCount":0}
[21:39:48 09/10/2025] [DEBUG] Request authentication | Meta: {"url":"/.well-known/appspecific/com.chrome.devtools.json","method":"GET","isAuthenticated":true,"isAdmin":true,"userId":"68ccdf9b7eea2d6be5a2f41b","cartCount":0}
[21:40:01 09/10/2025] [DEBUG] Request authentication | Meta: {"url":"/admin/dashboard","method":"GET","isAuthenticated":true,"isAdmin":true,"userId":"68ccdf9b7eea2d6be5a2f41b","cartCount":0}
[21:43:47 09/10/2025] [DEBUG] Request authentication | Meta: {"url":"/admin/reviews","method":"GET","isAuthenticated":true,"isAdmin":true,"userId":"68ccdf9b7eea2d6be5a2f41b","cartCount":0}
[21:44:06 09/10/2025] [DEBUG] Request authentication | Meta: {"url":"/admin/reviews","method":"GET","isAuthenticated":true,"isAdmin":true,"userId":"68ccdf9b7eea2d6be5a2f41b","cartCount":0}
[21:44:13 09/10/2025] [DEBUG] Request authentication | Meta: {"url":"/admin/reviews","method":"GET","isAuthenticated":true,"isAdmin":true,"userId":"68ccdf9b7eea2d6be5a2f41b","cartCount":0}
[21:49:00 09/10/2025] [DEBUG] Request authentication | Meta: {"url":"/admin/reviews","method":"GET","isAuthenticated":true,"isAdmin":true,"userId":"68ccdf9b7eea2d6be5a2f41b","cartCount":0}
[21:49:14 09/10/2025] [DEBUG] Request authentication | Meta: {"url":"/.well-known/appspecific/com.chrome.devtools.json","method":"GET","isAuthenticated":true,"isAdmin":true,"userId":"68ccdf9b7eea2d6be5a2f41b","cartCount":0}
[21:52:10 09/10/2025] [DEBUG] Request authentication | Meta: {"url":"/admin/reviews","method":"GET","isAuthenticated":true,"isAdmin":true,"userId":"68ccdf9b7eea2d6be5a2f41b","cartCount":0}
[21:52:24 09/10/2025] [DEBUG] Request authentication | Meta: {"url":"/admin/reviews","method":"GET","isAuthenticated":true,"isAdmin":true,"userId":"68ccdf9b7eea2d6be5a2f41b","cartCount":0}
[21:52:27 09/10/2025] [DEBUG] Request authentication | Meta: {"url":"/admin/reviews","method":"GET","isAuthenticated":true,"isAdmin":true,"userId":"68ccdf9b7eea2d6be5a2f41b","cartCount":0}
[21:52:41 09/10/2025] [DEBUG] Request authentication | Meta: {"url":"/admin/dashboard","method":"GET","isAuthenticated":true,"isAdmin":true,"userId":"68ccdf9b7eea2d6be5a2f41b","cartCount":0}
[21:52:44 09/10/2025] [DEBUG] Request authentication | Meta: {"url":"/admin/reviews","method":"GET","isAuthenticated":true,"isAdmin":true,"userId":"68ccdf9b7eea2d6be5a2f41b","cartCount":0}
[21:52:47 09/10/2025] [DEBUG] Request authentication | Meta: {"url":"/admin/dashboard","method":"GET","isAuthenticated":true,"isAdmin":true,"userId":"68ccdf9b7eea2d6be5a2f41b","cartCount":0}
[21:53:04 09/10/2025] [DEBUG] Request authentication | Meta: {"url":"/admin/reviews","method":"GET","isAuthenticated":true,"isAdmin":true,"userId":"68ccdf9b7eea2d6be5a2f41b","cartCount":0}
[21:58:07 09/10/2025] [DEBUG] Request authentication | Meta: {"url":"/admin/reviews","method":"GET","isAuthenticated":true,"isAdmin":true,"userId":"68ccdf9b7eea2d6be5a2f41b","cartCount":0}
[21:58:08 09/10/2025] [DEBUG] Request authentication | Meta: {"url":"/.well-known/appspecific/com.chrome.devtools.json","method":"GET","isAuthenticated":true,"isAdmin":true,"userId":"68ccdf9b7eea2d6be5a2f41b","cartCount":0}
[21:58:26 09/10/2025] [DEBUG] Request authentication | Meta: {"url":"/admin/reviews","method":"GET","isAuthenticated":true,"isAdmin":true,"userId":"68ccdf9b7eea2d6be5a2f41b","cartCount":0}
[21:58:28 09/10/2025] [DEBUG] Request authentication | Meta: {"url":"/.well-known/appspecific/com.chrome.devtools.json","method":"GET","isAuthenticated":true,"isAdmin":true,"userId":"68ccdf9b7eea2d6be5a2f41b","cartCount":0}
[21:58:30 09/10/2025] [DEBUG] Request authentication | Meta: {"url":"/admin/dashboard","method":"GET","isAuthenticated":true,"isAdmin":true,"userId":"68ccdf9b7eea2d6be5a2f41b","cartCount":0}
[21:58:31 09/10/2025] [DEBUG] Request authentication | Meta: {"url":"/.well-known/appspecific/com.chrome.devtools.json","method":"GET","isAuthenticated":true,"isAdmin":true,"userId":"68ccdf9b7eea2d6be5a2f41b","cartCount":0}
[21:58:33 09/10/2025] [DEBUG] Request authentication | Meta: {"url":"/admin/reviews","method":"GET","isAuthenticated":true,"isAdmin":true,"userId":"68ccdf9b7eea2d6be5a2f41b","cartCount":0}
[21:58:35 09/10/2025] [DEBUG] Request authentication | Meta: {"url":"/.well-known/appspecific/com.chrome.devtools.json","method":"GET","isAuthenticated":true,"isAdmin":true,"userId":"68ccdf9b7eea2d6be5a2f41b","cartCount":0}
[21:59:36 09/10/2025] [DEBUG] Request authentication | Meta: {"url":"/admin/reviews","method":"GET","isAuthenticated":true,"isAdmin":true,"userId":"68ccdf9b7eea2d6be5a2f41b","cartCount":0}
[21:59:37 09/10/2025] [DEBUG] Request authentication | Meta: {"url":"/.well-known/appspecific/com.chrome.devtools.json","method":"GET","isAuthenticated":true,"isAdmin":true,"userId":"68ccdf9b7eea2d6be5a2f41b","cartCount":0}
[22:00:38 09/10/2025] [DEBUG] Request authentication | Meta: {"url":"/admin/reviews","method":"GET","isAuthenticated":true,"isAdmin":true,"userId":"68ccdf9b7eea2d6be5a2f41b","cartCount":0}
[22:00:39 09/10/2025] [DEBUG] Request authentication | Meta: {"url":"/.well-known/appspecific/com.chrome.devtools.json","method":"GET","isAuthenticated":true,"isAdmin":true,"userId":"68ccdf9b7eea2d6be5a2f41b","cartCount":0}
[22:01:40 09/10/2025] [DEBUG] Request authentication | Meta: {"url":"/admin/reviews","method":"GET","isAuthenticated":true,"isAdmin":true,"userId":"68ccdf9b7eea2d6be5a2f41b","cartCount":0}
[22:01:41 09/10/2025] [DEBUG] Request authentication | Meta: {"url":"/.well-known/appspecific/com.chrome.devtools.json","method":"GET","isAuthenticated":true,"isAdmin":true,"userId":"68ccdf9b7eea2d6be5a2f41b","cartCount":0}
[22:02:42 09/10/2025] [DEBUG] Request authentication | Meta: {"url":"/admin/reviews","method":"GET","isAuthenticated":true,"isAdmin":true,"userId":"68ccdf9b7eea2d6be5a2f41b","cartCount":0}
[22:02:44 09/10/2025] [DEBUG] Request authentication | Meta: {"url":"/.well-known/appspecific/com.chrome.devtools.json","method":"GET","isAuthenticated":true,"isAdmin":true,"userId":"68ccdf9b7eea2d6be5a2f41b","cartCount":0}
[22:03:45 09/10/2025] [DEBUG] Request authentication | Meta: {"url":"/admin/reviews","method":"GET","isAuthenticated":true,"isAdmin":true,"userId":"68ccdf9b7eea2d6be5a2f41b","cartCount":0}
[22:03:47 09/10/2025] [DEBUG] Request authentication | Meta: {"url":"/.well-known/appspecific/com.chrome.devtools.json","method":"GET","isAuthenticated":true,"isAdmin":true,"userId":"68ccdf9b7eea2d6be5a2f41b","cartCount":0}
[22:04:48 09/10/2025] [DEBUG] Request authentication | Meta: {"url":"/admin/reviews","method":"GET","isAuthenticated":true,"isAdmin":true,"userId":"68ccdf9b7eea2d6be5a2f41b","cartCount":0}
[22:04:50 09/10/2025] [DEBUG] Request authentication | Meta: {"url":"/.well-known/appspecific/com.chrome.devtools.json","method":"GET","isAuthenticated":true,"isAdmin":true,"userId":"68ccdf9b7eea2d6be5a2f41b","cartCount":0}
[22:05:51 09/10/2025] [DEBUG] Request authentication | Meta: {"url":"/admin/reviews","method":"GET","isAuthenticated":true,"isAdmin":true,"userId":"68ccdf9b7eea2d6be5a2f41b","cartCount":0}
[22:05:53 09/10/2025] [DEBUG] Request authentication | Meta: {"url":"/.well-known/appspecific/com.chrome.devtools.json","method":"GET","isAuthenticated":true,"isAdmin":true,"userId":"68ccdf9b7eea2d6be5a2f41b","cartCount":0}
[22:06:54 09/10/2025] [DEBUG] Request authentication | Meta: {"url":"/admin/reviews","method":"GET","isAuthenticated":true,"isAdmin":true,"userId":"68ccdf9b7eea2d6be5a2f41b","cartCount":0}
[22:06:56 09/10/2025] [DEBUG] Request authentication | Meta: {"url":"/.well-known/appspecific/com.chrome.devtools.json","method":"GET","isAuthenticated":true,"isAdmin":true,"userId":"68ccdf9b7eea2d6be5a2f41b","cartCount":0}
[22:07:57 09/10/2025] [DEBUG] Request authentication | Meta: {"url":"/admin/reviews","method":"GET","isAuthenticated":true,"isAdmin":true,"userId":"68ccdf9b7eea2d6be5a2f41b","cartCount":0}
[22:07:59 09/10/2025] [DEBUG] Request authentication | Meta: {"url":"/.well-known/appspecific/com.chrome.devtools.json","method":"GET","isAuthenticated":true,"isAdmin":true,"userId":"68ccdf9b7eea2d6be5a2f41b","cartCount":0}
[22:08:37 09/10/2025] [DEBUG] Request authentication | Meta: {"url":"/admin/reviews","method":"GET","isAuthenticated":true,"isAdmin":true,"userId":"68ccdf9b7eea2d6be5a2f41b","cartCount":0}
[22:08:40 09/10/2025] [DEBUG] Request authentication | Meta: {"url":"/.well-known/appspecific/com.chrome.devtools.json","method":"GET","isAuthenticated":true,"isAdmin":true,"userId":"68ccdf9b7eea2d6be5a2f41b","cartCount":0}
[22:08:48 09/10/2025] [DEBUG] Request authentication | Meta: {"url":"/admin/reviews","method":"GET","isAuthenticated":true,"isAdmin":true,"userId":"68ccdf9b7eea2d6be5a2f41b","cartCount":0}
[22:08:50 09/10/2025] [DEBUG] Request authentication | Meta: {"url":"/.well-known/appspecific/com.chrome.devtools.json","method":"GET","isAuthenticated":true,"isAdmin":true,"userId":"68ccdf9b7eea2d6be5a2f41b","cartCount":0}
[22:09:38 09/10/2025] [DEBUG] Request authentication | Meta: {"url":"/admin/dashboard","method":"GET","isAuthenticated":true,"isAdmin":true,"userId":"68ccdf9b7eea2d6be5a2f41b","cartCount":0}
[22:09:40 09/10/2025] [DEBUG] Request authentication | Meta: {"url":"/.well-known/appspecific/com.chrome.devtools.json","method":"GET","isAuthenticated":true,"isAdmin":true,"userId":"68ccdf9b7eea2d6be5a2f41b","cartCount":0}
[22:09:50 09/10/2025] [DEBUG] Request authentication | Meta: {"url":"/admin/reviews","method":"GET","isAuthenticated":true,"isAdmin":true,"userId":"68ccdf9b7eea2d6be5a2f41b","cartCount":0}
[22:09:54 09/10/2025] [DEBUG] Request authentication | Meta: {"url":"/admin/dashboard","method":"GET","isAuthenticated":true,"isAdmin":true,"userId":"68ccdf9b7eea2d6be5a2f41b","cartCount":0}
[22:09:57 09/10/2025] [DEBUG] Request authentication | Meta: {"url":"/admin/brands","method":"GET","isAuthenticated":true,"isAdmin":true,"userId":"68ccdf9b7eea2d6be5a2f41b","cartCount":0}
[22:10:00 09/10/2025] [DEBUG] Request authentication | Meta: {"url":"/admin/reviews","method":"GET","isAuthenticated":true,"isAdmin":true,"userId":"68ccdf9b7eea2d6be5a2f41b","cartCount":0}
[22:10:23 09/10/2025] [DEBUG] Request authentication | Meta: {"url":"/.well-known/appspecific/com.chrome.devtools.json","method":"GET","isAuthenticated":true,"isAdmin":true,"userId":"68ccdf9b7eea2d6be5a2f41b","cartCount":0}
[22:15:08 09/10/2025] [DEBUG] Request authentication | Meta: {"url":"/admin/reviews-test","method":"GET","isAuthenticated":false,"userId":null,"cartCount":0}
[22:18:28 09/10/2025] [DEBUG] Request authentication | Meta: {"url":"/admin/reviews-test","method":"GET","isAuthenticated":false,"userId":null,"cartCount":0}
[22:18:29 09/10/2025] [DEBUG] Request authentication | Meta: {"url":"/admin/reviews/detail/507f1f77bcf86cd799439011/507f1f77bcf86cd799439012","method":"GET","isAuthenticated":false,"userId":null,"cartCount":0}
[22:18:45 09/10/2025] [DEBUG] Request authentication | Meta: {"url":"/","method":"GET","isAuthenticated":true,"isAdmin":true,"userId":"68ccdf9b7eea2d6be5a2f41b","cartCount":0}
[22:18:57 09/10/2025] [DEBUG] Request authentication | Meta: {"url":"/admin/dashboard","method":"GET","isAuthenticated":true,"isAdmin":true,"userId":"68ccdf9b7eea2d6be5a2f41b","cartCount":0}
[22:19:36 09/10/2025] [DEBUG] Request authentication | Meta: {"url":"/logout","method":"POST","isAuthenticated":true,"isAdmin":true,"userId":"68ccdf9b7eea2d6be5a2f41b","cartCount":0}
[22:19:36 09/10/2025] [DEBUG] Request authentication | Meta: {"url":"/","method":"GET","isAuthenticated":false,"userId":null,"cartCount":0}
[22:19:39 09/10/2025] [DEBUG] Request authentication | Meta: {"url":"/login","method":"GET","isAuthenticated":false,"userId":null,"cartCount":0}
[22:19:41 09/10/2025] [DEBUG] Request authentication | Meta: {"url":"/login","method":"POST","isAuthenticated":false,"userId":null,"cartCount":0}
[22:19:42 09/10/2025] [DEBUG] Request authentication | Meta: {"url":"/admin/dashboard","method":"GET","isAuthenticated":true,"isAdmin":true,"userId":"68ccdf9b7eea2d6be5a2f41b","cartCount":0}
[22:19:46 09/10/2025] [DEBUG] Request authentication | Meta: {"url":"/admin/reviews","method":"GET","isAuthenticated":true,"isAdmin":true,"userId":"68ccdf9b7eea2d6be5a2f41b","cartCount":0}
[22:20:47 09/10/2025] [DEBUG] Request authentication | Meta: {"url":"/admin/reviews","method":"GET","isAuthenticated":true,"isAdmin":true,"userId":"68ccdf9b7eea2d6be5a2f41b","cartCount":0}
[22:21:49 09/10/2025] [DEBUG] Request authentication | Meta: {"url":"/admin/reviews","method":"GET","isAuthenticated":true,"isAdmin":true,"userId":"68ccdf9b7eea2d6be5a2f41b","cartCount":0}
[22:22:51 09/10/2025] [DEBUG] Request authentication | Meta: {"url":"/admin/reviews","method":"GET","isAuthenticated":true,"isAdmin":true,"userId":"68ccdf9b7eea2d6be5a2f41b","cartCount":0}
[22:23:53 09/10/2025] [DEBUG] Request authentication | Meta: {"url":"/admin/reviews","method":"GET","isAuthenticated":true,"isAdmin":true,"userId":"68ccdf9b7eea2d6be5a2f41b","cartCount":0}
[22:24:55 09/10/2025] [DEBUG] Request authentication | Meta: {"url":"/admin/reviews","method":"GET","isAuthenticated":true,"isAdmin":true,"userId":"68ccdf9b7eea2d6be5a2f41b","cartCount":0}
[22:25:57 09/10/2025] [DEBUG] Request authentication | Meta: {"url":"/admin/reviews","method":"GET","isAuthenticated":true,"isAdmin":true,"userId":"68ccdf9b7eea2d6be5a2f41b","cartCount":0}
[22:26:58 09/10/2025] [DEBUG] Request authentication | Meta: {"url":"/admin/reviews","method":"GET","isAuthenticated":true,"isAdmin":true,"userId":"68ccdf9b7eea2d6be5a2f41b","cartCount":0}
[22:27:40 09/10/2025] [DEBUG] Request authentication | Meta: {"url":"/admin/reviews","method":"GET","isAuthenticated":true,"isAdmin":true,"userId":"68ccdf9b7eea2d6be5a2f41b","cartCount":0}
[22:27:48 09/10/2025] [DEBUG] Request authentication | Meta: {"url":"/admin/dashboard","method":"GET","isAuthenticated":true,"isAdmin":true,"userId":"68ccdf9b7eea2d6be5a2f41b","cartCount":0}
[22:27:51 09/10/2025] [DEBUG] Request authentication | Meta: {"url":"/admin/reviews","method":"GET","isAuthenticated":true,"isAdmin":true,"userId":"68ccdf9b7eea2d6be5a2f41b","cartCount":0}
[22:28:36 09/10/2025] [DEBUG] Request authentication | Meta: {"url":"/admin/reviews","method":"GET","isAuthenticated":true,"isAdmin":true,"userId":"68ccdf9b7eea2d6be5a2f41b","cartCount":0}
