[10:45:06 19/09/2025] [DEBUG] Request authentication | Meta: {"url":"/","method":"GET","isAuthenticated":false,"userId":null,"cartCount":0}
[10:45:09 19/09/2025] [DEBUG] Request authentication | Meta: {"url":"/favicon.ico","method":"GET","isAuthenticated":false,"userId":null,"cartCount":0}
[10:45:23 19/09/2025] [DEBUG] Request authentication | Meta: {"url":"/products","method":"GET","isAuthenticated":false,"userId":null,"cartCount":0}
[10:45:31 19/09/2025] [DEBUG] Request authentication | Meta: {"url":"/brands","method":"GET","isAuthenticated":false,"userId":null,"cartCount":0}
[10:45:37 19/09/2025] [DEBUG] Request authentication | Meta: {"url":"/products?brand=nike","method":"GET","isAuthenticated":false,"userId":null,"cartCount":0}
[10:45:40 19/09/2025] [DEBUG] Request authentication | Meta: {"url":"/products","method":"GET","isAuthenticated":false,"userId":null,"cartCount":0}
[10:45:44 19/09/2025] [DEBUG] Request authentication | Meta: {"url":"/","method":"GET","isAuthenticated":false,"userId":null,"cartCount":0}
[10:45:48 19/09/2025] [DEBUG] Request authentication | Meta: {"url":"/products","method":"GET","isAuthenticated":false,"userId":null,"cartCount":0}
[10:45:52 19/09/2025] [DEBUG] Request authentication | Meta: {"url":"/brands","method":"GET","isAuthenticated":false,"userId":null,"cartCount":0}
[10:48:01 19/09/2025] [DEBUG] Request authentication | Meta: {"url":"/brands","method":"GET","isAuthenticated":false,"userId":null,"cartCount":0}
[10:49:06 19/09/2025] [DEBUG] Request authentication | Meta: {"url":"/brands","method":"GET","isAuthenticated":false,"userId":null,"cartCount":0}
[10:49:46 19/09/2025] [DEBUG] Request authentication | Meta: {"url":"/brands","method":"GET","isAuthenticated":false,"userId":null,"cartCount":0}
[10:51:25 19/09/2025] [DEBUG] Request authentication | Meta: {"url":"/brands","method":"GET","isAuthenticated":false,"userId":null,"cartCount":0}
[10:52:04 19/09/2025] [DEBUG] Request authentication | Meta: {"url":"/brands","method":"GET","isAuthenticated":false,"userId":null,"cartCount":0}
[10:52:50 19/09/2025] [DEBUG] Request authentication | Meta: {"url":"/brands","method":"GET","isAuthenticated":false,"userId":null,"cartCount":0}
[10:53:49 19/09/2025] [DEBUG] Request authentication | Meta: {"url":"/brands","method":"GET","isAuthenticated":false,"userId":null,"cartCount":0}
[10:53:59 19/09/2025] [DEBUG] Request authentication | Meta: {"url":"/brands","method":"GET","isAuthenticated":false,"userId":null,"cartCount":0}
[10:54:02 19/09/2025] [DEBUG] Request authentication | Meta: {"url":"/","method":"GET","isAuthenticated":false,"userId":null,"cartCount":0}
[10:54:03 19/09/2025] [DEBUG] Request authentication | Meta: {"url":"/products","method":"GET","isAuthenticated":false,"userId":null,"cartCount":0}
[10:54:13 19/09/2025] [DEBUG] Request authentication | Meta: {"url":"/products","method":"GET","isAuthenticated":false,"userId":null,"cartCount":0}
[10:54:21 19/09/2025] [DEBUG] Request authentication | Meta: {"url":"/products","method":"GET","isAuthenticated":false,"userId":null,"cartCount":0}
[10:54:30 19/09/2025] [DEBUG] Request authentication | Meta: {"url":"/products","method":"GET","isAuthenticated":false,"userId":null,"cartCount":0}
[10:54:44 19/09/2025] [DEBUG] Request authentication | Meta: {"url":"/brands","method":"GET","isAuthenticated":false,"userId":null,"cartCount":0}
[10:54:47 19/09/2025] [DEBUG] Request authentication | Meta: {"url":"/","method":"GET","isAuthenticated":false,"userId":null,"cartCount":0}
[10:55:20 19/09/2025] [DEBUG] Request authentication | Meta: {"url":"/products","method":"GET","isAuthenticated":false,"userId":null,"cartCount":0}
[10:57:16 19/09/2025] [DEBUG] Request authentication | Meta: {"url":"/products","method":"GET","isAuthenticated":false,"userId":null,"cartCount":0}
[10:57:25 19/09/2025] [DEBUG] Request authentication | Meta: {"url":"/","method":"GET","isAuthenticated":false,"userId":null,"cartCount":0}
[10:57:30 19/09/2025] [DEBUG] Request authentication | Meta: {"url":"/products","method":"GET","isAuthenticated":false,"userId":null,"cartCount":0}
[11:00:30 19/09/2025] [DEBUG] Request authentication | Meta: {"url":"/products","method":"GET","isAuthenticated":false,"userId":null,"cartCount":0}
[11:00:39 19/09/2025] [DEBUG] Request authentication | Meta: {"url":"/","method":"GET","isAuthenticated":false,"userId":null,"cartCount":0}
[11:00:41 19/09/2025] [DEBUG] Request authentication | Meta: {"url":"/products","method":"GET","isAuthenticated":false,"userId":null,"cartCount":0}
[11:00:42 19/09/2025] [DEBUG] Request authentication | Meta: {"url":"/brands","method":"GET","isAuthenticated":false,"userId":null,"cartCount":0}
[11:00:48 19/09/2025] [DEBUG] Request authentication | Meta: {"url":"/","method":"GET","isAuthenticated":false,"userId":null,"cartCount":0}
[11:00:54 19/09/2025] [DEBUG] Request authentication | Meta: {"url":"/products","method":"GET","isAuthenticated":false,"userId":null,"cartCount":0}
[11:01:41 19/09/2025] [DEBUG] Request authentication | Meta: {"url":"/products","method":"GET","isAuthenticated":false,"userId":null,"cartCount":0}
[11:03:43 19/09/2025] [DEBUG] Request authentication | Meta: {"url":"/products","method":"GET","isAuthenticated":false,"userId":null,"cartCount":0}
[11:04:24 19/09/2025] [DEBUG] Request authentication | Meta: {"url":"/","method":"GET","isAuthenticated":false,"userId":null,"cartCount":0}
[11:04:31 19/09/2025] [DEBUG] Request authentication | Meta: {"url":"/products","method":"GET","isAuthenticated":false,"userId":null,"cartCount":0}
[11:07:44 19/09/2025] [DEBUG] Request authentication | Meta: {"url":"/products","method":"GET","isAuthenticated":false,"userId":null,"cartCount":0}
[11:09:29 19/09/2025] [DEBUG] Request authentication | Meta: {"url":"/products","method":"GET","isAuthenticated":false,"userId":null,"cartCount":0}
[11:18:20 19/09/2025] [DEBUG] Request authentication | Meta: {"url":"/","method":"GET","isAuthenticated":false,"userId":null,"cartCount":0}
[11:18:26 19/09/2025] [DEBUG] Request authentication | Meta: {"url":"/products","method":"GET","isAuthenticated":false,"userId":null,"cartCount":0}
[11:19:02 19/09/2025] [DEBUG] Request authentication | Meta: {"url":"/products?category=dog","method":"GET","isAuthenticated":false,"userId":null,"cartCount":0}
[11:19:04 19/09/2025] [DEBUG] Request authentication | Meta: {"url":"/products?category=cat","method":"GET","isAuthenticated":false,"userId":null,"cartCount":0}
[11:19:31 19/09/2025] [DEBUG] Request authentication | Meta: {"url":"/products?sort=price_asc","method":"GET","isAuthenticated":false,"userId":null,"cartCount":0}
[11:19:35 19/09/2025] [DEBUG] Request authentication | Meta: {"url":"/products?sort=price_desc","method":"GET","isAuthenticated":false,"userId":null,"cartCount":0}
[11:19:38 19/09/2025] [DEBUG] Request authentication | Meta: {"url":"/products?sort=name_asc","method":"GET","isAuthenticated":false,"userId":null,"cartCount":0}
[11:19:41 19/09/2025] [DEBUG] Request authentication | Meta: {"url":"/products?sort=name_desc","method":"GET","isAuthenticated":false,"userId":null,"cartCount":0}
[11:19:50 19/09/2025] [DEBUG] Request authentication | Meta: {"url":"/products?search=vam","method":"GET","isAuthenticated":false,"userId":null,"cartCount":0}
[11:19:55 19/09/2025] [DEBUG] Request authentication | Meta: {"url":"/products?search=van","method":"GET","isAuthenticated":false,"userId":null,"cartCount":0}
[11:19:59 19/09/2025] [DEBUG] Request authentication | Meta: {"url":"/products?search=","method":"GET","isAuthenticated":false,"userId":null,"cartCount":0}
[11:22:26 19/09/2025] [DEBUG] Request authentication | Meta: {"url":"/brands","method":"GET","isAuthenticated":false,"userId":null,"cartCount":0}
[11:22:33 19/09/2025] [DEBUG] Request authentication | Meta: {"url":"/products","method":"GET","isAuthenticated":false,"userId":null,"cartCount":0}
[11:24:04 19/09/2025] [DEBUG] Request authentication | Meta: {"url":"/","method":"GET","isAuthenticated":false,"userId":null,"cartCount":0}
[11:24:05 19/09/2025] [DEBUG] Request authentication | Meta: {"url":"/brands","method":"GET","isAuthenticated":false,"userId":null,"cartCount":0}
[11:24:26 19/09/2025] [DEBUG] Request authentication | Meta: {"url":"/products","method":"GET","isAuthenticated":false,"userId":null,"cartCount":0}
[11:32:44 19/09/2025] [DEBUG] Request authentication | Meta: {"url":"/","method":"GET","isAuthenticated":false,"userId":null,"cartCount":0}
[11:32:49 19/09/2025] [DEBUG] Request authentication | Meta: {"url":"/products","method":"GET","isAuthenticated":false,"userId":null,"cartCount":0}
[11:34:30 19/09/2025] [DEBUG] Request authentication | Meta: {"url":"/products","method":"GET","isAuthenticated":false,"userId":null,"cartCount":0}
[11:34:51 19/09/2025] [DEBUG] Request authentication | Meta: {"url":"/","method":"GET","isAuthenticated":false,"userId":null,"cartCount":0}
[11:34:57 19/09/2025] [DEBUG] Request authentication | Meta: {"url":"/products","method":"GET","isAuthenticated":false,"userId":null,"cartCount":0}
[11:35:00 19/09/2025] [DEBUG] Request authentication | Meta: {"url":"/products/68cbe8298b8610b8c34d74fa","method":"GET","isAuthenticated":false,"userId":null,"cartCount":0}
[11:35:01 19/09/2025] [DEBUG] Request authentication | Meta: {"url":"/products","method":"GET","isAuthenticated":false,"userId":null,"cartCount":0}
[11:35:16 19/09/2025] [DEBUG] Request authentication | Meta: {"url":"/products","method":"GET","isAuthenticated":false,"userId":null,"cartCount":0}
[11:35:32 19/09/2025] [DEBUG] Request authentication | Meta: {"url":"/","method":"GET","isAuthenticated":false,"userId":null,"cartCount":0}
[11:35:33 19/09/2025] [DEBUG] Request authentication | Meta: {"url":"/brands","method":"GET","isAuthenticated":false,"userId":null,"cartCount":0}
[11:35:44 19/09/2025] [DEBUG] Request authentication | Meta: {"url":"/products","method":"GET","isAuthenticated":false,"userId":null,"cartCount":0}
[11:35:46 19/09/2025] [DEBUG] Request authentication | Meta: {"url":"/","method":"GET","isAuthenticated":false,"userId":null,"cartCount":0}
[11:35:50 19/09/2025] [DEBUG] Request authentication | Meta: {"url":"/products","method":"GET","isAuthenticated":false,"userId":null,"cartCount":0}
[11:35:54 19/09/2025] [DEBUG] Request authentication | Meta: {"url":"/news","method":"GET","isAuthenticated":false,"userId":null,"cartCount":0}
[11:35:56 19/09/2025] [DEBUG] Request authentication | Meta: {"url":"/products","method":"GET","isAuthenticated":false,"userId":null,"cartCount":0}
[11:36:06 19/09/2025] [DEBUG] Request authentication | Meta: {"url":"/login","method":"GET","isAuthenticated":false,"userId":null,"cartCount":0}
[11:36:10 19/09/2025] [DEBUG] Request authentication | Meta: {"url":"/login","method":"POST","isAuthenticated":false,"userId":null,"cartCount":0}
[11:36:14 19/09/2025] [DEBUG] Request authentication | Meta: {"url":"/","method":"GET","isAuthenticated":false,"userId":null,"cartCount":0}
[11:36:29 19/09/2025] [DEBUG] Request authentication | Meta: {"url":"/login","method":"GET","isAuthenticated":false,"userId":null,"cartCount":0}
[11:39:27 19/09/2025] [DEBUG] Request authentication | Meta: {"url":"/login","method":"POST","isAuthenticated":false,"userId":null,"cartCount":0}
[11:39:35 19/09/2025] [DEBUG] Request authentication | Meta: {"url":"/signup","method":"GET","isAuthenticated":false,"userId":null,"cartCount":0}
[11:39:52 19/09/2025] [DEBUG] Request authentication | Meta: {"url":"/signup","method":"POST","isAuthenticated":false,"userId":null,"cartCount":0}
[11:39:56 19/09/2025] [DEBUG] Request authentication | Meta: {"url":"/","method":"GET","isAuthenticated":true,"isAdmin":false,"userId":"68ccde986d26aedc0a2d2af3","cartCount":0}
[11:40:26 19/09/2025] [DEBUG] Request authentication | Meta: {"url":"/profile","method":"GET","isAuthenticated":true,"isAdmin":false,"userId":"68ccde986d26aedc0a2d2af3","cartCount":0}
[11:40:47 19/09/2025] [DEBUG] Request authentication | Meta: {"url":"/","method":"GET","isAuthenticated":true,"isAdmin":false,"userId":"68ccde986d26aedc0a2d2af3","cartCount":0}
[11:40:53 19/09/2025] [DEBUG] Request authentication | Meta: {"url":"/","method":"GET","isAuthenticated":true,"isAdmin":false,"userId":"68ccde986d26aedc0a2d2af3","cartCount":0}
[11:40:57 19/09/2025] [DEBUG] Request authentication | Meta: {"url":"/products/68cbe8298b8610b8c34d74fa","method":"GET","isAuthenticated":true,"isAdmin":false,"userId":"68ccde986d26aedc0a2d2af3","cartCount":0}
[11:40:59 19/09/2025] [DEBUG] Request authentication | Meta: {"url":"/","method":"GET","isAuthenticated":true,"isAdmin":false,"userId":"68ccde986d26aedc0a2d2af3","cartCount":0}
[11:41:02 19/09/2025] [DEBUG] Request authentication | Meta: {"url":"/products/68cbe8298b8610b8c34d74fb","method":"GET","isAuthenticated":true,"isAdmin":false,"userId":"68ccde986d26aedc0a2d2af3","cartCount":0}
[11:41:06 19/09/2025] [DEBUG] Request authentication | Meta: {"url":"/","method":"GET","isAuthenticated":true,"isAdmin":false,"userId":"68ccde986d26aedc0a2d2af3","cartCount":0}
[11:41:11 19/09/2025] [DEBUG] Request authentication | Meta: {"url":"/products/68cbe8298b8610b8c34d74f7","method":"GET","isAuthenticated":true,"isAdmin":false,"userId":"68ccde986d26aedc0a2d2af3","cartCount":0}
[11:41:15 19/09/2025] [DEBUG] Request authentication | Meta: {"url":"/","method":"GET","isAuthenticated":true,"isAdmin":false,"userId":"68ccde986d26aedc0a2d2af3","cartCount":0}
[11:41:23 19/09/2025] [DEBUG] Request authentication | Meta: {"url":"/orders","method":"GET","isAuthenticated":true,"isAdmin":false,"userId":"68ccde986d26aedc0a2d2af3","cartCount":0}
[11:41:25 19/09/2025] [DEBUG] Request authentication | Meta: {"url":"/","method":"GET","isAuthenticated":true,"isAdmin":false,"userId":"68ccde986d26aedc0a2d2af3","cartCount":0}
[11:51:28 19/09/2025] [DEBUG] Request authentication | Meta: {"url":"/logout","method":"POST","isAuthenticated":false,"userId":null,"cartCount":0}
[11:51:28 19/09/2025] [DEBUG] Request authentication | Meta: {"url":"/","method":"GET","isAuthenticated":false,"userId":null,"cartCount":0}
[11:51:30 19/09/2025] [DEBUG] Request authentication | Meta: {"url":"/login","method":"GET","isAuthenticated":false,"userId":null,"cartCount":0}
[11:51:33 19/09/2025] [DEBUG] Request authentication | Meta: {"url":"/login","method":"POST","isAuthenticated":false,"userId":null,"cartCount":0}
[11:51:37 19/09/2025] [DEBUG] Request authentication | Meta: {"url":"/login","method":"POST","isAuthenticated":false,"userId":null,"cartCount":0}
[11:51:40 19/09/2025] [DEBUG] Request authentication | Meta: {"url":"/login","method":"GET","isAuthenticated":false,"userId":null,"cartCount":0}
[11:51:43 19/09/2025] [DEBUG] Request authentication | Meta: {"url":"/login","method":"POST","isAuthenticated":false,"userId":null,"cartCount":0}
[11:51:43 19/09/2025] [DEBUG] Request authentication | Meta: {"url":"/admin/dashboard","method":"GET","isAuthenticated":true,"isAdmin":true,"userId":"68ccdf9b7eea2d6be5a2f41b","cartCount":0}
[11:51:49 19/09/2025] [DEBUG] Request authentication | Meta: {"url":"/logout","method":"POST","isAuthenticated":true,"isAdmin":true,"userId":"68ccdf9b7eea2d6be5a2f41b","cartCount":0}
[11:51:49 19/09/2025] [DEBUG] Request authentication | Meta: {"url":"/","method":"GET","isAuthenticated":false,"userId":null,"cartCount":0}
[11:51:51 19/09/2025] [DEBUG] Request authentication | Meta: {"url":"/login","method":"GET","isAuthenticated":false,"userId":null,"cartCount":0}
[11:51:54 19/09/2025] [DEBUG] Request authentication | Meta: {"url":"/login","method":"POST","isAuthenticated":false,"userId":null,"cartCount":0}
[12:50:52 19/09/2025] [DEBUG] Request authentication | Meta: {"url":"/login","method":"GET","isAuthenticated":false,"userId":null,"cartCount":0}
[12:50:54 19/09/2025] [DEBUG] Request authentication | Meta: {"url":"/signup","method":"GET","isAuthenticated":false,"userId":null,"cartCount":0}
[12:51:10 19/09/2025] [DEBUG] Request authentication | Meta: {"url":"/signup","method":"POST","isAuthenticated":false,"userId":null,"cartCount":0}
[12:51:14 19/09/2025] [DEBUG] Request authentication | Meta: {"url":"/","method":"GET","isAuthenticated":true,"isAdmin":false,"userId":"68ccef4f8a55d7d4ae4478d1","cartCount":0}
[12:51:51 19/09/2025] [DEBUG] Request authentication | Meta: {"url":"/products","method":"GET","isAuthenticated":true,"isAdmin":false,"userId":"68ccef4f8a55d7d4ae4478d1","cartCount":0}
[12:51:54 19/09/2025] [DEBUG] Request authentication | Meta: {"url":"/","method":"GET","isAuthenticated":true,"isAdmin":false,"userId":"68ccef4f8a55d7d4ae4478d1","cartCount":0}
[12:51:58 19/09/2025] [DEBUG] Request authentication | Meta: {"url":"/","method":"GET","isAuthenticated":true,"isAdmin":false,"userId":"68ccef4f8a55d7d4ae4478d1","cartCount":0}
[12:52:04 19/09/2025] [DEBUG] Request authentication | Meta: {"url":"/products","method":"GET","isAuthenticated":true,"isAdmin":false,"userId":"68ccef4f8a55d7d4ae4478d1","cartCount":0}
[12:52:09 19/09/2025] [DEBUG] Request authentication | Meta: {"url":"/brands","method":"GET","isAuthenticated":true,"isAdmin":false,"userId":"68ccef4f8a55d7d4ae4478d1","cartCount":0}
[12:52:21 19/09/2025] [DEBUG] Request authentication | Meta: {"url":"/news","method":"GET","isAuthenticated":true,"isAdmin":false,"userId":"68ccef4f8a55d7d4ae4478d1","cartCount":0}
[12:52:22 19/09/2025] [DEBUG] Request authentication | Meta: {"url":"/","method":"GET","isAuthenticated":true,"isAdmin":false,"userId":"68ccef4f8a55d7d4ae4478d1","cartCount":0}
[12:52:25 19/09/2025] [DEBUG] Request authentication | Meta: {"url":"/products/68cbe8298b8610b8c34d74fa","method":"GET","isAuthenticated":true,"isAdmin":false,"userId":"68ccef4f8a55d7d4ae4478d1","cartCount":0}
[12:52:34 19/09/2025] [DEBUG] Request authentication | Meta: {"url":"/logout","method":"POST","isAuthenticated":true,"isAdmin":false,"userId":"68ccef4f8a55d7d4ae4478d1","cartCount":0}
[12:52:34 19/09/2025] [DEBUG] Request authentication | Meta: {"url":"/","method":"GET","isAuthenticated":false,"userId":null,"cartCount":0}
[12:52:37 19/09/2025] [DEBUG] Request authentication | Meta: {"url":"/login","method":"GET","isAuthenticated":false,"userId":null,"cartCount":0}
[12:52:41 19/09/2025] [DEBUG] Request authentication | Meta: {"url":"/login","method":"POST","isAuthenticated":false,"userId":null,"cartCount":0}
[12:52:42 19/09/2025] [DEBUG] Request authentication | Meta: {"url":"/admin/dashboard","method":"GET","isAuthenticated":true,"isAdmin":true,"userId":"68ccdf9b7eea2d6be5a2f41b","cartCount":0}
[12:54:15 19/09/2025] [DEBUG] Request authentication | Meta: {"url":"/admin/orders","method":"GET","isAuthenticated":true,"isAdmin":true,"userId":"68ccdf9b7eea2d6be5a2f41b","cartCount":0}
[12:54:17 19/09/2025] [DEBUG] Request authentication | Meta: {"url":"/admin/accounts","method":"GET","isAuthenticated":true,"isAdmin":true,"userId":"68ccdf9b7eea2d6be5a2f41b","cartCount":0}
[12:54:19 19/09/2025] [DEBUG] Request authentication | Meta: {"url":"/admin/reviews","method":"GET","isAuthenticated":true,"isAdmin":true,"userId":"68ccdf9b7eea2d6be5a2f41b","cartCount":0}
[12:54:22 19/09/2025] [DEBUG] Request authentication | Meta: {"url":"/admin/dashboard","method":"GET","isAuthenticated":true,"isAdmin":true,"userId":"68ccdf9b7eea2d6be5a2f41b","cartCount":0}
[12:54:27 19/09/2025] [DEBUG] Request authentication | Meta: {"url":"/admin/products","method":"GET","isAuthenticated":true,"isAdmin":true,"userId":"68ccdf9b7eea2d6be5a2f41b","cartCount":0}
[12:54:32 19/09/2025] [DEBUG] Request authentication | Meta: {"url":"/admin/edit-product/68cbe8298b8610b8c34d74fa?edit=true","method":"GET","isAuthenticated":true,"isAdmin":true,"userId":"68ccdf9b7eea2d6be5a2f41b","cartCount":0}
[12:54:37 19/09/2025] [DEBUG] Request authentication | Meta: {"url":"/admin/products","method":"GET","isAuthenticated":true,"isAdmin":true,"userId":"68ccdf9b7eea2d6be5a2f41b","cartCount":0}
[12:54:41 19/09/2025] [DEBUG] Request authentication | Meta: {"url":"/admin/inventory","method":"GET","isAuthenticated":true,"isAdmin":true,"userId":"68ccdf9b7eea2d6be5a2f41b","cartCount":0}
[12:54:48 19/09/2025] [DEBUG] Request authentication | Meta: {"url":"/admin/products","method":"GET","isAuthenticated":true,"isAdmin":true,"userId":"68ccdf9b7eea2d6be5a2f41b","cartCount":0}
[22:28:19 19/09/2025] [DEBUG] Request authentication | Meta: {"url":"/","method":"GET","isAuthenticated":true,"isAdmin":true,"userId":"68ccdf9b7eea2d6be5a2f41b","cartCount":0}
[22:28:22 19/09/2025] [DEBUG] Request authentication | Meta: {"url":"/logout","method":"POST","isAuthenticated":true,"isAdmin":true,"userId":"68ccdf9b7eea2d6be5a2f41b","cartCount":0}
[22:28:23 19/09/2025] [DEBUG] Request authentication | Meta: {"url":"/","method":"GET","isAuthenticated":false,"userId":null,"cartCount":0}
[22:28:24 19/09/2025] [DEBUG] Request authentication | Meta: {"url":"/login","method":"GET","isAuthenticated":false,"userId":null,"cartCount":0}
[22:28:27 19/09/2025] [DEBUG] Request authentication | Meta: {"url":"/login","method":"POST","isAuthenticated":false,"userId":null,"cartCount":0}
[22:28:27 19/09/2025] [DEBUG] Request authentication | Meta: {"url":"/admin/dashboard","method":"GET","isAuthenticated":true,"isAdmin":true,"userId":"68ccdf9b7eea2d6be5a2f41b","cartCount":0}
[22:28:30 19/09/2025] [DEBUG] Request authentication | Meta: {"url":"/admin/products","method":"GET","isAuthenticated":true,"isAdmin":true,"userId":"68ccdf9b7eea2d6be5a2f41b","cartCount":0}
[22:28:31 19/09/2025] [DEBUG] Request authentication | Meta: {"url":"/admin/inventory","method":"GET","isAuthenticated":true,"isAdmin":true,"userId":"68ccdf9b7eea2d6be5a2f41b","cartCount":0}
[22:28:39 19/09/2025] [DEBUG] Request authentication | Meta: {"url":"/admin/products","method":"GET","isAuthenticated":true,"isAdmin":true,"userId":"68ccdf9b7eea2d6be5a2f41b","cartCount":0}
[22:43:22 19/09/2025] [DEBUG] Request authentication | Meta: {"url":"/admin/inventory","method":"GET","isAuthenticated":true,"isAdmin":true,"userId":"68ccdf9b7eea2d6be5a2f41b","cartCount":0}
[22:43:23 19/09/2025] [DEBUG] Request authentication | Meta: {"url":"/admin/products","method":"GET","isAuthenticated":true,"isAdmin":true,"userId":"68ccdf9b7eea2d6be5a2f41b","cartCount":0}
[22:48:15 19/09/2025] [DEBUG] Request authentication | Meta: {"url":"/admin/products","method":"GET","isAuthenticated":true,"isAdmin":true,"userId":"68ccdf9b7eea2d6be5a2f41b","cartCount":0}
[22:48:22 19/09/2025] [DEBUG] Request authentication | Meta: {"url":"/admin/inventory","method":"GET","isAuthenticated":true,"isAdmin":true,"userId":"68ccdf9b7eea2d6be5a2f41b","cartCount":0}
[22:48:26 19/09/2025] [DEBUG] Request authentication | Meta: {"url":"/admin/products","method":"GET","isAuthenticated":true,"isAdmin":true,"userId":"68ccdf9b7eea2d6be5a2f41b","cartCount":0}
[22:48:29 19/09/2025] [DEBUG] Request authentication | Meta: {"url":"/admin/edit-product/68cbe8298b8610b8c34d74fa?edit=true","method":"GET","isAuthenticated":true,"isAdmin":true,"userId":"68ccdf9b7eea2d6be5a2f41b","cartCount":0}
[22:48:33 19/09/2025] [DEBUG] Request authentication | Meta: {"url":"/admin/products","method":"GET","isAuthenticated":true,"isAdmin":true,"userId":"68ccdf9b7eea2d6be5a2f41b","cartCount":0}
[22:52:31 19/09/2025] [DEBUG] Request authentication | Meta: {"url":"/admin/products","method":"GET","isAuthenticated":true,"isAdmin":true,"userId":"68ccdf9b7eea2d6be5a2f41b","cartCount":0}
[22:52:43 19/09/2025] [DEBUG] Request authentication | Meta: {"url":"/admin/edit-product/68cbe8298b8610b8c34d74fa?edit=true","method":"GET","isAuthenticated":true,"isAdmin":true,"userId":"68ccdf9b7eea2d6be5a2f41b","cartCount":0}
[23:04:31 19/09/2025] [DEBUG] Request authentication | Meta: {"url":"/admin/dashboard","method":"GET","isAuthenticated":true,"isAdmin":true,"userId":"68ccdf9b7eea2d6be5a2f41b","cartCount":0}
[23:04:34 19/09/2025] [DEBUG] Request authentication | Meta: {"url":"/admin/products","method":"GET","isAuthenticated":true,"isAdmin":true,"userId":"68ccdf9b7eea2d6be5a2f41b","cartCount":0}
[23:38:53 19/09/2025] [DEBUG] Request authentication | Meta: {"url":"/logout","method":"POST","isAuthenticated":true,"isAdmin":true,"userId":"68ccdf9b7eea2d6be5a2f41b","cartCount":0}
[23:38:54 19/09/2025] [DEBUG] Request authentication | Meta: {"url":"/","method":"GET","isAuthenticated":false,"userId":null,"cartCount":0}
[23:39:06 19/09/2025] [DEBUG] Request authentication | Meta: {"url":"/products","method":"GET","isAuthenticated":false,"userId":null,"cartCount":0}
[23:39:09 19/09/2025] [DEBUG] Request authentication | Meta: {"url":"/brands","method":"GET","isAuthenticated":false,"userId":null,"cartCount":0}
[23:39:15 19/09/2025] [DEBUG] Request authentication | Meta: {"url":"/news","method":"GET","isAuthenticated":false,"userId":null,"cartCount":0}
[23:39:17 19/09/2025] [DEBUG] Request authentication | Meta: {"url":"/products","method":"GET","isAuthenticated":false,"userId":null,"cartCount":0}
[23:39:18 19/09/2025] [DEBUG] Request authentication | Meta: {"url":"/","method":"GET","isAuthenticated":false,"userId":null,"cartCount":0}
[23:39:22 19/09/2025] [DEBUG] Request authentication | Meta: {"url":"/login","method":"GET","isAuthenticated":false,"userId":null,"cartCount":0}
[23:39:24 19/09/2025] [DEBUG] Request authentication | Meta: {"url":"/login","method":"POST","isAuthenticated":false,"userId":null,"cartCount":0}
[23:39:24 19/09/2025] [DEBUG] Request authentication | Meta: {"url":"/admin/dashboard","method":"GET","isAuthenticated":true,"isAdmin":true,"userId":"68ccdf9b7eea2d6be5a2f41b","cartCount":0}
[23:39:35 19/09/2025] [DEBUG] Request authentication | Meta: {"url":"/admin/products","method":"GET","isAuthenticated":true,"isAdmin":true,"userId":"68ccdf9b7eea2d6be5a2f41b","cartCount":0}
[23:39:46 19/09/2025] [DEBUG] Request authentication | Meta: {"url":"/admin/inventory","method":"GET","isAuthenticated":true,"isAdmin":true,"userId":"68ccdf9b7eea2d6be5a2f41b","cartCount":0}
[23:39:50 19/09/2025] [DEBUG] Request authentication | Meta: {"url":"/admin/products","method":"GET","isAuthenticated":true,"isAdmin":true,"userId":"68ccdf9b7eea2d6be5a2f41b","cartCount":0}
[23:39:52 19/09/2025] [DEBUG] Request authentication | Meta: {"url":"/admin/inventory","method":"GET","isAuthenticated":true,"isAdmin":true,"userId":"68ccdf9b7eea2d6be5a2f41b","cartCount":0}
[23:39:53 19/09/2025] [DEBUG] Request authentication | Meta: {"url":"/admin/orders","method":"GET","isAuthenticated":true,"isAdmin":true,"userId":"68ccdf9b7eea2d6be5a2f41b","cartCount":0}
[23:39:55 19/09/2025] [DEBUG] Request authentication | Meta: {"url":"/admin/accounts","method":"GET","isAuthenticated":true,"isAdmin":true,"userId":"68ccdf9b7eea2d6be5a2f41b","cartCount":0}
[23:39:57 19/09/2025] [DEBUG] Request authentication | Meta: {"url":"/admin/reviews","method":"GET","isAuthenticated":true,"isAdmin":true,"userId":"68ccdf9b7eea2d6be5a2f41b","cartCount":0}
[23:39:58 19/09/2025] [DEBUG] Request authentication | Meta: {"url":"/admin/dashboard","method":"GET","isAuthenticated":true,"isAdmin":true,"userId":"68ccdf9b7eea2d6be5a2f41b","cartCount":0}
[23:40:42 19/09/2025] [DEBUG] Request authentication | Meta: {"url":"/admin/products","method":"GET","isAuthenticated":true,"isAdmin":true,"userId":"68ccdf9b7eea2d6be5a2f41b","cartCount":0}
[23:43:57 19/09/2025] [DEBUG] Request authentication | Meta: {"url":"/admin/reviews","method":"GET","isAuthenticated":true,"isAdmin":true,"userId":"68ccdf9b7eea2d6be5a2f41b","cartCount":0}
[23:44:01 19/09/2025] [DEBUG] Request authentication | Meta: {"url":"/admin/dashboard","method":"GET","isAuthenticated":true,"isAdmin":true,"userId":"68ccdf9b7eea2d6be5a2f41b","cartCount":0}
[23:46:16 19/09/2025] [DEBUG] Request authentication | Meta: {"url":"/admin/dashboard","method":"GET","isAuthenticated":true,"isAdmin":true,"userId":"68ccdf9b7eea2d6be5a2f41b","cartCount":0}
[23:46:20 19/09/2025] [DEBUG] Request authentication | Meta: {"url":"/admin/products","method":"GET","isAuthenticated":true,"isAdmin":true,"userId":"68ccdf9b7eea2d6be5a2f41b","cartCount":0}
[23:46:29 19/09/2025] [DEBUG] Request authentication | Meta: {"url":"/admin/inventory","method":"GET","isAuthenticated":true,"isAdmin":true,"userId":"68ccdf9b7eea2d6be5a2f41b","cartCount":0}
[23:46:32 19/09/2025] [DEBUG] Request authentication | Meta: {"url":"/admin/products","method":"GET","isAuthenticated":true,"isAdmin":true,"userId":"68ccdf9b7eea2d6be5a2f41b","cartCount":0}
[23:46:36 19/09/2025] [DEBUG] Request authentication | Meta: {"url":"/admin/inventory","method":"GET","isAuthenticated":true,"isAdmin":true,"userId":"68ccdf9b7eea2d6be5a2f41b","cartCount":0}
[23:46:39 19/09/2025] [DEBUG] Request authentication | Meta: {"url":"/admin/products","method":"GET","isAuthenticated":true,"isAdmin":true,"userId":"68ccdf9b7eea2d6be5a2f41b","cartCount":0}
[23:46:44 19/09/2025] [DEBUG] Request authentication | Meta: {"url":"/admin/edit-product/68cbe8298b8610b8c34d74fa?edit=true","method":"GET","isAuthenticated":true,"isAdmin":true,"userId":"68ccdf9b7eea2d6be5a2f41b","cartCount":0}
[23:46:57 19/09/2025] [DEBUG] Request authentication | Meta: {"url":"/admin/products","method":"GET","isAuthenticated":true,"isAdmin":true,"userId":"68ccdf9b7eea2d6be5a2f41b","cartCount":0}
[23:47:04 19/09/2025] [DEBUG] Request authentication | Meta: {"url":"/admin/accounts","method":"GET","isAuthenticated":true,"isAdmin":true,"userId":"68ccdf9b7eea2d6be5a2f41b","cartCount":0}
[23:47:07 19/09/2025] [DEBUG] Request authentication | Meta: {"url":"/admin/reviews","method":"GET","isAuthenticated":true,"isAdmin":true,"userId":"68ccdf9b7eea2d6be5a2f41b","cartCount":0}
[23:47:09 19/09/2025] [DEBUG] Request authentication | Meta: {"url":"/admin/reports","method":"GET","isAuthenticated":true,"isAdmin":true,"userId":"68ccdf9b7eea2d6be5a2f41b","cartCount":0}
[23:49:21 19/09/2025] [DEBUG] Request authentication | Meta: {"url":"/","method":"GET","isAuthenticated":true,"isAdmin":true,"userId":"68ccdf9b7eea2d6be5a2f41b","cartCount":0}
[23:49:26 19/09/2025] [DEBUG] Request authentication | Meta: {"url":"/logout","method":"POST","isAuthenticated":true,"isAdmin":true,"userId":"68ccdf9b7eea2d6be5a2f41b","cartCount":0}
[23:49:26 19/09/2025] [DEBUG] Request authentication | Meta: {"url":"/","method":"GET","isAuthenticated":false,"userId":null,"cartCount":0}
[23:49:29 19/09/2025] [DEBUG] Request authentication | Meta: {"url":"/products?category=sneaker","method":"GET","isAuthenticated":false,"userId":null,"cartCount":0}
[23:49:31 19/09/2025] [DEBUG] Request authentication | Meta: {"url":"/","method":"GET","isAuthenticated":false,"userId":null,"cartCount":0}
[23:49:37 19/09/2025] [DEBUG] Request authentication | Meta: {"url":"/login","method":"GET","isAuthenticated":false,"userId":null,"cartCount":0}
[23:49:39 19/09/2025] [DEBUG] Request authentication | Meta: {"url":"/login","method":"POST","isAuthenticated":false,"userId":null,"cartCount":0}
[23:49:39 19/09/2025] [DEBUG] Request authentication | Meta: {"url":"/admin/dashboard","method":"GET","isAuthenticated":true,"isAdmin":true,"userId":"68ccdf9b7eea2d6be5a2f41b","cartCount":0}
[23:49:40 19/09/2025] [DEBUG] Request authentication | Meta: {"url":"/login","method":"POST","isAuthenticated":true,"isAdmin":true,"userId":"68ccdf9b7eea2d6be5a2f41b","cartCount":0}
[23:49:40 19/09/2025] [DEBUG] Request authentication | Meta: {"url":"/admin/dashboard","method":"GET","isAuthenticated":true,"isAdmin":true,"userId":"68ccdf9b7eea2d6be5a2f41b","cartCount":0}
[23:49:50 19/09/2025] [DEBUG] Request authentication | Meta: {"url":"/admin/inventory","method":"GET","isAuthenticated":true,"isAdmin":true,"userId":"68ccdf9b7eea2d6be5a2f41b","cartCount":0}
[23:49:52 19/09/2025] [DEBUG] Request authentication | Meta: {"url":"/admin/products","method":"GET","isAuthenticated":true,"isAdmin":true,"userId":"68ccdf9b7eea2d6be5a2f41b","cartCount":0}
[23:50:19 19/09/2025] [DEBUG] Request authentication | Meta: {"url":"/admin/edit-product/68cbe8298b8610b8c34d74fa?edit=true","method":"GET","isAuthenticated":true,"isAdmin":true,"userId":"68ccdf9b7eea2d6be5a2f41b","cartCount":0}
[23:50:27 19/09/2025] [DEBUG] Request authentication | Meta: {"url":"/admin/products","method":"GET","isAuthenticated":true,"isAdmin":true,"userId":"68ccdf9b7eea2d6be5a2f41b","cartCount":0}
[23:50:53 19/09/2025] [DEBUG] Request authentication | Meta: {"url":"/profile","method":"GET","isAuthenticated":true,"isAdmin":true,"userId":"68ccdf9b7eea2d6be5a2f41b","cartCount":0}
[23:50:58 19/09/2025] [DEBUG] Request authentication | Meta: {"url":"/admin/dashboard","method":"GET","isAuthenticated":true,"isAdmin":true,"userId":"68ccdf9b7eea2d6be5a2f41b","cartCount":0}
[23:51:02 19/09/2025] [DEBUG] Request authentication | Meta: {"url":"/admin/inventory","method":"GET","isAuthenticated":true,"isAdmin":true,"userId":"68ccdf9b7eea2d6be5a2f41b","cartCount":0}
[23:51:08 19/09/2025] [DEBUG] Request authentication | Meta: {"url":"/logout","method":"POST","isAuthenticated":true,"isAdmin":true,"userId":"68ccdf9b7eea2d6be5a2f41b","cartCount":0}
[23:51:08 19/09/2025] [DEBUG] Request authentication | Meta: {"url":"/","method":"GET","isAuthenticated":false,"userId":null,"cartCount":0}
[23:56:58 19/09/2025] [DEBUG] Request authentication | Meta: {"url":"/","method":"GET","isAuthenticated":false,"userId":null,"cartCount":0}
[23:57:01 19/09/2025] [DEBUG] Request authentication | Meta: {"url":"/login","method":"GET","isAuthenticated":false,"userId":null,"cartCount":0}
[23:57:03 19/09/2025] [DEBUG] Request authentication | Meta: {"url":"/login","method":"POST","isAuthenticated":false,"userId":null,"cartCount":0}
[23:57:03 19/09/2025] [DEBUG] Request authentication | Meta: {"url":"/admin/dashboard","method":"GET","isAuthenticated":true,"isAdmin":true,"userId":"68ccdf9b7eea2d6be5a2f41b","cartCount":0}
[23:57:06 19/09/2025] [DEBUG] Request authentication | Meta: {"url":"/admin/inventory","method":"GET","isAuthenticated":true,"isAdmin":true,"userId":"68ccdf9b7eea2d6be5a2f41b","cartCount":0}
[23:57:24 19/09/2025] [DEBUG] Request authentication | Meta: {"url":"/admin/inventory","method":"GET","isAuthenticated":true,"isAdmin":true,"userId":"68ccdf9b7eea2d6be5a2f41b","cartCount":0}
[23:58:23 19/09/2025] [DEBUG] Request authentication | Meta: {"url":"/admin/dashboard","method":"GET","isAuthenticated":true,"isAdmin":true,"userId":"68ccdf9b7eea2d6be5a2f41b","cartCount":0}
[23:58:27 19/09/2025] [DEBUG] Request authentication | Meta: {"url":"/admin/dashboard","method":"GET","isAuthenticated":true,"isAdmin":true,"userId":"68ccdf9b7eea2d6be5a2f41b","cartCount":0}
[23:58:29 19/09/2025] [DEBUG] Request authentication | Meta: {"url":"/admin/orders","method":"GET","isAuthenticated":true,"isAdmin":true,"userId":"68ccdf9b7eea2d6be5a2f41b","cartCount":0}
[23:58:31 19/09/2025] [DEBUG] Request authentication | Meta: {"url":"/admin/accounts","method":"GET","isAuthenticated":true,"isAdmin":true,"userId":"68ccdf9b7eea2d6be5a2f41b","cartCount":0}
[23:58:32 19/09/2025] [DEBUG] Request authentication | Meta: {"url":"/admin/reviews","method":"GET","isAuthenticated":true,"isAdmin":true,"userId":"68ccdf9b7eea2d6be5a2f41b","cartCount":0}
[23:58:37 19/09/2025] [DEBUG] Request authentication | Meta: {"url":"/admin/products","method":"GET","isAuthenticated":true,"isAdmin":true,"userId":"68ccdf9b7eea2d6be5a2f41b","cartCount":0}
[23:58:44 19/09/2025] [DEBUG] Request authentication | Meta: {"url":"/admin/orders","method":"GET","isAuthenticated":true,"isAdmin":true,"userId":"68ccdf9b7eea2d6be5a2f41b","cartCount":0}
[23:58:53 19/09/2025] [DEBUG] Request authentication | Meta: {"url":"/logout","method":"POST","isAuthenticated":true,"isAdmin":true,"userId":"68ccdf9b7eea2d6be5a2f41b","cartCount":0}
[23:58:53 19/09/2025] [DEBUG] Request authentication | Meta: {"url":"/","method":"GET","isAuthenticated":false,"userId":null,"cartCount":0}
[23:58:55 19/09/2025] [DEBUG] Request authentication | Meta: {"url":"/login","method":"GET","isAuthenticated":false,"userId":null,"cartCount":0}
[23:58:57 19/09/2025] [DEBUG] Request authentication | Meta: {"url":"/login","method":"POST","isAuthenticated":false,"userId":null,"cartCount":0}
[23:58:57 19/09/2025] [DEBUG] Request authentication | Meta: {"url":"/admin/dashboard","method":"GET","isAuthenticated":true,"isAdmin":true,"userId":"68ccdf9b7eea2d6be5a2f41b","cartCount":0}
[23:59:00 19/09/2025] [DEBUG] Request authentication | Meta: {"url":"/admin/products","method":"GET","isAuthenticated":true,"isAdmin":true,"userId":"68ccdf9b7eea2d6be5a2f41b","cartCount":0}
[23:59:04 19/09/2025] [DEBUG] Request authentication | Meta: {"url":"/admin/accounts","method":"GET","isAuthenticated":true,"isAdmin":true,"userId":"68ccdf9b7eea2d6be5a2f41b","cartCount":0}
[23:59:06 19/09/2025] [DEBUG] Request authentication | Meta: {"url":"/admin/reviews","method":"GET","isAuthenticated":true,"isAdmin":true,"userId":"68ccdf9b7eea2d6be5a2f41b","cartCount":0}
[23:59:07 19/09/2025] [DEBUG] Request authentication | Meta: {"url":"/admin/reports","method":"GET","isAuthenticated":true,"isAdmin":true,"userId":"68ccdf9b7eea2d6be5a2f41b","cartCount":0}
[23:59:12 19/09/2025] [DEBUG] Request authentication | Meta: {"url":"/admin/dashboard","method":"GET","isAuthenticated":true,"isAdmin":true,"userId":"68ccdf9b7eea2d6be5a2f41b","cartCount":0}
[23:59:14 19/09/2025] [DEBUG] Request authentication | Meta: {"url":"/admin/products","method":"GET","isAuthenticated":true,"isAdmin":true,"userId":"68ccdf9b7eea2d6be5a2f41b","cartCount":0}
[23:59:15 19/09/2025] [DEBUG] Request authentication | Meta: {"url":"/admin/inventory","method":"GET","isAuthenticated":true,"isAdmin":true,"userId":"68ccdf9b7eea2d6be5a2f41b","cartCount":0}
[00:00:11 20/09/2025] [DEBUG] Request authentication | Meta: {"url":"/admin/products","method":"GET","isAuthenticated":true,"isAdmin":true,"userId":"68ccdf9b7eea2d6be5a2f41b","cartCount":0}
[00:00:32 20/09/2025] [DEBUG] Request authentication | Meta: {"url":"/admin/orders","method":"GET","isAuthenticated":true,"isAdmin":true,"userId":"68ccdf9b7eea2d6be5a2f41b","cartCount":0}
[00:00:35 20/09/2025] [DEBUG] Request authentication | Meta: {"url":"/admin/accounts","method":"GET","isAuthenticated":true,"isAdmin":true,"userId":"68ccdf9b7eea2d6be5a2f41b","cartCount":0}
[00:00:36 20/09/2025] [DEBUG] Request authentication | Meta: {"url":"/admin/reviews","method":"GET","isAuthenticated":true,"isAdmin":true,"userId":"68ccdf9b7eea2d6be5a2f41b","cartCount":0}
[00:00:38 20/09/2025] [DEBUG] Request authentication | Meta: {"url":"/admin/reports","method":"GET","isAuthenticated":true,"isAdmin":true,"userId":"68ccdf9b7eea2d6be5a2f41b","cartCount":0}
[00:00:44 20/09/2025] [DEBUG] Request authentication | Meta: {"url":"/admin/orders","method":"GET","isAuthenticated":true,"isAdmin":true,"userId":"68ccdf9b7eea2d6be5a2f41b","cartCount":0}
[00:00:47 20/09/2025] [DEBUG] Request authentication | Meta: {"url":"/admin/dashboard","method":"GET","isAuthenticated":true,"isAdmin":true,"userId":"68ccdf9b7eea2d6be5a2f41b","cartCount":0}
[00:00:48 20/09/2025] [DEBUG] Request authentication | Meta: {"url":"/admin/products","method":"GET","isAuthenticated":true,"isAdmin":true,"userId":"68ccdf9b7eea2d6be5a2f41b","cartCount":0}
[00:01:01 20/09/2025] [DEBUG] Request authentication | Meta: {"url":"/admin/add-product","method":"GET","isAuthenticated":true,"isAdmin":true,"userId":"68ccdf9b7eea2d6be5a2f41b","cartCount":0}
[00:01:21 20/09/2025] [DEBUG] Request authentication | Meta: {"url":"/admin/products","method":"GET","isAuthenticated":true,"isAdmin":true,"userId":"68ccdf9b7eea2d6be5a2f41b","cartCount":0}
[00:01:55 20/09/2025] [DEBUG] Request authentication | Meta: {"url":"/logout","method":"POST","isAuthenticated":true,"isAdmin":true,"userId":"68ccdf9b7eea2d6be5a2f41b","cartCount":0}
[00:01:55 20/09/2025] [DEBUG] Request authentication | Meta: {"url":"/","method":"GET","isAuthenticated":false,"userId":null,"cartCount":0}
[00:13:07 20/09/2025] [DEBUG] Request authentication | Meta: {"url":"/login","method":"GET","isAuthenticated":false,"userId":null,"cartCount":0}
[00:13:10 20/09/2025] [DEBUG] Request authentication | Meta: {"url":"/login","method":"POST","isAuthenticated":false,"userId":null,"cartCount":0}
[00:13:20 20/09/2025] [DEBUG] Request authentication | Meta: {"url":"/login","method":"GET","isAuthenticated":false,"userId":null,"cartCount":0}
[00:13:22 20/09/2025] [DEBUG] Request authentication | Meta: {"url":"/login","method":"POST","isAuthenticated":false,"userId":null,"cartCount":0}
[00:13:23 20/09/2025] [DEBUG] Request authentication | Meta: {"url":"/admin/dashboard","method":"GET","isAuthenticated":true,"isAdmin":true,"userId":"68ccdf9b7eea2d6be5a2f41b","cartCount":0}
[00:13:29 20/09/2025] [DEBUG] Request authentication | Meta: {"url":"/admin/categories","method":"GET","isAuthenticated":true,"isAdmin":true,"userId":"68ccdf9b7eea2d6be5a2f41b","cartCount":0}
[00:13:34 20/09/2025] [DEBUG] Request authentication | Meta: {"url":"/admin/brands","method":"GET","isAuthenticated":true,"isAdmin":true,"userId":"68ccdf9b7eea2d6be5a2f41b","cartCount":0}
[00:14:06 20/09/2025] [DEBUG] Request authentication | Meta: {"url":"/admin/categories","method":"GET","isAuthenticated":true,"isAdmin":true,"userId":"68ccdf9b7eea2d6be5a2f41b","cartCount":0}
[00:14:17 20/09/2025] [DEBUG] Request authentication | Meta: {"url":"/admin/reviews","method":"GET","isAuthenticated":true,"isAdmin":true,"userId":"68ccdf9b7eea2d6be5a2f41b","cartCount":0}
[00:14:27 20/09/2025] [DEBUG] Request authentication | Meta: {"url":"/admin/reports","method":"GET","isAuthenticated":true,"isAdmin":true,"userId":"68ccdf9b7eea2d6be5a2f41b","cartCount":0}
[00:14:27 20/09/2025] [DEBUG] Request authentication | Meta: {"url":"/admin/reports","method":"GET","isAuthenticated":true,"isAdmin":true,"userId":"68ccdf9b7eea2d6be5a2f41b","cartCount":0}
[00:14:38 20/09/2025] [DEBUG] Request authentication | Meta: {"url":"/admin/categories","method":"GET","isAuthenticated":true,"isAdmin":true,"userId":"68ccdf9b7eea2d6be5a2f41b","cartCount":0}
[00:14:44 20/09/2025] [DEBUG] Request authentication | Meta: {"url":"/admin/accounts","method":"GET","isAuthenticated":true,"isAdmin":true,"userId":"68ccdf9b7eea2d6be5a2f41b","cartCount":0}
[00:14:47 20/09/2025] [DEBUG] Request authentication | Meta: {"url":"/admin/edit-user/68ccdf9b7eea2d6be5a2f41b","method":"GET","isAuthenticated":true,"isAdmin":true,"userId":"68ccdf9b7eea2d6be5a2f41b","cartCount":0}
[00:15:09 20/09/2025] [DEBUG] Request authentication | Meta: {"url":"/admin/brands","method":"GET","isAuthenticated":true,"isAdmin":true,"userId":"68ccdf9b7eea2d6be5a2f41b","cartCount":0}
