[14:01:21 25/09/2025] [DEBUG] Request authentication | Meta: {"url":"/","method":"GET","isAuthenticated":false,"userId":null,"cartCount":0}
[14:01:25 25/09/2025] [DEBUG] Request authentication | Meta: {"url":"/favicon.ico","method":"GET","isAuthenticated":false,"userId":null,"cartCount":0}
[14:01:38 25/09/2025] [DEBUG] Request authentication | Meta: {"url":"/login","method":"GET","isAuthenticated":false,"userId":null,"cartCount":0}
[14:01:53 25/09/2025] [DEBUG] Request authentication | Meta: {"url":"/login","method":"POST","isAuthenticated":false,"userId":null,"cartCount":0}
[14:01:54 25/09/2025] [DEBUG] Request authentication | Meta: {"url":"/admin/dashboard","method":"GET","isAuthenticated":true,"isAdmin":true,"userId":"68ccdf9b7eea2d6be5a2f41b","cartCount":0}
[14:02:19 25/09/2025] [DEBUG] Request authentication | Meta: {"url":"/admin/accounts","method":"GET","isAuthenticated":true,"isAdmin":true,"userId":"68ccdf9b7eea2d6be5a2f41b","cartCount":0}
[14:02:30 25/09/2025] [DEBUG] Request authentication | Meta: {"url":"/admin/products","method":"GET","isAuthenticated":true,"isAdmin":true,"userId":"68ccdf9b7eea2d6be5a2f41b","cartCount":0}
[14:03:02 25/09/2025] [DEBUG] Request authentication | Meta: {"url":"/admin/orders","method":"GET","isAuthenticated":true,"isAdmin":true,"userId":"68ccdf9b7eea2d6be5a2f41b","cartCount":0}
[14:03:05 25/09/2025] [DEBUG] Request authentication | Meta: {"url":"/admin/accounts","method":"GET","isAuthenticated":true,"isAdmin":true,"userId":"68ccdf9b7eea2d6be5a2f41b","cartCount":0}
[14:03:07 25/09/2025] [DEBUG] Request authentication | Meta: {"url":"/admin/categories","method":"GET","isAuthenticated":true,"isAdmin":true,"userId":"68ccdf9b7eea2d6be5a2f41b","cartCount":0}
[14:03:12 25/09/2025] [DEBUG] Request authentication | Meta: {"url":"/admin/brands","method":"GET","isAuthenticated":true,"isAdmin":true,"userId":"68ccdf9b7eea2d6be5a2f41b","cartCount":0}
[14:03:12 25/09/2025] [DEBUG] Request authentication | Meta: {"url":"/images/brands/adidas-logo.png","method":"GET","isAuthenticated":true,"isAdmin":true,"userId":"68ccdf9b7eea2d6be5a2f41b","cartCount":0}
[14:03:12 25/09/2025] [DEBUG] Request authentication | Meta: {"url":"/images/brands/nike-logo.png","method":"GET","isAuthenticated":true,"isAdmin":true,"userId":"68ccdf9b7eea2d6be5a2f41b","cartCount":0}
[14:03:13 25/09/2025] [DEBUG] Request authentication | Meta: {"url":"/images/brands/vans-logo.png","method":"GET","isAuthenticated":true,"isAdmin":true,"userId":"68ccdf9b7eea2d6be5a2f41b","cartCount":0}
[14:03:13 25/09/2025] [DEBUG] Request authentication | Meta: {"url":"/images/brands/puma-logo.png","method":"GET","isAuthenticated":true,"isAdmin":true,"userId":"68ccdf9b7eea2d6be5a2f41b","cartCount":0}
[14:03:13 25/09/2025] [DEBUG] Request authentication | Meta: {"url":"/images/brands/new-balance-logo.png","method":"GET","isAuthenticated":true,"isAdmin":true,"userId":"68ccdf9b7eea2d6be5a2f41b","cartCount":0}
[14:03:13 25/09/2025] [DEBUG] Request authentication | Meta: {"url":"/images/brands/timberland-logo.png","method":"GET","isAuthenticated":true,"isAdmin":true,"userId":"68ccdf9b7eea2d6be5a2f41b","cartCount":0}
[14:03:13 25/09/2025] [DEBUG] Request authentication | Meta: {"url":"/images/brands/converse-logo.png","method":"GET","isAuthenticated":true,"isAdmin":true,"userId":"68ccdf9b7eea2d6be5a2f41b","cartCount":0}
[14:03:13 25/09/2025] [DEBUG] Request authentication | Meta: {"url":"/images/brands/jordan-logo.png","method":"GET","isAuthenticated":true,"isAdmin":true,"userId":"68ccdf9b7eea2d6be5a2f41b","cartCount":0}
[14:03:15 25/09/2025] [DEBUG] Request authentication | Meta: {"url":"/admin/categories","method":"GET","isAuthenticated":true,"isAdmin":true,"userId":"68ccdf9b7eea2d6be5a2f41b","cartCount":0}
[14:03:20 25/09/2025] [DEBUG] Request authentication | Meta: {"url":"/admin/brands","method":"GET","isAuthenticated":true,"isAdmin":true,"userId":"68ccdf9b7eea2d6be5a2f41b","cartCount":0}
[14:03:20 25/09/2025] [DEBUG] Request authentication | Meta: {"url":"/images/brands/nike-logo.png","method":"GET","isAuthenticated":true,"isAdmin":true,"userId":"68ccdf9b7eea2d6be5a2f41b","cartCount":0}
[14:03:20 25/09/2025] [DEBUG] Request authentication | Meta: {"url":"/images/brands/adidas-logo.png","method":"GET","isAuthenticated":true,"isAdmin":true,"userId":"68ccdf9b7eea2d6be5a2f41b","cartCount":0}
[14:03:21 25/09/2025] [DEBUG] Request authentication | Meta: {"url":"/images/brands/jordan-logo.png","method":"GET","isAuthenticated":true,"isAdmin":true,"userId":"68ccdf9b7eea2d6be5a2f41b","cartCount":0}
[14:03:21 25/09/2025] [DEBUG] Request authentication | Meta: {"url":"/images/brands/new-balance-logo.png","method":"GET","isAuthenticated":true,"isAdmin":true,"userId":"68ccdf9b7eea2d6be5a2f41b","cartCount":0}
[14:03:21 25/09/2025] [DEBUG] Request authentication | Meta: {"url":"/images/brands/timberland-logo.png","method":"GET","isAuthenticated":true,"isAdmin":true,"userId":"68ccdf9b7eea2d6be5a2f41b","cartCount":0}
[14:03:22 25/09/2025] [DEBUG] Request authentication | Meta: {"url":"/images/brands/converse-logo.png","method":"GET","isAuthenticated":true,"isAdmin":true,"userId":"68ccdf9b7eea2d6be5a2f41b","cartCount":0}
[14:03:22 25/09/2025] [DEBUG] Request authentication | Meta: {"url":"/images/brands/vans-logo.png","method":"GET","isAuthenticated":true,"isAdmin":true,"userId":"68ccdf9b7eea2d6be5a2f41b","cartCount":0}
[14:03:22 25/09/2025] [DEBUG] Request authentication | Meta: {"url":"/images/brands/puma-logo.png","method":"GET","isAuthenticated":true,"isAdmin":true,"userId":"68ccdf9b7eea2d6be5a2f41b","cartCount":0}
[14:26:17 25/09/2025] [DEBUG] Request authentication | Meta: {"url":"/admin/brands","method":"GET","isAuthenticated":true,"isAdmin":true,"userId":"68ccdf9b7eea2d6be5a2f41b","cartCount":0}
[14:26:20 25/09/2025] [DEBUG] Request authentication | Meta: {"url":"/admin/dashboard","method":"GET","isAuthenticated":true,"isAdmin":true,"userId":"68ccdf9b7eea2d6be5a2f41b","cartCount":0}
[14:26:32 25/09/2025] [DEBUG] Request authentication | Meta: {"url":"/admin/brands","method":"GET","isAuthenticated":true,"isAdmin":true,"userId":"68ccdf9b7eea2d6be5a2f41b","cartCount":0}
[14:44:03 25/09/2025] [DEBUG] Request authentication | Meta: {"url":"/admin/dashboard","method":"GET","isAuthenticated":true,"isAdmin":true,"userId":"68ccdf9b7eea2d6be5a2f41b","cartCount":0}
[14:44:07 25/09/2025] [DEBUG] Request authentication | Meta: {"url":"/admin/brands","method":"GET","isAuthenticated":true,"isAdmin":true,"userId":"68ccdf9b7eea2d6be5a2f41b","cartCount":0}
[14:44:07 25/09/2025] [DEBUG] Request authentication | Meta: {"url":"/images/brands/adidas-logo.png","method":"GET","isAuthenticated":true,"isAdmin":true,"userId":"68ccdf9b7eea2d6be5a2f41b","cartCount":0}
[14:44:08 25/09/2025] [DEBUG] Request authentication | Meta: {"url":"/images/brands/nike-logo.png","method":"GET","isAuthenticated":true,"isAdmin":true,"userId":"68ccdf9b7eea2d6be5a2f41b","cartCount":0}
[14:44:08 25/09/2025] [DEBUG] Request authentication | Meta: {"url":"/images/brands/vans-logo.png","method":"GET","isAuthenticated":true,"isAdmin":true,"userId":"68ccdf9b7eea2d6be5a2f41b","cartCount":0}
[14:44:08 25/09/2025] [DEBUG] Request authentication | Meta: {"url":"/images/brands/converse-logo.png","method":"GET","isAuthenticated":true,"isAdmin":true,"userId":"68ccdf9b7eea2d6be5a2f41b","cartCount":0}
[14:44:08 25/09/2025] [DEBUG] Request authentication | Meta: {"url":"/images/brands/new-balance-logo.png","method":"GET","isAuthenticated":true,"isAdmin":true,"userId":"68ccdf9b7eea2d6be5a2f41b","cartCount":0}
[14:44:08 25/09/2025] [DEBUG] Request authentication | Meta: {"url":"/images/brands/jordan-logo.png","method":"GET","isAuthenticated":true,"isAdmin":true,"userId":"68ccdf9b7eea2d6be5a2f41b","cartCount":0}
[14:44:08 25/09/2025] [DEBUG] Request authentication | Meta: {"url":"/images/brands/puma-logo.png","method":"GET","isAuthenticated":true,"isAdmin":true,"userId":"68ccdf9b7eea2d6be5a2f41b","cartCount":0}
[14:44:09 25/09/2025] [DEBUG] Request authentication | Meta: {"url":"/images/brands/timberland-logo.png","method":"GET","isAuthenticated":true,"isAdmin":true,"userId":"68ccdf9b7eea2d6be5a2f41b","cartCount":0}
[14:53:12 25/09/2025] [DEBUG] Request authentication | Meta: {"url":"/admin/brands","method":"GET","isAuthenticated":true,"isAdmin":true,"userId":"68ccdf9b7eea2d6be5a2f41b","cartCount":0}
[14:53:13 25/09/2025] [DEBUG] Request authentication | Meta: {"url":"/images/brands/puma-logo.png","method":"GET","isAuthenticated":true,"isAdmin":true,"userId":"68ccdf9b7eea2d6be5a2f41b","cartCount":0}
[14:53:13 25/09/2025] [DEBUG] Request authentication | Meta: {"url":"/images/brands/timberland-logo.png","method":"GET","isAuthenticated":true,"isAdmin":true,"userId":"68ccdf9b7eea2d6be5a2f41b","cartCount":0}
[14:53:14 25/09/2025] [DEBUG] Request authentication | Meta: {"url":"/images/brands/vans-logo.png","method":"GET","isAuthenticated":true,"isAdmin":true,"userId":"68ccdf9b7eea2d6be5a2f41b","cartCount":0}
[14:53:14 25/09/2025] [DEBUG] Request authentication | Meta: {"url":"/images/brands/converse-logo.png","method":"GET","isAuthenticated":true,"isAdmin":true,"userId":"68ccdf9b7eea2d6be5a2f41b","cartCount":0}
[14:53:14 25/09/2025] [DEBUG] Request authentication | Meta: {"url":"/images/brands/new-balance-logo.png","method":"GET","isAuthenticated":true,"isAdmin":true,"userId":"68ccdf9b7eea2d6be5a2f41b","cartCount":0}
[14:53:14 25/09/2025] [DEBUG] Request authentication | Meta: {"url":"/images/brands/adidas-logo.png","method":"GET","isAuthenticated":true,"isAdmin":true,"userId":"68ccdf9b7eea2d6be5a2f41b","cartCount":0}
[14:53:14 25/09/2025] [DEBUG] Request authentication | Meta: {"url":"/images/brands/nike-logo.png","method":"GET","isAuthenticated":true,"isAdmin":true,"userId":"68ccdf9b7eea2d6be5a2f41b","cartCount":0}
[14:53:15 25/09/2025] [DEBUG] Request authentication | Meta: {"url":"/images/brands/jordan-logo.png","method":"GET","isAuthenticated":true,"isAdmin":true,"userId":"68ccdf9b7eea2d6be5a2f41b","cartCount":0}
[14:53:26 25/09/2025] [DEBUG] Request authentication | Meta: {"url":"/admin/brands","method":"GET","isAuthenticated":true,"isAdmin":true,"userId":"68ccdf9b7eea2d6be5a2f41b","cartCount":0}
[14:53:34 25/09/2025] [DEBUG] Request authentication | Meta: {"url":"/admin/brands","method":"GET","isAuthenticated":true,"isAdmin":true,"userId":"68ccdf9b7eea2d6be5a2f41b","cartCount":0}
[14:53:34 25/09/2025] [DEBUG] Request authentication | Meta: {"url":"/images/brands/adidas-logo.png","method":"GET","isAuthenticated":true,"isAdmin":true,"userId":"68ccdf9b7eea2d6be5a2f41b","cartCount":0}
[14:53:34 25/09/2025] [DEBUG] Request authentication | Meta: {"url":"/images/brands/jordan-logo.png","method":"GET","isAuthenticated":true,"isAdmin":true,"userId":"68ccdf9b7eea2d6be5a2f41b","cartCount":0}
[14:53:35 25/09/2025] [DEBUG] Request authentication | Meta: {"url":"/images/brands/converse-logo.png","method":"GET","isAuthenticated":true,"isAdmin":true,"userId":"68ccdf9b7eea2d6be5a2f41b","cartCount":0}
[14:53:35 25/09/2025] [DEBUG] Request authentication | Meta: {"url":"/images/brands/new-balance-logo.png","method":"GET","isAuthenticated":true,"isAdmin":true,"userId":"68ccdf9b7eea2d6be5a2f41b","cartCount":0}
[14:53:35 25/09/2025] [DEBUG] Request authentication | Meta: {"url":"/images/brands/nike-logo.png","method":"GET","isAuthenticated":true,"isAdmin":true,"userId":"68ccdf9b7eea2d6be5a2f41b","cartCount":0}
[14:53:35 25/09/2025] [DEBUG] Request authentication | Meta: {"url":"/images/brands/timberland-logo.png","method":"GET","isAuthenticated":true,"isAdmin":true,"userId":"68ccdf9b7eea2d6be5a2f41b","cartCount":0}
[14:53:35 25/09/2025] [DEBUG] Request authentication | Meta: {"url":"/images/brands/vans-logo.png","method":"GET","isAuthenticated":true,"isAdmin":true,"userId":"68ccdf9b7eea2d6be5a2f41b","cartCount":0}
[14:53:35 25/09/2025] [DEBUG] Request authentication | Meta: {"url":"/images/brands/puma-logo.png","method":"GET","isAuthenticated":true,"isAdmin":true,"userId":"68ccdf9b7eea2d6be5a2f41b","cartCount":0}
[14:54:15 25/09/2025] [DEBUG] Request authentication | Meta: {"url":"/logout","method":"POST","isAuthenticated":true,"isAdmin":true,"userId":"68ccdf9b7eea2d6be5a2f41b","cartCount":0}
[14:54:15 25/09/2025] [DEBUG] Request authentication | Meta: {"url":"/","method":"GET","isAuthenticated":false,"userId":null,"cartCount":0}
[15:04:54 25/09/2025] [DEBUG] Request authentication | Meta: {"url":"/admin/brands","method":"GET","isAuthenticated":false,"userId":null,"cartCount":0}
[15:04:55 25/09/2025] [DEBUG] Request authentication | Meta: {"url":"/login","method":"GET","isAuthenticated":false,"userId":null,"cartCount":0}
[15:04:57 25/09/2025] [DEBUG] Request authentication | Meta: {"url":"/login","method":"POST","isAuthenticated":false,"userId":null,"cartCount":0}
[15:04:59 25/09/2025] [DEBUG] Request authentication | Meta: {"url":"/admin/dashboard","method":"GET","isAuthenticated":true,"isAdmin":true,"userId":"68ccdf9b7eea2d6be5a2f41b","cartCount":0}
[15:05:03 25/09/2025] [DEBUG] Request authentication | Meta: {"url":"/admin/brands","method":"GET","isAuthenticated":true,"isAdmin":true,"userId":"68ccdf9b7eea2d6be5a2f41b","cartCount":0}
[15:05:33 25/09/2025] [DEBUG] Request authentication | Meta: {"url":"/admin/brands","method":"GET","isAuthenticated":true,"isAdmin":true,"userId":"68ccdf9b7eea2d6be5a2f41b","cartCount":0}
[15:05:33 25/09/2025] [DEBUG] Request authentication | Meta: {"url":"/images/brands/nike-logo.png","method":"GET","isAuthenticated":true,"isAdmin":true,"userId":"68ccdf9b7eea2d6be5a2f41b","cartCount":0}
[15:05:33 25/09/2025] [DEBUG] Request authentication | Meta: {"url":"/images/brands/jordan-logo.png","method":"GET","isAuthenticated":true,"isAdmin":true,"userId":"68ccdf9b7eea2d6be5a2f41b","cartCount":0}
[15:05:34 25/09/2025] [DEBUG] Request authentication | Meta: {"url":"/images/brands/vans-logo.png","method":"GET","isAuthenticated":true,"isAdmin":true,"userId":"68ccdf9b7eea2d6be5a2f41b","cartCount":0}
[15:05:34 25/09/2025] [DEBUG] Request authentication | Meta: {"url":"/images/brands/timberland-logo.png","method":"GET","isAuthenticated":true,"isAdmin":true,"userId":"68ccdf9b7eea2d6be5a2f41b","cartCount":0}
[15:05:34 25/09/2025] [DEBUG] Request authentication | Meta: {"url":"/images/brands/adidas-logo.png","method":"GET","isAuthenticated":true,"isAdmin":true,"userId":"68ccdf9b7eea2d6be5a2f41b","cartCount":0}
[15:05:34 25/09/2025] [DEBUG] Request authentication | Meta: {"url":"/images/brands/puma-logo.png","method":"GET","isAuthenticated":true,"isAdmin":true,"userId":"68ccdf9b7eea2d6be5a2f41b","cartCount":0}
[15:05:34 25/09/2025] [DEBUG] Request authentication | Meta: {"url":"/images/brands/converse-logo.png","method":"GET","isAuthenticated":true,"isAdmin":true,"userId":"68ccdf9b7eea2d6be5a2f41b","cartCount":0}
[15:05:34 25/09/2025] [DEBUG] Request authentication | Meta: {"url":"/images/brands/new-balance-logo.png","method":"GET","isAuthenticated":true,"isAdmin":true,"userId":"68ccdf9b7eea2d6be5a2f41b","cartCount":0}
[15:19:28 25/09/2025] [DEBUG] Request authentication | Meta: {"url":"/admin/brands","method":"GET","isAuthenticated":true,"isAdmin":true,"userId":"68ccdf9b7eea2d6be5a2f41b","cartCount":0}
[15:30:59 25/09/2025] [DEBUG] Request authentication | Meta: {"url":"/admin/brands","method":"GET","isAuthenticated":true,"isAdmin":true,"userId":"68ccdf9b7eea2d6be5a2f41b","cartCount":0}
[15:34:47 25/09/2025] [DEBUG] Request authentication | Meta: {"url":"/admin/brands","method":"GET","isAuthenticated":true,"isAdmin":true,"userId":"68ccdf9b7eea2d6be5a2f41b","cartCount":0}
[15:34:55 25/09/2025] [DEBUG] Request authentication | Meta: {"url":"/admin/products","method":"GET","isAuthenticated":true,"isAdmin":true,"userId":"68ccdf9b7eea2d6be5a2f41b","cartCount":0}
[15:35:19 25/09/2025] [DEBUG] Request authentication | Meta: {"url":"/admin/dashboard","method":"GET","isAuthenticated":true,"isAdmin":true,"userId":"68ccdf9b7eea2d6be5a2f41b","cartCount":0}
[15:35:22 25/09/2025] [DEBUG] Request authentication | Meta: {"url":"/admin/orders","method":"GET","isAuthenticated":true,"isAdmin":true,"userId":"68ccdf9b7eea2d6be5a2f41b","cartCount":0}
[15:35:24 25/09/2025] [DEBUG] Request authentication | Meta: {"url":"/admin/accounts","method":"GET","isAuthenticated":true,"isAdmin":true,"userId":"68ccdf9b7eea2d6be5a2f41b","cartCount":0}
[15:35:26 25/09/2025] [DEBUG] Request authentication | Meta: {"url":"/admin/categories","method":"GET","isAuthenticated":true,"isAdmin":true,"userId":"68ccdf9b7eea2d6be5a2f41b","cartCount":0}
[15:35:29 25/09/2025] [DEBUG] Request authentication | Meta: {"url":"/admin/brands","method":"GET","isAuthenticated":true,"isAdmin":true,"userId":"68ccdf9b7eea2d6be5a2f41b","cartCount":0}
[15:35:37 25/09/2025] [DEBUG] Request authentication | Meta: {"url":"/admin/categories","method":"GET","isAuthenticated":true,"isAdmin":true,"userId":"68ccdf9b7eea2d6be5a2f41b","cartCount":0}
[15:35:41 25/09/2025] [DEBUG] Request authentication | Meta: {"url":"/admin/brands","method":"GET","isAuthenticated":true,"isAdmin":true,"userId":"68ccdf9b7eea2d6be5a2f41b","cartCount":0}
[15:35:44 25/09/2025] [DEBUG] Request authentication | Meta: {"url":"/admin/categories","method":"GET","isAuthenticated":true,"isAdmin":true,"userId":"68ccdf9b7eea2d6be5a2f41b","cartCount":0}
[15:35:46 25/09/2025] [DEBUG] Request authentication | Meta: {"url":"/admin/brands","method":"GET","isAuthenticated":true,"isAdmin":true,"userId":"68ccdf9b7eea2d6be5a2f41b","cartCount":0}
[15:35:54 25/09/2025] [DEBUG] Request authentication | Meta: {"url":"/admin/dashboard","method":"GET","isAuthenticated":true,"isAdmin":true,"userId":"68ccdf9b7eea2d6be5a2f41b","cartCount":0}
[15:40:10 25/09/2025] [DEBUG] Request authentication | Meta: {"url":"/admin/dashboard","method":"GET","isAuthenticated":true,"isAdmin":true,"userId":"68ccdf9b7eea2d6be5a2f41b","cartCount":0}
[15:40:13 25/09/2025] [DEBUG] Request authentication | Meta: {"url":"/admin/products","method":"GET","isAuthenticated":true,"isAdmin":true,"userId":"68ccdf9b7eea2d6be5a2f41b","cartCount":0}
[15:40:16 25/09/2025] [DEBUG] Request authentication | Meta: {"url":"/admin/orders","method":"GET","isAuthenticated":true,"isAdmin":true,"userId":"68ccdf9b7eea2d6be5a2f41b","cartCount":0}
[15:40:20 25/09/2025] [DEBUG] Request authentication | Meta: {"url":"/admin/accounts","method":"GET","isAuthenticated":true,"isAdmin":true,"userId":"68ccdf9b7eea2d6be5a2f41b","cartCount":0}
[15:40:22 25/09/2025] [DEBUG] Request authentication | Meta: {"url":"/admin/categories","method":"GET","isAuthenticated":true,"isAdmin":true,"userId":"68ccdf9b7eea2d6be5a2f41b","cartCount":0}
[15:40:25 25/09/2025] [DEBUG] Request authentication | Meta: {"url":"/admin/brands","method":"GET","isAuthenticated":true,"isAdmin":true,"userId":"68ccdf9b7eea2d6be5a2f41b","cartCount":0}
[15:40:45 25/09/2025] [DEBUG] Request authentication | Meta: {"url":"/admin/reviews","method":"GET","isAuthenticated":true,"isAdmin":true,"userId":"68ccdf9b7eea2d6be5a2f41b","cartCount":0}
[15:40:50 25/09/2025] [DEBUG] Request authentication | Meta: {"url":"/admin/products","method":"GET","isAuthenticated":true,"isAdmin":true,"userId":"68ccdf9b7eea2d6be5a2f41b","cartCount":0}
[15:40:54 25/09/2025] [DEBUG] Request authentication | Meta: {"url":"/admin/dashboard","method":"GET","isAuthenticated":true,"isAdmin":true,"userId":"68ccdf9b7eea2d6be5a2f41b","cartCount":0}
[15:40:58 25/09/2025] [DEBUG] Request authentication | Meta: {"url":"/admin/orders","method":"GET","isAuthenticated":true,"isAdmin":true,"userId":"68ccdf9b7eea2d6be5a2f41b","cartCount":0}
[15:41:01 25/09/2025] [DEBUG] Request authentication | Meta: {"url":"/admin/accounts","method":"GET","isAuthenticated":true,"isAdmin":true,"userId":"68ccdf9b7eea2d6be5a2f41b","cartCount":0}
[15:41:05 25/09/2025] [DEBUG] Request authentication | Meta: {"url":"/admin/categories","method":"GET","isAuthenticated":true,"isAdmin":true,"userId":"68ccdf9b7eea2d6be5a2f41b","cartCount":0}
[15:51:40 25/09/2025] [DEBUG] Request authentication | Meta: {"url":"/admin/categories","method":"GET","isAuthenticated":true,"isAdmin":true,"userId":"68ccdf9b7eea2d6be5a2f41b","cartCount":0}
[15:51:48 25/09/2025] [DEBUG] Request authentication | Meta: {"url":"/admin/brands","method":"GET","isAuthenticated":true,"isAdmin":true,"userId":"68ccdf9b7eea2d6be5a2f41b","cartCount":0}
[15:52:09 25/09/2025] [DEBUG] Request authentication | Meta: {"url":"/admin/products","method":"GET","isAuthenticated":true,"isAdmin":true,"userId":"68ccdf9b7eea2d6be5a2f41b","cartCount":0}
[15:52:13 25/09/2025] [DEBUG] Request authentication | Meta: {"url":"/admin/orders","method":"GET","isAuthenticated":true,"isAdmin":true,"userId":"68ccdf9b7eea2d6be5a2f41b","cartCount":0}
[15:52:14 25/09/2025] [DEBUG] Request authentication | Meta: {"url":"/admin/accounts","method":"GET","isAuthenticated":true,"isAdmin":true,"userId":"68ccdf9b7eea2d6be5a2f41b","cartCount":0}
[15:52:16 25/09/2025] [DEBUG] Request authentication | Meta: {"url":"/admin/products","method":"GET","isAuthenticated":true,"isAdmin":true,"userId":"68ccdf9b7eea2d6be5a2f41b","cartCount":0}
[15:52:32 25/09/2025] [DEBUG] Request authentication | Meta: {"url":"/admin/dashboard","method":"GET","isAuthenticated":true,"isAdmin":true,"userId":"68ccdf9b7eea2d6be5a2f41b","cartCount":0}
[15:52:36 25/09/2025] [DEBUG] Request authentication | Meta: {"url":"/admin/products","method":"GET","isAuthenticated":true,"isAdmin":true,"userId":"68ccdf9b7eea2d6be5a2f41b","cartCount":0}
[15:52:41 25/09/2025] [DEBUG] Request authentication | Meta: {"url":"/admin/orders","method":"GET","isAuthenticated":true,"isAdmin":true,"userId":"68ccdf9b7eea2d6be5a2f41b","cartCount":0}
[15:52:43 25/09/2025] [DEBUG] Request authentication | Meta: {"url":"/admin/accounts","method":"GET","isAuthenticated":true,"isAdmin":true,"userId":"68ccdf9b7eea2d6be5a2f41b","cartCount":0}
[15:52:44 25/09/2025] [DEBUG] Request authentication | Meta: {"url":"/admin/categories","method":"GET","isAuthenticated":true,"isAdmin":true,"userId":"68ccdf9b7eea2d6be5a2f41b","cartCount":0}
[15:52:46 25/09/2025] [DEBUG] Request authentication | Meta: {"url":"/admin/brands","method":"GET","isAuthenticated":true,"isAdmin":true,"userId":"68ccdf9b7eea2d6be5a2f41b","cartCount":0}
[15:52:51 25/09/2025] [DEBUG] Request authentication | Meta: {"url":"/admin/reviews","method":"GET","isAuthenticated":true,"isAdmin":true,"userId":"68ccdf9b7eea2d6be5a2f41b","cartCount":0}
[15:53:25 25/09/2025] [DEBUG] Request authentication | Meta: {"url":"/admin/products","method":"GET","isAuthenticated":true,"isAdmin":true,"userId":"68ccdf9b7eea2d6be5a2f41b","cartCount":0}
[15:53:42 25/09/2025] [DEBUG] Request authentication | Meta: {"url":"/admin/users","method":"GET","isAuthenticated":true,"isAdmin":true,"userId":"68ccdf9b7eea2d6be5a2f41b","cartCount":0}
[15:53:49 25/09/2025] [DEBUG] Request authentication | Meta: {"url":"/admin/dashboard","method":"GET","isAuthenticated":true,"isAdmin":true,"userId":"68ccdf9b7eea2d6be5a2f41b","cartCount":0}
[15:53:51 25/09/2025] [DEBUG] Request authentication | Meta: {"url":"/admin/accounts","method":"GET","isAuthenticated":true,"isAdmin":true,"userId":"68ccdf9b7eea2d6be5a2f41b","cartCount":0}
[15:53:54 25/09/2025] [DEBUG] Request authentication | Meta: {"url":"/admin/categories","method":"GET","isAuthenticated":true,"isAdmin":true,"userId":"68ccdf9b7eea2d6be5a2f41b","cartCount":0}
[15:53:57 25/09/2025] [DEBUG] Request authentication | Meta: {"url":"/admin/brands","method":"GET","isAuthenticated":true,"isAdmin":true,"userId":"68ccdf9b7eea2d6be5a2f41b","cartCount":0}
[15:53:59 25/09/2025] [DEBUG] Request authentication | Meta: {"url":"/admin/reviews","method":"GET","isAuthenticated":true,"isAdmin":true,"userId":"68ccdf9b7eea2d6be5a2f41b","cartCount":0}
[15:54:04 25/09/2025] [DEBUG] Request authentication | Meta: {"url":"/admin/reviews","method":"GET","isAuthenticated":true,"isAdmin":true,"userId":"68ccdf9b7eea2d6be5a2f41b","cartCount":0}
[15:54:13 25/09/2025] [DEBUG] Request authentication | Meta: {"url":"/admin/products","method":"GET","isAuthenticated":true,"isAdmin":true,"userId":"68ccdf9b7eea2d6be5a2f41b","cartCount":0}
[15:56:45 25/09/2025] [DEBUG] Request authentication | Meta: {"url":"/admin/products","method":"GET","isAuthenticated":true,"isAdmin":true,"userId":"68ccdf9b7eea2d6be5a2f41b","cartCount":0}
[15:56:54 25/09/2025] [DEBUG] Request authentication | Meta: {"url":"/admin/brands","method":"GET","isAuthenticated":true,"isAdmin":true,"userId":"68ccdf9b7eea2d6be5a2f41b","cartCount":0}
[15:57:01 25/09/2025] [DEBUG] Request authentication | Meta: {"url":"/admin/categories","method":"GET","isAuthenticated":true,"isAdmin":true,"userId":"68ccdf9b7eea2d6be5a2f41b","cartCount":0}
[15:57:04 25/09/2025] [DEBUG] Request authentication | Meta: {"url":"/admin/dashboard","method":"GET","isAuthenticated":true,"isAdmin":true,"userId":"68ccdf9b7eea2d6be5a2f41b","cartCount":0}
[15:57:06 25/09/2025] [DEBUG] Request authentication | Meta: {"url":"/admin/products","method":"GET","isAuthenticated":true,"isAdmin":true,"userId":"68ccdf9b7eea2d6be5a2f41b","cartCount":0}
[15:57:11 25/09/2025] [DEBUG] Request authentication | Meta: {"url":"/admin/orders","method":"GET","isAuthenticated":true,"isAdmin":true,"userId":"68ccdf9b7eea2d6be5a2f41b","cartCount":0}
[15:57:13 25/09/2025] [DEBUG] Request authentication | Meta: {"url":"/admin/accounts","method":"GET","isAuthenticated":true,"isAdmin":true,"userId":"68ccdf9b7eea2d6be5a2f41b","cartCount":0}
[15:57:15 25/09/2025] [DEBUG] Request authentication | Meta: {"url":"/admin/categories","method":"GET","isAuthenticated":true,"isAdmin":true,"userId":"68ccdf9b7eea2d6be5a2f41b","cartCount":0}
[15:57:16 25/09/2025] [DEBUG] Request authentication | Meta: {"url":"/admin/brands","method":"GET","isAuthenticated":true,"isAdmin":true,"userId":"68ccdf9b7eea2d6be5a2f41b","cartCount":0}
[15:57:17 25/09/2025] [DEBUG] Request authentication | Meta: {"url":"/admin/reviews","method":"GET","isAuthenticated":true,"isAdmin":true,"userId":"68ccdf9b7eea2d6be5a2f41b","cartCount":0}
[15:57:20 25/09/2025] [DEBUG] Request authentication | Meta: {"url":"/admin/reviews","method":"GET","isAuthenticated":true,"isAdmin":true,"userId":"68ccdf9b7eea2d6be5a2f41b","cartCount":0}
[15:57:23 25/09/2025] [DEBUG] Request authentication | Meta: {"url":"/admin/brands","method":"GET","isAuthenticated":true,"isAdmin":true,"userId":"68ccdf9b7eea2d6be5a2f41b","cartCount":0}
[15:57:48 25/09/2025] [DEBUG] Request authentication | Meta: {"url":"/admin/categories","method":"GET","isAuthenticated":true,"isAdmin":true,"userId":"68ccdf9b7eea2d6be5a2f41b","cartCount":0}
[15:57:57 25/09/2025] [DEBUG] Request authentication | Meta: {"url":"/admin/dashboard","method":"GET","isAuthenticated":true,"isAdmin":true,"userId":"68ccdf9b7eea2d6be5a2f41b","cartCount":0}
[15:58:00 25/09/2025] [DEBUG] Request authentication | Meta: {"url":"/admin/products","method":"GET","isAuthenticated":true,"isAdmin":true,"userId":"68ccdf9b7eea2d6be5a2f41b","cartCount":0}
[15:58:04 25/09/2025] [DEBUG] Request authentication | Meta: {"url":"/admin/orders","method":"GET","isAuthenticated":true,"isAdmin":true,"userId":"68ccdf9b7eea2d6be5a2f41b","cartCount":0}
[15:58:14 25/09/2025] [DEBUG] Request authentication | Meta: {"url":"/admin/products","method":"GET","isAuthenticated":true,"isAdmin":true,"userId":"68ccdf9b7eea2d6be5a2f41b","cartCount":0}
[15:59:29 25/09/2025] [DEBUG] Request authentication | Meta: {"url":"/admin/brands","method":"GET","isAuthenticated":true,"isAdmin":true,"userId":"68ccdf9b7eea2d6be5a2f41b","cartCount":0}
[16:01:33 25/09/2025] [DEBUG] Request authentication | Meta: {"url":"/admin/brands","method":"GET","isAuthenticated":true,"isAdmin":true,"userId":"68ccdf9b7eea2d6be5a2f41b","cartCount":0}
[16:01:41 25/09/2025] [DEBUG] Request authentication | Meta: {"url":"/admin/dashboard","method":"GET","isAuthenticated":true,"isAdmin":true,"userId":"68ccdf9b7eea2d6be5a2f41b","cartCount":0}
[16:01:44 25/09/2025] [DEBUG] Request authentication | Meta: {"url":"/admin/products","method":"GET","isAuthenticated":true,"isAdmin":true,"userId":"68ccdf9b7eea2d6be5a2f41b","cartCount":0}
[16:01:49 25/09/2025] [DEBUG] Request authentication | Meta: {"url":"/admin/orders","method":"GET","isAuthenticated":true,"isAdmin":true,"userId":"68ccdf9b7eea2d6be5a2f41b","cartCount":0}
[16:01:55 25/09/2025] [DEBUG] Request authentication | Meta: {"url":"/admin/accounts","method":"GET","isAuthenticated":true,"isAdmin":true,"userId":"68ccdf9b7eea2d6be5a2f41b","cartCount":0}
[16:01:58 25/09/2025] [DEBUG] Request authentication | Meta: {"url":"/admin/categories","method":"GET","isAuthenticated":true,"isAdmin":true,"userId":"68ccdf9b7eea2d6be5a2f41b","cartCount":0}
[16:02:05 25/09/2025] [DEBUG] Request authentication | Meta: {"url":"/admin/brands","method":"GET","isAuthenticated":true,"isAdmin":true,"userId":"68ccdf9b7eea2d6be5a2f41b","cartCount":0}
[16:02:08 25/09/2025] [DEBUG] Request authentication | Meta: {"url":"/admin/reviews","method":"GET","isAuthenticated":true,"isAdmin":true,"userId":"68ccdf9b7eea2d6be5a2f41b","cartCount":0}
[16:02:13 25/09/2025] [DEBUG] Request authentication | Meta: {"url":"/admin/reviews","method":"GET","isAuthenticated":true,"isAdmin":true,"userId":"68ccdf9b7eea2d6be5a2f41b","cartCount":0}
[16:02:17 25/09/2025] [DEBUG] Request authentication | Meta: {"url":"/admin/dashboard","method":"GET","isAuthenticated":true,"isAdmin":true,"userId":"68ccdf9b7eea2d6be5a2f41b","cartCount":0}
[16:02:19 25/09/2025] [DEBUG] Request authentication | Meta: {"url":"/admin/products","method":"GET","isAuthenticated":true,"isAdmin":true,"userId":"68ccdf9b7eea2d6be5a2f41b","cartCount":0}
[16:02:24 25/09/2025] [DEBUG] Request authentication | Meta: {"url":"/admin/orders","method":"GET","isAuthenticated":true,"isAdmin":true,"userId":"68ccdf9b7eea2d6be5a2f41b","cartCount":0}
[16:02:44 25/09/2025] [DEBUG] Request authentication | Meta: {"url":"/admin/accounts","method":"GET","isAuthenticated":true,"isAdmin":true,"userId":"68ccdf9b7eea2d6be5a2f41b","cartCount":0}
[16:02:49 25/09/2025] [DEBUG] Request authentication | Meta: {"url":"/admin/categories","method":"GET","isAuthenticated":true,"isAdmin":true,"userId":"68ccdf9b7eea2d6be5a2f41b","cartCount":0}
[16:02:52 25/09/2025] [DEBUG] Request authentication | Meta: {"url":"/admin/brands","method":"GET","isAuthenticated":true,"isAdmin":true,"userId":"68ccdf9b7eea2d6be5a2f41b","cartCount":0}
[16:03:02 25/09/2025] [DEBUG] Request authentication | Meta: {"url":"/admin/reviews","method":"GET","isAuthenticated":true,"isAdmin":true,"userId":"68ccdf9b7eea2d6be5a2f41b","cartCount":0}
[16:03:23 25/09/2025] [DEBUG] Request authentication | Meta: {"url":"/admin/accounts","method":"GET","isAuthenticated":true,"isAdmin":true,"userId":"68ccdf9b7eea2d6be5a2f41b","cartCount":0}
[16:03:26 25/09/2025] [DEBUG] Request authentication | Meta: {"url":"/admin/products","method":"GET","isAuthenticated":true,"isAdmin":true,"userId":"68ccdf9b7eea2d6be5a2f41b","cartCount":0}
[16:04:13 25/09/2025] [DEBUG] Request authentication | Meta: {"url":"/admin/orders","method":"GET","isAuthenticated":true,"isAdmin":true,"userId":"68ccdf9b7eea2d6be5a2f41b","cartCount":0}
[16:04:14 25/09/2025] [DEBUG] Request authentication | Meta: {"url":"/admin/products","method":"GET","isAuthenticated":true,"isAdmin":true,"userId":"68ccdf9b7eea2d6be5a2f41b","cartCount":0}
[16:04:17 25/09/2025] [DEBUG] Request authentication | Meta: {"url":"/admin/dashboard","method":"GET","isAuthenticated":true,"isAdmin":true,"userId":"68ccdf9b7eea2d6be5a2f41b","cartCount":0}
[16:04:49 25/09/2025] [DEBUG] Request authentication | Meta: {"url":"/admin/products","method":"GET","isAuthenticated":true,"isAdmin":true,"userId":"68ccdf9b7eea2d6be5a2f41b","cartCount":0}
[16:04:58 25/09/2025] [DEBUG] Request authentication | Meta: {"url":"/admin/dashboard","method":"GET","isAuthenticated":true,"isAdmin":true,"userId":"68ccdf9b7eea2d6be5a2f41b","cartCount":0}
[16:05:02 25/09/2025] [DEBUG] Request authentication | Meta: {"url":"/admin/products","method":"GET","isAuthenticated":true,"isAdmin":true,"userId":"68ccdf9b7eea2d6be5a2f41b","cartCount":0}
[16:05:08 25/09/2025] [DEBUG] Request authentication | Meta: {"url":"/admin/orders","method":"GET","isAuthenticated":true,"isAdmin":true,"userId":"68ccdf9b7eea2d6be5a2f41b","cartCount":0}
[16:05:27 25/09/2025] [DEBUG] Request authentication | Meta: {"url":"/admin/accounts","method":"GET","isAuthenticated":true,"isAdmin":true,"userId":"68ccdf9b7eea2d6be5a2f41b","cartCount":0}
[16:05:28 25/09/2025] [DEBUG] Request authentication | Meta: {"url":"/admin/categories","method":"GET","isAuthenticated":true,"isAdmin":true,"userId":"68ccdf9b7eea2d6be5a2f41b","cartCount":0}
[16:05:31 25/09/2025] [DEBUG] Request authentication | Meta: {"url":"/admin/brands","method":"GET","isAuthenticated":true,"isAdmin":true,"userId":"68ccdf9b7eea2d6be5a2f41b","cartCount":0}
[16:05:32 25/09/2025] [DEBUG] Request authentication | Meta: {"url":"/admin/reviews","method":"GET","isAuthenticated":true,"isAdmin":true,"userId":"68ccdf9b7eea2d6be5a2f41b","cartCount":0}
[16:05:35 25/09/2025] [DEBUG] Request authentication | Meta: {"url":"/admin/reports","method":"GET","isAuthenticated":true,"isAdmin":true,"userId":"68ccdf9b7eea2d6be5a2f41b","cartCount":0}
[16:05:44 25/09/2025] [DEBUG] Request authentication | Meta: {"url":"/admin/brands","method":"GET","isAuthenticated":true,"isAdmin":true,"userId":"68ccdf9b7eea2d6be5a2f41b","cartCount":0}
[16:05:49 25/09/2025] [DEBUG] Request authentication | Meta: {"url":"/admin/dashboard","method":"GET","isAuthenticated":true,"isAdmin":true,"userId":"68ccdf9b7eea2d6be5a2f41b","cartCount":0}
[16:05:56 25/09/2025] [DEBUG] Request authentication | Meta: {"url":"/admin/brands","method":"GET","isAuthenticated":true,"isAdmin":true,"userId":"68ccdf9b7eea2d6be5a2f41b","cartCount":0}
[16:06:00 25/09/2025] [DEBUG] Request authentication | Meta: {"url":"/admin/dashboard","method":"GET","isAuthenticated":true,"isAdmin":true,"userId":"68ccdf9b7eea2d6be5a2f41b","cartCount":0}
[16:06:04 25/09/2025] [DEBUG] Request authentication | Meta: {"url":"/admin/products","method":"GET","isAuthenticated":true,"isAdmin":true,"userId":"68ccdf9b7eea2d6be5a2f41b","cartCount":0}
[16:06:10 25/09/2025] [DEBUG] Request authentication | Meta: {"url":"/admin/orders","method":"GET","isAuthenticated":true,"isAdmin":true,"userId":"68ccdf9b7eea2d6be5a2f41b","cartCount":0}
[16:06:17 25/09/2025] [DEBUG] Request authentication | Meta: {"url":"/admin/accounts","method":"GET","isAuthenticated":true,"isAdmin":true,"userId":"68ccdf9b7eea2d6be5a2f41b","cartCount":0}
[16:06:20 25/09/2025] [DEBUG] Request authentication | Meta: {"url":"/admin/categories","method":"GET","isAuthenticated":true,"isAdmin":true,"userId":"68ccdf9b7eea2d6be5a2f41b","cartCount":0}
[16:06:23 25/09/2025] [DEBUG] Request authentication | Meta: {"url":"/admin/brands","method":"GET","isAuthenticated":true,"isAdmin":true,"userId":"68ccdf9b7eea2d6be5a2f41b","cartCount":0}
[16:06:28 25/09/2025] [DEBUG] Request authentication | Meta: {"url":"/admin/reviews","method":"GET","isAuthenticated":true,"isAdmin":true,"userId":"68ccdf9b7eea2d6be5a2f41b","cartCount":0}
[16:06:32 25/09/2025] [DEBUG] Request authentication | Meta: {"url":"/admin/brands","method":"GET","isAuthenticated":true,"isAdmin":true,"userId":"68ccdf9b7eea2d6be5a2f41b","cartCount":0}
[16:06:36 25/09/2025] [DEBUG] Request authentication | Meta: {"url":"/admin/profile","method":"GET","isAuthenticated":true,"isAdmin":true,"userId":"68ccdf9b7eea2d6be5a2f41b","cartCount":0}
[16:06:42 25/09/2025] [DEBUG] Request authentication | Meta: {"url":"/admin/dashboard","method":"GET","isAuthenticated":true,"isAdmin":true,"userId":"68ccdf9b7eea2d6be5a2f41b","cartCount":0}
[16:06:45 25/09/2025] [DEBUG] Request authentication | Meta: {"url":"/admin/products","method":"GET","isAuthenticated":true,"isAdmin":true,"userId":"68ccdf9b7eea2d6be5a2f41b","cartCount":0}
[16:06:52 25/09/2025] [DEBUG] Request authentication | Meta: {"url":"/admin/orders","method":"GET","isAuthenticated":true,"isAdmin":true,"userId":"68ccdf9b7eea2d6be5a2f41b","cartCount":0}
[16:10:56 25/09/2025] [DEBUG] Request authentication | Meta: {"url":"/admin/orders","method":"GET","isAuthenticated":true,"isAdmin":true,"userId":"68ccdf9b7eea2d6be5a2f41b","cartCount":0}
[16:11:02 25/09/2025] [DEBUG] Request authentication | Meta: {"url":"/admin/orders","method":"GET","isAuthenticated":true,"isAdmin":true,"userId":"68ccdf9b7eea2d6be5a2f41b","cartCount":0}
[16:11:24 25/09/2025] [DEBUG] Request authentication | Meta: {"url":"/admin/products","method":"GET","isAuthenticated":true,"isAdmin":true,"userId":"68ccdf9b7eea2d6be5a2f41b","cartCount":0}
[16:11:28 25/09/2025] [DEBUG] Request authentication | Meta: {"url":"/admin/dashboard","method":"GET","isAuthenticated":true,"isAdmin":true,"userId":"68ccdf9b7eea2d6be5a2f41b","cartCount":0}
[16:11:31 25/09/2025] [DEBUG] Request authentication | Meta: {"url":"/admin/orders","method":"GET","isAuthenticated":true,"isAdmin":true,"userId":"68ccdf9b7eea2d6be5a2f41b","cartCount":0}
[16:11:37 25/09/2025] [DEBUG] Request authentication | Meta: {"url":"/admin/accounts","method":"GET","isAuthenticated":true,"isAdmin":true,"userId":"68ccdf9b7eea2d6be5a2f41b","cartCount":0}
[16:11:41 25/09/2025] [DEBUG] Request authentication | Meta: {"url":"/admin/categories","method":"GET","isAuthenticated":true,"isAdmin":true,"userId":"68ccdf9b7eea2d6be5a2f41b","cartCount":0}
[16:11:44 25/09/2025] [DEBUG] Request authentication | Meta: {"url":"/admin/brands","method":"GET","isAuthenticated":true,"isAdmin":true,"userId":"68ccdf9b7eea2d6be5a2f41b","cartCount":0}
[16:11:48 25/09/2025] [DEBUG] Request authentication | Meta: {"url":"/admin/reviews","method":"GET","isAuthenticated":true,"isAdmin":true,"userId":"68ccdf9b7eea2d6be5a2f41b","cartCount":0}
[16:12:03 25/09/2025] [DEBUG] Request authentication | Meta: {"url":"/admin/categories","method":"GET","isAuthenticated":true,"isAdmin":true,"userId":"68ccdf9b7eea2d6be5a2f41b","cartCount":0}
[16:12:05 25/09/2025] [DEBUG] Request authentication | Meta: {"url":"/admin/brands","method":"GET","isAuthenticated":true,"isAdmin":true,"userId":"68ccdf9b7eea2d6be5a2f41b","cartCount":0}
[16:12:08 25/09/2025] [DEBUG] Request authentication | Meta: {"url":"/admin/settings","method":"GET","isAuthenticated":true,"isAdmin":true,"userId":"68ccdf9b7eea2d6be5a2f41b","cartCount":0}
[16:12:14 25/09/2025] [DEBUG] Request authentication | Meta: {"url":"/admin/users","method":"GET","isAuthenticated":true,"isAdmin":true,"userId":"68ccdf9b7eea2d6be5a2f41b","cartCount":0}
[16:12:16 25/09/2025] [DEBUG] Request authentication | Meta: {"url":"/admin/users","method":"GET","isAuthenticated":true,"isAdmin":true,"userId":"68ccdf9b7eea2d6be5a2f41b","cartCount":0}
[16:12:18 25/09/2025] [DEBUG] Request authentication | Meta: {"url":"/admin/dashboard","method":"GET","isAuthenticated":true,"isAdmin":true,"userId":"68ccdf9b7eea2d6be5a2f41b","cartCount":0}
[16:12:21 25/09/2025] [DEBUG] Request authentication | Meta: {"url":"/admin/accounts","method":"GET","isAuthenticated":true,"isAdmin":true,"userId":"68ccdf9b7eea2d6be5a2f41b","cartCount":0}
[16:12:31 25/09/2025] [DEBUG] Request authentication | Meta: {"url":"/admin/orders","method":"GET","isAuthenticated":true,"isAdmin":true,"userId":"68ccdf9b7eea2d6be5a2f41b","cartCount":0}
[16:12:33 25/09/2025] [DEBUG] Request authentication | Meta: {"url":"/admin/accounts","method":"GET","isAuthenticated":true,"isAdmin":true,"userId":"68ccdf9b7eea2d6be5a2f41b","cartCount":0}
[16:12:34 25/09/2025] [DEBUG] Request authentication | Meta: {"url":"/admin/categories","method":"GET","isAuthenticated":true,"isAdmin":true,"userId":"68ccdf9b7eea2d6be5a2f41b","cartCount":0}
[16:12:37 25/09/2025] [DEBUG] Request authentication | Meta: {"url":"/admin/accounts","method":"GET","isAuthenticated":true,"isAdmin":true,"userId":"68ccdf9b7eea2d6be5a2f41b","cartCount":0}
[16:12:41 25/09/2025] [DEBUG] Request authentication | Meta: {"url":"/admin/brands","method":"GET","isAuthenticated":true,"isAdmin":true,"userId":"68ccdf9b7eea2d6be5a2f41b","cartCount":0}
[16:12:44 25/09/2025] [DEBUG] Request authentication | Meta: {"url":"/admin/products","method":"GET","isAuthenticated":true,"isAdmin":true,"userId":"68ccdf9b7eea2d6be5a2f41b","cartCount":0}
[16:12:49 25/09/2025] [DEBUG] Request authentication | Meta: {"url":"/admin/dashboard","method":"GET","isAuthenticated":true,"isAdmin":true,"userId":"68ccdf9b7eea2d6be5a2f41b","cartCount":0}
[16:12:51 25/09/2025] [DEBUG] Request authentication | Meta: {"url":"/admin/products","method":"GET","isAuthenticated":true,"isAdmin":true,"userId":"68ccdf9b7eea2d6be5a2f41b","cartCount":0}
[16:12:54 25/09/2025] [DEBUG] Request authentication | Meta: {"url":"/admin/orders","method":"GET","isAuthenticated":true,"isAdmin":true,"userId":"68ccdf9b7eea2d6be5a2f41b","cartCount":0}
[16:12:57 25/09/2025] [DEBUG] Request authentication | Meta: {"url":"/admin/accounts","method":"GET","isAuthenticated":true,"isAdmin":true,"userId":"68ccdf9b7eea2d6be5a2f41b","cartCount":0}
[16:12:59 25/09/2025] [DEBUG] Request authentication | Meta: {"url":"/admin/categories","method":"GET","isAuthenticated":true,"isAdmin":true,"userId":"68ccdf9b7eea2d6be5a2f41b","cartCount":0}
[16:13:01 25/09/2025] [DEBUG] Request authentication | Meta: {"url":"/admin/brands","method":"GET","isAuthenticated":true,"isAdmin":true,"userId":"68ccdf9b7eea2d6be5a2f41b","cartCount":0}
[16:13:08 25/09/2025] [DEBUG] Request authentication | Meta: {"url":"/admin/reviews","method":"GET","isAuthenticated":true,"isAdmin":true,"userId":"68ccdf9b7eea2d6be5a2f41b","cartCount":0}
[16:13:11 25/09/2025] [DEBUG] Request authentication | Meta: {"url":"/admin/dashboard","method":"GET","isAuthenticated":true,"isAdmin":true,"userId":"68ccdf9b7eea2d6be5a2f41b","cartCount":0}
[16:13:22 25/09/2025] [DEBUG] Request authentication | Meta: {"url":"/admin/accounts","method":"GET","isAuthenticated":true,"isAdmin":true,"userId":"68ccdf9b7eea2d6be5a2f41b","cartCount":0}
[16:13:24 25/09/2025] [DEBUG] Request authentication | Meta: {"url":"/admin/categories","method":"GET","isAuthenticated":true,"isAdmin":true,"userId":"68ccdf9b7eea2d6be5a2f41b","cartCount":0}
[16:13:28 25/09/2025] [DEBUG] Request authentication | Meta: {"url":"/admin/reviews","method":"GET","isAuthenticated":true,"isAdmin":true,"userId":"68ccdf9b7eea2d6be5a2f41b","cartCount":0}
[16:13:30 25/09/2025] [DEBUG] Request authentication | Meta: {"url":"/admin/brands","method":"GET","isAuthenticated":true,"isAdmin":true,"userId":"68ccdf9b7eea2d6be5a2f41b","cartCount":0}
[16:13:35 25/09/2025] [DEBUG] Request authentication | Meta: {"url":"/admin/dashboard","method":"GET","isAuthenticated":true,"isAdmin":true,"userId":"68ccdf9b7eea2d6be5a2f41b","cartCount":0}
[16:13:55 25/09/2025] [DEBUG] Request authentication | Meta: {"url":"/admin/brands","method":"GET","isAuthenticated":true,"isAdmin":true,"userId":"68ccdf9b7eea2d6be5a2f41b","cartCount":0}
[16:14:08 25/09/2025] [DEBUG] Request authentication | Meta: {"url":"/admin/dashboard","method":"GET","isAuthenticated":true,"isAdmin":true,"userId":"68ccdf9b7eea2d6be5a2f41b","cartCount":0}
[16:14:11 25/09/2025] [DEBUG] Request authentication | Meta: {"url":"/admin/products","method":"GET","isAuthenticated":true,"isAdmin":true,"userId":"68ccdf9b7eea2d6be5a2f41b","cartCount":0}
[16:14:16 25/09/2025] [DEBUG] Request authentication | Meta: {"url":"/admin/orders","method":"GET","isAuthenticated":true,"isAdmin":true,"userId":"68ccdf9b7eea2d6be5a2f41b","cartCount":0}
[16:14:21 25/09/2025] [DEBUG] Request authentication | Meta: {"url":"/admin/accounts","method":"GET","isAuthenticated":true,"isAdmin":true,"userId":"68ccdf9b7eea2d6be5a2f41b","cartCount":0}
[16:14:24 25/09/2025] [DEBUG] Request authentication | Meta: {"url":"/admin/categories","method":"GET","isAuthenticated":true,"isAdmin":true,"userId":"68ccdf9b7eea2d6be5a2f41b","cartCount":0}
[16:14:27 25/09/2025] [DEBUG] Request authentication | Meta: {"url":"/admin/brands","method":"GET","isAuthenticated":true,"isAdmin":true,"userId":"68ccdf9b7eea2d6be5a2f41b","cartCount":0}
[16:14:30 25/09/2025] [DEBUG] Request authentication | Meta: {"url":"/admin/reviews","method":"GET","isAuthenticated":true,"isAdmin":true,"userId":"68ccdf9b7eea2d6be5a2f41b","cartCount":0}
[16:35:25 25/09/2025] [DEBUG] Request authentication | Meta: {"url":"/","method":"GET","isAuthenticated":true,"isAdmin":true,"userId":"68ccdf9b7eea2d6be5a2f41b","cartCount":0}
[16:35:30 25/09/2025] [DEBUG] Request authentication | Meta: {"url":"/logout","method":"POST","isAuthenticated":true,"isAdmin":true,"userId":"68ccdf9b7eea2d6be5a2f41b","cartCount":0}
[16:35:30 25/09/2025] [DEBUG] Request authentication | Meta: {"url":"/","method":"GET","isAuthenticated":false,"userId":null,"cartCount":0}
[16:35:34 25/09/2025] [DEBUG] Request authentication | Meta: {"url":"/login","method":"GET","isAuthenticated":false,"userId":null,"cartCount":0}
[16:35:35 25/09/2025] [DEBUG] Request authentication | Meta: {"url":"/login","method":"POST","isAuthenticated":false,"userId":null,"cartCount":0}
[16:35:36 25/09/2025] [DEBUG] Request authentication | Meta: {"url":"/admin/dashboard","method":"GET","isAuthenticated":true,"isAdmin":true,"userId":"68ccdf9b7eea2d6be5a2f41b","cartCount":0}
[16:35:39 25/09/2025] [DEBUG] Request authentication | Meta: {"url":"/admin/orders","method":"GET","isAuthenticated":true,"isAdmin":true,"userId":"68ccdf9b7eea2d6be5a2f41b","cartCount":0}
[16:35:44 25/09/2025] [DEBUG] Request authentication | Meta: {"url":"/admin/accounts","method":"GET","isAuthenticated":true,"isAdmin":true,"userId":"68ccdf9b7eea2d6be5a2f41b","cartCount":0}
[16:35:45 25/09/2025] [DEBUG] Request authentication | Meta: {"url":"/admin/categories","method":"GET","isAuthenticated":true,"isAdmin":true,"userId":"68ccdf9b7eea2d6be5a2f41b","cartCount":0}
[16:35:47 25/09/2025] [DEBUG] Request authentication | Meta: {"url":"/admin/brands","method":"GET","isAuthenticated":true,"isAdmin":true,"userId":"68ccdf9b7eea2d6be5a2f41b","cartCount":0}
[16:35:51 25/09/2025] [DEBUG] Request authentication | Meta: {"url":"/admin/reviews","method":"GET","isAuthenticated":true,"isAdmin":true,"userId":"68ccdf9b7eea2d6be5a2f41b","cartCount":0}
[16:35:53 25/09/2025] [DEBUG] Request authentication | Meta: {"url":"/admin/reports","method":"GET","isAuthenticated":true,"isAdmin":true,"userId":"68ccdf9b7eea2d6be5a2f41b","cartCount":0}
[16:35:59 25/09/2025] [DEBUG] Request authentication | Meta: {"url":"/admin/dashboard","method":"GET","isAuthenticated":true,"isAdmin":true,"userId":"68ccdf9b7eea2d6be5a2f41b","cartCount":0}
[16:36:01 25/09/2025] [DEBUG] Request authentication | Meta: {"url":"/admin/brands","method":"GET","isAuthenticated":true,"isAdmin":true,"userId":"68ccdf9b7eea2d6be5a2f41b","cartCount":0}
[16:36:09 25/09/2025] [DEBUG] Request authentication | Meta: {"url":"/admin/products","method":"GET","isAuthenticated":true,"isAdmin":true,"userId":"68ccdf9b7eea2d6be5a2f41b","cartCount":0}
[16:36:19 25/09/2025] [DEBUG] Request authentication | Meta: {"url":"/admin/brands","method":"GET","isAuthenticated":true,"isAdmin":true,"userId":"68ccdf9b7eea2d6be5a2f41b","cartCount":0}
[16:38:06 25/09/2025] [DEBUG] Request authentication | Meta: {"url":"/admin/dashboard","method":"GET","isAuthenticated":true,"isAdmin":true,"userId":"68ccdf9b7eea2d6be5a2f41b","cartCount":0}
[16:38:11 25/09/2025] [DEBUG] Request authentication | Meta: {"url":"/admin/products","method":"GET","isAuthenticated":true,"isAdmin":true,"userId":"68ccdf9b7eea2d6be5a2f41b","cartCount":0}
[16:38:16 25/09/2025] [DEBUG] Request authentication | Meta: {"url":"/admin/dashboard","method":"GET","isAuthenticated":true,"isAdmin":true,"userId":"68ccdf9b7eea2d6be5a2f41b","cartCount":0}
[16:38:18 25/09/2025] [DEBUG] Request authentication | Meta: {"url":"/admin/products","method":"GET","isAuthenticated":true,"isAdmin":true,"userId":"68ccdf9b7eea2d6be5a2f41b","cartCount":0}
[16:44:27 25/09/2025] [DEBUG] Request authentication | Meta: {"url":"/admin/reviews","method":"GET","isAuthenticated":true,"isAdmin":true,"userId":"68ccdf9b7eea2d6be5a2f41b","cartCount":0}
[16:44:33 25/09/2025] [DEBUG] Request authentication | Meta: {"url":"/admin/dashboard","method":"GET","isAuthenticated":true,"isAdmin":true,"userId":"68ccdf9b7eea2d6be5a2f41b","cartCount":0}
[16:44:35 25/09/2025] [DEBUG] Request authentication | Meta: {"url":"/admin/products","method":"GET","isAuthenticated":true,"isAdmin":true,"userId":"68ccdf9b7eea2d6be5a2f41b","cartCount":0}
[16:44:39 25/09/2025] [DEBUG] Request authentication | Meta: {"url":"/admin/dashboard","method":"GET","isAuthenticated":true,"isAdmin":true,"userId":"68ccdf9b7eea2d6be5a2f41b","cartCount":0}
[16:44:43 25/09/2025] [DEBUG] Request authentication | Meta: {"url":"/admin/products","method":"GET","isAuthenticated":true,"isAdmin":true,"userId":"68ccdf9b7eea2d6be5a2f41b","cartCount":0}
[16:44:46 25/09/2025] [DEBUG] Request authentication | Meta: {"url":"/admin/orders","method":"GET","isAuthenticated":true,"isAdmin":true,"userId":"68ccdf9b7eea2d6be5a2f41b","cartCount":0}
[16:44:48 25/09/2025] [DEBUG] Request authentication | Meta: {"url":"/admin/accounts","method":"GET","isAuthenticated":true,"isAdmin":true,"userId":"68ccdf9b7eea2d6be5a2f41b","cartCount":0}
[16:44:50 25/09/2025] [DEBUG] Request authentication | Meta: {"url":"/admin/categories","method":"GET","isAuthenticated":true,"isAdmin":true,"userId":"68ccdf9b7eea2d6be5a2f41b","cartCount":0}
[16:44:52 25/09/2025] [DEBUG] Request authentication | Meta: {"url":"/admin/brands","method":"GET","isAuthenticated":true,"isAdmin":true,"userId":"68ccdf9b7eea2d6be5a2f41b","cartCount":0}
[16:44:54 25/09/2025] [DEBUG] Request authentication | Meta: {"url":"/admin/reviews","method":"GET","isAuthenticated":true,"isAdmin":true,"userId":"68ccdf9b7eea2d6be5a2f41b","cartCount":0}
[16:49:17 25/09/2025] [DEBUG] Request authentication | Meta: {"url":"/","method":"GET","isAuthenticated":true,"isAdmin":true,"userId":"68ccdf9b7eea2d6be5a2f41b","cartCount":0}
[16:49:21 25/09/2025] [DEBUG] Request authentication | Meta: {"url":"/admin/dashboard","method":"GET","isAuthenticated":true,"isAdmin":true,"userId":"68ccdf9b7eea2d6be5a2f41b","cartCount":0}
[16:49:23 25/09/2025] [DEBUG] Request authentication | Meta: {"url":"/admin/products","method":"GET","isAuthenticated":true,"isAdmin":true,"userId":"68ccdf9b7eea2d6be5a2f41b","cartCount":0}
[16:49:26 25/09/2025] [DEBUG] Request authentication | Meta: {"url":"/admin/orders","method":"GET","isAuthenticated":true,"isAdmin":true,"userId":"68ccdf9b7eea2d6be5a2f41b","cartCount":0}
[16:49:29 25/09/2025] [DEBUG] Request authentication | Meta: {"url":"/admin/accounts","method":"GET","isAuthenticated":true,"isAdmin":true,"userId":"68ccdf9b7eea2d6be5a2f41b","cartCount":0}
[16:49:30 25/09/2025] [DEBUG] Request authentication | Meta: {"url":"/admin/categories","method":"GET","isAuthenticated":true,"isAdmin":true,"userId":"68ccdf9b7eea2d6be5a2f41b","cartCount":0}
[16:49:32 25/09/2025] [DEBUG] Request authentication | Meta: {"url":"/admin/brands","method":"GET","isAuthenticated":true,"isAdmin":true,"userId":"68ccdf9b7eea2d6be5a2f41b","cartCount":0}
[16:49:33 25/09/2025] [DEBUG] Request authentication | Meta: {"url":"/admin/reviews","method":"GET","isAuthenticated":true,"isAdmin":true,"userId":"68ccdf9b7eea2d6be5a2f41b","cartCount":0}
[16:49:35 25/09/2025] [DEBUG] Request authentication | Meta: {"url":"/admin/dashboard","method":"GET","isAuthenticated":true,"isAdmin":true,"userId":"68ccdf9b7eea2d6be5a2f41b","cartCount":0}
[16:49:37 25/09/2025] [DEBUG] Request authentication | Meta: {"url":"/admin/products","method":"GET","isAuthenticated":true,"isAdmin":true,"userId":"68ccdf9b7eea2d6be5a2f41b","cartCount":0}
[16:55:47 25/09/2025] [DEBUG] Request authentication | Meta: {"url":"/admin/products","method":"GET","isAuthenticated":true,"isAdmin":true,"userId":"68ccdf9b7eea2d6be5a2f41b","cartCount":0}
[16:55:54 25/09/2025] [DEBUG] Request authentication | Meta: {"url":"/admin/dashboard","method":"GET","isAuthenticated":true,"isAdmin":true,"userId":"68ccdf9b7eea2d6be5a2f41b","cartCount":0}
[16:55:56 25/09/2025] [DEBUG] Request authentication | Meta: {"url":"/admin/products","method":"GET","isAuthenticated":true,"isAdmin":true,"userId":"68ccdf9b7eea2d6be5a2f41b","cartCount":0}
[16:55:59 25/09/2025] [DEBUG] Request authentication | Meta: {"url":"/admin/orders","method":"GET","isAuthenticated":true,"isAdmin":true,"userId":"68ccdf9b7eea2d6be5a2f41b","cartCount":0}
[16:56:01 25/09/2025] [DEBUG] Request authentication | Meta: {"url":"/admin/accounts","method":"GET","isAuthenticated":true,"isAdmin":true,"userId":"68ccdf9b7eea2d6be5a2f41b","cartCount":0}
[16:56:09 25/09/2025] [DEBUG] Request authentication | Meta: {"url":"/admin/categories","method":"GET","isAuthenticated":true,"isAdmin":true,"userId":"68ccdf9b7eea2d6be5a2f41b","cartCount":0}
[16:56:11 25/09/2025] [DEBUG] Request authentication | Meta: {"url":"/admin/brands","method":"GET","isAuthenticated":true,"isAdmin":true,"userId":"68ccdf9b7eea2d6be5a2f41b","cartCount":0}
[16:56:13 25/09/2025] [DEBUG] Request authentication | Meta: {"url":"/admin/reviews","method":"GET","isAuthenticated":true,"isAdmin":true,"userId":"68ccdf9b7eea2d6be5a2f41b","cartCount":0}
[16:56:41 25/09/2025] [DEBUG] Request authentication | Meta: {"url":"/admin/dashboard","method":"GET","isAuthenticated":true,"isAdmin":true,"userId":"68ccdf9b7eea2d6be5a2f41b","cartCount":0}
[16:56:51 25/09/2025] [DEBUG] Request authentication | Meta: {"url":"/admin/products","method":"GET","isAuthenticated":true,"isAdmin":true,"userId":"68ccdf9b7eea2d6be5a2f41b","cartCount":0}
[16:56:56 25/09/2025] [DEBUG] Request authentication | Meta: {"url":"/admin/orders","method":"GET","isAuthenticated":true,"isAdmin":true,"userId":"68ccdf9b7eea2d6be5a2f41b","cartCount":0}
[16:57:03 25/09/2025] [DEBUG] Request authentication | Meta: {"url":"/admin/accounts","method":"GET","isAuthenticated":true,"isAdmin":true,"userId":"68ccdf9b7eea2d6be5a2f41b","cartCount":0}
[16:57:05 25/09/2025] [DEBUG] Request authentication | Meta: {"url":"/admin/categories","method":"GET","isAuthenticated":true,"isAdmin":true,"userId":"68ccdf9b7eea2d6be5a2f41b","cartCount":0}
[16:57:07 25/09/2025] [DEBUG] Request authentication | Meta: {"url":"/admin/brands","method":"GET","isAuthenticated":true,"isAdmin":true,"userId":"68ccdf9b7eea2d6be5a2f41b","cartCount":0}
[16:57:09 25/09/2025] [DEBUG] Request authentication | Meta: {"url":"/admin/reviews","method":"GET","isAuthenticated":true,"isAdmin":true,"userId":"68ccdf9b7eea2d6be5a2f41b","cartCount":0}
[16:57:11 25/09/2025] [DEBUG] Request authentication | Meta: {"url":"/admin/reports","method":"GET","isAuthenticated":true,"isAdmin":true,"userId":"68ccdf9b7eea2d6be5a2f41b","cartCount":0}
[16:57:49 25/09/2025] [DEBUG] Request authentication | Meta: {"url":"/admin/products","method":"GET","isAuthenticated":true,"isAdmin":true,"userId":"68ccdf9b7eea2d6be5a2f41b","cartCount":0}
[16:57:52 25/09/2025] [DEBUG] Request authentication | Meta: {"url":"/admin/orders","method":"GET","isAuthenticated":true,"isAdmin":true,"userId":"68ccdf9b7eea2d6be5a2f41b","cartCount":0}
[16:58:00 25/09/2025] [DEBUG] Request authentication | Meta: {"url":"/admin/accounts","method":"GET","isAuthenticated":true,"isAdmin":true,"userId":"68ccdf9b7eea2d6be5a2f41b","cartCount":0}
[16:58:22 25/09/2025] [DEBUG] Request authentication | Meta: {"url":"/admin/categories","method":"GET","isAuthenticated":true,"isAdmin":true,"userId":"68ccdf9b7eea2d6be5a2f41b","cartCount":0}
[16:58:24 25/09/2025] [DEBUG] Request authentication | Meta: {"url":"/admin/brands","method":"GET","isAuthenticated":true,"isAdmin":true,"userId":"68ccdf9b7eea2d6be5a2f41b","cartCount":0}
[16:58:28 25/09/2025] [DEBUG] Request authentication | Meta: {"url":"/admin/reviews","method":"GET","isAuthenticated":true,"isAdmin":true,"userId":"68ccdf9b7eea2d6be5a2f41b","cartCount":0}
[16:58:31 25/09/2025] [DEBUG] Request authentication | Meta: {"url":"/admin/brands","method":"GET","isAuthenticated":true,"isAdmin":true,"userId":"68ccdf9b7eea2d6be5a2f41b","cartCount":0}
[16:58:39 25/09/2025] [DEBUG] Request authentication | Meta: {"url":"/admin/categories","method":"GET","isAuthenticated":true,"isAdmin":true,"userId":"68ccdf9b7eea2d6be5a2f41b","cartCount":0}
[16:58:42 25/09/2025] [DEBUG] Request authentication | Meta: {"url":"/admin/brands","method":"GET","isAuthenticated":true,"isAdmin":true,"userId":"68ccdf9b7eea2d6be5a2f41b","cartCount":0}
[16:59:09 25/09/2025] [DEBUG] Request authentication | Meta: {"url":"/admin/dashboard","method":"GET","isAuthenticated":true,"isAdmin":true,"userId":"68ccdf9b7eea2d6be5a2f41b","cartCount":0}
[16:59:10 25/09/2025] [DEBUG] Request authentication | Meta: {"url":"/admin/products","method":"GET","isAuthenticated":true,"isAdmin":true,"userId":"68ccdf9b7eea2d6be5a2f41b","cartCount":0}
[16:59:18 25/09/2025] [DEBUG] Request authentication | Meta: {"url":"/admin/orders","method":"GET","isAuthenticated":true,"isAdmin":true,"userId":"68ccdf9b7eea2d6be5a2f41b","cartCount":0}
[16:59:22 25/09/2025] [DEBUG] Request authentication | Meta: {"url":"/admin/accounts","method":"GET","isAuthenticated":true,"isAdmin":true,"userId":"68ccdf9b7eea2d6be5a2f41b","cartCount":0}
[16:59:27 25/09/2025] [DEBUG] Request authentication | Meta: {"url":"/admin/categories","method":"GET","isAuthenticated":true,"isAdmin":true,"userId":"68ccdf9b7eea2d6be5a2f41b","cartCount":0}
[16:59:56 25/09/2025] [DEBUG] Request authentication | Meta: {"url":"/admin/brands","method":"GET","isAuthenticated":true,"isAdmin":true,"userId":"68ccdf9b7eea2d6be5a2f41b","cartCount":0}
[17:19:41 25/09/2025] [DEBUG] Request authentication | Meta: {"url":"/admin/dashboard","method":"GET","isAuthenticated":true,"isAdmin":true,"userId":"68ccdf9b7eea2d6be5a2f41b","cartCount":0}
[17:19:50 25/09/2025] [DEBUG] Request authentication | Meta: {"url":"/admin/products","method":"GET","isAuthenticated":true,"isAdmin":true,"userId":"68ccdf9b7eea2d6be5a2f41b","cartCount":0}
[17:19:57 25/09/2025] [DEBUG] Request authentication | Meta: {"url":"/admin/orders","method":"GET","isAuthenticated":true,"isAdmin":true,"userId":"68ccdf9b7eea2d6be5a2f41b","cartCount":0}
[17:20:05 25/09/2025] [DEBUG] Request authentication | Meta: {"url":"/admin/accounts","method":"GET","isAuthenticated":true,"isAdmin":true,"userId":"68ccdf9b7eea2d6be5a2f41b","cartCount":0}
[17:20:10 25/09/2025] [DEBUG] Request authentication | Meta: {"url":"/admin/categories","method":"GET","isAuthenticated":true,"isAdmin":true,"userId":"68ccdf9b7eea2d6be5a2f41b","cartCount":0}
[17:20:15 25/09/2025] [DEBUG] Request authentication | Meta: {"url":"/admin/brands","method":"GET","isAuthenticated":true,"isAdmin":true,"userId":"68ccdf9b7eea2d6be5a2f41b","cartCount":0}
[17:20:21 25/09/2025] [DEBUG] Request authentication | Meta: {"url":"/admin/reviews","method":"GET","isAuthenticated":true,"isAdmin":true,"userId":"68ccdf9b7eea2d6be5a2f41b","cartCount":0}
[17:20:44 25/09/2025] [DEBUG] Request authentication | Meta: {"url":"/admin/products","method":"GET","isAuthenticated":true,"isAdmin":true,"userId":"68ccdf9b7eea2d6be5a2f41b","cartCount":0}
[17:20:53 25/09/2025] [DEBUG] Request authentication | Meta: {"url":"/admin/orders","method":"GET","isAuthenticated":true,"isAdmin":true,"userId":"68ccdf9b7eea2d6be5a2f41b","cartCount":0}
[17:20:58 25/09/2025] [DEBUG] Request authentication | Meta: {"url":"/admin/accounts","method":"GET","isAuthenticated":true,"isAdmin":true,"userId":"68ccdf9b7eea2d6be5a2f41b","cartCount":0}
[17:21:04 25/09/2025] [DEBUG] Request authentication | Meta: {"url":"/admin/categories","method":"GET","isAuthenticated":true,"isAdmin":true,"userId":"68ccdf9b7eea2d6be5a2f41b","cartCount":0}
[17:21:06 25/09/2025] [DEBUG] Request authentication | Meta: {"url":"/admin/brands","method":"GET","isAuthenticated":true,"isAdmin":true,"userId":"68ccdf9b7eea2d6be5a2f41b","cartCount":0}
[17:21:16 25/09/2025] [DEBUG] Request authentication | Meta: {"url":"/admin/dashboard","method":"GET","isAuthenticated":true,"isAdmin":true,"userId":"68ccdf9b7eea2d6be5a2f41b","cartCount":0}
[17:21:19 25/09/2025] [DEBUG] Request authentication | Meta: {"url":"/admin/products","method":"GET","isAuthenticated":true,"isAdmin":true,"userId":"68ccdf9b7eea2d6be5a2f41b","cartCount":0}
[17:21:23 25/09/2025] [DEBUG] Request authentication | Meta: {"url":"/admin/orders","method":"GET","isAuthenticated":true,"isAdmin":true,"userId":"68ccdf9b7eea2d6be5a2f41b","cartCount":0}
[17:21:26 25/09/2025] [DEBUG] Request authentication | Meta: {"url":"/admin/accounts","method":"GET","isAuthenticated":true,"isAdmin":true,"userId":"68ccdf9b7eea2d6be5a2f41b","cartCount":0}
[17:21:28 25/09/2025] [DEBUG] Request authentication | Meta: {"url":"/admin/categories","method":"GET","isAuthenticated":true,"isAdmin":true,"userId":"68ccdf9b7eea2d6be5a2f41b","cartCount":0}
[17:21:31 25/09/2025] [DEBUG] Request authentication | Meta: {"url":"/admin/brands","method":"GET","isAuthenticated":true,"isAdmin":true,"userId":"68ccdf9b7eea2d6be5a2f41b","cartCount":0}
[17:21:35 25/09/2025] [DEBUG] Request authentication | Meta: {"url":"/admin/categories","method":"GET","isAuthenticated":true,"isAdmin":true,"userId":"68ccdf9b7eea2d6be5a2f41b","cartCount":0}
[17:21:38 25/09/2025] [DEBUG] Request authentication | Meta: {"url":"/admin/brands","method":"GET","isAuthenticated":true,"isAdmin":true,"userId":"68ccdf9b7eea2d6be5a2f41b","cartCount":0}
[17:21:45 25/09/2025] [DEBUG] Request authentication | Meta: {"url":"/admin/reviews","method":"GET","isAuthenticated":true,"isAdmin":true,"userId":"68ccdf9b7eea2d6be5a2f41b","cartCount":0}
[17:21:48 25/09/2025] [DEBUG] Request authentication | Meta: {"url":"/admin/products","method":"GET","isAuthenticated":true,"isAdmin":true,"userId":"68ccdf9b7eea2d6be5a2f41b","cartCount":0}
[17:21:54 25/09/2025] [DEBUG] Request authentication | Meta: {"url":"/admin/orders","method":"GET","isAuthenticated":true,"isAdmin":true,"userId":"68ccdf9b7eea2d6be5a2f41b","cartCount":0}
[17:22:00 25/09/2025] [DEBUG] Request authentication | Meta: {"url":"/admin/brands","method":"GET","isAuthenticated":true,"isAdmin":true,"userId":"68ccdf9b7eea2d6be5a2f41b","cartCount":0}
[17:31:41 25/09/2025] [DEBUG] Request authentication | Meta: {"url":"/admin/brands","method":"GET","isAuthenticated":true,"isAdmin":true,"userId":"68ccdf9b7eea2d6be5a2f41b","cartCount":0}
[17:31:45 25/09/2025] [DEBUG] Request authentication | Meta: {"url":"/admin/brands","method":"GET","isAuthenticated":true,"isAdmin":true,"userId":"68ccdf9b7eea2d6be5a2f41b","cartCount":0}
[17:31:51 25/09/2025] [DEBUG] Request authentication | Meta: {"url":"/admin/products","method":"GET","isAuthenticated":true,"isAdmin":true,"userId":"68ccdf9b7eea2d6be5a2f41b","cartCount":0}
[17:31:53 25/09/2025] [DEBUG] Request authentication | Meta: {"url":"/admin/brands","method":"GET","isAuthenticated":true,"isAdmin":true,"userId":"68ccdf9b7eea2d6be5a2f41b","cartCount":0}
[17:32:12 25/09/2025] [DEBUG] Request authentication | Meta: {"url":"/admin/brands","method":"GET","isAuthenticated":true,"isAdmin":true,"userId":"68ccdf9b7eea2d6be5a2f41b","cartCount":0}
[17:32:54 25/09/2025] [DEBUG] Request authentication | Meta: {"url":"/admin/brands","method":"GET","isAuthenticated":true,"isAdmin":true,"userId":"68ccdf9b7eea2d6be5a2f41b","cartCount":0}
[17:32:59 25/09/2025] [DEBUG] Request authentication | Meta: {"url":"/admin/brands","method":"GET","isAuthenticated":true,"isAdmin":true,"userId":"68ccdf9b7eea2d6be5a2f41b","cartCount":0}
[17:33:05 25/09/2025] [DEBUG] Request authentication | Meta: {"url":"/admin/categories","method":"GET","isAuthenticated":true,"isAdmin":true,"userId":"68ccdf9b7eea2d6be5a2f41b","cartCount":0}
[17:33:06 25/09/2025] [DEBUG] Request authentication | Meta: {"url":"/admin/brands","method":"GET","isAuthenticated":true,"isAdmin":true,"userId":"68ccdf9b7eea2d6be5a2f41b","cartCount":0}
[17:39:06 25/09/2025] [DEBUG] Request authentication | Meta: {"url":"/admin/brands","method":"GET","isAuthenticated":true,"isAdmin":true,"userId":"68ccdf9b7eea2d6be5a2f41b","cartCount":0}
[17:39:28 25/09/2025] [DEBUG] Request authentication | Meta: {"url":"/admin/brands","method":"GET","isAuthenticated":true,"isAdmin":true,"userId":"68ccdf9b7eea2d6be5a2f41b","cartCount":0}
[17:41:13 25/09/2025] [DEBUG] Request authentication | Meta: {"url":"/admin/brands","method":"POST","isAuthenticated":true,"isAdmin":true,"userId":"68ccdf9b7eea2d6be5a2f41b","cartCount":0}
[17:41:59 25/09/2025] [DEBUG] Request authentication | Meta: {"url":"/admin/brands","method":"POST","isAuthenticated":true,"isAdmin":true,"userId":"68ccdf9b7eea2d6be5a2f41b","cartCount":0}
[17:42:01 25/09/2025] [DEBUG] Request authentication | Meta: {"url":"/admin/brands","method":"GET","isAuthenticated":true,"isAdmin":true,"userId":"68ccdf9b7eea2d6be5a2f41b","cartCount":0}
[17:48:39 25/09/2025] [DEBUG] Request authentication | Meta: {"url":"/admin/brands","method":"GET","isAuthenticated":true,"isAdmin":true,"userId":"68ccdf9b7eea2d6be5a2f41b","cartCount":0}
[17:48:57 25/09/2025] [DEBUG] Request authentication | Meta: {"url":"/admin/brands","method":"POST","isAuthenticated":true,"isAdmin":true,"userId":"68ccdf9b7eea2d6be5a2f41b","cartCount":0}
[17:48:57 25/09/2025] [DEBUG] Request authentication | Meta: {"url":"/admin/brands?success=updated","method":"GET","isAuthenticated":true,"isAdmin":true,"userId":"68ccdf9b7eea2d6be5a2f41b","cartCount":0}
[17:50:40 25/09/2025] [DEBUG] Request authentication | Meta: {"url":"/","method":"GET","isAuthenticated":true,"isAdmin":true,"userId":"68ccdf9b7eea2d6be5a2f41b","cartCount":0}
[17:50:59 25/09/2025] [DEBUG] Request authentication | Meta: {"url":"/logout","method":"POST","isAuthenticated":true,"isAdmin":true,"userId":"68ccdf9b7eea2d6be5a2f41b","cartCount":0}
[17:50:59 25/09/2025] [DEBUG] Request authentication | Meta: {"url":"/","method":"GET","isAuthenticated":false,"userId":null,"cartCount":0}
[17:51:46 25/09/2025] [DEBUG] Request authentication | Meta: {"url":"/brands","method":"GET","isAuthenticated":false,"userId":null,"cartCount":0}
[17:51:52 25/09/2025] [DEBUG] Request authentication | Meta: {"url":"/products?brand=adidas","method":"GET","isAuthenticated":false,"userId":null,"cartCount":0}
[17:51:54 25/09/2025] [DEBUG] Request authentication | Meta: {"url":"/brands","method":"GET","isAuthenticated":false,"userId":null,"cartCount":0}
[18:02:05 25/09/2025] [DEBUG] Request authentication | Meta: {"url":"/admin/brands?success=updated","method":"GET","isAuthenticated":false,"userId":null,"cartCount":0}
[18:02:05 25/09/2025] [DEBUG] Request authentication | Meta: {"url":"/login","method":"GET","isAuthenticated":false,"userId":null,"cartCount":0}
[18:02:08 25/09/2025] [DEBUG] Request authentication | Meta: {"url":"/login","method":"POST","isAuthenticated":false,"userId":null,"cartCount":0}
[18:02:10 25/09/2025] [DEBUG] Request authentication | Meta: {"url":"/admin/dashboard","method":"GET","isAuthenticated":true,"isAdmin":true,"userId":"68ccdf9b7eea2d6be5a2f41b","cartCount":0}
[18:02:18 25/09/2025] [DEBUG] Request authentication | Meta: {"url":"/admin/brands","method":"GET","isAuthenticated":true,"isAdmin":true,"userId":"68ccdf9b7eea2d6be5a2f41b","cartCount":0}
[18:03:07 25/09/2025] [DEBUG] Request authentication | Meta: {"url":"/admin/brands","method":"POST","isAuthenticated":true,"isAdmin":true,"userId":"68ccdf9b7eea2d6be5a2f41b","cartCount":0}
[18:03:07 25/09/2025] [DEBUG] Request authentication | Meta: {"url":"/admin/brands?success=updated","method":"GET","isAuthenticated":true,"isAdmin":true,"userId":"68ccdf9b7eea2d6be5a2f41b","cartCount":0}
[18:03:07 25/09/2025] [DEBUG] Request authentication | Meta: {"url":"/uploads/brands/brand-1758798187102-347079947.jpg","method":"GET","isAuthenticated":true,"isAdmin":true,"userId":"68ccdf9b7eea2d6be5a2f41b","cartCount":0}
[18:07:12 25/09/2025] [DEBUG] Request authentication | Meta: {"url":"/uploads/brands/nonexistent.jpg","method":"GET","isAuthenticated":false,"userId":null,"cartCount":0}
[18:09:17 25/09/2025] [DEBUG] Request authentication | Meta: {"url":"/admin/brands","method":"GET","isAuthenticated":true,"isAdmin":true,"userId":"68ccdf9b7eea2d6be5a2f41b","cartCount":0}
[18:09:29 25/09/2025] [DEBUG] Request authentication | Meta: {"url":"/admin/brands/delete","method":"POST","isAuthenticated":true,"isAdmin":true,"userId":"68ccdf9b7eea2d6be5a2f41b","cartCount":0}
[18:09:30 25/09/2025] [DEBUG] Request authentication | Meta: {"url":"/admin/brands?success=deleted","method":"GET","isAuthenticated":true,"isAdmin":true,"userId":"68ccdf9b7eea2d6be5a2f41b","cartCount":0}
[18:09:44 25/09/2025] [DEBUG] Request authentication | Meta: {"url":"/logout","method":"GET","isAuthenticated":true,"isAdmin":true,"userId":"68ccdf9b7eea2d6be5a2f41b","cartCount":0}
[18:09:44 25/09/2025] [DEBUG] Request authentication | Meta: {"url":"/","method":"GET","isAuthenticated":false,"userId":null,"cartCount":0}
[18:09:48 25/09/2025] [DEBUG] Request authentication | Meta: {"url":"/brands","method":"GET","isAuthenticated":false,"userId":null,"cartCount":0}
[18:10:27 25/09/2025] [DEBUG] Request authentication | Meta: {"url":"/","method":"GET","isAuthenticated":false,"userId":null,"cartCount":0}
[18:12:06 25/09/2025] [DEBUG] Request authentication | Meta: {"url":"/admin/brands?success=updated","method":"GET","isAuthenticated":false,"userId":null,"cartCount":0}
[18:12:06 25/09/2025] [DEBUG] Request authentication | Meta: {"url":"/login","method":"GET","isAuthenticated":false,"userId":null,"cartCount":0}
[20:01:54 25/09/2025] [DEBUG] Request authentication | Meta: {"url":"/","method":"GET","isAuthenticated":false,"userId":null,"cartCount":0}
[20:01:58 25/09/2025] [DEBUG] Request authentication | Meta: {"url":"/favicon.ico","method":"GET","isAuthenticated":false,"userId":null,"cartCount":0}
