[09:40:00 10/07/2025] [DEBUG] Request authentication | Meta: {"url":"/","method":"GET","isAuthenticated":true,"isAdmin":false,"userId":"6863a3bd5493cc908b53292b","cartCount":0}
[09:40:03 10/07/2025] [DEBUG] Request authentication | Meta: {"url":"/favicon.ico","method":"GET","isAuthenticated":true,"isAdmin":false,"userId":"6863a3bd5493cc908b53292b","cartCount":0}
[09:40:23 10/07/2025] [DEBUG] Request authentication | Meta: {"url":"/logout","method":"POST","isAuthenticated":true,"isAdmin":false,"userId":"6863a3bd5493cc908b53292b","cartCount":0}
[09:40:23 10/07/2025] [DEBUG] Request authentication | Meta: {"url":"/","method":"GET","isAuthenticated":false,"userId":null,"cartCount":0}
[09:40:28 10/07/2025] [DEBUG] Request authentication | Meta: {"url":"/login","method":"GET","isAuthenticated":false,"userId":null,"cartCount":0}
[09:40:33 10/07/2025] [DEBUG] Request authentication | Meta: {"url":"/login","method":"POST","isAuthenticated":false,"userId":null,"cartCount":0}
[09:40:33 10/07/2025] [DEBUG] Request authentication | Meta: {"url":"/admin/dashboard","method":"GET","isAuthenticated":true,"isAdmin":true,"userId":"6863a3bd5493cc908b53292a","cartCount":0}
[09:40:37 10/07/2025] [DEBUG] Request authentication | Meta: {"url":"/admin/accounts","method":"GET","isAuthenticated":true,"isAdmin":true,"userId":"6863a3bd5493cc908b53292a","cartCount":0}
[09:40:39 10/07/2025] [DEBUG] Request authentication | Meta: {"url":"/admin/products","method":"GET","isAuthenticated":true,"isAdmin":true,"userId":"6863a3bd5493cc908b53292a","cartCount":0}
[09:40:43 10/07/2025] [DEBUG] Request authentication | Meta: {"url":"/admin/inventory","method":"GET","isAuthenticated":true,"isAdmin":true,"userId":"6863a3bd5493cc908b53292a","cartCount":0}
[09:41:21 10/07/2025] [DEBUG] Request authentication | Meta: {"url":"/admin/orders","method":"GET","isAuthenticated":true,"isAdmin":true,"userId":"6863a3bd5493cc908b53292a","cartCount":0}
[09:41:25 10/07/2025] [DEBUG] Request authentication | Meta: {"url":"/admin/orders/686e13c9b7ff0da902282a1b","method":"GET","isAuthenticated":true,"isAdmin":true,"userId":"6863a3bd5493cc908b53292a","cartCount":0}
[09:41:25 10/07/2025] [DEBUG] Request authentication | Meta: {"url":"/css/admin.css","method":"GET","isAuthenticated":true,"isAdmin":true,"userId":"6863a3bd5493cc908b53292a","cartCount":0}
[09:59:12 10/07/2025] [DEBUG] Request authentication | Meta: {"url":"/admin/orders/686e13c9b7ff0da902282a1b","method":"GET","isAuthenticated":true,"isAdmin":true,"userId":"6863a3bd5493cc908b53292a","cartCount":0}
[09:59:12 10/07/2025] [DEBUG] Request authentication | Meta: {"url":"/css/admin.css","method":"GET","isAuthenticated":true,"isAdmin":true,"userId":"6863a3bd5493cc908b53292a","cartCount":0}
[09:59:14 10/07/2025] [DEBUG] Request authentication | Meta: {"url":"/logout","method":"POST","isAuthenticated":true,"isAdmin":true,"userId":"6863a3bd5493cc908b53292a","cartCount":0}
[09:59:14 10/07/2025] [DEBUG] Request authentication | Meta: {"url":"/","method":"GET","isAuthenticated":false,"userId":null,"cartCount":0}
[09:59:17 10/07/2025] [DEBUG] Request authentication | Meta: {"url":"/login","method":"GET","isAuthenticated":false,"userId":null,"cartCount":0}
[09:59:18 10/07/2025] [DEBUG] Request authentication | Meta: {"url":"/signup","method":"GET","isAuthenticated":false,"userId":null,"cartCount":0}
[10:01:49 10/07/2025] [DEBUG] Request authentication | Meta: {"url":"/login","method":"POST","isAuthenticated":false,"userId":null,"cartCount":0}
[10:01:49 10/07/2025] [DEBUG] Request authentication | Meta: {"url":"/","method":"GET","isAuthenticated":true,"isAdmin":false,"userId":"6863a3bd5493cc908b53292b","cartCount":0}
[10:02:02 10/07/2025] [DEBUG] Request authentication | Meta: {"url":"/products/6865522580c38388b5018013","method":"GET","isAuthenticated":true,"isAdmin":false,"userId":"6863a3bd5493cc908b53292b","cartCount":0}
[10:02:06 10/07/2025] [DEBUG] Request authentication | Meta: {"url":"/cart/add","method":"POST","isAuthenticated":true,"isAdmin":false,"userId":"6863a3bd5493cc908b53292b","cartCount":0}
[10:02:07 10/07/2025] [DEBUG] Request authentication | Meta: {"url":"/cart","method":"GET","isAuthenticated":true,"isAdmin":false,"userId":"6863a3bd5493cc908b53292b","cartCount":2}
[10:02:07 10/07/2025] [DEBUG] Request authentication | Meta: {"url":"/cart","method":"GET","isAuthenticated":true,"isAdmin":false,"userId":"6863a3bd5493cc908b53292b","cartCount":2}
[10:19:00 10/07/2025] [DEBUG] Request authentication | Meta: {"url":"/checkout","method":"GET","isAuthenticated":true,"isAdmin":false,"userId":"6863a3bd5493cc908b53292b","cartCount":2}
[10:19:09 10/07/2025] [DEBUG] Request authentication | Meta: {"url":"/orders","method":"POST","isAuthenticated":true,"isAdmin":false,"userId":"6863a3bd5493cc908b53292b","cartCount":2}
[10:19:12 10/07/2025] [DEBUG] Request authentication | Meta: {"url":"/orders","method":"GET","isAuthenticated":true,"isAdmin":false,"userId":"6863a3bd5493cc908b53292b","cartCount":0}
[10:22:21 10/07/2025] [DEBUG] Request authentication | Meta: {"url":"/logout","method":"POST","isAuthenticated":true,"isAdmin":false,"userId":"6863a3bd5493cc908b53292b","cartCount":0}
[10:22:21 10/07/2025] [DEBUG] Request authentication | Meta: {"url":"/","method":"GET","isAuthenticated":false,"userId":null,"cartCount":0}
[10:22:23 10/07/2025] [DEBUG] Request authentication | Meta: {"url":"/login","method":"GET","isAuthenticated":false,"userId":null,"cartCount":0}
[10:22:27 10/07/2025] [DEBUG] Request authentication | Meta: {"url":"/login","method":"POST","isAuthenticated":false,"userId":null,"cartCount":0}
[10:22:27 10/07/2025] [DEBUG] Request authentication | Meta: {"url":"/admin/dashboard","method":"GET","isAuthenticated":true,"isAdmin":true,"userId":"6863a3bd5493cc908b53292a","cartCount":0}
[10:22:29 10/07/2025] [DEBUG] Request authentication | Meta: {"url":"/admin/orders","method":"GET","isAuthenticated":true,"isAdmin":true,"userId":"6863a3bd5493cc908b53292a","cartCount":0}
[10:22:31 10/07/2025] [DEBUG] Request authentication | Meta: {"url":"/admin/orders/686f312d9da72d644f96a03c","method":"GET","isAuthenticated":true,"isAdmin":true,"userId":"6863a3bd5493cc908b53292a","cartCount":0}
[10:22:32 10/07/2025] [DEBUG] Request authentication | Meta: {"url":"/css/admin.css","method":"GET","isAuthenticated":true,"isAdmin":true,"userId":"6863a3bd5493cc908b53292a","cartCount":0}
[10:22:42 10/07/2025] [DEBUG] Request authentication | Meta: {"url":"/admin/update-order-status","method":"POST","isAuthenticated":true,"isAdmin":true,"userId":"6863a3bd5493cc908b53292a","cartCount":0}
[10:22:47 10/07/2025] [DEBUG] Request authentication | Meta: {"url":"/admin/orders/686f312d9da72d644f96a03c","method":"GET","isAuthenticated":true,"isAdmin":true,"userId":"6863a3bd5493cc908b53292a","cartCount":0}
[10:22:47 10/07/2025] [DEBUG] Request authentication | Meta: {"url":"/css/admin.css","method":"GET","isAuthenticated":true,"isAdmin":true,"userId":"6863a3bd5493cc908b53292a","cartCount":0}
[10:23:12 10/07/2025] [DEBUG] Request authentication | Meta: {"url":"/admin/update-order-status","method":"POST","isAuthenticated":true,"isAdmin":true,"userId":"6863a3bd5493cc908b53292a","cartCount":0}
[10:23:15 10/07/2025] [DEBUG] Request authentication | Meta: {"url":"/admin/orders/686f312d9da72d644f96a03c","method":"GET","isAuthenticated":true,"isAdmin":true,"userId":"6863a3bd5493cc908b53292a","cartCount":0}
[10:23:16 10/07/2025] [DEBUG] Request authentication | Meta: {"url":"/css/admin.css","method":"GET","isAuthenticated":true,"isAdmin":true,"userId":"6863a3bd5493cc908b53292a","cartCount":0}
[10:25:59 10/07/2025] [DEBUG] Request authentication | Meta: {"url":"/admin/update-order-status","method":"POST","isAuthenticated":true,"isAdmin":true,"userId":"6863a3bd5493cc908b53292a","cartCount":0}
[10:26:01 10/07/2025] [DEBUG] Request authentication | Meta: {"url":"/admin/orders/686f312d9da72d644f96a03c","method":"GET","isAuthenticated":true,"isAdmin":true,"userId":"6863a3bd5493cc908b53292a","cartCount":0}
[10:26:01 10/07/2025] [DEBUG] Request authentication | Meta: {"url":"/css/admin.css","method":"GET","isAuthenticated":true,"isAdmin":true,"userId":"6863a3bd5493cc908b53292a","cartCount":0}
[10:26:11 10/07/2025] [DEBUG] Request authentication | Meta: {"url":"/admin/update-payment-status","method":"POST","isAuthenticated":true,"isAdmin":true,"userId":"6863a3bd5493cc908b53292a","cartCount":0}
[10:26:16 10/07/2025] [DEBUG] Request authentication | Meta: {"url":"/admin/orders/686f312d9da72d644f96a03c","method":"GET","isAuthenticated":true,"isAdmin":true,"userId":"6863a3bd5493cc908b53292a","cartCount":0}
[10:26:17 10/07/2025] [DEBUG] Request authentication | Meta: {"url":"/css/admin.css","method":"GET","isAuthenticated":true,"isAdmin":true,"userId":"6863a3bd5493cc908b53292a","cartCount":0}
[10:28:30 10/07/2025] [DEBUG] Request authentication | Meta: {"url":"/admin/update-order-status","method":"POST","isAuthenticated":true,"isAdmin":true,"userId":"6863a3bd5493cc908b53292a","cartCount":0}
[10:28:32 10/07/2025] [DEBUG] Request authentication | Meta: {"url":"/admin/orders/686f312d9da72d644f96a03c","method":"GET","isAuthenticated":true,"isAdmin":true,"userId":"6863a3bd5493cc908b53292a","cartCount":0}
[10:28:58 10/07/2025] [DEBUG] Request authentication | Meta: {"url":"/admin/update-order-status","method":"POST","isAuthenticated":true,"isAdmin":true,"userId":"6863a3bd5493cc908b53292a","cartCount":0}
[10:29:00 10/07/2025] [DEBUG] Request authentication | Meta: {"url":"/admin/update-order-status","method":"POST","isAuthenticated":true,"isAdmin":true,"userId":"6863a3bd5493cc908b53292a","cartCount":0}
[10:29:00 10/07/2025] [DEBUG] Request authentication | Meta: {"url":"/admin/update-order-status","method":"POST","isAuthenticated":true,"isAdmin":true,"userId":"6863a3bd5493cc908b53292a","cartCount":0}
[10:29:01 10/07/2025] [DEBUG] Request authentication | Meta: {"url":"/admin/update-order-status","method":"POST","isAuthenticated":true,"isAdmin":true,"userId":"6863a3bd5493cc908b53292a","cartCount":0}
[10:29:01 10/07/2025] [DEBUG] Request authentication | Meta: {"url":"/admin/update-order-status","method":"POST","isAuthenticated":true,"isAdmin":true,"userId":"6863a3bd5493cc908b53292a","cartCount":0}
[10:29:01 10/07/2025] [DEBUG] Request authentication | Meta: {"url":"/admin/update-order-status","method":"POST","isAuthenticated":true,"isAdmin":true,"userId":"6863a3bd5493cc908b53292a","cartCount":0}
[10:29:02 10/07/2025] [DEBUG] Request authentication | Meta: {"url":"/admin/update-order-status","method":"POST","isAuthenticated":true,"isAdmin":true,"userId":"6863a3bd5493cc908b53292a","cartCount":0}
[10:29:03 10/07/2025] [DEBUG] Request authentication | Meta: {"url":"/admin/update-order-status","method":"POST","isAuthenticated":true,"isAdmin":true,"userId":"6863a3bd5493cc908b53292a","cartCount":0}
[10:29:04 10/07/2025] [DEBUG] Request authentication | Meta: {"url":"/admin/update-order-status","method":"POST","isAuthenticated":true,"isAdmin":true,"userId":"6863a3bd5493cc908b53292a","cartCount":0}
[10:29:04 10/07/2025] [DEBUG] Request authentication | Meta: {"url":"/admin/orders/686f312d9da72d644f96a03c","method":"GET","isAuthenticated":true,"isAdmin":true,"userId":"6863a3bd5493cc908b53292a","cartCount":0}
[10:29:06 10/07/2025] [DEBUG] Request authentication | Meta: {"url":"/admin/orders/686f312d9da72d644f96a03c","method":"GET","isAuthenticated":true,"isAdmin":true,"userId":"6863a3bd5493cc908b53292a","cartCount":0}
[10:29:07 10/07/2025] [DEBUG] Request authentication | Meta: {"url":"/admin/orders/686f312d9da72d644f96a03c","method":"GET","isAuthenticated":true,"isAdmin":true,"userId":"6863a3bd5493cc908b53292a","cartCount":0}
[10:29:08 10/07/2025] [DEBUG] Request authentication | Meta: {"url":"/admin/orders/686f312d9da72d644f96a03c","method":"GET","isAuthenticated":true,"isAdmin":true,"userId":"6863a3bd5493cc908b53292a","cartCount":0}
[10:29:08 10/07/2025] [DEBUG] Request authentication | Meta: {"url":"/admin/orders/686f312d9da72d644f96a03c","method":"GET","isAuthenticated":true,"isAdmin":true,"userId":"6863a3bd5493cc908b53292a","cartCount":0}
[10:29:09 10/07/2025] [DEBUG] Request authentication | Meta: {"url":"/admin/orders/686f312d9da72d644f96a03c","method":"GET","isAuthenticated":true,"isAdmin":true,"userId":"6863a3bd5493cc908b53292a","cartCount":0}
[10:29:09 10/07/2025] [DEBUG] Request authentication | Meta: {"url":"/admin/orders/686f312d9da72d644f96a03c","method":"GET","isAuthenticated":true,"isAdmin":true,"userId":"6863a3bd5493cc908b53292a","cartCount":0}
[10:31:46 10/07/2025] [DEBUG] Request authentication | Meta: {"url":"/admin/update-order-status","method":"POST","isAuthenticated":true,"isAdmin":true,"userId":"6863a3bd5493cc908b53292a","cartCount":0}
[10:31:48 10/07/2025] [DEBUG] Request authentication | Meta: {"url":"/admin/orders/686f312d9da72d644f96a03c","method":"GET","isAuthenticated":true,"isAdmin":true,"userId":"6863a3bd5493cc908b53292a","cartCount":0}
[10:33:47 10/07/2025] [DEBUG] Request authentication | Meta: {"url":"/admin/orders","method":"GET","isAuthenticated":true,"isAdmin":true,"userId":"6863a3bd5493cc908b53292a","cartCount":0}
[10:33:52 10/07/2025] [DEBUG] Request authentication | Meta: {"url":"/admin/orders/686f312d9da72d644f96a03c","method":"GET","isAuthenticated":true,"isAdmin":true,"userId":"6863a3bd5493cc908b53292a","cartCount":0}
[10:46:46 10/07/2025] [DEBUG] Request authentication | Meta: {"url":"/admin/orders/686f312d9da72d644f96a03c","method":"GET","isAuthenticated":true,"isAdmin":true,"userId":"6863a3bd5493cc908b53292a","cartCount":0}
[10:46:50 10/07/2025] [DEBUG] Request authentication | Meta: {"url":"/admin/update-order-status","method":"POST","isAuthenticated":true,"isAdmin":true,"userId":"6863a3bd5493cc908b53292a","cartCount":0}
[10:46:52 10/07/2025] [DEBUG] Request authentication | Meta: {"url":"/admin/update-order-status","method":"POST","isAuthenticated":true,"isAdmin":true,"userId":"6863a3bd5493cc908b53292a","cartCount":0}
[10:46:55 10/07/2025] [DEBUG] Request authentication | Meta: {"url":"/admin/orders/686f312d9da72d644f96a03c","method":"GET","isAuthenticated":true,"isAdmin":true,"userId":"6863a3bd5493cc908b53292a","cartCount":0}
[10:47:12 10/07/2025] [DEBUG] Request authentication | Meta: {"url":"/admin/update-order-status","method":"POST","isAuthenticated":true,"isAdmin":true,"userId":"6863a3bd5493cc908b53292a","cartCount":0}
[10:47:16 10/07/2025] [DEBUG] Request authentication | Meta: {"url":"/admin/orders/686f312d9da72d644f96a03c","method":"GET","isAuthenticated":true,"isAdmin":true,"userId":"6863a3bd5493cc908b53292a","cartCount":0}
[10:47:24 10/07/2025] [DEBUG] Request authentication | Meta: {"url":"/logout","method":"POST","isAuthenticated":true,"isAdmin":true,"userId":"6863a3bd5493cc908b53292a","cartCount":0}
[10:47:24 10/07/2025] [DEBUG] Request authentication | Meta: {"url":"/","method":"GET","isAuthenticated":false,"userId":null,"cartCount":0}
[10:47:26 10/07/2025] [DEBUG] Request authentication | Meta: {"url":"/login","method":"GET","isAuthenticated":false,"userId":null,"cartCount":0}
[10:47:28 10/07/2025] [DEBUG] Request authentication | Meta: {"url":"/login","method":"POST","isAuthenticated":false,"userId":null,"cartCount":0}
[10:47:28 10/07/2025] [DEBUG] Request authentication | Meta: {"url":"/admin/dashboard","method":"GET","isAuthenticated":true,"isAdmin":true,"userId":"6863a3bd5493cc908b53292a","cartCount":0}
[10:47:31 10/07/2025] [DEBUG] Request authentication | Meta: {"url":"/admin/orders","method":"GET","isAuthenticated":true,"isAdmin":true,"userId":"6863a3bd5493cc908b53292a","cartCount":0}
[10:47:33 10/07/2025] [DEBUG] Request authentication | Meta: {"url":"/admin/orders/686f312d9da72d644f96a03c","method":"GET","isAuthenticated":true,"isAdmin":true,"userId":"6863a3bd5493cc908b53292a","cartCount":0}
[10:47:45 10/07/2025] [DEBUG] Request authentication | Meta: {"url":"/admin/update-order-status","method":"POST","isAuthenticated":true,"isAdmin":true,"userId":"6863a3bd5493cc908b53292a","cartCount":0}
[10:48:56 10/07/2025] [DEBUG] Request authentication | Meta: {"url":"/admin/orders/686f312d9da72d644f96a03c","method":"GET","isAuthenticated":true,"isAdmin":true,"userId":"6863a3bd5493cc908b53292a","cartCount":0}
[10:49:01 10/07/2025] [DEBUG] Request authentication | Meta: {"url":"/admin/update-order-status","method":"POST","isAuthenticated":true,"isAdmin":true,"userId":"6863a3bd5493cc908b53292a","cartCount":0}
[10:49:06 10/07/2025] [DEBUG] Request authentication | Meta: {"url":"/admin/orders/686f312d9da72d644f96a03c","method":"GET","isAuthenticated":true,"isAdmin":true,"userId":"6863a3bd5493cc908b53292a","cartCount":0}
[11:33:15 10/07/2025] [DEBUG] Request authentication | Meta: {"url":"/admin/orders/686f312d9da72d644f96a03c","method":"GET","isAuthenticated":true,"isAdmin":true,"userId":"6863a3bd5493cc908b53292a","cartCount":0}
[11:33:18 10/07/2025] [DEBUG] Request authentication | Meta: {"url":"/admin/update-order-status","method":"POST","isAuthenticated":true,"isAdmin":true,"userId":"6863a3bd5493cc908b53292a","cartCount":0}
[11:33:30 10/07/2025] [DEBUG] Request authentication | Meta: {"url":"/admin/orders/686f312d9da72d644f96a03c","method":"GET","isAuthenticated":true,"isAdmin":true,"userId":"6863a3bd5493cc908b53292a","cartCount":0}
[11:33:33 10/07/2025] [DEBUG] Request authentication | Meta: {"url":"/admin/update-order-status","method":"POST","isAuthenticated":true,"isAdmin":true,"userId":"6863a3bd5493cc908b53292a","cartCount":0}
[11:33:35 10/07/2025] [DEBUG] Request authentication | Meta: {"url":"/admin/orders/686f312d9da72d644f96a03c","method":"GET","isAuthenticated":true,"isAdmin":true,"userId":"6863a3bd5493cc908b53292a","cartCount":0}
[14:11:46 10/07/2025] [DEBUG] Request authentication | Meta: {"url":"/logout","method":"POST","isAuthenticated":true,"isAdmin":true,"userId":"6863a3bd5493cc908b53292a","cartCount":0}
[14:11:46 10/07/2025] [DEBUG] Request authentication | Meta: {"url":"/","method":"GET","isAuthenticated":false,"userId":null,"cartCount":0}
[14:11:52 10/07/2025] [DEBUG] Request authentication | Meta: {"url":"/login","method":"GET","isAuthenticated":false,"userId":null,"cartCount":0}
[14:11:57 10/07/2025] [DEBUG] Request authentication | Meta: {"url":"/login","method":"POST","isAuthenticated":false,"userId":null,"cartCount":0}
[14:11:57 10/07/2025] [DEBUG] Request authentication | Meta: {"url":"/","method":"GET","isAuthenticated":true,"isAdmin":false,"userId":"6863a3bd5493cc908b53292b","cartCount":0}
[14:12:04 10/07/2025] [DEBUG] Request authentication | Meta: {"url":"/products/6865522580c38388b5018015","method":"GET","isAuthenticated":true,"isAdmin":false,"userId":"6863a3bd5493cc908b53292b","cartCount":0}
[14:12:08 10/07/2025] [DEBUG] Request authentication | Meta: {"url":"/cart/add","method":"POST","isAuthenticated":true,"isAdmin":false,"userId":"6863a3bd5493cc908b53292b","cartCount":0}
[14:12:08 10/07/2025] [DEBUG] Request authentication | Meta: {"url":"/cart","method":"GET","isAuthenticated":true,"isAdmin":false,"userId":"6863a3bd5493cc908b53292b","cartCount":3}
[14:12:09 10/07/2025] [DEBUG] Request authentication | Meta: {"url":"/cart","method":"GET","isAuthenticated":true,"isAdmin":false,"userId":"6863a3bd5493cc908b53292b","cartCount":3}
[14:12:11 10/07/2025] [DEBUG] Request authentication | Meta: {"url":"/checkout","method":"GET","isAuthenticated":true,"isAdmin":false,"userId":"6863a3bd5493cc908b53292b","cartCount":3}
[14:12:18 10/07/2025] [DEBUG] Request authentication | Meta: {"url":"/orders","method":"POST","isAuthenticated":true,"isAdmin":false,"userId":"6863a3bd5493cc908b53292b","cartCount":3}
[14:12:22 10/07/2025] [DEBUG] Request authentication | Meta: {"url":"/orders","method":"GET","isAuthenticated":true,"isAdmin":false,"userId":"6863a3bd5493cc908b53292b","cartCount":0}
[14:12:30 10/07/2025] [DEBUG] Request authentication | Meta: {"url":"/orders/686f67d2f4addedee9f5c28b/delete","method":"POST","isAuthenticated":true,"isAdmin":false,"userId":"6863a3bd5493cc908b53292b","cartCount":0}
[14:12:31 10/07/2025] [DEBUG] Request authentication | Meta: {"url":"/orders","method":"GET","isAuthenticated":true,"isAdmin":false,"userId":"6863a3bd5493cc908b53292b","cartCount":0}
[14:12:33 10/07/2025] [DEBUG] Request authentication | Meta: {"url":"/","method":"GET","isAuthenticated":true,"isAdmin":false,"userId":"6863a3bd5493cc908b53292b","cartCount":0}
[14:12:37 10/07/2025] [DEBUG] Request authentication | Meta: {"url":"/products/6865522580c38388b5018015","method":"GET","isAuthenticated":true,"isAdmin":false,"userId":"6863a3bd5493cc908b53292b","cartCount":0}
[14:12:40 10/07/2025] [DEBUG] Request authentication | Meta: {"url":"/cart/add","method":"POST","isAuthenticated":true,"isAdmin":false,"userId":"6863a3bd5493cc908b53292b","cartCount":0}
[14:12:41 10/07/2025] [DEBUG] Request authentication | Meta: {"url":"/cart","method":"GET","isAuthenticated":true,"isAdmin":false,"userId":"6863a3bd5493cc908b53292b","cartCount":3}
[14:12:41 10/07/2025] [DEBUG] Request authentication | Meta: {"url":"/cart","method":"GET","isAuthenticated":true,"isAdmin":false,"userId":"6863a3bd5493cc908b53292b","cartCount":3}
[14:12:43 10/07/2025] [DEBUG] Request authentication | Meta: {"url":"/checkout","method":"GET","isAuthenticated":true,"isAdmin":false,"userId":"6863a3bd5493cc908b53292b","cartCount":3}
[14:13:00 10/07/2025] [DEBUG] Request authentication | Meta: {"url":"/orders","method":"POST","isAuthenticated":true,"isAdmin":false,"userId":"6863a3bd5493cc908b53292b","cartCount":3}
[14:13:03 10/07/2025] [DEBUG] Request authentication | Meta: {"url":"/orders","method":"GET","isAuthenticated":true,"isAdmin":false,"userId":"6863a3bd5493cc908b53292b","cartCount":0}
[14:13:44 10/07/2025] [DEBUG] Request authentication | Meta: {"url":"/logout","method":"POST","isAuthenticated":true,"isAdmin":false,"userId":"6863a3bd5493cc908b53292b","cartCount":0}
[14:13:44 10/07/2025] [DEBUG] Request authentication | Meta: {"url":"/","method":"GET","isAuthenticated":false,"userId":null,"cartCount":0}
[14:13:45 10/07/2025] [DEBUG] Request authentication | Meta: {"url":"/login","method":"GET","isAuthenticated":false,"userId":null,"cartCount":0}
[14:13:50 10/07/2025] [DEBUG] Request authentication | Meta: {"url":"/login","method":"POST","isAuthenticated":false,"userId":null,"cartCount":0}
[14:13:51 10/07/2025] [DEBUG] Request authentication | Meta: {"url":"/admin/dashboard","method":"GET","isAuthenticated":true,"isAdmin":true,"userId":"6863a3bd5493cc908b53292a","cartCount":0}
[14:13:56 10/07/2025] [DEBUG] Request authentication | Meta: {"url":"/admin/orders","method":"GET","isAuthenticated":true,"isAdmin":true,"userId":"6863a3bd5493cc908b53292a","cartCount":0}
[14:13:59 10/07/2025] [DEBUG] Request authentication | Meta: {"url":"/admin/orders/686f67fcf4addedee9f5c299","method":"GET","isAuthenticated":true,"isAdmin":true,"userId":"6863a3bd5493cc908b53292a","cartCount":0}
[14:14:06 10/07/2025] [DEBUG] Request authentication | Meta: {"url":"/admin/update-order-status","method":"POST","isAuthenticated":true,"isAdmin":true,"userId":"6863a3bd5493cc908b53292a","cartCount":0}
[14:14:09 10/07/2025] [DEBUG] Request authentication | Meta: {"url":"/admin/orders/686f67fcf4addedee9f5c299","method":"GET","isAuthenticated":true,"isAdmin":true,"userId":"6863a3bd5493cc908b53292a","cartCount":0}
[14:14:37 10/07/2025] [DEBUG] Request authentication | Meta: {"url":"/admin/update-order-status","method":"POST","isAuthenticated":true,"isAdmin":true,"userId":"6863a3bd5493cc908b53292a","cartCount":0}
[14:14:40 10/07/2025] [DEBUG] Request authentication | Meta: {"url":"/admin/orders/686f67fcf4addedee9f5c299","method":"GET","isAuthenticated":true,"isAdmin":true,"userId":"6863a3bd5493cc908b53292a","cartCount":0}
[14:15:16 10/07/2025] [DEBUG] Request authentication | Meta: {"url":"/admin/update-order-status","method":"POST","isAuthenticated":true,"isAdmin":true,"userId":"6863a3bd5493cc908b53292a","cartCount":0}
[14:15:18 10/07/2025] [DEBUG] Request authentication | Meta: {"url":"/admin/orders/686f67fcf4addedee9f5c299","method":"GET","isAuthenticated":true,"isAdmin":true,"userId":"6863a3bd5493cc908b53292a","cartCount":0}
[14:15:44 10/07/2025] [DEBUG] Request authentication | Meta: {"url":"/admin/update-payment-status","method":"POST","isAuthenticated":true,"isAdmin":true,"userId":"6863a3bd5493cc908b53292a","cartCount":0}
[14:15:49 10/07/2025] [DEBUG] Request authentication | Meta: {"url":"/admin/orders/686f67fcf4addedee9f5c299","method":"GET","isAuthenticated":true,"isAdmin":true,"userId":"6863a3bd5493cc908b53292a","cartCount":0}
[14:16:27 10/07/2025] [DEBUG] Request authentication | Meta: {"url":"/","method":"GET","isAuthenticated":true,"isAdmin":true,"userId":"6863a3bd5493cc908b53292a","cartCount":0}
[14:16:29 10/07/2025] [DEBUG] Request authentication | Meta: {"url":"/logout","method":"POST","isAuthenticated":true,"isAdmin":true,"userId":"6863a3bd5493cc908b53292a","cartCount":0}
[14:16:29 10/07/2025] [DEBUG] Request authentication | Meta: {"url":"/","method":"GET","isAuthenticated":false,"userId":null,"cartCount":0}
[14:16:31 10/07/2025] [DEBUG] Request authentication | Meta: {"url":"/login","method":"GET","isAuthenticated":false,"userId":null,"cartCount":0}
[14:16:33 10/07/2025] [DEBUG] Request authentication | Meta: {"url":"/login","method":"POST","isAuthenticated":false,"userId":null,"cartCount":0}
[14:16:34 10/07/2025] [DEBUG] Request authentication | Meta: {"url":"/admin/dashboard","method":"GET","isAuthenticated":true,"isAdmin":true,"userId":"6863a3bd5493cc908b53292a","cartCount":0}
[14:16:37 10/07/2025] [DEBUG] Request authentication | Meta: {"url":"/admin/orders","method":"GET","isAuthenticated":true,"isAdmin":true,"userId":"6863a3bd5493cc908b53292a","cartCount":0}
[14:16:42 10/07/2025] [DEBUG] Request authentication | Meta: {"url":"/admin/orders/686f67fcf4addedee9f5c299","method":"GET","isAuthenticated":true,"isAdmin":true,"userId":"6863a3bd5493cc908b53292a","cartCount":0}
[14:16:53 10/07/2025] [DEBUG] Request authentication | Meta: {"url":"/admin/inventory","method":"GET","isAuthenticated":true,"isAdmin":true,"userId":"6863a3bd5493cc908b53292a","cartCount":0}
[14:17:22 10/07/2025] [DEBUG] Request authentication | Meta: {"url":"/admin/inventory?search=&category=&stock=&sort=stock_desc","method":"GET","isAuthenticated":true,"isAdmin":true,"userId":"6863a3bd5493cc908b53292a","cartCount":0}
[14:17:28 10/07/2025] [DEBUG] Request authentication | Meta: {"url":"/admin/inventory?search=&category=&stock=&sort=","method":"GET","isAuthenticated":true,"isAdmin":true,"userId":"6863a3bd5493cc908b53292a","cartCount":0}
[14:17:39 10/07/2025] [DEBUG] Request authentication | Meta: {"url":"/logout","method":"POST","isAuthenticated":true,"isAdmin":true,"userId":"6863a3bd5493cc908b53292a","cartCount":0}
[14:17:39 10/07/2025] [DEBUG] Request authentication | Meta: {"url":"/","method":"GET","isAuthenticated":false,"userId":null,"cartCount":0}
[14:19:59 10/07/2025] [DEBUG] Request authentication | Meta: {"url":"/admin/update-order-status","method":"POST","isAuthenticated":false,"userId":null,"cartCount":0}
[14:19:59 10/07/2025] [DEBUG] Request authentication | Meta: {"url":"/login","method":"GET","isAuthenticated":false,"userId":null,"cartCount":0}
[14:20:05 10/07/2025] [DEBUG] Request authentication | Meta: {"url":"/admin/update-order-status","method":"POST","isAuthenticated":false,"userId":null,"cartCount":0}
[14:20:05 10/07/2025] [DEBUG] Request authentication | Meta: {"url":"/login","method":"GET","isAuthenticated":false,"userId":null,"cartCount":0}
[14:20:33 10/07/2025] [DEBUG] Request authentication | Meta: {"url":"/.well-known/appspecific/com.chrome.devtools.json","method":"GET","isAuthenticated":false,"userId":null,"cartCount":0}
[14:21:33 10/07/2025] [DEBUG] Request authentication | Meta: {"url":"/admin/update-order-status","method":"POST","isAuthenticated":false,"userId":null,"cartCount":0}
[14:21:33 10/07/2025] [DEBUG] Request authentication | Meta: {"url":"/login","method":"GET","isAuthenticated":false,"userId":null,"cartCount":0}
[14:21:43 10/07/2025] [DEBUG] Request authentication | Meta: {"url":"/admin/update-order-status","method":"POST","isAuthenticated":false,"userId":null,"cartCount":0}
[14:21:44 10/07/2025] [DEBUG] Request authentication | Meta: {"url":"/login","method":"GET","isAuthenticated":false,"userId":null,"cartCount":0}
[14:21:47 10/07/2025] [DEBUG] Request authentication | Meta: {"url":"/admin/orders/686f67fcf4addedee9f5c299","method":"GET","isAuthenticated":false,"userId":null,"cartCount":0}
[14:21:47 10/07/2025] [DEBUG] Request authentication | Meta: {"url":"/login","method":"GET","isAuthenticated":false,"userId":null,"cartCount":0}
[14:21:49 10/07/2025] [DEBUG] Request authentication | Meta: {"url":"/login","method":"POST","isAuthenticated":false,"userId":null,"cartCount":0}
[14:21:50 10/07/2025] [DEBUG] Request authentication | Meta: {"url":"/admin/dashboard","method":"GET","isAuthenticated":true,"isAdmin":true,"userId":"6863a3bd5493cc908b53292a","cartCount":0}
[14:25:02 10/07/2025] [DEBUG] Request authentication | Meta: {"url":"/admin/orders","method":"GET","isAuthenticated":true,"isAdmin":true,"userId":"6863a3bd5493cc908b53292a","cartCount":0}
[14:25:25 10/07/2025] [DEBUG] Request authentication | Meta: {"url":"/admin/orders/686f67fcf4addedee9f5c299","method":"GET","isAuthenticated":true,"isAdmin":true,"userId":"6863a3bd5493cc908b53292a","cartCount":0}
[14:25:30 10/07/2025] [DEBUG] Request authentication | Meta: {"url":"/admin/update-order-status","method":"POST","isAuthenticated":true,"isAdmin":true,"userId":"6863a3bd5493cc908b53292a","cartCount":0}
[14:25:40 10/07/2025] [DEBUG] Request authentication | Meta: {"url":"/admin/orders/686f67fcf4addedee9f5c299","method":"GET","isAuthenticated":true,"isAdmin":true,"userId":"6863a3bd5493cc908b53292a","cartCount":0}
[14:25:42 10/07/2025] [DEBUG] Request authentication | Meta: {"url":"/.well-known/appspecific/com.chrome.devtools.json","method":"GET","isAuthenticated":true,"isAdmin":true,"userId":"6863a3bd5493cc908b53292a","cartCount":0}
[14:26:46 10/07/2025] [DEBUG] Request authentication | Meta: {"url":"/admin/update-order-status","method":"POST","isAuthenticated":true,"isAdmin":true,"userId":"6863a3bd5493cc908b53292a","cartCount":0}
[14:26:49 10/07/2025] [DEBUG] Request authentication | Meta: {"url":"/admin/orders/686f67fcf4addedee9f5c299","method":"GET","isAuthenticated":true,"isAdmin":true,"userId":"6863a3bd5493cc908b53292a","cartCount":0}
[14:32:40 10/07/2025] [DEBUG] Request authentication | Meta: {"url":"/admin/orders/686f67fcf4addedee9f5c299","method":"GET","isAuthenticated":true,"isAdmin":true,"userId":"6863a3bd5493cc908b53292a","cartCount":0}
[14:34:16 10/07/2025] [DEBUG] Request authentication | Meta: {"url":"/admin/orders/686f67fcf4addedee9f5c299/invoice","method":"GET","isAuthenticated":true,"isAdmin":true,"userId":"6863a3bd5493cc908b53292a","cartCount":0}
[14:34:51 10/07/2025] [DEBUG] Request authentication | Meta: {"url":"/admin/inventory","method":"GET","isAuthenticated":true,"isAdmin":true,"userId":"6863a3bd5493cc908b53292a","cartCount":0}
[14:35:01 10/07/2025] [DEBUG] Request authentication | Meta: {"url":"/admin/orders","method":"GET","isAuthenticated":true,"isAdmin":true,"userId":"6863a3bd5493cc908b53292a","cartCount":0}
[14:43:25 10/07/2025] [DEBUG] Request authentication | Meta: {"url":"/admin/orders","method":"GET","isAuthenticated":true,"isAdmin":true,"userId":"6863a3bd5493cc908b53292a","cartCount":0}
[14:51:55 10/07/2025] [DEBUG] Request authentication | Meta: {"url":"/admin/orders/686f67fcf4addedee9f5c299","method":"GET","isAuthenticated":true,"isAdmin":true,"userId":"6863a3bd5493cc908b53292a","cartCount":0}
[14:51:59 10/07/2025] [DEBUG] Request authentication | Meta: {"url":"/admin/orders","method":"GET","isAuthenticated":true,"isAdmin":true,"userId":"6863a3bd5493cc908b53292a","cartCount":0}
[14:52:11 10/07/2025] [DEBUG] Request authentication | Meta: {"url":"/admin/orders/686f67fcf4addedee9f5c299","method":"GET","isAuthenticated":true,"isAdmin":true,"userId":"6863a3bd5493cc908b53292a","cartCount":0}
[15:00:45 10/07/2025] [DEBUG] Request authentication | Meta: {"url":"/admin/orders/686f67fcf4addedee9f5c299","method":"GET","isAuthenticated":true,"isAdmin":true,"userId":"6863a3bd5493cc908b53292a","cartCount":0}
[15:00:47 10/07/2025] [DEBUG] Request authentication | Meta: {"url":"/admin/orders","method":"GET","isAuthenticated":true,"isAdmin":true,"userId":"6863a3bd5493cc908b53292a","cartCount":0}
[15:00:50 10/07/2025] [DEBUG] Request authentication | Meta: {"url":"/admin/orders","method":"GET","isAuthenticated":true,"isAdmin":true,"userId":"6863a3bd5493cc908b53292a","cartCount":0}
[15:00:54 10/07/2025] [DEBUG] Request authentication | Meta: {"url":"/admin/orders/686f67fcf4addedee9f5c299","method":"GET","isAuthenticated":true,"isAdmin":true,"userId":"6863a3bd5493cc908b53292a","cartCount":0}
[15:01:33 10/07/2025] [DEBUG] Request authentication | Meta: {"url":"/admin/orders","method":"GET","isAuthenticated":true,"isAdmin":true,"userId":"6863a3bd5493cc908b53292a","cartCount":0}
[15:12:55 10/07/2025] [DEBUG] Request authentication | Meta: {"url":"/admin/orders","method":"GET","isAuthenticated":true,"isAdmin":true,"userId":"6863a3bd5493cc908b53292a","cartCount":0}
[15:13:33 10/07/2025] [DEBUG] Request authentication | Meta: {"url":"/admin/orders/67f776ca1d4d46f76d7d2f25/delete","method":"DELETE","isAuthenticated":true,"isAdmin":true,"userId":"6863a3bd5493cc908b53292a","cartCount":0}
[15:13:34 10/07/2025] [DEBUG] Request authentication | Meta: {"url":"/admin/orders","method":"GET","isAuthenticated":true,"isAdmin":true,"userId":"6863a3bd5493cc908b53292a","cartCount":0}
[15:13:37 10/07/2025] [DEBUG] Request authentication | Meta: {"url":"/admin/orders/67f7b51624d98f5fcbce2006/delete","method":"DELETE","isAuthenticated":true,"isAdmin":true,"userId":"6863a3bd5493cc908b53292a","cartCount":0}
[15:13:39 10/07/2025] [DEBUG] Request authentication | Meta: {"url":"/admin/orders","method":"GET","isAuthenticated":true,"isAdmin":true,"userId":"6863a3bd5493cc908b53292a","cartCount":0}
[15:13:41 10/07/2025] [DEBUG] Request authentication | Meta: {"url":"/admin/orders/67f7b57a24d98f5fcbce2007/delete","method":"DELETE","isAuthenticated":true,"isAdmin":true,"userId":"6863a3bd5493cc908b53292a","cartCount":0}
[15:13:43 10/07/2025] [DEBUG] Request authentication | Meta: {"url":"/admin/orders","method":"GET","isAuthenticated":true,"isAdmin":true,"userId":"6863a3bd5493cc908b53292a","cartCount":0}
[15:13:45 10/07/2025] [DEBUG] Request authentication | Meta: {"url":"/admin/orders/67f89a4d837475183b9589a8/delete","method":"DELETE","isAuthenticated":true,"isAdmin":true,"userId":"6863a3bd5493cc908b53292a","cartCount":0}
[15:13:46 10/07/2025] [DEBUG] Request authentication | Meta: {"url":"/admin/orders","method":"GET","isAuthenticated":true,"isAdmin":true,"userId":"6863a3bd5493cc908b53292a","cartCount":0}
[15:13:49 10/07/2025] [DEBUG] Request authentication | Meta: {"url":"/admin/orders/67f8d765aedf306beb243503/delete","method":"DELETE","isAuthenticated":true,"isAdmin":true,"userId":"6863a3bd5493cc908b53292a","cartCount":0}
[15:13:51 10/07/2025] [DEBUG] Request authentication | Meta: {"url":"/admin/orders","method":"GET","isAuthenticated":true,"isAdmin":true,"userId":"6863a3bd5493cc908b53292a","cartCount":0}
[15:21:56 10/07/2025] [DEBUG] Request authentication | Meta: {"url":"/admin/orders/67f6850c24b5cf48e09e0874","method":"GET","isAuthenticated":true,"isAdmin":true,"userId":"6863a3bd5493cc908b53292a","cartCount":0}
[15:22:21 10/07/2025] [DEBUG] Request authentication | Meta: {"url":"/admin/orders/67f6850c24b5cf48e09e0874","method":"GET","isAuthenticated":true,"isAdmin":true,"userId":"6863a3bd5493cc908b53292a","cartCount":0}
[15:27:10 10/07/2025] [DEBUG] Request authentication | Meta: {"url":"/admin/orders/67f6850c24b5cf48e09e0874","method":"GET","isAuthenticated":true,"isAdmin":true,"userId":"6863a3bd5493cc908b53292a","cartCount":0}
[15:27:14 10/07/2025] [DEBUG] Request authentication | Meta: {"url":"/admin/orders","method":"GET","isAuthenticated":true,"isAdmin":true,"userId":"6863a3bd5493cc908b53292a","cartCount":0}
[15:27:19 10/07/2025] [DEBUG] Request authentication | Meta: {"url":"/admin/orders/67f6850c24b5cf48e09e0874","method":"GET","isAuthenticated":true,"isAdmin":true,"userId":"6863a3bd5493cc908b53292a","cartCount":0}
[15:27:36 10/07/2025] [DEBUG] Request authentication | Meta: {"url":"/.well-known/appspecific/com.chrome.devtools.json","method":"GET","isAuthenticated":true,"isAdmin":true,"userId":"6863a3bd5493cc908b53292a","cartCount":0}
[15:30:58 10/07/2025] [DEBUG] Request authentication | Meta: {"url":"/admin/orders","method":"GET","isAuthenticated":true,"isAdmin":true,"userId":"6863a3bd5493cc908b53292a","cartCount":0}
[15:31:02 10/07/2025] [DEBUG] Request authentication | Meta: {"url":"/admin/orders/67f6850c24b5cf48e09e0874","method":"GET","isAuthenticated":true,"isAdmin":true,"userId":"6863a3bd5493cc908b53292a","cartCount":0}
[15:31:15 10/07/2025] [DEBUG] Request authentication | Meta: {"url":"/admin/orders","method":"GET","isAuthenticated":true,"isAdmin":true,"userId":"6863a3bd5493cc908b53292a","cartCount":0}
[15:31:18 10/07/2025] [DEBUG] Request authentication | Meta: {"url":"/admin/orders/67f6850c24b5cf48e09e0874","method":"GET","isAuthenticated":true,"isAdmin":true,"userId":"6863a3bd5493cc908b53292a","cartCount":0}
[15:34:56 10/07/2025] [DEBUG] Request authentication | Meta: {"url":"/admin/orders","method":"GET","isAuthenticated":true,"isAdmin":true,"userId":"6863a3bd5493cc908b53292a","cartCount":0}
[15:35:12 10/07/2025] [DEBUG] Request authentication | Meta: {"url":"/admin/orders/685f998b51fca1a834058ff4","method":"GET","isAuthenticated":true,"isAdmin":true,"userId":"6863a3bd5493cc908b53292a","cartCount":0}
[15:35:19 10/07/2025] [DEBUG] Request authentication | Meta: {"url":"/admin/orders","method":"GET","isAuthenticated":true,"isAdmin":true,"userId":"6863a3bd5493cc908b53292a","cartCount":0}
[15:36:26 10/07/2025] [DEBUG] Request authentication | Meta: {"url":"/logout","method":"POST","isAuthenticated":true,"isAdmin":true,"userId":"6863a3bd5493cc908b53292a","cartCount":0}
[15:36:26 10/07/2025] [DEBUG] Request authentication | Meta: {"url":"/","method":"GET","isAuthenticated":false,"userId":null,"cartCount":0}
[15:36:29 10/07/2025] [DEBUG] Request authentication | Meta: {"url":"/login","method":"GET","isAuthenticated":false,"userId":null,"cartCount":0}
[15:36:33 10/07/2025] [DEBUG] Request authentication | Meta: {"url":"/signup","method":"GET","isAuthenticated":false,"userId":null,"cartCount":0}
[15:39:55 10/07/2025] [DEBUG] Request authentication | Meta: {"url":"/signup","method":"GET","isAuthenticated":false,"userId":null,"cartCount":0}
[15:39:57 10/07/2025] [DEBUG] Request authentication | Meta: {"url":"/signup","method":"GET","isAuthenticated":false,"userId":null,"cartCount":0}
[15:40:04 10/07/2025] [DEBUG] Request authentication | Meta: {"url":"/login","method":"GET","isAuthenticated":false,"userId":null,"cartCount":0}
[15:40:05 10/07/2025] [DEBUG] Request authentication | Meta: {"url":"/signup","method":"GET","isAuthenticated":false,"userId":null,"cartCount":0}
[15:40:11 10/07/2025] [DEBUG] Request authentication | Meta: {"url":"/.well-known/appspecific/com.chrome.devtools.json","method":"GET","isAuthenticated":false,"userId":null,"cartCount":0}
[15:43:41 10/07/2025] [DEBUG] Request authentication | Meta: {"url":"/signup","method":"GET","isAuthenticated":false,"userId":null,"cartCount":0}
[15:44:04 10/07/2025] [DEBUG] Request authentication | Meta: {"url":"/","method":"GET","isAuthenticated":false,"userId":null,"cartCount":0}
[15:44:08 10/07/2025] [DEBUG] Request authentication | Meta: {"url":"/login","method":"GET","isAuthenticated":false,"userId":null,"cartCount":0}
[15:44:10 10/07/2025] [DEBUG] Request authentication | Meta: {"url":"/signup","method":"GET","isAuthenticated":false,"userId":null,"cartCount":0}
[15:46:29 10/07/2025] [DEBUG] Request authentication | Meta: {"url":"/contact","method":"GET","isAuthenticated":false,"userId":null,"cartCount":0}
[15:50:15 10/07/2025] [DEBUG] Request authentication | Meta: {"url":"/contact","method":"GET","isAuthenticated":false,"userId":null,"cartCount":0}
[15:53:36 10/07/2025] [DEBUG] Request authentication | Meta: {"url":"/contact","method":"GET","isAuthenticated":false,"userId":null,"cartCount":0}
[15:53:46 10/07/2025] [DEBUG] Request authentication | Meta: {"url":"/","method":"GET","isAuthenticated":false,"userId":null,"cartCount":0}
[15:53:57 10/07/2025] [DEBUG] Request authentication | Meta: {"url":"/about","method":"GET","isAuthenticated":false,"userId":null,"cartCount":0}
[15:54:04 10/07/2025] [DEBUG] Request authentication | Meta: {"url":"/contact","method":"GET","isAuthenticated":false,"userId":null,"cartCount":0}
[15:54:45 10/07/2025] [DEBUG] Request authentication | Meta: {"url":"/contact?","method":"GET","isAuthenticated":false,"userId":null,"cartCount":0}
[16:51:36 10/07/2025] [DEBUG] Request authentication | Meta: {"url":"/contact?","method":"GET","isAuthenticated":false,"userId":null,"cartCount":0}
[16:52:57 10/07/2025] [DEBUG] Request authentication | Meta: {"url":"/.well-known/appspecific/com.chrome.devtools.json","method":"GET","isAuthenticated":false,"userId":null,"cartCount":0}
[18:48:57 10/07/2025] [DEBUG] Request authentication | Meta: {"url":"/","method":"GET","isAuthenticated":false,"userId":null,"cartCount":0}
[18:48:59 10/07/2025] [DEBUG] Request authentication | Meta: {"url":"/favicon.ico","method":"GET","isAuthenticated":false,"userId":null,"cartCount":0}
[18:49:09 10/07/2025] [DEBUG] Request authentication | Meta: {"url":"/login","method":"GET","isAuthenticated":false,"userId":null,"cartCount":0}
[18:49:12 10/07/2025] [DEBUG] Request authentication | Meta: {"url":"/login","method":"POST","isAuthenticated":false,"userId":null,"cartCount":0}
[18:49:13 10/07/2025] [DEBUG] Request authentication | Meta: {"url":"/admin/dashboard","method":"GET","isAuthenticated":true,"isAdmin":true,"userId":"6863a3bd5493cc908b53292a","cartCount":0}
[18:49:15 10/07/2025] [DEBUG] Request authentication | Meta: {"url":"/admin/accounts","method":"GET","isAuthenticated":true,"isAdmin":true,"userId":"6863a3bd5493cc908b53292a","cartCount":0}
[18:49:16 10/07/2025] [DEBUG] Request authentication | Meta: {"url":"/admin/orders","method":"GET","isAuthenticated":true,"isAdmin":true,"userId":"6863a3bd5493cc908b53292a","cartCount":0}
[18:49:48 10/07/2025] [DEBUG] Request authentication | Meta: {"url":"/admin/dashboard","method":"GET","isAuthenticated":true,"isAdmin":true,"userId":"6863a3bd5493cc908b53292a","cartCount":0}
[18:49:51 10/07/2025] [DEBUG] Request authentication | Meta: {"url":"/logout","method":"POST","isAuthenticated":true,"isAdmin":true,"userId":"6863a3bd5493cc908b53292a","cartCount":0}
[18:49:51 10/07/2025] [DEBUG] Request authentication | Meta: {"url":"/","method":"GET","isAuthenticated":false,"userId":null,"cartCount":0}
[18:49:54 10/07/2025] [DEBUG] Request authentication | Meta: {"url":"/products/6865522580c38388b5018010","method":"GET","isAuthenticated":false,"userId":null,"cartCount":0}
[18:52:08 10/07/2025] [DEBUG] Request authentication | Meta: {"url":"/cart/add","method":"POST","isAuthenticated":false,"userId":null,"cartCount":0}
[18:52:08 10/07/2025] [DEBUG] Request authentication | Meta: {"url":"/cart","method":"GET","isAuthenticated":false,"userId":null,"cartCount":1}
[18:52:09 10/07/2025] [DEBUG] Request authentication | Meta: {"url":"/cart","method":"GET","isAuthenticated":false,"userId":null,"cartCount":1}
[18:52:15 10/07/2025] [DEBUG] Request authentication | Meta: {"url":"/login","method":"GET","isAuthenticated":false,"userId":null,"cartCount":1}
[18:52:18 10/07/2025] [DEBUG] Request authentication | Meta: {"url":"/signup","method":"GET","isAuthenticated":false,"userId":null,"cartCount":1}
[18:59:30 10/07/2025] [DEBUG] Request authentication | Meta: {"url":"/signup","method":"POST","isAuthenticated":false,"userId":null,"cartCount":1}
[18:59:31 10/07/2025] [DEBUG] Request authentication | Meta: {"url":"/","method":"GET","isAuthenticated":true,"isAdmin":false,"userId":"686fab22037e0f1076b82921","cartCount":1}
[19:02:49 10/07/2025] [DEBUG] Request authentication | Meta: {"url":"/logout","method":"POST","isAuthenticated":true,"isAdmin":false,"userId":"686fab22037e0f1076b82921","cartCount":1}
[19:02:49 10/07/2025] [DEBUG] Request authentication | Meta: {"url":"/","method":"GET","isAuthenticated":false,"userId":null,"cartCount":0}
[19:02:51 10/07/2025] [DEBUG] Request authentication | Meta: {"url":"/login","method":"GET","isAuthenticated":false,"userId":null,"cartCount":0}
[19:02:56 10/07/2025] [DEBUG] Request authentication | Meta: {"url":"/login","method":"POST","isAuthenticated":false,"userId":null,"cartCount":0}
[19:02:56 10/07/2025] [DEBUG] Request authentication | Meta: {"url":"/admin/dashboard","method":"GET","isAuthenticated":true,"isAdmin":true,"userId":"6863a3bd5493cc908b53292a","cartCount":0}
[19:03:02 10/07/2025] [DEBUG] Request authentication | Meta: {"url":"/admin/accounts","method":"GET","isAuthenticated":true,"isAdmin":true,"userId":"6863a3bd5493cc908b53292a","cartCount":0}
[19:04:48 10/07/2025] [DEBUG] Request authentication | Meta: {"url":"/admin/accounts/686fab22037e0f1076b82921","method":"DELETE","isAuthenticated":true,"isAdmin":true,"userId":"6863a3bd5493cc908b53292a","cartCount":0}
[19:04:49 10/07/2025] [DEBUG] Request authentication | Meta: {"url":"/admin/accounts","method":"DELETE","isAuthenticated":true,"isAdmin":true,"userId":"6863a3bd5493cc908b53292a","cartCount":0}
[19:04:49 10/07/2025] [DEBUG] Request authentication | Meta: {"url":"/admin/accounts","method":"GET","isAuthenticated":true,"isAdmin":true,"userId":"6863a3bd5493cc908b53292a","cartCount":0}
[19:04:51 10/07/2025] [DEBUG] Request authentication | Meta: {"url":"/logout","method":"POST","isAuthenticated":true,"isAdmin":true,"userId":"6863a3bd5493cc908b53292a","cartCount":0}
[19:04:51 10/07/2025] [DEBUG] Request authentication | Meta: {"url":"/","method":"GET","isAuthenticated":false,"userId":null,"cartCount":0}
[19:10:06 10/07/2025] [DEBUG] Request authentication | Meta: {"url":"/login","method":"GET","isAuthenticated":false,"userId":null,"cartCount":0}
[19:10:11 10/07/2025] [DEBUG] Request authentication | Meta: {"url":"/signup","method":"GET","isAuthenticated":false,"userId":null,"cartCount":0}
[19:10:29 10/07/2025] [DEBUG] Request authentication | Meta: {"url":"/signup","method":"POST","isAuthenticated":false,"userId":null,"cartCount":0}
[19:10:30 10/07/2025] [DEBUG] Request authentication | Meta: {"url":"/","method":"GET","isAuthenticated":true,"isAdmin":false,"userId":"686fadb532886aaf55da28ad","cartCount":0}
[19:11:32 10/07/2025] [DEBUG] Request authentication | Meta: {"url":"/","method":"GET","isAuthenticated":true,"isAdmin":false,"userId":"686fadb532886aaf55da28ad","cartCount":0}
[19:12:55 10/07/2025] [DEBUG] Request authentication | Meta: {"url":"/.well-known/appspecific/com.chrome.devtools.json","method":"GET","isAuthenticated":true,"isAdmin":false,"userId":"686fadb532886aaf55da28ad","cartCount":0}
[19:17:00 10/07/2025] [DEBUG] Request authentication | Meta: {"url":"/logout","method":"POST","isAuthenticated":true,"isAdmin":false,"userId":"686fadb532886aaf55da28ad","cartCount":0}
[19:17:00 10/07/2025] [DEBUG] Request authentication | Meta: {"url":"/","method":"GET","isAuthenticated":false,"userId":null,"cartCount":0}
[19:17:02 10/07/2025] [DEBUG] Request authentication | Meta: {"url":"/login","method":"GET","isAuthenticated":false,"userId":null,"cartCount":0}
[19:17:05 10/07/2025] [DEBUG] Request authentication | Meta: {"url":"/login","method":"POST","isAuthenticated":false,"userId":null,"cartCount":0}
[19:17:05 10/07/2025] [DEBUG] Request authentication | Meta: {"url":"/admin/dashboard","method":"GET","isAuthenticated":true,"isAdmin":true,"userId":"6863a3bd5493cc908b53292a","cartCount":0}
[19:17:07 10/07/2025] [DEBUG] Request authentication | Meta: {"url":"/admin/accounts","method":"GET","isAuthenticated":true,"isAdmin":true,"userId":"6863a3bd5493cc908b53292a","cartCount":0}
[19:17:11 10/07/2025] [DEBUG] Request authentication | Meta: {"url":"/admin/accounts/686fadb532886aaf55da28ad","method":"DELETE","isAuthenticated":true,"isAdmin":true,"userId":"6863a3bd5493cc908b53292a","cartCount":0}
[19:17:11 10/07/2025] [DEBUG] Request authentication | Meta: {"url":"/admin/accounts","method":"DELETE","isAuthenticated":true,"isAdmin":true,"userId":"6863a3bd5493cc908b53292a","cartCount":0}
[19:17:11 10/07/2025] [DEBUG] Request authentication | Meta: {"url":"/admin/accounts","method":"GET","isAuthenticated":true,"isAdmin":true,"userId":"6863a3bd5493cc908b53292a","cartCount":0}
[19:17:12 10/07/2025] [DEBUG] Request authentication | Meta: {"url":"/logout","method":"POST","isAuthenticated":true,"isAdmin":true,"userId":"6863a3bd5493cc908b53292a","cartCount":0}
[19:17:12 10/07/2025] [DEBUG] Request authentication | Meta: {"url":"/","method":"GET","isAuthenticated":false,"userId":null,"cartCount":0}
[19:17:14 10/07/2025] [DEBUG] Request authentication | Meta: {"url":"/login","method":"GET","isAuthenticated":false,"userId":null,"cartCount":0}
[19:17:16 10/07/2025] [DEBUG] Request authentication | Meta: {"url":"/signup","method":"GET","isAuthenticated":false,"userId":null,"cartCount":0}
[19:17:44 10/07/2025] [DEBUG] Request authentication | Meta: {"url":"/signup","method":"POST","isAuthenticated":false,"userId":null,"cartCount":0}
[19:17:45 10/07/2025] [DEBUG] Request authentication | Meta: {"url":"/","method":"GET","isAuthenticated":true,"isAdmin":false,"userId":"686faf68c05f692da734155f","cartCount":0}
[19:19:22 10/07/2025] [DEBUG] Request authentication | Meta: {"url":"/.well-known/appspecific/com.chrome.devtools.json","method":"GET","isAuthenticated":true,"isAdmin":false,"userId":"686faf68c05f692da734155f","cartCount":0}
[19:21:49 10/07/2025] [DEBUG] Request authentication | Meta: {"url":"/admin/test-email?email=findsomethingfromu@gmail.com","method":"GET","isAuthenticated":true,"isAdmin":false,"userId":"686faf68c05f692da734155f","cartCount":0}
[19:23:58 10/07/2025] [DEBUG] Request authentication | Meta: {"url":"/admin/test-email?email=catthach97@gmail.com","method":"GET","isAuthenticated":true,"isAdmin":false,"userId":"686faf68c05f692da734155f","cartCount":0}
[19:29:33 10/07/2025] [DEBUG] Request authentication | Meta: {"url":"/logout","method":"POST","isAuthenticated":true,"isAdmin":false,"userId":"686faf68c05f692da734155f","cartCount":0}
[19:29:34 10/07/2025] [DEBUG] Request authentication | Meta: {"url":"/","method":"GET","isAuthenticated":false,"userId":null,"cartCount":0}
[19:29:35 10/07/2025] [DEBUG] Request authentication | Meta: {"url":"/login","method":"GET","isAuthenticated":false,"userId":null,"cartCount":0}
[19:29:42 10/07/2025] [DEBUG] Request authentication | Meta: {"url":"/login","method":"POST","isAuthenticated":false,"userId":null,"cartCount":0}
[19:29:42 10/07/2025] [DEBUG] Request authentication | Meta: {"url":"/admin/dashboard","method":"GET","isAuthenticated":true,"isAdmin":true,"userId":"6863a3bd5493cc908b53292a","cartCount":0}
[19:29:45 10/07/2025] [DEBUG] Request authentication | Meta: {"url":"/admin/accounts","method":"GET","isAuthenticated":true,"isAdmin":true,"userId":"6863a3bd5493cc908b53292a","cartCount":0}
[19:29:48 10/07/2025] [DEBUG] Request authentication | Meta: {"url":"/admin/accounts/686faf68c05f692da734155f","method":"DELETE","isAuthenticated":true,"isAdmin":true,"userId":"6863a3bd5493cc908b53292a","cartCount":0}
[19:29:48 10/07/2025] [DEBUG] Request authentication | Meta: {"url":"/admin/accounts","method":"DELETE","isAuthenticated":true,"isAdmin":true,"userId":"6863a3bd5493cc908b53292a","cartCount":0}
[19:29:48 10/07/2025] [DEBUG] Request authentication | Meta: {"url":"/admin/accounts","method":"GET","isAuthenticated":true,"isAdmin":true,"userId":"6863a3bd5493cc908b53292a","cartCount":0}
[19:29:54 10/07/2025] [DEBUG] Request authentication | Meta: {"url":"/admin/accounts/create","method":"GET","isAuthenticated":true,"isAdmin":true,"userId":"6863a3bd5493cc908b53292a","cartCount":0}
[19:30:16 10/07/2025] [DEBUG] Request authentication | Meta: {"url":"/admin/accounts/create","method":"POST","isAuthenticated":true,"isAdmin":true,"userId":"6863a3bd5493cc908b53292a","cartCount":0}
[19:30:17 10/07/2025] [DEBUG] Request authentication | Meta: {"url":"/admin/accounts","method":"GET","isAuthenticated":true,"isAdmin":true,"userId":"6863a3bd5493cc908b53292a","cartCount":0}
[19:31:10 10/07/2025] [DEBUG] Request authentication | Meta: {"url":"/admin/test-email?email=catthach97@gmail.com","method":"GET","isAuthenticated":true,"isAdmin":true,"userId":"6863a3bd5493cc908b53292a","cartCount":0}
[19:33:23 10/07/2025] [DEBUG] Request authentication | Meta: {"url":"/admin/test-email?email=catthach97@gmail.com","method":"GET","isAuthenticated":true,"isAdmin":true,"userId":"6863a3bd5493cc908b53292a","cartCount":0}
[19:34:02 10/07/2025] [DEBUG] Request authentication | Meta: {"url":"/logout","method":"POST","isAuthenticated":true,"isAdmin":true,"userId":"6863a3bd5493cc908b53292a","cartCount":0}
[19:34:02 10/07/2025] [DEBUG] Request authentication | Meta: {"url":"/","method":"GET","isAuthenticated":false,"userId":null,"cartCount":0}
[19:34:04 10/07/2025] [DEBUG] Request authentication | Meta: {"url":"/login","method":"GET","isAuthenticated":false,"userId":null,"cartCount":0}
[19:34:05 10/07/2025] [DEBUG] Request authentication | Meta: {"url":"/signup","method":"GET","isAuthenticated":false,"userId":null,"cartCount":0}
[19:34:25 10/07/2025] [DEBUG] Request authentication | Meta: {"url":"/signup","method":"POST","isAuthenticated":false,"userId":null,"cartCount":0}
[19:34:29 10/07/2025] [DEBUG] Request authentication | Meta: {"url":"/","method":"GET","isAuthenticated":true,"isAdmin":false,"userId":"686fb3514bd5b7b047454953","cartCount":0}
[19:34:57 10/07/2025] [DEBUG] Request authentication | Meta: {"url":"/.well-known/appspecific/com.chrome.devtools.json","method":"GET","isAuthenticated":true,"isAdmin":false,"userId":"686fb3514bd5b7b047454953","cartCount":0}
[19:41:41 10/07/2025] [DEBUG] Request authentication | Meta: {"url":"/.well-known/appspecific/com.chrome.devtools.json","method":"GET","isAuthenticated":true,"isAdmin":false,"userId":"686fb3514bd5b7b047454953","cartCount":0}
[19:42:29 10/07/2025] [DEBUG] Request authentication | Meta: {"url":"/","method":"GET","isAuthenticated":true,"isAdmin":false,"userId":"686fb3514bd5b7b047454953","cartCount":0}
[19:42:33 10/07/2025] [DEBUG] Request authentication | Meta: {"url":"/logout","method":"POST","isAuthenticated":true,"isAdmin":false,"userId":"686fb3514bd5b7b047454953","cartCount":0}
[19:42:33 10/07/2025] [DEBUG] Request authentication | Meta: {"url":"/","method":"GET","isAuthenticated":false,"userId":null,"cartCount":0}
[19:42:35 10/07/2025] [DEBUG] Request authentication | Meta: {"url":"/login","method":"GET","isAuthenticated":false,"userId":null,"cartCount":0}
[19:42:40 10/07/2025] [DEBUG] Request authentication | Meta: {"url":"/login","method":"POST","isAuthenticated":false,"userId":null,"cartCount":0}
[19:42:40 10/07/2025] [DEBUG] Request authentication | Meta: {"url":"/admin/dashboard","method":"GET","isAuthenticated":true,"isAdmin":true,"userId":"6863a3bd5493cc908b53292a","cartCount":0}
[19:42:43 10/07/2025] [DEBUG] Request authentication | Meta: {"url":"/admin/accounts","method":"GET","isAuthenticated":true,"isAdmin":true,"userId":"6863a3bd5493cc908b53292a","cartCount":0}
[19:42:47 10/07/2025] [DEBUG] Request authentication | Meta: {"url":"/admin/accounts/686fb3514bd5b7b047454953","method":"DELETE","isAuthenticated":true,"isAdmin":true,"userId":"6863a3bd5493cc908b53292a","cartCount":0}
[19:42:47 10/07/2025] [DEBUG] Request authentication | Meta: {"url":"/admin/accounts","method":"DELETE","isAuthenticated":true,"isAdmin":true,"userId":"6863a3bd5493cc908b53292a","cartCount":0}
[19:42:47 10/07/2025] [DEBUG] Request authentication | Meta: {"url":"/admin/accounts","method":"GET","isAuthenticated":true,"isAdmin":true,"userId":"6863a3bd5493cc908b53292a","cartCount":0}
[19:42:51 10/07/2025] [DEBUG] Request authentication | Meta: {"url":"/logout","method":"POST","isAuthenticated":true,"isAdmin":true,"userId":"6863a3bd5493cc908b53292a","cartCount":0}
[19:42:51 10/07/2025] [DEBUG] Request authentication | Meta: {"url":"/","method":"GET","isAuthenticated":false,"userId":null,"cartCount":0}
[19:42:53 10/07/2025] [DEBUG] Request authentication | Meta: {"url":"/login","method":"GET","isAuthenticated":false,"userId":null,"cartCount":0}
[19:42:55 10/07/2025] [DEBUG] Request authentication | Meta: {"url":"/signup","method":"GET","isAuthenticated":false,"userId":null,"cartCount":0}
[19:43:43 10/07/2025] [DEBUG] Request authentication | Meta: {"url":"/signup","method":"POST","isAuthenticated":false,"userId":null,"cartCount":0}
[19:43:47 10/07/2025] [DEBUG] Request authentication | Meta: {"url":"/","method":"GET","isAuthenticated":true,"isAdmin":false,"userId":"686fb57f4bd5b7b04745496a","cartCount":0}
[19:46:20 10/07/2025] [DEBUG] Request authentication | Meta: {"url":"/","method":"GET","isAuthenticated":true,"isAdmin":false,"userId":"686fb57f4bd5b7b04745496a","cartCount":0}
[19:46:23 10/07/2025] [DEBUG] Request authentication | Meta: {"url":"/logout","method":"POST","isAuthenticated":true,"isAdmin":false,"userId":"686fb57f4bd5b7b04745496a","cartCount":0}
[19:46:23 10/07/2025] [DEBUG] Request authentication | Meta: {"url":"/","method":"GET","isAuthenticated":false,"userId":null,"cartCount":0}
[19:46:25 10/07/2025] [DEBUG] Request authentication | Meta: {"url":"/login","method":"GET","isAuthenticated":false,"userId":null,"cartCount":0}
[19:46:28 10/07/2025] [DEBUG] Request authentication | Meta: {"url":"/signup","method":"GET","isAuthenticated":false,"userId":null,"cartCount":0}
[19:46:31 10/07/2025] [DEBUG] Request authentication | Meta: {"url":"/login","method":"GET","isAuthenticated":false,"userId":null,"cartCount":0}
[19:46:36 10/07/2025] [DEBUG] Request authentication | Meta: {"url":"/login","method":"POST","isAuthenticated":false,"userId":null,"cartCount":0}
[19:46:37 10/07/2025] [DEBUG] Request authentication | Meta: {"url":"/admin/dashboard","method":"GET","isAuthenticated":true,"isAdmin":true,"userId":"6863a3bd5493cc908b53292a","cartCount":0}
[19:46:39 10/07/2025] [DEBUG] Request authentication | Meta: {"url":"/admin/accounts","method":"GET","isAuthenticated":true,"isAdmin":true,"userId":"6863a3bd5493cc908b53292a","cartCount":0}
[19:46:43 10/07/2025] [DEBUG] Request authentication | Meta: {"url":"/admin/accounts/686fb57f4bd5b7b04745496a","method":"DELETE","isAuthenticated":true,"isAdmin":true,"userId":"6863a3bd5493cc908b53292a","cartCount":0}
[19:46:43 10/07/2025] [DEBUG] Request authentication | Meta: {"url":"/admin/accounts","method":"DELETE","isAuthenticated":true,"isAdmin":true,"userId":"6863a3bd5493cc908b53292a","cartCount":0}
[19:46:44 10/07/2025] [DEBUG] Request authentication | Meta: {"url":"/admin/accounts","method":"GET","isAuthenticated":true,"isAdmin":true,"userId":"6863a3bd5493cc908b53292a","cartCount":0}
[19:46:46 10/07/2025] [DEBUG] Request authentication | Meta: {"url":"/logout","method":"POST","isAuthenticated":true,"isAdmin":true,"userId":"6863a3bd5493cc908b53292a","cartCount":0}
[19:46:46 10/07/2025] [DEBUG] Request authentication | Meta: {"url":"/","method":"GET","isAuthenticated":false,"userId":null,"cartCount":0}
[19:46:48 10/07/2025] [DEBUG] Request authentication | Meta: {"url":"/login","method":"GET","isAuthenticated":false,"userId":null,"cartCount":0}
[19:46:50 10/07/2025] [DEBUG] Request authentication | Meta: {"url":"/signup","method":"GET","isAuthenticated":false,"userId":null,"cartCount":0}
[19:47:02 10/07/2025] [DEBUG] Request authentication | Meta: {"url":"/signup","method":"POST","isAuthenticated":false,"userId":null,"cartCount":0}
[19:47:05 10/07/2025] [DEBUG] Request authentication | Meta: {"url":"/","method":"GET","isAuthenticated":true,"isAdmin":false,"userId":"686fb6464bd5b7b047454981","cartCount":0}
[19:51:42 10/07/2025] [DEBUG] Request authentication | Meta: {"url":"/profile","method":"GET","isAuthenticated":true,"isAdmin":false,"userId":"686fb6464bd5b7b047454981","cartCount":0}
[19:51:42 10/07/2025] [DEBUG] Request authentication | Meta: {"url":"/images/default-profile.png","method":"GET","isAuthenticated":true,"isAdmin":false,"userId":"686fb6464bd5b7b047454981","cartCount":0}
[19:52:03 10/07/2025] [DEBUG] Request authentication | Meta: {"url":"/orders","method":"GET","isAuthenticated":true,"isAdmin":false,"userId":"686fb6464bd5b7b047454981","cartCount":0}
[19:52:06 10/07/2025] [DEBUG] Request authentication | Meta: {"url":"/","method":"GET","isAuthenticated":true,"isAdmin":false,"userId":"686fb6464bd5b7b047454981","cartCount":0}
[19:52:10 10/07/2025] [DEBUG] Request authentication | Meta: {"url":"/profile/change-password","method":"GET","isAuthenticated":true,"isAdmin":false,"userId":"686fb6464bd5b7b047454981","cartCount":0}
[19:52:45 10/07/2025] [DEBUG] Request authentication | Meta: {"url":"/profile/change-password","method":"POST","isAuthenticated":true,"isAdmin":false,"userId":"686fb6464bd5b7b047454981","cartCount":0}
[20:02:16 10/07/2025] [DEBUG] Request authentication | Meta: {"url":"/profile/change-password","method":"POST","isAuthenticated":true,"isAdmin":false,"userId":"686fb6464bd5b7b047454981","cartCount":0}
[20:02:43 10/07/2025] [DEBUG] Request authentication | Meta: {"url":"/profile/change-password","method":"POST","isAuthenticated":true,"isAdmin":false,"userId":"686fb6464bd5b7b047454981","cartCount":0}
[20:04:50 10/07/2025] [DEBUG] Request authentication | Meta: {"url":"/profile/change-password","method":"POST","isAuthenticated":true,"isAdmin":false,"userId":"686fb6464bd5b7b047454981","cartCount":0}
[20:05:23 10/07/2025] [DEBUG] Request authentication | Meta: {"url":"/","method":"GET","isAuthenticated":true,"isAdmin":false,"userId":"686fb6464bd5b7b047454981","cartCount":0}
[20:05:28 10/07/2025] [DEBUG] Request authentication | Meta: {"url":"/orders","method":"GET","isAuthenticated":true,"isAdmin":false,"userId":"686fb6464bd5b7b047454981","cartCount":0}
[20:05:31 10/07/2025] [DEBUG] Request authentication | Meta: {"url":"/logout","method":"POST","isAuthenticated":true,"isAdmin":false,"userId":"686fb6464bd5b7b047454981","cartCount":0}
[20:05:31 10/07/2025] [DEBUG] Request authentication | Meta: {"url":"/","method":"GET","isAuthenticated":false,"userId":null,"cartCount":0}
[20:07:46 10/07/2025] [DEBUG] Request authentication | Meta: {"url":"/contact","method":"GET","isAuthenticated":false,"userId":null,"cartCount":0}
[20:07:59 10/07/2025] [DEBUG] Request authentication | Meta: {"url":"/contact","method":"POST","isAuthenticated":false,"userId":null,"cartCount":0}
[20:08:35 10/07/2025] [DEBUG] Request authentication | Meta: {"url":"/","method":"GET","isAuthenticated":false,"userId":null,"cartCount":0}
[20:08:51 10/07/2025] [DEBUG] Request authentication | Meta: {"url":"/login","method":"GET","isAuthenticated":false,"userId":null,"cartCount":0}
[20:08:56 10/07/2025] [DEBUG] Request authentication | Meta: {"url":"/login","method":"POST","isAuthenticated":false,"userId":null,"cartCount":0}
[20:08:57 10/07/2025] [DEBUG] Request authentication | Meta: {"url":"/admin/dashboard","method":"GET","isAuthenticated":true,"isAdmin":true,"userId":"6863a3bd5493cc908b53292a","cartCount":0}
[20:09:09 10/07/2025] [DEBUG] Request authentication | Meta: {"url":"/admin/accounts","method":"GET","isAuthenticated":true,"isAdmin":true,"userId":"6863a3bd5493cc908b53292a","cartCount":0}
[20:09:19 10/07/2025] [DEBUG] Request authentication | Meta: {"url":"/admin/accounts/6863a3bd5493cc908b53292a/edit","method":"GET","isAuthenticated":true,"isAdmin":true,"userId":"6863a3bd5493cc908b53292a","cartCount":0}
[20:10:00 10/07/2025] [DEBUG] Request authentication | Meta: {"url":"/admin/accounts/create","method":"GET","isAuthenticated":true,"isAdmin":true,"userId":"6863a3bd5493cc908b53292a","cartCount":0}
[20:10:02 10/07/2025] [DEBUG] Request authentication | Meta: {"url":"/admin/dashboard","method":"GET","isAuthenticated":true,"isAdmin":true,"userId":"6863a3bd5493cc908b53292a","cartCount":0}
[20:10:11 10/07/2025] [DEBUG] Request authentication | Meta: {"url":"/admin/orders","method":"GET","isAuthenticated":true,"isAdmin":true,"userId":"6863a3bd5493cc908b53292a","cartCount":0}
[20:10:15 10/07/2025] [DEBUG] Request authentication | Meta: {"url":"/admin/dashboard","method":"GET","isAuthenticated":true,"isAdmin":true,"userId":"6863a3bd5493cc908b53292a","cartCount":0}
[20:14:29 10/07/2025] [DEBUG] Request authentication | Meta: {"url":"/admin/dashboard","method":"GET","isAuthenticated":true,"isAdmin":true,"userId":"6863a3bd5493cc908b53292a","cartCount":0}
[20:15:07 10/07/2025] [DEBUG] Request authentication | Meta: {"url":"/admin/orders","method":"GET","isAuthenticated":true,"isAdmin":true,"userId":"6863a3bd5493cc908b53292a","cartCount":0}
[20:15:10 10/07/2025] [DEBUG] Request authentication | Meta: {"url":"/admin/dashboard","method":"GET","isAuthenticated":true,"isAdmin":true,"userId":"6863a3bd5493cc908b53292a","cartCount":0}
[20:17:22 10/07/2025] [DEBUG] Request authentication | Meta: {"url":"/logout","method":"POST","isAuthenticated":true,"isAdmin":true,"userId":"6863a3bd5493cc908b53292a","cartCount":0}
[20:17:23 10/07/2025] [DEBUG] Request authentication | Meta: {"url":"/","method":"GET","isAuthenticated":false,"userId":null,"cartCount":0}
[20:17:27 10/07/2025] [DEBUG] Request authentication | Meta: {"url":"/contact","method":"GET","isAuthenticated":false,"userId":null,"cartCount":0}
[20:17:31 10/07/2025] [DEBUG] Request authentication | Meta: {"url":"/login","method":"GET","isAuthenticated":false,"userId":null,"cartCount":0}
[20:17:33 10/07/2025] [DEBUG] Request authentication | Meta: {"url":"/login","method":"POST","isAuthenticated":false,"userId":null,"cartCount":0}
[20:17:34 10/07/2025] [DEBUG] Request authentication | Meta: {"url":"/admin/dashboard","method":"GET","isAuthenticated":true,"isAdmin":true,"userId":"6863a3bd5493cc908b53292a","cartCount":0}
[20:17:43 10/07/2025] [DEBUG] Request authentication | Meta: {"url":"/admin/products","method":"GET","isAuthenticated":true,"isAdmin":true,"userId":"6863a3bd5493cc908b53292a","cartCount":0}
[20:17:51 10/07/2025] [DEBUG] Request authentication | Meta: {"url":"/admin/edit-product/6865522580c38388b5018010?edit=true","method":"GET","isAuthenticated":true,"isAdmin":true,"userId":"6863a3bd5493cc908b53292a","cartCount":0}
[20:17:58 10/07/2025] [DEBUG] Request authentication | Meta: {"url":"/admin/dashboard","method":"GET","isAuthenticated":true,"isAdmin":true,"userId":"6863a3bd5493cc908b53292a","cartCount":0}
[20:18:00 10/07/2025] [DEBUG] Request authentication | Meta: {"url":"/admin/products","method":"GET","isAuthenticated":true,"isAdmin":true,"userId":"6863a3bd5493cc908b53292a","cartCount":0}
[20:18:09 10/07/2025] [DEBUG] Request authentication | Meta: {"url":"/admin/orders","method":"GET","isAuthenticated":true,"isAdmin":true,"userId":"6863a3bd5493cc908b53292a","cartCount":0}
[20:20:54 10/07/2025] [DEBUG] Request authentication | Meta: {"url":"/logout","method":"POST","isAuthenticated":true,"isAdmin":true,"userId":"6863a3bd5493cc908b53292a","cartCount":0}
[20:20:54 10/07/2025] [DEBUG] Request authentication | Meta: {"url":"/","method":"GET","isAuthenticated":false,"userId":null,"cartCount":0}
[20:20:56 10/07/2025] [DEBUG] Request authentication | Meta: {"url":"/login","method":"GET","isAuthenticated":false,"userId":null,"cartCount":0}
[20:21:07 10/07/2025] [DEBUG] Request authentication | Meta: {"url":"/login","method":"POST","isAuthenticated":false,"userId":null,"cartCount":0}
[20:21:07 10/07/2025] [DEBUG] Request authentication | Meta: {"url":"/","method":"GET","isAuthenticated":true,"isAdmin":false,"userId":"686fb6464bd5b7b047454981","cartCount":0}
[20:21:11 10/07/2025] [DEBUG] Request authentication | Meta: {"url":"/products/6865522580c38388b5018010","method":"GET","isAuthenticated":true,"isAdmin":false,"userId":"686fb6464bd5b7b047454981","cartCount":0}
[20:21:14 10/07/2025] [DEBUG] Request authentication | Meta: {"url":"/","method":"GET","isAuthenticated":true,"isAdmin":false,"userId":"686fb6464bd5b7b047454981","cartCount":0}
[20:21:17 10/07/2025] [DEBUG] Request authentication | Meta: {"url":"/products/6865522580c38388b5018016","method":"GET","isAuthenticated":true,"isAdmin":false,"userId":"686fb6464bd5b7b047454981","cartCount":0}
[20:21:22 10/07/2025] [DEBUG] Request authentication | Meta: {"url":"/cart/add","method":"POST","isAuthenticated":true,"isAdmin":false,"userId":"686fb6464bd5b7b047454981","cartCount":0}
[20:21:22 10/07/2025] [DEBUG] Request authentication | Meta: {"url":"/cart","method":"GET","isAuthenticated":true,"isAdmin":false,"userId":"686fb6464bd5b7b047454981","cartCount":1}
[20:21:23 10/07/2025] [DEBUG] Request authentication | Meta: {"url":"/cart","method":"GET","isAuthenticated":true,"isAdmin":false,"userId":"686fb6464bd5b7b047454981","cartCount":1}
[20:21:25 10/07/2025] [DEBUG] Request authentication | Meta: {"url":"/checkout","method":"GET","isAuthenticated":true,"isAdmin":false,"userId":"686fb6464bd5b7b047454981","cartCount":1}
[20:21:37 10/07/2025] [DEBUG] Request authentication | Meta: {"url":"/orders","method":"POST","isAuthenticated":true,"isAdmin":false,"userId":"686fb6464bd5b7b047454981","cartCount":1}
[20:21:40 10/07/2025] [DEBUG] Request authentication | Meta: {"url":"/orders","method":"GET","isAuthenticated":true,"isAdmin":false,"userId":"686fb6464bd5b7b047454981","cartCount":0}
[20:30:08 10/07/2025] [DEBUG] Request authentication | Meta: {"url":"/logout","method":"POST","isAuthenticated":true,"isAdmin":false,"userId":"686fb6464bd5b7b047454981","cartCount":0}
[20:30:08 10/07/2025] [DEBUG] Request authentication | Meta: {"url":"/","method":"GET","isAuthenticated":false,"userId":null,"cartCount":0}
[20:30:10 10/07/2025] [DEBUG] Request authentication | Meta: {"url":"/login","method":"GET","isAuthenticated":false,"userId":null,"cartCount":0}
[20:30:13 10/07/2025] [DEBUG] Request authentication | Meta: {"url":"/login","method":"POST","isAuthenticated":false,"userId":null,"cartCount":0}
[20:30:13 10/07/2025] [DEBUG] Request authentication | Meta: {"url":"/admin/dashboard","method":"GET","isAuthenticated":true,"isAdmin":true,"userId":"6863a3bd5493cc908b53292a","cartCount":0}
[20:30:15 10/07/2025] [DEBUG] Request authentication | Meta: {"url":"/admin/inventory","method":"GET","isAuthenticated":true,"isAdmin":true,"userId":"6863a3bd5493cc908b53292a","cartCount":0}
[20:30:18 10/07/2025] [DEBUG] Request authentication | Meta: {"url":"/admin/orders","method":"GET","isAuthenticated":true,"isAdmin":true,"userId":"6863a3bd5493cc908b53292a","cartCount":0}
[20:30:22 10/07/2025] [DEBUG] Request authentication | Meta: {"url":"/admin/orders","method":"GET","isAuthenticated":true,"isAdmin":true,"userId":"6863a3bd5493cc908b53292a","cartCount":0}
[20:30:22 10/07/2025] [DEBUG] Request authentication | Meta: {"url":"/admin/orders","method":"GET","isAuthenticated":true,"isAdmin":true,"userId":"6863a3bd5493cc908b53292a","cartCount":0}
[20:32:14 10/07/2025] [DEBUG] Request authentication | Meta: {"url":"/admin/orders","method":"GET","isAuthenticated":true,"isAdmin":true,"userId":"6863a3bd5493cc908b53292a","cartCount":0}
[20:32:19 10/07/2025] [DEBUG] Request authentication | Meta: {"url":"/admin/orders?page=2","method":"GET","isAuthenticated":true,"isAdmin":true,"userId":"6863a3bd5493cc908b53292a","cartCount":0}
[20:32:26 10/07/2025] [DEBUG] Request authentication | Meta: {"url":"/admin/orders?page=1","method":"GET","isAuthenticated":true,"isAdmin":true,"userId":"6863a3bd5493cc908b53292a","cartCount":0}
[20:33:53 10/07/2025] [DEBUG] Request authentication | Meta: {"url":"/logout","method":"POST","isAuthenticated":true,"isAdmin":true,"userId":"6863a3bd5493cc908b53292a","cartCount":0}
[20:33:53 10/07/2025] [DEBUG] Request authentication | Meta: {"url":"/","method":"GET","isAuthenticated":false,"userId":null,"cartCount":0}
[20:33:55 10/07/2025] [DEBUG] Request authentication | Meta: {"url":"/login","method":"GET","isAuthenticated":false,"userId":null,"cartCount":0}
[20:33:58 10/07/2025] [DEBUG] Request authentication | Meta: {"url":"/login","method":"POST","isAuthenticated":false,"userId":null,"cartCount":0}
[20:33:58 10/07/2025] [DEBUG] Request authentication | Meta: {"url":"/","method":"GET","isAuthenticated":true,"isAdmin":false,"userId":"686fb6464bd5b7b047454981","cartCount":0}
[20:34:01 10/07/2025] [DEBUG] Request authentication | Meta: {"url":"/orders","method":"GET","isAuthenticated":true,"isAdmin":false,"userId":"686fb6464bd5b7b047454981","cartCount":0}
[20:37:17 10/07/2025] [DEBUG] Request authentication | Meta: {"url":"/orders","method":"GET","isAuthenticated":true,"isAdmin":false,"userId":"686fb6464bd5b7b047454981","cartCount":0}
[20:37:26 10/07/2025] [DEBUG] Request authentication | Meta: {"url":"/orders/686fbe61ae2dc7f1fe12aa81/cancel","method":"POST","isAuthenticated":true,"isAdmin":false,"userId":"686fb6464bd5b7b047454981","cartCount":0}
[20:37:26 10/07/2025] [DEBUG] Request authentication | Meta: {"url":"/orders","method":"GET","isAuthenticated":true,"isAdmin":false,"userId":"686fb6464bd5b7b047454981","cartCount":0}
[20:37:54 10/07/2025] [DEBUG] Request authentication | Meta: {"url":"/logout","method":"POST","isAuthenticated":true,"isAdmin":false,"userId":"686fb6464bd5b7b047454981","cartCount":0}
[20:37:54 10/07/2025] [DEBUG] Request authentication | Meta: {"url":"/","method":"GET","isAuthenticated":false,"userId":null,"cartCount":0}
[20:37:56 10/07/2025] [DEBUG] Request authentication | Meta: {"url":"/login","method":"GET","isAuthenticated":false,"userId":null,"cartCount":0}
[20:38:00 10/07/2025] [DEBUG] Request authentication | Meta: {"url":"/login","method":"POST","isAuthenticated":false,"userId":null,"cartCount":0}
[20:38:01 10/07/2025] [DEBUG] Request authentication | Meta: {"url":"/admin/dashboard","method":"GET","isAuthenticated":true,"isAdmin":true,"userId":"6863a3bd5493cc908b53292a","cartCount":0}
[20:38:02 10/07/2025] [DEBUG] Request authentication | Meta: {"url":"/admin/orders","method":"GET","isAuthenticated":true,"isAdmin":true,"userId":"6863a3bd5493cc908b53292a","cartCount":0}
[20:38:06 10/07/2025] [DEBUG] Request authentication | Meta: {"url":"/admin/orders/686fbe61ae2dc7f1fe12aa81","method":"GET","isAuthenticated":true,"isAdmin":true,"userId":"6863a3bd5493cc908b53292a","cartCount":0}
[20:38:14 10/07/2025] [DEBUG] Request authentication | Meta: {"url":"/admin/products","method":"GET","isAuthenticated":true,"isAdmin":true,"userId":"6863a3bd5493cc908b53292a","cartCount":0}
[20:38:17 10/07/2025] [DEBUG] Request authentication | Meta: {"url":"/admin/orders","method":"GET","isAuthenticated":true,"isAdmin":true,"userId":"6863a3bd5493cc908b53292a","cartCount":0}
