[20:23:40 14/10/2025] [DEBUG] Request authentication | Meta: {"url":"/","method":"GET","isAuthenticated":true,"isAdmin":true,"userId":"68ccdf9b7eea2d6be5a2f41b","cartCount":0}
[20:23:43 14/10/2025] [DEBUG] Request authentication | Meta: {"url":"/uploads/slides/slide-sample-3.jpg","method":"GET","isAuthenticated":true,"isAdmin":true,"userId":"68ccdf9b7eea2d6be5a2f41b","cartCount":0}
[20:23:44 14/10/2025] [DEBUG] Request authentication | Meta: {"url":"/uploads/slides/slide-sample-2.jpg","method":"GET","isAuthenticated":true,"isAdmin":true,"userId":"68ccdf9b7eea2d6be5a2f41b","cartCount":0}
[20:23:45 14/10/2025] [DEBUG] Request authentication | Meta: {"url":"/favicon.ico","method":"GET","isAuthenticated":true,"isAdmin":true,"userId":"68ccdf9b7eea2d6be5a2f41b","cartCount":0}
[20:23:46 14/10/2025] [DEBUG] Request authentication | Meta: {"url":"/admin/dashboard","method":"GET","isAuthenticated":true,"isAdmin":true,"userId":"68ccdf9b7eea2d6be5a2f41b","cartCount":0}
[20:24:09 14/10/2025] [DEBUG] Request authentication | Meta: {"url":"/admin/reviews","method":"GET","isAuthenticated":true,"isAdmin":true,"userId":"68ccdf9b7eea2d6be5a2f41b","cartCount":0}
[20:24:16 14/10/2025] [DEBUG] Request authentication | Meta: {"url":"/admin/accounts","method":"GET","isAuthenticated":true,"isAdmin":true,"userId":"68ccdf9b7eea2d6be5a2f41b","cartCount":0}
[20:35:55 14/10/2025] [DEBUG] Request authentication | Meta: {"url":"/admin/reviews","method":"GET","isAuthenticated":true,"isAdmin":true,"userId":"68ccdf9b7eea2d6be5a2f41b","cartCount":0}
[20:36:02 14/10/2025] [DEBUG] Request authentication | Meta: {"url":"/admin/categories","method":"GET","isAuthenticated":true,"isAdmin":true,"userId":"68ccdf9b7eea2d6be5a2f41b","cartCount":0}
[20:36:05 14/10/2025] [DEBUG] Request authentication | Meta: {"url":"/admin/orders","method":"GET","isAuthenticated":true,"isAdmin":true,"userId":"68ccdf9b7eea2d6be5a2f41b","cartCount":0}
[20:36:09 14/10/2025] [DEBUG] Request authentication | Meta: {"url":"/admin/products","method":"GET","isAuthenticated":true,"isAdmin":true,"userId":"68ccdf9b7eea2d6be5a2f41b","cartCount":0}
[20:51:46 14/10/2025] [DEBUG] Request authentication | Meta: {"url":"/admin/products","method":"GET","isAuthenticated":true,"isAdmin":true,"userId":"68ccdf9b7eea2d6be5a2f41b","cartCount":0}
[20:52:01 14/10/2025] [DEBUG] Request authentication | Meta: {"url":"/admin/add-product","method":"GET","isAuthenticated":true,"isAdmin":true,"userId":"68ccdf9b7eea2d6be5a2f41b","cartCount":0}
[20:52:46 14/10/2025] [DEBUG] Request authentication | Meta: {"url":"/admin/add-product","method":"POST","isAuthenticated":true,"isAdmin":true,"userId":"68ccdf9b7eea2d6be5a2f41b","cartCount":0}
[20:52:49 14/10/2025] [DEBUG] Request authentication | Meta: {"url":"/admin/products","method":"GET","isAuthenticated":true,"isAdmin":true,"userId":"68ccdf9b7eea2d6be5a2f41b","cartCount":0}
[21:18:24 14/10/2025] [DEBUG] Request authentication | Meta: {"url":"/admin/products","method":"GET","isAuthenticated":true,"isAdmin":true,"userId":"68ccdf9b7eea2d6be5a2f41b","cartCount":0}
[21:22:05 14/10/2025] [DEBUG] Request authentication | Meta: {"url":"/admin/products","method":"GET","isAuthenticated":true,"isAdmin":true,"userId":"68ccdf9b7eea2d6be5a2f41b","cartCount":0}
[21:22:17 14/10/2025] [DEBUG] Request authentication | Meta: {"url":"/admin/products","method":"GET","isAuthenticated":true,"isAdmin":true,"userId":"68ccdf9b7eea2d6be5a2f41b","cartCount":0}
[21:23:39 14/10/2025] [DEBUG] Request authentication | Meta: {"url":"/admin/products","method":"GET","isAuthenticated":true,"isAdmin":true,"userId":"68ccdf9b7eea2d6be5a2f41b","cartCount":0}
[21:23:54 14/10/2025] [DEBUG] Request authentication | Meta: {"url":"/admin/products?search=tim&category=&brand=","method":"GET","isAuthenticated":true,"isAdmin":true,"userId":"68ccdf9b7eea2d6be5a2f41b","cartCount":0}
[21:24:04 14/10/2025] [DEBUG] Request authentication | Meta: {"url":"/admin/products?search=&category=&brand=","method":"GET","isAuthenticated":true,"isAdmin":true,"userId":"68ccdf9b7eea2d6be5a2f41b","cartCount":0}
[21:24:16 14/10/2025] [DEBUG] Request authentication | Meta: {"url":"/admin/products?search=adi&category=&brand=","method":"GET","isAuthenticated":true,"isAdmin":true,"userId":"68ccdf9b7eea2d6be5a2f41b","cartCount":0}
[21:24:22 14/10/2025] [DEBUG] Request authentication | Meta: {"url":"/admin/products?search=&category=&brand=","method":"GET","isAuthenticated":true,"isAdmin":true,"userId":"68ccdf9b7eea2d6be5a2f41b","cartCount":0}
[21:24:29 14/10/2025] [DEBUG] Request authentication | Meta: {"url":"/admin/products?search=&category=sneaker&brand=","method":"GET","isAuthenticated":true,"isAdmin":true,"userId":"68ccdf9b7eea2d6be5a2f41b","cartCount":0}
[21:24:33 14/10/2025] [DEBUG] Request authentication | Meta: {"url":"/admin/products?search=&category=sneaker&brand=Adidas","method":"GET","isAuthenticated":true,"isAdmin":true,"userId":"68ccdf9b7eea2d6be5a2f41b","cartCount":0}
[21:24:40 14/10/2025] [DEBUG] Request authentication | Meta: {"url":"/admin/products?search=&category=sneaker&brand=New+Balance","method":"GET","isAuthenticated":true,"isAdmin":true,"userId":"68ccdf9b7eea2d6be5a2f41b","cartCount":0}
[21:24:43 14/10/2025] [DEBUG] Request authentication | Meta: {"url":"/admin/products?search=&category=&brand=","method":"GET","isAuthenticated":true,"isAdmin":true,"userId":"68ccdf9b7eea2d6be5a2f41b","cartCount":0}
[21:24:50 14/10/2025] [DEBUG] Request authentication | Meta: {"url":"/admin/products?search=&category=&brand=Puma","method":"GET","isAuthenticated":true,"isAdmin":true,"userId":"68ccdf9b7eea2d6be5a2f41b","cartCount":0}
[21:24:53 14/10/2025] [DEBUG] Request authentication | Meta: {"url":"/admin/products?search=&category=&brand=","method":"GET","isAuthenticated":true,"isAdmin":true,"userId":"68ccdf9b7eea2d6be5a2f41b","cartCount":0}
[21:25:03 14/10/2025] [DEBUG] Request authentication | Meta: {"url":"/admin/orders","method":"GET","isAuthenticated":true,"isAdmin":true,"userId":"68ccdf9b7eea2d6be5a2f41b","cartCount":0}
[21:25:09 14/10/2025] [DEBUG] Request authentication | Meta: {"url":"/admin/products","method":"GET","isAuthenticated":true,"isAdmin":true,"userId":"68ccdf9b7eea2d6be5a2f41b","cartCount":0}
[21:25:15 14/10/2025] [DEBUG] Request authentication | Meta: {"url":"/admin/orders","method":"GET","isAuthenticated":true,"isAdmin":true,"userId":"68ccdf9b7eea2d6be5a2f41b","cartCount":0}
[21:25:16 14/10/2025] [DEBUG] Request authentication | Meta: {"url":"/admin/accounts","method":"GET","isAuthenticated":true,"isAdmin":true,"userId":"68ccdf9b7eea2d6be5a2f41b","cartCount":0}
[21:25:19 14/10/2025] [DEBUG] Request authentication | Meta: {"url":"/admin/categories","method":"GET","isAuthenticated":true,"isAdmin":true,"userId":"68ccdf9b7eea2d6be5a2f41b","cartCount":0}
[21:25:23 14/10/2025] [DEBUG] Request authentication | Meta: {"url":"/admin/brands","method":"GET","isAuthenticated":true,"isAdmin":true,"userId":"68ccdf9b7eea2d6be5a2f41b","cartCount":0}
[21:25:25 14/10/2025] [DEBUG] Request authentication | Meta: {"url":"/admin/reviews","method":"GET","isAuthenticated":true,"isAdmin":true,"userId":"68ccdf9b7eea2d6be5a2f41b","cartCount":0}
[21:25:30 14/10/2025] [DEBUG] Request authentication | Meta: {"url":"/admin/slides","method":"GET","isAuthenticated":true,"isAdmin":true,"userId":"68ccdf9b7eea2d6be5a2f41b","cartCount":0}
[21:25:30 14/10/2025] [DEBUG] Request authentication | Meta: {"url":"/uploads/slides/slide-sample-3.jpg","method":"GET","isAuthenticated":true,"isAdmin":true,"userId":"68ccdf9b7eea2d6be5a2f41b","cartCount":0}
[21:25:30 14/10/2025] [DEBUG] Request authentication | Meta: {"url":"/uploads/slides/slide-sample-2.jpg","method":"GET","isAuthenticated":true,"isAdmin":true,"userId":"68ccdf9b7eea2d6be5a2f41b","cartCount":0}
[21:25:33 14/10/2025] [DEBUG] Request authentication | Meta: {"url":"/admin/accounts","method":"GET","isAuthenticated":true,"isAdmin":true,"userId":"68ccdf9b7eea2d6be5a2f41b","cartCount":0}
[21:25:37 14/10/2025] [DEBUG] Request authentication | Meta: {"url":"/admin/products","method":"GET","isAuthenticated":true,"isAdmin":true,"userId":"68ccdf9b7eea2d6be5a2f41b","cartCount":0}
[21:25:53 14/10/2025] [DEBUG] Request authentication | Meta: {"url":"/admin/orders","method":"GET","isAuthenticated":true,"isAdmin":true,"userId":"68ccdf9b7eea2d6be5a2f41b","cartCount":0}
[21:25:59 14/10/2025] [DEBUG] Request authentication | Meta: {"url":"/admin/brands","method":"GET","isAuthenticated":true,"isAdmin":true,"userId":"68ccdf9b7eea2d6be5a2f41b","cartCount":0}
[21:26:10 14/10/2025] [DEBUG] Request authentication | Meta: {"url":"/admin/products","method":"GET","isAuthenticated":true,"isAdmin":true,"userId":"68ccdf9b7eea2d6be5a2f41b","cartCount":0}
[21:26:21 14/10/2025] [DEBUG] Request authentication | Meta: {"url":"/admin/dashboard","method":"GET","isAuthenticated":true,"isAdmin":true,"userId":"68ccdf9b7eea2d6be5a2f41b","cartCount":0}
[21:26:52 14/10/2025] [DEBUG] Request authentication | Meta: {"url":"/admin/products","method":"GET","isAuthenticated":true,"isAdmin":true,"userId":"68ccdf9b7eea2d6be5a2f41b","cartCount":0}
[21:27:50 14/10/2025] [DEBUG] Request authentication | Meta: {"url":"/admin/products","method":"GET","isAuthenticated":true,"isAdmin":true,"userId":"68ccdf9b7eea2d6be5a2f41b","cartCount":0}
[21:28:02 14/10/2025] [DEBUG] Request authentication | Meta: {"url":"/admin/products","method":"GET","isAuthenticated":true,"isAdmin":true,"userId":"68ccdf9b7eea2d6be5a2f41b","cartCount":0}
[21:28:06 14/10/2025] [DEBUG] Request authentication | Meta: {"url":"/admin/orders","method":"GET","isAuthenticated":true,"isAdmin":true,"userId":"68ccdf9b7eea2d6be5a2f41b","cartCount":0}
[21:28:09 14/10/2025] [DEBUG] Request authentication | Meta: {"url":"/admin/accounts","method":"GET","isAuthenticated":true,"isAdmin":true,"userId":"68ccdf9b7eea2d6be5a2f41b","cartCount":0}
[21:28:11 14/10/2025] [DEBUG] Request authentication | Meta: {"url":"/admin/categories","method":"GET","isAuthenticated":true,"isAdmin":true,"userId":"68ccdf9b7eea2d6be5a2f41b","cartCount":0}
[21:28:17 14/10/2025] [DEBUG] Request authentication | Meta: {"url":"/admin/brands","method":"GET","isAuthenticated":true,"isAdmin":true,"userId":"68ccdf9b7eea2d6be5a2f41b","cartCount":0}
[21:28:19 14/10/2025] [DEBUG] Request authentication | Meta: {"url":"/admin/reviews","method":"GET","isAuthenticated":true,"isAdmin":true,"userId":"68ccdf9b7eea2d6be5a2f41b","cartCount":0}
[21:28:25 14/10/2025] [DEBUG] Request authentication | Meta: {"url":"/admin/slides","method":"GET","isAuthenticated":true,"isAdmin":true,"userId":"68ccdf9b7eea2d6be5a2f41b","cartCount":0}
[21:28:26 14/10/2025] [DEBUG] Request authentication | Meta: {"url":"/uploads/slides/slide-sample-3.jpg","method":"GET","isAuthenticated":true,"isAdmin":true,"userId":"68ccdf9b7eea2d6be5a2f41b","cartCount":0}
[21:28:26 14/10/2025] [DEBUG] Request authentication | Meta: {"url":"/uploads/slides/slide-sample-2.jpg","method":"GET","isAuthenticated":true,"isAdmin":true,"userId":"68ccdf9b7eea2d6be5a2f41b","cartCount":0}
[21:28:28 14/10/2025] [DEBUG] Request authentication | Meta: {"url":"/admin/accounts","method":"GET","isAuthenticated":true,"isAdmin":true,"userId":"68ccdf9b7eea2d6be5a2f41b","cartCount":0}
[21:28:32 14/10/2025] [DEBUG] Request authentication | Meta: {"url":"/admin/dashboard","method":"GET","isAuthenticated":true,"isAdmin":true,"userId":"68ccdf9b7eea2d6be5a2f41b","cartCount":0}
[21:28:56 14/10/2025] [DEBUG] Request authentication | Meta: {"url":"/admin/products","method":"GET","isAuthenticated":true,"isAdmin":true,"userId":"68ccdf9b7eea2d6be5a2f41b","cartCount":0}
[21:29:04 14/10/2025] [DEBUG] Request authentication | Meta: {"url":"/admin/orders","method":"GET","isAuthenticated":true,"isAdmin":true,"userId":"68ccdf9b7eea2d6be5a2f41b","cartCount":0}
[21:29:25 14/10/2025] [DEBUG] Request authentication | Meta: {"url":"/admin/orders/68d01cc162d9f1d6d5de9797","method":"GET","isAuthenticated":true,"isAdmin":true,"userId":"68ccdf9b7eea2d6be5a2f41b","cartCount":0}
[21:29:43 14/10/2025] [DEBUG] Request authentication | Meta: {"url":"/admin/orders/68cfc9f3aea2b28989e7c7a1/delete","method":"DELETE","isAuthenticated":true,"isAdmin":true,"userId":"68ccdf9b7eea2d6be5a2f41b","cartCount":0}
[21:29:43 14/10/2025] [DEBUG] Request authentication | Meta: {"url":"/admin/orders","method":"GET","isAuthenticated":true,"isAdmin":true,"userId":"68ccdf9b7eea2d6be5a2f41b","cartCount":0}
[21:30:00 14/10/2025] [DEBUG] Request authentication | Meta: {"url":"/admin/orders/68d3a551c297e6776d7b3050","method":"GET","isAuthenticated":true,"isAdmin":true,"userId":"68ccdf9b7eea2d6be5a2f41b","cartCount":0}
[21:32:35 14/10/2025] [DEBUG] Request authentication | Meta: {"url":"/admin/orders","method":"GET","isAuthenticated":true,"isAdmin":true,"userId":"68ccdf9b7eea2d6be5a2f41b","cartCount":0}
[21:32:41 14/10/2025] [DEBUG] Request authentication | Meta: {"url":"/admin/orders/68d3a551c297e6776d7b3050","method":"GET","isAuthenticated":true,"isAdmin":true,"userId":"68ccdf9b7eea2d6be5a2f41b","cartCount":0}
[21:33:17 14/10/2025] [DEBUG] Request authentication | Meta: {"url":"/admin/orders/68d3a551c297e6776d7b3050","method":"GET","isAuthenticated":true,"isAdmin":true,"userId":"68ccdf9b7eea2d6be5a2f41b","cartCount":0}
[21:35:24 14/10/2025] [DEBUG] Request authentication | Meta: {"url":"/admin/orders","method":"GET","isAuthenticated":true,"isAdmin":true,"userId":"68ccdf9b7eea2d6be5a2f41b","cartCount":0}
[21:35:28 14/10/2025] [DEBUG] Request authentication | Meta: {"url":"/admin/orders/68d3a551c297e6776d7b3050","method":"GET","isAuthenticated":true,"isAdmin":true,"userId":"68ccdf9b7eea2d6be5a2f41b","cartCount":0}
[21:35:43 14/10/2025] [DEBUG] Request authentication | Meta: {"url":"/admin/orders","method":"GET","isAuthenticated":true,"isAdmin":true,"userId":"68ccdf9b7eea2d6be5a2f41b","cartCount":0}
[21:35:59 14/10/2025] [DEBUG] Request authentication | Meta: {"url":"/admin/orders/68d3a551c297e6776d7b3050","method":"GET","isAuthenticated":false,"userId":null,"cartCount":0}
[21:36:00 14/10/2025] [DEBUG] Request authentication | Meta: {"url":"/login","method":"GET","isAuthenticated":false,"userId":null,"cartCount":0}
[21:36:02 14/10/2025] [DEBUG] Request authentication | Meta: {"url":"/login","method":"POST","isAuthenticated":false,"userId":null,"cartCount":0}
[21:36:03 14/10/2025] [DEBUG] Request authentication | Meta: {"url":"/admin/dashboard","method":"GET","isAuthenticated":true,"isAdmin":true,"userId":"68ccdf9b7eea2d6be5a2f41b","cartCount":0}
[21:36:07 14/10/2025] [DEBUG] Request authentication | Meta: {"url":"/admin/orders","method":"GET","isAuthenticated":true,"isAdmin":true,"userId":"68ccdf9b7eea2d6be5a2f41b","cartCount":0}
[21:36:13 14/10/2025] [DEBUG] Request authentication | Meta: {"url":"/admin/orders/68d3a551c297e6776d7b3050","method":"GET","isAuthenticated":true,"isAdmin":true,"userId":"68ccdf9b7eea2d6be5a2f41b","cartCount":0}
[21:36:23 14/10/2025] [DEBUG] Request authentication | Meta: {"url":"/admin/update-order-status","method":"POST","isAuthenticated":true,"isAdmin":true,"userId":"68ccdf9b7eea2d6be5a2f41b","cartCount":0}
[21:36:23 14/10/2025] [DEBUG] Request authentication | Meta: {"url":"/admin/orders/68d3a551c297e6776d7b3050?success=status_updated","method":"GET","isAuthenticated":true,"isAdmin":true,"userId":"68ccdf9b7eea2d6be5a2f41b","cartCount":0}
[21:37:35 14/10/2025] [DEBUG] Request authentication | Meta: {"url":"/admin/update-payment-status","method":"POST","isAuthenticated":true,"isAdmin":true,"userId":"68ccdf9b7eea2d6be5a2f41b","cartCount":0}
[21:37:39 14/10/2025] [DEBUG] Request authentication | Meta: {"url":"/admin/orders/68d3a551c297e6776d7b3050?success=payment_updated","method":"GET","isAuthenticated":true,"isAdmin":true,"userId":"68ccdf9b7eea2d6be5a2f41b","cartCount":0}
[21:38:10 14/10/2025] [DEBUG] Request authentication | Meta: {"url":"/admin/update-order-status","method":"POST","isAuthenticated":true,"isAdmin":true,"userId":"68ccdf9b7eea2d6be5a2f41b","cartCount":0}
[21:38:10 14/10/2025] [DEBUG] Request authentication | Meta: {"url":"/admin/orders/68d3a551c297e6776d7b3050?success=status_updated","method":"GET","isAuthenticated":true,"isAdmin":true,"userId":"68ccdf9b7eea2d6be5a2f41b","cartCount":0}
[21:38:32 14/10/2025] [DEBUG] Request authentication | Meta: {"url":"/admin/update-order-status","method":"POST","isAuthenticated":true,"isAdmin":true,"userId":"68ccdf9b7eea2d6be5a2f41b","cartCount":0}
[21:38:35 14/10/2025] [DEBUG] Request authentication | Meta: {"url":"/admin/orders/68d3a551c297e6776d7b3050?success=status_updated","method":"GET","isAuthenticated":true,"isAdmin":true,"userId":"68ccdf9b7eea2d6be5a2f41b","cartCount":0}
[21:39:15 14/10/2025] [DEBUG] Request authentication | Meta: {"url":"/admin/orders/68d3a551c297e6776d7b3050/invoice","method":"GET","isAuthenticated":true,"isAdmin":true,"userId":"68ccdf9b7eea2d6be5a2f41b","cartCount":0}
[21:46:36 14/10/2025] [DEBUG] Request authentication | Meta: {"url":"/admin/orders/68d3a551c297e6776d7b3050?success=status_updated","method":"GET","isAuthenticated":true,"isAdmin":true,"userId":"68ccdf9b7eea2d6be5a2f41b","cartCount":0}
[21:46:40 14/10/2025] [DEBUG] Request authentication | Meta: {"url":"/admin/orders","method":"GET","isAuthenticated":true,"isAdmin":true,"userId":"68ccdf9b7eea2d6be5a2f41b","cartCount":0}
[21:46:44 14/10/2025] [DEBUG] Request authentication | Meta: {"url":"/admin/orders/68d01ad97f451701fef26b0a","method":"GET","isAuthenticated":true,"isAdmin":true,"userId":"68ccdf9b7eea2d6be5a2f41b","cartCount":0}
[21:46:50 14/10/2025] [DEBUG] Request authentication | Meta: {"url":"/admin/update-order-status","method":"POST","isAuthenticated":true,"isAdmin":true,"userId":"68ccdf9b7eea2d6be5a2f41b","cartCount":0}
[21:46:54 14/10/2025] [DEBUG] Request authentication | Meta: {"url":"/admin/orders/68d01ad97f451701fef26b0a?success=status_updated","method":"GET","isAuthenticated":true,"isAdmin":true,"userId":"68ccdf9b7eea2d6be5a2f41b","cartCount":0}
[21:47:22 14/10/2025] [DEBUG] Request authentication | Meta: {"url":"/admin/update-order-status","method":"POST","isAuthenticated":true,"isAdmin":true,"userId":"68ccdf9b7eea2d6be5a2f41b","cartCount":0}
[21:47:26 14/10/2025] [DEBUG] Request authentication | Meta: {"url":"/admin/orders/68d01ad97f451701fef26b0a?success=status_updated","method":"GET","isAuthenticated":true,"isAdmin":true,"userId":"68ccdf9b7eea2d6be5a2f41b","cartCount":0}
[21:47:42 14/10/2025] [DEBUG] Request authentication | Meta: {"url":"/admin/update-payment-status","method":"POST","isAuthenticated":true,"isAdmin":true,"userId":"68ccdf9b7eea2d6be5a2f41b","cartCount":0}
[21:47:45 14/10/2025] [DEBUG] Request authentication | Meta: {"url":"/admin/orders/68d01ad97f451701fef26b0a?success=payment_updated","method":"GET","isAuthenticated":true,"isAdmin":true,"userId":"68ccdf9b7eea2d6be5a2f41b","cartCount":0}
[21:48:17 14/10/2025] [DEBUG] Request authentication | Meta: {"url":"/admin/orders","method":"GET","isAuthenticated":true,"isAdmin":true,"userId":"68ccdf9b7eea2d6be5a2f41b","cartCount":0}
[21:51:48 14/10/2025] [DEBUG] Request authentication | Meta: {"url":"/admin/orders","method":"GET","isAuthenticated":true,"isAdmin":true,"userId":"68ccdf9b7eea2d6be5a2f41b","cartCount":0}
[21:51:51 14/10/2025] [DEBUG] Request authentication | Meta: {"url":"/admin/orders","method":"GET","isAuthenticated":true,"isAdmin":true,"userId":"68ccdf9b7eea2d6be5a2f41b","cartCount":0}
[21:52:01 14/10/2025] [DEBUG] Request authentication | Meta: {"url":"/admin/orders/68d3a551c297e6776d7b3050","method":"GET","isAuthenticated":true,"isAdmin":true,"userId":"68ccdf9b7eea2d6be5a2f41b","cartCount":0}
[21:52:09 14/10/2025] [DEBUG] Request authentication | Meta: {"url":"/admin/orders/68d3a551c297e6776d7b3050","method":"GET","isAuthenticated":true,"isAdmin":true,"userId":"68ccdf9b7eea2d6be5a2f41b","cartCount":0}
[21:52:14 14/10/2025] [DEBUG] Request authentication | Meta: {"url":"/admin/orders","method":"GET","isAuthenticated":true,"isAdmin":true,"userId":"68ccdf9b7eea2d6be5a2f41b","cartCount":0}
[21:52:17 14/10/2025] [DEBUG] Request authentication | Meta: {"url":"/admin/orders/68d3a551c297e6776d7b3050","method":"GET","isAuthenticated":true,"isAdmin":true,"userId":"68ccdf9b7eea2d6be5a2f41b","cartCount":0}
[21:52:21 14/10/2025] [DEBUG] Request authentication | Meta: {"url":"/admin/orders","method":"GET","isAuthenticated":true,"isAdmin":true,"userId":"68ccdf9b7eea2d6be5a2f41b","cartCount":0}
[21:55:52 14/10/2025] [DEBUG] Request authentication | Meta: {"url":"/admin/orders","method":"GET","isAuthenticated":true,"isAdmin":true,"userId":"68ccdf9b7eea2d6be5a2f41b","cartCount":0}
[21:55:56 14/10/2025] [DEBUG] Request authentication | Meta: {"url":"/admin/orders/68d3a551c297e6776d7b3050","method":"GET","isAuthenticated":true,"isAdmin":true,"userId":"68ccdf9b7eea2d6be5a2f41b","cartCount":0}
[21:57:55 14/10/2025] [DEBUG] Request authentication | Meta: {"url":"/admin/orders/68d3a551c297e6776d7b3050","method":"GET","isAuthenticated":true,"isAdmin":true,"userId":"68ccdf9b7eea2d6be5a2f41b","cartCount":0}
[21:58:40 14/10/2025] [DEBUG] Request authentication | Meta: {"url":"/admin/orders","method":"GET","isAuthenticated":true,"isAdmin":true,"userId":"68ccdf9b7eea2d6be5a2f41b","cartCount":0}
[21:58:58 14/10/2025] [DEBUG] Request authentication | Meta: {"url":"/admin/orders?search=%2368d01496&status=&paymentStatus=","method":"GET","isAuthenticated":true,"isAdmin":true,"userId":"68ccdf9b7eea2d6be5a2f41b","cartCount":0}
[21:59:02 14/10/2025] [DEBUG] Request authentication | Meta: {"url":"/admin/orders?search=68d01496&status=&paymentStatus=","method":"GET","isAuthenticated":true,"isAdmin":true,"userId":"68ccdf9b7eea2d6be5a2f41b","cartCount":0}
[21:59:05 14/10/2025] [DEBUG] Request authentication | Meta: {"url":"/admin/orders","method":"GET","isAuthenticated":true,"isAdmin":true,"userId":"68ccdf9b7eea2d6be5a2f41b","cartCount":0}
[21:59:17 14/10/2025] [DEBUG] Request authentication | Meta: {"url":"/admin/orders?search=&status=&paymentStatus=pending","method":"GET","isAuthenticated":true,"isAdmin":true,"userId":"68ccdf9b7eea2d6be5a2f41b","cartCount":0}
[21:59:22 14/10/2025] [DEBUG] Request authentication | Meta: {"url":"/admin/orders","method":"GET","isAuthenticated":true,"isAdmin":true,"userId":"68ccdf9b7eea2d6be5a2f41b","cartCount":0}
[21:59:32 14/10/2025] [DEBUG] Request authentication | Meta: {"url":"/admin/orders/68d3a551c297e6776d7b3050","method":"GET","isAuthenticated":true,"isAdmin":true,"userId":"68ccdf9b7eea2d6be5a2f41b","cartCount":0}
[21:59:40 14/10/2025] [DEBUG] Request authentication | Meta: {"url":"/admin/orders","method":"GET","isAuthenticated":true,"isAdmin":true,"userId":"68ccdf9b7eea2d6be5a2f41b","cartCount":0}
[22:02:01 14/10/2025] [DEBUG] Request authentication | Meta: {"url":"/admin/orders","method":"GET","isAuthenticated":true,"isAdmin":true,"userId":"68ccdf9b7eea2d6be5a2f41b","cartCount":0}
[22:03:01 14/10/2025] [DEBUG] Request authentication | Meta: {"url":"/admin/orders/68d3a551c297e6776d7b3050","method":"GET","isAuthenticated":true,"isAdmin":true,"userId":"68ccdf9b7eea2d6be5a2f41b","cartCount":0}
[22:03:06 14/10/2025] [DEBUG] Request authentication | Meta: {"url":"/admin/orders","method":"GET","isAuthenticated":true,"isAdmin":true,"userId":"68ccdf9b7eea2d6be5a2f41b","cartCount":0}
[22:09:48 14/10/2025] [DEBUG] Request authentication | Meta: {"url":"/admin/orders","method":"GET","isAuthenticated":true,"isAdmin":true,"userId":"68ccdf9b7eea2d6be5a2f41b","cartCount":0}
[22:10:21 14/10/2025] [DEBUG] Request authentication | Meta: {"url":"/admin/orders","method":"GET","isAuthenticated":true,"isAdmin":true,"userId":"68ccdf9b7eea2d6be5a2f41b","cartCount":0}
[22:12:32 14/10/2025] [DEBUG] Request authentication | Meta: {"url":"/admin/orders","method":"GET","isAuthenticated":true,"isAdmin":true,"userId":"68ccdf9b7eea2d6be5a2f41b","cartCount":0}
[22:12:39 14/10/2025] [DEBUG] Request authentication | Meta: {"url":"/admin/accounts","method":"GET","isAuthenticated":true,"isAdmin":true,"userId":"68ccdf9b7eea2d6be5a2f41b","cartCount":0}
[22:12:41 14/10/2025] [DEBUG] Request authentication | Meta: {"url":"/admin/orders","method":"GET","isAuthenticated":true,"isAdmin":true,"userId":"68ccdf9b7eea2d6be5a2f41b","cartCount":0}
[22:13:16 14/10/2025] [DEBUG] Request authentication | Meta: {"url":"/logout","method":"GET","isAuthenticated":true,"isAdmin":true,"userId":"68ccdf9b7eea2d6be5a2f41b","cartCount":0}
[22:13:16 14/10/2025] [DEBUG] Request authentication | Meta: {"url":"/","method":"GET","isAuthenticated":false,"userId":null,"cartCount":0}
[22:13:18 14/10/2025] [DEBUG] Request authentication | Meta: {"url":"/uploads/slides/slide-sample-2.jpg","method":"GET","isAuthenticated":false,"userId":null,"cartCount":0}
[22:13:19 14/10/2025] [DEBUG] Request authentication | Meta: {"url":"/uploads/slides/slide-sample-3.jpg","method":"GET","isAuthenticated":false,"userId":null,"cartCount":0}
[22:13:19 14/10/2025] [DEBUG] Request authentication | Meta: {"url":"/login","method":"GET","isAuthenticated":false,"userId":null,"cartCount":0}
[22:13:20 14/10/2025] [DEBUG] Request authentication | Meta: {"url":"/login","method":"GET","isAuthenticated":false,"userId":null,"cartCount":0}
[22:13:21 14/10/2025] [DEBUG] Request authentication | Meta: {"url":"/login","method":"POST","isAuthenticated":false,"userId":null,"cartCount":0}
[22:13:22 14/10/2025] [DEBUG] Request authentication | Meta: {"url":"/admin/dashboard","method":"GET","isAuthenticated":true,"isAdmin":true,"userId":"68ccdf9b7eea2d6be5a2f41b","cartCount":0}
[22:13:25 14/10/2025] [DEBUG] Request authentication | Meta: {"url":"/admin/orders","method":"GET","isAuthenticated":true,"isAdmin":true,"userId":"68ccdf9b7eea2d6be5a2f41b","cartCount":0}
[22:17:41 14/10/2025] [DEBUG] Request authentication | Meta: {"url":"/admin/orders","method":"GET","isAuthenticated":true,"isAdmin":true,"userId":"68ccdf9b7eea2d6be5a2f41b","cartCount":0}
[22:17:59 14/10/2025] [DEBUG] Request authentication | Meta: {"url":"/.well-known/appspecific/com.chrome.devtools.json","method":"GET","isAuthenticated":true,"isAdmin":true,"userId":"68ccdf9b7eea2d6be5a2f41b","cartCount":0}
[22:18:29 14/10/2025] [DEBUG] Request authentication | Meta: {"url":"/admin/orders","method":"GET","isAuthenticated":true,"isAdmin":true,"userId":"68ccdf9b7eea2d6be5a2f41b","cartCount":0}
[22:18:34 14/10/2025] [DEBUG] Request authentication | Meta: {"url":"/admin/orders/68d3a551c297e6776d7b3050","method":"GET","isAuthenticated":true,"isAdmin":true,"userId":"68ccdf9b7eea2d6be5a2f41b","cartCount":0}
