[10:54:59 26/10/2025] [DEBUG] Request authentication | Meta: {"url":"/","method":"GET","isAuthenticated":true,"isAdmin":false,"userId":"68ccef4f8a55d7d4ae4478d1","cartCount":0}
[10:55:04 26/10/2025] [DEBUG] Request authentication | Meta: {"url":"/favicon.ico","method":"GET","isAuthenticated":true,"isAdmin":false,"userId":"68ccef4f8a55d7d4ae4478d1","cartCount":0}
[10:55:15 26/10/2025] [DEBUG] Request authentication | Meta: {"url":"/products/68fc8830f0fa207f49508eb2","method":"GET","isAuthenticated":true,"isAdmin":false,"userId":"68ccef4f8a55d7d4ae4478d1","cartCount":0}
[10:55:18 26/10/2025] [DEBUG] Request authentication | Meta: {"url":"/cart/add","method":"POST","isAuthenticated":true,"isAdmin":false,"userId":"68ccef4f8a55d7d4ae4478d1","cartCount":0}
[10:55:19 26/10/2025] [DEBUG] Request authentication | Meta: {"url":"/cart","method":"GET","isAuthenticated":true,"isAdmin":false,"userId":"68ccef4f8a55d7d4ae4478d1","cartCount":1}
[10:55:19 26/10/2025] [DEBUG] Request authentication | Meta: {"url":"/cart","method":"GET","isAuthenticated":true,"isAdmin":false,"userId":"68ccef4f8a55d7d4ae4478d1","cartCount":1}
[10:55:22 26/10/2025] [DEBUG] Request authentication | Meta: {"url":"/cart-update-quantity","method":"POST","isAuthenticated":true,"isAdmin":false,"userId":"68ccef4f8a55d7d4ae4478d1","cartCount":1}
[10:55:26 26/10/2025] [DEBUG] Request authentication | Meta: {"url":"/","method":"GET","isAuthenticated":true,"isAdmin":false,"userId":"68ccef4f8a55d7d4ae4478d1","cartCount":2}
[10:55:29 26/10/2025] [DEBUG] Request authentication | Meta: {"url":"/products/68fc8830f0fa207f49508eb2","method":"GET","isAuthenticated":true,"isAdmin":false,"userId":"68ccef4f8a55d7d4ae4478d1","cartCount":2}
[10:55:32 26/10/2025] [DEBUG] Request authentication | Meta: {"url":"/cart/add","method":"POST","isAuthenticated":true,"isAdmin":false,"userId":"68ccef4f8a55d7d4ae4478d1","cartCount":2}
[10:55:32 26/10/2025] [DEBUG] Request authentication | Meta: {"url":"/cart","method":"GET","isAuthenticated":true,"isAdmin":false,"userId":"68ccef4f8a55d7d4ae4478d1","cartCount":4}
[10:55:33 26/10/2025] [DEBUG] Request authentication | Meta: {"url":"/cart","method":"GET","isAuthenticated":true,"isAdmin":false,"userId":"68ccef4f8a55d7d4ae4478d1","cartCount":4}
[10:55:36 26/10/2025] [DEBUG] Request authentication | Meta: {"url":"/cart-update-quantity","method":"POST","isAuthenticated":true,"isAdmin":false,"userId":"68ccef4f8a55d7d4ae4478d1","cartCount":4}
[10:55:36 26/10/2025] [DEBUG] Request authentication | Meta: {"url":"/cart-update-quantity","method":"POST","isAuthenticated":true,"isAdmin":false,"userId":"68ccef4f8a55d7d4ae4478d1","cartCount":3}
[10:55:38 26/10/2025] [DEBUG] Request authentication | Meta: {"url":"/","method":"GET","isAuthenticated":true,"isAdmin":false,"userId":"68ccef4f8a55d7d4ae4478d1","cartCount":2}
[10:55:41 26/10/2025] [DEBUG] Request authentication | Meta: {"url":"/products/68fc882df0fa207f49508e9f","method":"GET","isAuthenticated":true,"isAdmin":false,"userId":"68ccef4f8a55d7d4ae4478d1","cartCount":2}
[10:55:44 26/10/2025] [DEBUG] Request authentication | Meta: {"url":"/cart/add","method":"POST","isAuthenticated":true,"isAdmin":false,"userId":"68ccef4f8a55d7d4ae4478d1","cartCount":2}
[10:55:45 26/10/2025] [DEBUG] Request authentication | Meta: {"url":"/cart","method":"GET","isAuthenticated":true,"isAdmin":false,"userId":"68ccef4f8a55d7d4ae4478d1","cartCount":2}
[10:55:45 26/10/2025] [DEBUG] Request authentication | Meta: {"url":"/cart","method":"GET","isAuthenticated":true,"isAdmin":false,"userId":"68ccef4f8a55d7d4ae4478d1","cartCount":3}
[10:55:49 26/10/2025] [DEBUG] Request authentication | Meta: {"url":"/cart-update-quantity","method":"POST","isAuthenticated":true,"isAdmin":false,"userId":"68ccef4f8a55d7d4ae4478d1","cartCount":3}
[10:56:54 26/10/2025] [DEBUG] Request authentication | Meta: {"url":"/checkout","method":"GET","isAuthenticated":true,"isAdmin":false,"userId":"68ccef4f8a55d7d4ae4478d1","cartCount":4}
[11:02:32 26/10/2025] [DEBUG] Request authentication | Meta: {"url":"/orders","method":"POST","isAuthenticated":true,"isAdmin":false,"userId":"68ccef4f8a55d7d4ae4478d1","cartCount":4}
[11:02:33 26/10/2025] [DEBUG] Request authentication | Meta: {"url":"/orders","method":"GET","isAuthenticated":true,"isAdmin":false,"userId":"68ccef4f8a55d7d4ae4478d1","cartCount":0}
[11:03:34 26/10/2025] [DEBUG] Request authentication | Meta: {"url":"/orders/68fceef44911d3c7b1402282/cancel","method":"POST","isAuthenticated":true,"isAdmin":false,"userId":"68ccef4f8a55d7d4ae4478d1","cartCount":0}
[11:03:34 26/10/2025] [DEBUG] Request authentication | Meta: {"url":"/orders?success=cancelled","method":"GET","isAuthenticated":true,"isAdmin":false,"userId":"68ccef4f8a55d7d4ae4478d1","cartCount":0}
[11:57:47 26/10/2025] [DEBUG] Request authentication | Meta: {"url":"/","method":"GET","isAuthenticated":true,"isAdmin":false,"userId":"68ccef4f8a55d7d4ae4478d1","cartCount":0}
[12:58:11 26/10/2025] [DEBUG] Request authentication | Meta: {"url":"/brands","method":"GET","isAuthenticated":true,"isAdmin":false,"userId":"68ccef4f8a55d7d4ae4478d1","cartCount":0}
[13:05:28 26/10/2025] [DEBUG] Request authentication | Meta: {"url":"/login","method":"GET","isAuthenticated":true,"isAdmin":false,"userId":"68ccef4f8a55d7d4ae4478d1","cartCount":0}
[13:05:28 26/10/2025] [DEBUG] Request authentication | Meta: {"url":"/","method":"GET","isAuthenticated":true,"isAdmin":false,"userId":"68ccef4f8a55d7d4ae4478d1","cartCount":0}
[13:05:33 26/10/2025] [DEBUG] Request authentication | Meta: {"url":"/favorites","method":"GET","isAuthenticated":true,"isAdmin":false,"userId":"68ccef4f8a55d7d4ae4478d1","cartCount":0}
[14:51:48 26/10/2025] [DEBUG] Request authentication | Meta: {"url":"/logout","method":"POST","isAuthenticated":true,"isAdmin":false,"userId":"68ccef4f8a55d7d4ae4478d1","cartCount":0}
[14:51:48 26/10/2025] [DEBUG] Request authentication | Meta: {"url":"/","method":"GET","isAuthenticated":false,"userId":null,"cartCount":0}
[14:51:50 26/10/2025] [DEBUG] Request authentication | Meta: {"url":"/login","method":"GET","isAuthenticated":false,"userId":null,"cartCount":0}
[14:51:53 26/10/2025] [DEBUG] Request authentication | Meta: {"url":"/login","method":"POST","isAuthenticated":false,"userId":null,"cartCount":0}
[14:51:54 26/10/2025] [DEBUG] Request authentication | Meta: {"url":"/admin/dashboard","method":"GET","isAuthenticated":true,"isAdmin":true,"userId":"68ccdf9b7eea2d6be5a2f41b","cartCount":0}
[17:32:17 26/10/2025] [DEBUG] Request authentication | Meta: {"url":"/admin/products","method":"GET","isAuthenticated":true,"isAdmin":true,"userId":"68ccdf9b7eea2d6be5a2f41b","cartCount":0}
[17:37:38 26/10/2025] [DEBUG] Request authentication | Meta: {"url":"/admin/add-product","method":"GET","isAuthenticated":true,"isAdmin":true,"userId":"68ccdf9b7eea2d6be5a2f41b","cartCount":0}
[17:38:09 26/10/2025] [DEBUG] Request authentication | Meta: {"url":"/admin/add-product","method":"POST","isAuthenticated":true,"isAdmin":true,"userId":"68ccdf9b7eea2d6be5a2f41b","cartCount":0}
[17:38:12 26/10/2025] [DEBUG] Request authentication | Meta: {"url":"/admin/products","method":"GET","isAuthenticated":true,"isAdmin":true,"userId":"68ccdf9b7eea2d6be5a2f41b","cartCount":0}
[17:40:06 26/10/2025] [DEBUG] Request authentication | Meta: {"url":"/admin/edit-product/68fdfa11ecfe19c920cdc04a?edit=true","method":"GET","isAuthenticated":true,"isAdmin":true,"userId":"68ccdf9b7eea2d6be5a2f41b","cartCount":0}
[17:40:11 26/10/2025] [DEBUG] Request authentication | Meta: {"url":"/admin/edit-product","method":"POST","isAuthenticated":true,"isAdmin":true,"userId":"68ccdf9b7eea2d6be5a2f41b","cartCount":0}
[17:40:13 26/10/2025] [DEBUG] Request authentication | Meta: {"url":"/admin/products","method":"GET","isAuthenticated":true,"isAdmin":true,"userId":"68ccdf9b7eea2d6be5a2f41b","cartCount":0}
[18:11:04 26/10/2025] [DEBUG] Request authentication | Meta: {"url":"/admin/orders","method":"GET","isAuthenticated":true,"isAdmin":true,"userId":"68ccdf9b7eea2d6be5a2f41b","cartCount":0}
[18:21:46 26/10/2025] [DEBUG] Request authentication | Meta: {"url":"/admin/orders/68fd9d59ecfe19c920cdbfaa","method":"GET","isAuthenticated":true,"isAdmin":true,"userId":"68ccdf9b7eea2d6be5a2f41b","cartCount":0}
[18:22:00 26/10/2025] [DEBUG] Request authentication | Meta: {"url":"/admin/orders","method":"GET","isAuthenticated":true,"isAdmin":true,"userId":"68ccdf9b7eea2d6be5a2f41b","cartCount":0}
[18:22:04 26/10/2025] [DEBUG] Request authentication | Meta: {"url":"/admin/orders/68fd9d59ecfe19c920cdbfaa","method":"GET","isAuthenticated":true,"isAdmin":true,"userId":"68ccdf9b7eea2d6be5a2f41b","cartCount":0}
[18:22:12 26/10/2025] [DEBUG] Request authentication | Meta: {"url":"/admin/orders","method":"GET","isAuthenticated":true,"isAdmin":true,"userId":"68ccdf9b7eea2d6be5a2f41b","cartCount":0}
[18:22:21 26/10/2025] [DEBUG] Request authentication | Meta: {"url":"/admin/orders?page=2","method":"GET","isAuthenticated":true,"isAdmin":true,"userId":"68ccdf9b7eea2d6be5a2f41b","cartCount":0}
[18:22:24 26/10/2025] [DEBUG] Request authentication | Meta: {"url":"/admin/orders?page=4","method":"GET","isAuthenticated":true,"isAdmin":true,"userId":"68ccdf9b7eea2d6be5a2f41b","cartCount":0}
[18:22:26 26/10/2025] [DEBUG] Request authentication | Meta: {"url":"/admin/orders/68f207b259d945623de6884f","method":"GET","isAuthenticated":true,"isAdmin":true,"userId":"68ccdf9b7eea2d6be5a2f41b","cartCount":0}
[18:22:31 26/10/2025] [DEBUG] Request authentication | Meta: {"url":"/admin/orders","method":"GET","isAuthenticated":true,"isAdmin":true,"userId":"68ccdf9b7eea2d6be5a2f41b","cartCount":0}
[18:22:35 26/10/2025] [DEBUG] Request authentication | Meta: {"url":"/admin/orders/68fce08e91ead5b763f74bf7","method":"GET","isAuthenticated":true,"isAdmin":true,"userId":"68ccdf9b7eea2d6be5a2f41b","cartCount":0}
[18:22:37 26/10/2025] [DEBUG] Request authentication | Meta: {"url":"/admin/orders","method":"GET","isAuthenticated":true,"isAdmin":true,"userId":"68ccdf9b7eea2d6be5a2f41b","cartCount":0}
[18:22:42 26/10/2025] [DEBUG] Request authentication | Meta: {"url":"/admin/orders/68fceb548133948bc94561f7","method":"GET","isAuthenticated":true,"isAdmin":true,"userId":"68ccdf9b7eea2d6be5a2f41b","cartCount":0}
[18:22:44 26/10/2025] [DEBUG] Request authentication | Meta: {"url":"/admin/orders","method":"GET","isAuthenticated":true,"isAdmin":true,"userId":"68ccdf9b7eea2d6be5a2f41b","cartCount":0}
[18:22:47 26/10/2025] [DEBUG] Request authentication | Meta: {"url":"/admin/orders/68fd9d59ecfe19c920cdbfaa","method":"GET","isAuthenticated":true,"isAdmin":true,"userId":"68ccdf9b7eea2d6be5a2f41b","cartCount":0}
[18:22:52 26/10/2025] [DEBUG] Request authentication | Meta: {"url":"/admin/orders","method":"GET","isAuthenticated":true,"isAdmin":true,"userId":"68ccdf9b7eea2d6be5a2f41b","cartCount":0}
[18:22:59 26/10/2025] [DEBUG] Request authentication | Meta: {"url":"/admin/orders/68fd9d59ecfe19c920cdbfaa","method":"GET","isAuthenticated":true,"isAdmin":true,"userId":"68ccdf9b7eea2d6be5a2f41b","cartCount":0}
[18:23:04 26/10/2025] [DEBUG] Request authentication | Meta: {"url":"/admin/orders","method":"GET","isAuthenticated":true,"isAdmin":true,"userId":"68ccdf9b7eea2d6be5a2f41b","cartCount":0}
[18:23:07 26/10/2025] [DEBUG] Request authentication | Meta: {"url":"/admin/orders/68fce08e91ead5b763f74bfb","method":"GET","isAuthenticated":true,"isAdmin":true,"userId":"68ccdf9b7eea2d6be5a2f41b","cartCount":0}
[18:23:09 26/10/2025] [DEBUG] Request authentication | Meta: {"url":"/admin/orders","method":"GET","isAuthenticated":true,"isAdmin":true,"userId":"68ccdf9b7eea2d6be5a2f41b","cartCount":0}
[18:23:11 26/10/2025] [DEBUG] Request authentication | Meta: {"url":"/admin/orders/68fceead4911d3c7b1402267","method":"GET","isAuthenticated":true,"isAdmin":true,"userId":"68ccdf9b7eea2d6be5a2f41b","cartCount":0}
[18:23:17 26/10/2025] [DEBUG] Request authentication | Meta: {"url":"/admin/orders","method":"GET","isAuthenticated":true,"isAdmin":true,"userId":"68ccdf9b7eea2d6be5a2f41b","cartCount":0}
[18:24:21 26/10/2025] [DEBUG] Request authentication | Meta: {"url":"/admin/orders/68fd9d59ecfe19c920cdbfaa","method":"GET","isAuthenticated":true,"isAdmin":true,"userId":"68ccdf9b7eea2d6be5a2f41b","cartCount":0}
[20:28:37 26/10/2025] [DEBUG] Request authentication | Meta: {"url":"/","method":"GET","isAuthenticated":true,"isAdmin":true,"userId":"68ccdf9b7eea2d6be5a2f41b","cartCount":0}
[20:28:40 26/10/2025] [DEBUG] Request authentication | Meta: {"url":"/favicon.ico","method":"GET","isAuthenticated":true,"isAdmin":true,"userId":"68ccdf9b7eea2d6be5a2f41b","cartCount":0}
[20:28:43 26/10/2025] [DEBUG] Request authentication | Meta: {"url":"/admin/dashboard","method":"GET","isAuthenticated":true,"isAdmin":true,"userId":"68ccdf9b7eea2d6be5a2f41b","cartCount":0}
[20:28:50 26/10/2025] [DEBUG] Request authentication | Meta: {"url":"/admin/accounts","method":"GET","isAuthenticated":true,"isAdmin":true,"userId":"68ccdf9b7eea2d6be5a2f41b","cartCount":0}
[20:30:45 26/10/2025] [DEBUG] Request authentication | Meta: {"url":"/admin/accounts/create","method":"POST","isAuthenticated":true,"isAdmin":true,"userId":"68ccdf9b7eea2d6be5a2f41b","cartCount":0}
[20:30:57 26/10/2025] [DEBUG] Request authentication | Meta: {"url":"/admin/accounts","method":"GET","isAuthenticated":true,"isAdmin":true,"userId":"68ccdf9b7eea2d6be5a2f41b","cartCount":0}
[20:31:05 26/10/2025] [DEBUG] Request authentication | Meta: {"url":"/admin/accounts/toggle-status","method":"POST","isAuthenticated":true,"isAdmin":true,"userId":"68ccdf9b7eea2d6be5a2f41b","cartCount":0}
[20:31:06 26/10/2025] [DEBUG] Request authentication | Meta: {"url":"/admin/accounts","method":"GET","isAuthenticated":true,"isAdmin":true,"userId":"68ccdf9b7eea2d6be5a2f41b","cartCount":0}
[20:31:14 26/10/2025] [DEBUG] Request authentication | Meta: {"url":"/admin/accounts","method":"GET","isAuthenticated":true,"isAdmin":true,"userId":"68ccdf9b7eea2d6be5a2f41b","cartCount":0}
[20:31:27 26/10/2025] [DEBUG] Request authentication | Meta: {"url":"/logout","method":"POST","isAuthenticated":true,"isAdmin":true,"userId":"68ccdf9b7eea2d6be5a2f41b","cartCount":0}
[20:31:27 26/10/2025] [DEBUG] Request authentication | Meta: {"url":"/","method":"GET","isAuthenticated":false,"userId":null,"cartCount":0}
[20:31:30 26/10/2025] [DEBUG] Request authentication | Meta: {"url":"/login","method":"GET","isAuthenticated":false,"userId":null,"cartCount":0}
[20:31:35 26/10/2025] [DEBUG] Request authentication | Meta: {"url":"/login","method":"POST","isAuthenticated":false,"userId":null,"cartCount":0}
[20:31:41 26/10/2025] [DEBUG] Request authentication | Meta: {"url":"/login","method":"POST","isAuthenticated":false,"userId":null,"cartCount":0}
[20:31:43 26/10/2025] [DEBUG] Request authentication | Meta: {"url":"/","method":"GET","isAuthenticated":true,"isAdmin":false,"userId":"68fe22869331dd2325eedd91","cartCount":0}
[20:31:48 26/10/2025] [DEBUG] Request authentication | Meta: {"url":"/logout","method":"POST","isAuthenticated":true,"isAdmin":false,"userId":"68fe22869331dd2325eedd91","cartCount":0}
[20:31:48 26/10/2025] [DEBUG] Request authentication | Meta: {"url":"/","method":"GET","isAuthenticated":false,"userId":null,"cartCount":0}
[20:31:51 26/10/2025] [DEBUG] Request authentication | Meta: {"url":"/login","method":"GET","isAuthenticated":false,"userId":null,"cartCount":0}
[20:31:53 26/10/2025] [DEBUG] Request authentication | Meta: {"url":"/login","method":"POST","isAuthenticated":false,"userId":null,"cartCount":0}
[20:31:54 26/10/2025] [DEBUG] Request authentication | Meta: {"url":"/admin/dashboard","method":"GET","isAuthenticated":true,"isAdmin":true,"userId":"68ccdf9b7eea2d6be5a2f41b","cartCount":0}
[20:31:58 26/10/2025] [DEBUG] Request authentication | Meta: {"url":"/admin/accounts","method":"GET","isAuthenticated":true,"isAdmin":true,"userId":"68ccdf9b7eea2d6be5a2f41b","cartCount":0}
[20:32:02 26/10/2025] [DEBUG] Request authentication | Meta: {"url":"/admin/accounts/toggle-status","method":"POST","isAuthenticated":true,"isAdmin":true,"userId":"68ccdf9b7eea2d6be5a2f41b","cartCount":0}
[20:32:04 26/10/2025] [DEBUG] Request authentication | Meta: {"url":"/admin/accounts","method":"GET","isAuthenticated":true,"isAdmin":true,"userId":"68ccdf9b7eea2d6be5a2f41b","cartCount":0}
[20:32:12 26/10/2025] [DEBUG] Request authentication | Meta: {"url":"/logout","method":"POST","isAuthenticated":true,"isAdmin":true,"userId":"68ccdf9b7eea2d6be5a2f41b","cartCount":0}
[20:32:12 26/10/2025] [DEBUG] Request authentication | Meta: {"url":"/","method":"GET","isAuthenticated":false,"userId":null,"cartCount":0}
[20:32:14 26/10/2025] [DEBUG] Request authentication | Meta: {"url":"/login","method":"GET","isAuthenticated":false,"userId":null,"cartCount":0}
[20:32:20 26/10/2025] [DEBUG] Request authentication | Meta: {"url":"/login","method":"POST","isAuthenticated":false,"userId":null,"cartCount":0}
[20:32:23 26/10/2025] [DEBUG] Request authentication | Meta: {"url":"/login","method":"POST","isAuthenticated":false,"userId":null,"cartCount":0}
[20:32:24 26/10/2025] [DEBUG] Request authentication | Meta: {"url":"/admin/dashboard","method":"GET","isAuthenticated":true,"isAdmin":true,"userId":"68ccdf9b7eea2d6be5a2f41b","cartCount":0}
[20:32:27 26/10/2025] [DEBUG] Request authentication | Meta: {"url":"/admin/accounts","method":"GET","isAuthenticated":true,"isAdmin":true,"userId":"68ccdf9b7eea2d6be5a2f41b","cartCount":0}
[20:32:31 26/10/2025] [DEBUG] Request authentication | Meta: {"url":"/admin/accounts/toggle-status","method":"POST","isAuthenticated":true,"isAdmin":true,"userId":"68ccdf9b7eea2d6be5a2f41b","cartCount":0}
[20:32:33 26/10/2025] [DEBUG] Request authentication | Meta: {"url":"/admin/accounts","method":"GET","isAuthenticated":true,"isAdmin":true,"userId":"68ccdf9b7eea2d6be5a2f41b","cartCount":0}
[20:32:48 26/10/2025] [DEBUG] Request authentication | Meta: {"url":"/admin/accounts/edit","method":"POST","isAuthenticated":true,"isAdmin":true,"userId":"68ccdf9b7eea2d6be5a2f41b","cartCount":0}
[20:32:49 26/10/2025] [DEBUG] Request authentication | Meta: {"url":"/admin/accounts","method":"GET","isAuthenticated":true,"isAdmin":true,"userId":"68ccdf9b7eea2d6be5a2f41b","cartCount":0}
[20:32:52 26/10/2025] [DEBUG] Request authentication | Meta: {"url":"/logout","method":"POST","isAuthenticated":true,"isAdmin":true,"userId":"68ccdf9b7eea2d6be5a2f41b","cartCount":0}
[20:32:52 26/10/2025] [DEBUG] Request authentication | Meta: {"url":"/","method":"GET","isAuthenticated":false,"userId":null,"cartCount":0}
[20:32:55 26/10/2025] [DEBUG] Request authentication | Meta: {"url":"/login","method":"GET","isAuthenticated":false,"userId":null,"cartCount":0}
[20:33:00 26/10/2025] [DEBUG] Request authentication | Meta: {"url":"/login","method":"POST","isAuthenticated":false,"userId":null,"cartCount":0}
[20:33:00 26/10/2025] [DEBUG] Request authentication | Meta: {"url":"/","method":"GET","isAuthenticated":true,"isAdmin":false,"userId":"68fe22869331dd2325eedd91","cartCount":0}
[20:33:06 26/10/2025] [DEBUG] Request authentication | Meta: {"url":"/logout","method":"POST","isAuthenticated":true,"isAdmin":false,"userId":"68fe22869331dd2325eedd91","cartCount":0}
[20:33:07 26/10/2025] [DEBUG] Request authentication | Meta: {"url":"/","method":"GET","isAuthenticated":false,"userId":null,"cartCount":0}
[20:33:09 26/10/2025] [DEBUG] Request authentication | Meta: {"url":"/login","method":"GET","isAuthenticated":false,"userId":null,"cartCount":0}
[20:33:11 26/10/2025] [DEBUG] Request authentication | Meta: {"url":"/login","method":"POST","isAuthenticated":false,"userId":null,"cartCount":0}
[20:33:12 26/10/2025] [DEBUG] Request authentication | Meta: {"url":"/admin/dashboard","method":"GET","isAuthenticated":true,"isAdmin":true,"userId":"68ccdf9b7eea2d6be5a2f41b","cartCount":0}
[20:33:19 26/10/2025] [DEBUG] Request authentication | Meta: {"url":"/admin/accounts","method":"GET","isAuthenticated":true,"isAdmin":true,"userId":"68ccdf9b7eea2d6be5a2f41b","cartCount":0}
[20:33:25 26/10/2025] [DEBUG] Request authentication | Meta: {"url":"/admin/accounts/toggle-status","method":"POST","isAuthenticated":true,"isAdmin":true,"userId":"68ccdf9b7eea2d6be5a2f41b","cartCount":0}
[20:33:29 26/10/2025] [DEBUG] Request authentication | Meta: {"url":"/admin/accounts","method":"GET","isAuthenticated":true,"isAdmin":true,"userId":"68ccdf9b7eea2d6be5a2f41b","cartCount":0}
[20:33:36 26/10/2025] [DEBUG] Request authentication | Meta: {"url":"/admin/accounts/toggle-status","method":"POST","isAuthenticated":true,"isAdmin":true,"userId":"68ccdf9b7eea2d6be5a2f41b","cartCount":0}
[20:33:37 26/10/2025] [DEBUG] Request authentication | Meta: {"url":"/admin/accounts","method":"GET","isAuthenticated":true,"isAdmin":true,"userId":"68ccdf9b7eea2d6be5a2f41b","cartCount":0}
[20:41:16 26/10/2025] [DEBUG] Request authentication | Meta: {"url":"/admin/accounts?page=2","method":"GET","isAuthenticated":true,"isAdmin":true,"userId":"68ccdf9b7eea2d6be5a2f41b","cartCount":0}
[20:41:20 26/10/2025] [DEBUG] Request authentication | Meta: {"url":"/admin/accounts/toggle-status","method":"POST","isAuthenticated":true,"isAdmin":true,"userId":"68ccdf9b7eea2d6be5a2f41b","cartCount":0}
[20:41:25 26/10/2025] [DEBUG] Request authentication | Meta: {"url":"/admin/accounts?page=2","method":"GET","isAuthenticated":true,"isAdmin":true,"userId":"68ccdf9b7eea2d6be5a2f41b","cartCount":0}
[20:42:40 26/10/2025] [DEBUG] Request authentication | Meta: {"url":"/admin/categories","method":"GET","isAuthenticated":true,"isAdmin":true,"userId":"68ccdf9b7eea2d6be5a2f41b","cartCount":0}
[20:45:37 26/10/2025] [DEBUG] Request authentication | Meta: {"url":"/admin/categories/toggle-status","method":"POST","isAuthenticated":true,"isAdmin":true,"userId":"68ccdf9b7eea2d6be5a2f41b","cartCount":0}
[20:45:37 26/10/2025] [DEBUG] Request authentication | Meta: {"url":"/admin/categories?success=toggled","method":"GET","isAuthenticated":true,"isAdmin":true,"userId":"68ccdf9b7eea2d6be5a2f41b","cartCount":0}
[20:49:11 26/10/2025] [DEBUG] Request authentication | Meta: {"url":"/admin/categories?search=sneaker&status=","method":"GET","isAuthenticated":true,"isAdmin":true,"userId":"68ccdf9b7eea2d6be5a2f41b","cartCount":0}
[20:49:15 26/10/2025] [DEBUG] Request authentication | Meta: {"url":"/admin/categories?search=sneaker&status=","method":"GET","isAuthenticated":true,"isAdmin":true,"userId":"68ccdf9b7eea2d6be5a2f41b","cartCount":0}
[20:49:17 26/10/2025] [DEBUG] Request authentication | Meta: {"url":"/admin/categories","method":"GET","isAuthenticated":true,"isAdmin":true,"userId":"68ccdf9b7eea2d6be5a2f41b","cartCount":0}
[20:50:50 26/10/2025] [DEBUG] Request authentication | Meta: {"url":"/admin/brands","method":"GET","isAuthenticated":true,"isAdmin":true,"userId":"68ccdf9b7eea2d6be5a2f41b","cartCount":0}
[20:51:47 26/10/2025] [DEBUG] Request authentication | Meta: {"url":"/admin/reviews","method":"GET","isAuthenticated":true,"isAdmin":true,"userId":"68ccdf9b7eea2d6be5a2f41b","cartCount":0}
[20:52:09 26/10/2025] [DEBUG] Request authentication | Meta: {"url":"/logout","method":"POST","isAuthenticated":true,"isAdmin":true,"userId":"68ccdf9b7eea2d6be5a2f41b","cartCount":0}
[20:52:09 26/10/2025] [DEBUG] Request authentication | Meta: {"url":"/","method":"GET","isAuthenticated":false,"userId":null,"cartCount":0}
[20:52:13 26/10/2025] [DEBUG] Request authentication | Meta: {"url":"/login","method":"GET","isAuthenticated":false,"userId":null,"cartCount":0}
[20:52:16 26/10/2025] [DEBUG] Request authentication | Meta: {"url":"/login","method":"POST","isAuthenticated":false,"userId":null,"cartCount":0}
[20:52:17 26/10/2025] [DEBUG] Request authentication | Meta: {"url":"/","method":"GET","isAuthenticated":true,"isAdmin":false,"userId":"68ccef4f8a55d7d4ae4478d1","cartCount":0}
[20:52:22 26/10/2025] [DEBUG] Request authentication | Meta: {"url":"/categories","method":"GET","isAuthenticated":true,"isAdmin":false,"userId":"68ccef4f8a55d7d4ae4478d1","cartCount":0}
[20:52:31 26/10/2025] [DEBUG] Request authentication | Meta: {"url":"/products/68fc8830f0fa207f49508eb6","method":"GET","isAuthenticated":true,"isAdmin":false,"userId":"68ccef4f8a55d7d4ae4478d1","cartCount":0}
[20:53:08 26/10/2025] [DEBUG] Request authentication | Meta: {"url":"/products/68fc8830f0fa207f49508eb6/review","method":"POST","isAuthenticated":true,"isAdmin":false,"userId":"68ccef4f8a55d7d4ae4478d1","cartCount":0}
[20:53:09 26/10/2025] [DEBUG] Request authentication | Meta: {"url":"/products/68fc8830f0fa207f49508eb6","method":"GET","isAuthenticated":true,"isAdmin":false,"userId":"68ccef4f8a55d7d4ae4478d1","cartCount":0}
[20:53:17 26/10/2025] [DEBUG] Request authentication | Meta: {"url":"/logout","method":"POST","isAuthenticated":true,"isAdmin":false,"userId":"68ccef4f8a55d7d4ae4478d1","cartCount":0}
[20:53:17 26/10/2025] [DEBUG] Request authentication | Meta: {"url":"/","method":"GET","isAuthenticated":false,"userId":null,"cartCount":0}
[20:53:26 26/10/2025] [DEBUG] Request authentication | Meta: {"url":"/login","method":"GET","isAuthenticated":false,"userId":null,"cartCount":0}
[20:53:29 26/10/2025] [DEBUG] Request authentication | Meta: {"url":"/login","method":"POST","isAuthenticated":false,"userId":null,"cartCount":0}
[20:53:30 26/10/2025] [DEBUG] Request authentication | Meta: {"url":"/admin/dashboard","method":"GET","isAuthenticated":true,"isAdmin":true,"userId":"68ccdf9b7eea2d6be5a2f41b","cartCount":0}
[20:53:38 26/10/2025] [DEBUG] Request authentication | Meta: {"url":"/admin/reviews","method":"GET","isAuthenticated":true,"isAdmin":true,"userId":"68ccdf9b7eea2d6be5a2f41b","cartCount":0}
[20:53:55 26/10/2025] [DEBUG] Request authentication | Meta: {"url":"/admin/reviews/detail/68fe27c49331dd2325eede3a","method":"GET","isAuthenticated":true,"isAdmin":true,"userId":"68ccdf9b7eea2d6be5a2f41b","cartCount":0}
[20:54:01 26/10/2025] [DEBUG] Request authentication | Meta: {"url":"/admin/reviews/update-status","method":"POST","isAuthenticated":true,"isAdmin":true,"userId":"68ccdf9b7eea2d6be5a2f41b","cartCount":0}
[20:54:02 26/10/2025] [DEBUG] Request authentication | Meta: {"url":"/admin/reviews","method":"GET","isAuthenticated":true,"isAdmin":true,"userId":"68ccdf9b7eea2d6be5a2f41b","cartCount":0}
[20:56:38 26/10/2025] [DEBUG] Request authentication | Meta: {"url":"/logout","method":"POST","isAuthenticated":true,"isAdmin":true,"userId":"68ccdf9b7eea2d6be5a2f41b","cartCount":0}
[20:56:38 26/10/2025] [DEBUG] Request authentication | Meta: {"url":"/","method":"GET","isAuthenticated":false,"userId":null,"cartCount":0}
[20:56:42 26/10/2025] [DEBUG] Request authentication | Meta: {"url":"/search?q=Vans+Era","method":"GET","isAuthenticated":false,"userId":null,"cartCount":0}
[20:56:44 26/10/2025] [DEBUG] Request authentication | Meta: {"url":"/products/68fc8830f0fa207f49508eb6","method":"GET","isAuthenticated":false,"userId":null,"cartCount":0}
[21:01:33 26/10/2025] [DEBUG] Request authentication | Meta: {"url":"/login","method":"GET","isAuthenticated":false,"userId":null,"cartCount":0}
[21:01:35 26/10/2025] [DEBUG] Request authentication | Meta: {"url":"/login","method":"POST","isAuthenticated":false,"userId":null,"cartCount":0}
[21:01:35 26/10/2025] [DEBUG] Request authentication | Meta: {"url":"/admin/dashboard","method":"GET","isAuthenticated":false,"userId":null,"cartCount":0}
[21:01:35 26/10/2025] [DEBUG] Request authentication | Meta: {"url":"/login","method":"GET","isAuthenticated":false,"userId":null,"cartCount":0}
[21:01:38 26/10/2025] [DEBUG] Request authentication | Meta: {"url":"/login","method":"POST","isAuthenticated":false,"userId":null,"cartCount":0}
[21:01:39 26/10/2025] [DEBUG] Request authentication | Meta: {"url":"/admin/dashboard","method":"GET","isAuthenticated":true,"isAdmin":true,"userId":"68ccdf9b7eea2d6be5a2f41b","cartCount":0}
[21:01:48 26/10/2025] [DEBUG] Request authentication | Meta: {"url":"/admin/reviews","method":"GET","isAuthenticated":true,"isAdmin":true,"userId":"68ccdf9b7eea2d6be5a2f41b","cartCount":0}
[21:02:00 26/10/2025] [DEBUG] Request authentication | Meta: {"url":"/admin/reviews/detail/68fe27c49331dd2325eede3a","method":"GET","isAuthenticated":true,"isAdmin":true,"userId":"68ccdf9b7eea2d6be5a2f41b","cartCount":0}
[21:02:04 26/10/2025] [DEBUG] Request authentication | Meta: {"url":"/admin/reviews/update-status","method":"POST","isAuthenticated":true,"isAdmin":true,"userId":"68ccdf9b7eea2d6be5a2f41b","cartCount":0}
[21:02:05 26/10/2025] [DEBUG] Request authentication | Meta: {"url":"/admin/reviews","method":"GET","isAuthenticated":true,"isAdmin":true,"userId":"68ccdf9b7eea2d6be5a2f41b","cartCount":0}
[21:02:11 26/10/2025] [DEBUG] Request authentication | Meta: {"url":"/logout","method":"POST","isAuthenticated":true,"isAdmin":true,"userId":"68ccdf9b7eea2d6be5a2f41b","cartCount":0}
[21:02:11 26/10/2025] [DEBUG] Request authentication | Meta: {"url":"/","method":"GET","isAuthenticated":false,"userId":null,"cartCount":0}
[21:02:21 26/10/2025] [DEBUG] Request authentication | Meta: {"url":"/search?q=+Vans+Era","method":"GET","isAuthenticated":false,"userId":null,"cartCount":0}
[21:02:26 26/10/2025] [DEBUG] Request authentication | Meta: {"url":"/search?q=+Vans+Era","method":"GET","isAuthenticated":false,"userId":null,"cartCount":0}
[21:02:29 26/10/2025] [DEBUG] Request authentication | Meta: {"url":"/","method":"GET","isAuthenticated":false,"userId":null,"cartCount":0}
[21:02:36 26/10/2025] [DEBUG] Request authentication | Meta: {"url":"/search?q=van","method":"GET","isAuthenticated":false,"userId":null,"cartCount":0}
[21:02:39 26/10/2025] [DEBUG] Request authentication | Meta: {"url":"/products/68fc8830f0fa207f49508eb6","method":"GET","isAuthenticated":false,"userId":null,"cartCount":0}
[21:02:43 26/10/2025] [DEBUG] Request authentication | Meta: {"url":"/login","method":"GET","isAuthenticated":false,"userId":null,"cartCount":0}
[21:02:53 26/10/2025] [DEBUG] Request authentication | Meta: {"url":"/login","method":"POST","isAuthenticated":false,"userId":null,"cartCount":0}
[21:02:54 26/10/2025] [DEBUG] Request authentication | Meta: {"url":"/admin/dashboard","method":"GET","isAuthenticated":true,"isAdmin":true,"userId":"68ccdf9b7eea2d6be5a2f41b","cartCount":0}
[21:03:06 26/10/2025] [DEBUG] Request authentication | Meta: {"url":"/admin/slides","method":"GET","isAuthenticated":true,"isAdmin":true,"userId":"68ccdf9b7eea2d6be5a2f41b","cartCount":0}
[21:06:06 26/10/2025] [DEBUG] Request authentication | Meta: {"url":"/admin/slides/68f4f9ff0a0d4cd67908e1e5","method":"GET","isAuthenticated":true,"isAdmin":true,"userId":"68ccdf9b7eea2d6be5a2f41b","cartCount":0}
[21:06:39 26/10/2025] [DEBUG] Request authentication | Meta: {"url":"/admin/slides","method":"POST","isAuthenticated":true,"isAdmin":true,"userId":"68ccdf9b7eea2d6be5a2f41b","cartCount":0}
[21:06:39 26/10/2025] [DEBUG] Request authentication | Meta: {"url":"/admin/slides?success=added","method":"GET","isAuthenticated":true,"isAdmin":true,"userId":"68ccdf9b7eea2d6be5a2f41b","cartCount":0}
[21:06:43 26/10/2025] [DEBUG] Request authentication | Meta: {"url":"/logout","method":"POST","isAuthenticated":true,"isAdmin":true,"userId":"68ccdf9b7eea2d6be5a2f41b","cartCount":0}
[21:06:43 26/10/2025] [DEBUG] Request authentication | Meta: {"url":"/","method":"GET","isAuthenticated":false,"userId":null,"cartCount":0}
[21:06:47 26/10/2025] [DEBUG] Request authentication | Meta: {"url":"/login","method":"GET","isAuthenticated":false,"userId":null,"cartCount":0}
[21:06:49 26/10/2025] [DEBUG] Request authentication | Meta: {"url":"/login","method":"POST","isAuthenticated":false,"userId":null,"cartCount":0}
[21:06:50 26/10/2025] [DEBUG] Request authentication | Meta: {"url":"/admin/dashboard","method":"GET","isAuthenticated":true,"isAdmin":true,"userId":"68ccdf9b7eea2d6be5a2f41b","cartCount":0}
[21:06:54 26/10/2025] [DEBUG] Request authentication | Meta: {"url":"/admin/slides","method":"GET","isAuthenticated":true,"isAdmin":true,"userId":"68ccdf9b7eea2d6be5a2f41b","cartCount":0}
[21:06:58 26/10/2025] [DEBUG] Request authentication | Meta: {"url":"/admin/slides/toggle-status","method":"POST","isAuthenticated":true,"isAdmin":true,"userId":"68ccdf9b7eea2d6be5a2f41b","cartCount":0}
[21:06:59 26/10/2025] [DEBUG] Request authentication | Meta: {"url":"/admin/slides","method":"GET","isAuthenticated":true,"isAdmin":true,"userId":"68ccdf9b7eea2d6be5a2f41b","cartCount":0}
[21:07:02 26/10/2025] [DEBUG] Request authentication | Meta: {"url":"/logout","method":"POST","isAuthenticated":true,"isAdmin":true,"userId":"68ccdf9b7eea2d6be5a2f41b","cartCount":0}
[21:07:02 26/10/2025] [DEBUG] Request authentication | Meta: {"url":"/","method":"GET","isAuthenticated":false,"userId":null,"cartCount":0}
[21:07:05 26/10/2025] [DEBUG] Request authentication | Meta: {"url":"/login","method":"GET","isAuthenticated":false,"userId":null,"cartCount":0}
[21:07:07 26/10/2025] [DEBUG] Request authentication | Meta: {"url":"/login","method":"POST","isAuthenticated":false,"userId":null,"cartCount":0}
[21:07:08 26/10/2025] [DEBUG] Request authentication | Meta: {"url":"/admin/dashboard","method":"GET","isAuthenticated":true,"isAdmin":true,"userId":"68ccdf9b7eea2d6be5a2f41b","cartCount":0}
