[20:25:36 15/07/2025] [DEBUG] Request authentication | Meta: {"url":"/","method":"GET","isAuthenticated":false,"userId":null,"cartCount":0}
[20:25:38 15/07/2025] [DEBUG] Request authentication | Meta: {"url":"/favicon.ico","method":"GET","isAuthenticated":false,"userId":null,"cartCount":0}
[20:25:40 15/07/2025] [DEBUG] Request authentication | Meta: {"url":"/login","method":"GET","isAuthenticated":false,"userId":null,"cartCount":0}
[20:26:31 15/07/2025] [DEBUG] Request authentication | Meta: {"url":"/signup","method":"GET","isAuthenticated":false,"userId":null,"cartCount":0}
[20:27:11 15/07/2025] [DEBUG] Request authentication | Meta: {"url":"/login","method":"GET","isAuthenticated":false,"userId":null,"cartCount":0}
[20:27:20 15/07/2025] [DEBUG] Request authentication | Meta: {"url":"/login","method":"POST","isAuthenticated":false,"userId":null,"cartCount":0}
[20:27:21 15/07/2025] [DEBUG] Request authentication | Meta: {"url":"/","method":"GET","isAuthenticated":true,"isAdmin":false,"userId":"6863a3bd5493cc908b53292b","cartCount":0}
[20:33:57 15/07/2025] [DEBUG] Request authentication | Meta: {"url":"/products/6865522580c38388b5018017","method":"GET","isAuthenticated":true,"isAdmin":false,"userId":"6863a3bd5493cc908b53292b","cartCount":0}
[20:34:13 15/07/2025] [DEBUG] Request authentication | Meta: {"url":"/","method":"GET","isAuthenticated":true,"isAdmin":false,"userId":"6863a3bd5493cc908b53292b","cartCount":0}
[20:34:20 15/07/2025] [DEBUG] Request authentication | Meta: {"url":"/products/6865522580c38388b5018017","method":"GET","isAuthenticated":true,"isAdmin":false,"userId":"6863a3bd5493cc908b53292b","cartCount":0}
[20:34:23 15/07/2025] [DEBUG] Request authentication | Meta: {"url":"/","method":"GET","isAuthenticated":true,"isAdmin":false,"userId":"6863a3bd5493cc908b53292b","cartCount":0}
[20:34:26 15/07/2025] [DEBUG] Request authentication | Meta: {"url":"/products/6865522580c38388b5018012","method":"GET","isAuthenticated":true,"isAdmin":false,"userId":"6863a3bd5493cc908b53292b","cartCount":0}
[20:34:43 15/07/2025] [DEBUG] Request authentication | Meta: {"url":"/about","method":"GET","isAuthenticated":true,"isAdmin":false,"userId":"6863a3bd5493cc908b53292b","cartCount":0}
[20:34:49 15/07/2025] [DEBUG] Request authentication | Meta: {"url":"/contact","method":"GET","isAuthenticated":true,"isAdmin":false,"userId":"6863a3bd5493cc908b53292b","cartCount":0}
[20:34:52 15/07/2025] [DEBUG] Request authentication | Meta: {"url":"/","method":"GET","isAuthenticated":true,"isAdmin":false,"userId":"6863a3bd5493cc908b53292b","cartCount":0}
[20:35:05 15/07/2025] [DEBUG] Request authentication | Meta: {"url":"/cart","method":"GET","isAuthenticated":true,"isAdmin":false,"userId":"6863a3bd5493cc908b53292b","cartCount":0}
[20:35:07 15/07/2025] [DEBUG] Request authentication | Meta: {"url":"/products","method":"GET","isAuthenticated":true,"isAdmin":false,"userId":"6863a3bd5493cc908b53292b","cartCount":0}
[20:36:02 15/07/2025] [DEBUG] Request authentication | Meta: {"url":"/","method":"GET","isAuthenticated":true,"isAdmin":false,"userId":"6863a3bd5493cc908b53292b","cartCount":0}
[20:52:28 15/07/2025] [DEBUG] Request authentication | Meta: {"url":"/products","method":"GET","isAuthenticated":true,"isAdmin":false,"userId":"6863a3bd5493cc908b53292b","cartCount":0}
[20:52:45 15/07/2025] [DEBUG] Request authentication | Meta: {"url":"/products/6865522580c38388b5018006","method":"GET","isAuthenticated":true,"isAdmin":false,"userId":"6863a3bd5493cc908b53292b","cartCount":0}
[20:53:02 15/07/2025] [DEBUG] Request authentication | Meta: {"url":"/products?category=cat","method":"GET","isAuthenticated":true,"isAdmin":false,"userId":"6863a3bd5493cc908b53292b","cartCount":0}
