[20:38:01 30/09/2025] [DEBUG] Request authentication | Meta: {"url":"/","method":"GET","isAuthenticated":false,"userId":null,"cartCount":0}
[20:38:04 30/09/2025] [DEBUG] Request authentication | Meta: {"url":"/favicon.ico","method":"GET","isAuthenticated":false,"userId":null,"cartCount":0}
[20:38:12 30/09/2025] [DEBUG] Request authentication | Meta: {"url":"/products","method":"GET","isAuthenticated":false,"userId":null,"cartCount":0}
[20:38:59 30/09/2025] [DEBUG] Request authentication | Meta: {"url":"/brands","method":"GET","isAuthenticated":false,"userId":null,"cartCount":0}
[20:39:04 30/09/2025] [DEBUG] Request authentication | Meta: {"url":"/news","method":"GET","isAuthenticated":false,"userId":null,"cartCount":0}
[20:41:11 30/09/2025] [DEBUG] Request authentication | Meta: {"url":"/brands","method":"GET","isAuthenticated":false,"userId":null,"cartCount":0}
[20:41:13 30/09/2025] [DEBUG] Request authentication | Meta: {"url":"/news","method":"GET","isAuthenticated":false,"userId":null,"cartCount":0}
[20:42:08 30/09/2025] [DEBUG] Request authentication | Meta: {"url":"/","method":"GET","isAuthenticated":false,"userId":null,"cartCount":0}
[21:31:56 30/09/2025] [DEBUG] Request authentication | Meta: {"url":"/about","method":"GET","isAuthenticated":false,"userId":null,"cartCount":0}
[21:31:59 30/09/2025] [DEBUG] Request authentication | Meta: {"url":"/news","method":"GET","isAuthenticated":false,"userId":null,"cartCount":0}
[21:34:35 30/09/2025] [DEBUG] Request authentication | Meta: {"url":"/","method":"GET","isAuthenticated":false,"userId":null,"cartCount":0}
[21:37:19 30/09/2025] [DEBUG] Request authentication | Meta: {"url":"/about","method":"GET","isAuthenticated":false,"userId":null,"cartCount":0}
[21:38:02 30/09/2025] [DEBUG] Request authentication | Meta: {"url":"/products","method":"GET","isAuthenticated":false,"userId":null,"cartCount":0}
[21:38:08 30/09/2025] [DEBUG] Request authentication | Meta: {"url":"/products","method":"GET","isAuthenticated":false,"userId":null,"cartCount":0}
[21:38:11 30/09/2025] [DEBUG] Request authentication | Meta: {"url":"/about","method":"GET","isAuthenticated":false,"userId":null,"cartCount":0}
[21:38:15 30/09/2025] [DEBUG] Request authentication | Meta: {"url":"/categories","method":"GET","isAuthenticated":false,"userId":null,"cartCount":0}
[21:38:22 30/09/2025] [DEBUG] Request authentication | Meta: {"url":"/","method":"GET","isAuthenticated":false,"userId":null,"cartCount":0}
[21:39:17 30/09/2025] [DEBUG] Request authentication | Meta: {"url":"/news","method":"GET","isAuthenticated":false,"userId":null,"cartCount":0}
[21:39:20 30/09/2025] [DEBUG] Request authentication | Meta: {"url":"/contact","method":"GET","isAuthenticated":false,"userId":null,"cartCount":0}
[21:47:12 30/09/2025] [DEBUG] Request authentication | Meta: {"url":"/contact","method":"GET","isAuthenticated":false,"userId":null,"cartCount":0}
[21:48:06 30/09/2025] [DEBUG] Request authentication | Meta: {"url":"/contact","method":"POST","isAuthenticated":false,"userId":null,"cartCount":0}
[21:48:41 30/09/2025] [DEBUG] Request authentication | Meta: {"url":"/","method":"GET","isAuthenticated":false,"userId":null,"cartCount":0}
[21:48:56 30/09/2025] [DEBUG] Request authentication | Meta: {"url":"/login","method":"GET","isAuthenticated":false,"userId":null,"cartCount":0}
[21:48:58 30/09/2025] [DEBUG] Request authentication | Meta: {"url":"/login","method":"POST","isAuthenticated":false,"userId":null,"cartCount":0}
[21:49:00 30/09/2025] [DEBUG] Request authentication | Meta: {"url":"/admin/dashboard","method":"GET","isAuthenticated":true,"isAdmin":true,"userId":"68ccdf9b7eea2d6be5a2f41b","cartCount":0}
[21:49:14 30/09/2025] [DEBUG] Request authentication | Meta: {"url":"/admin/products","method":"GET","isAuthenticated":true,"isAdmin":true,"userId":"68ccdf9b7eea2d6be5a2f41b","cartCount":0}
[21:49:22 30/09/2025] [DEBUG] Request authentication | Meta: {"url":"/admin/orders","method":"GET","isAuthenticated":true,"isAdmin":true,"userId":"68ccdf9b7eea2d6be5a2f41b","cartCount":0}
[21:49:34 30/09/2025] [DEBUG] Request authentication | Meta: {"url":"/admin/accounts","method":"GET","isAuthenticated":true,"isAdmin":true,"userId":"68ccdf9b7eea2d6be5a2f41b","cartCount":0}
[21:49:39 30/09/2025] [DEBUG] Request authentication | Meta: {"url":"/admin/categories","method":"GET","isAuthenticated":true,"isAdmin":true,"userId":"68ccdf9b7eea2d6be5a2f41b","cartCount":0}
[21:49:51 30/09/2025] [DEBUG] Request authentication | Meta: {"url":"/admin/brands","method":"GET","isAuthenticated":true,"isAdmin":true,"userId":"68ccdf9b7eea2d6be5a2f41b","cartCount":0}
[21:49:54 30/09/2025] [DEBUG] Request authentication | Meta: {"url":"/admin/reviews","method":"GET","isAuthenticated":true,"isAdmin":true,"userId":"68ccdf9b7eea2d6be5a2f41b","cartCount":0}
[21:51:35 30/09/2025] [DEBUG] Request authentication | Meta: {"url":"/admin/brands","method":"GET","isAuthenticated":true,"isAdmin":true,"userId":"68ccdf9b7eea2d6be5a2f41b","cartCount":0}
[21:52:16 30/09/2025] [DEBUG] Request authentication | Meta: {"url":"/admin/dashboard","method":"GET","isAuthenticated":true,"isAdmin":true,"userId":"68ccdf9b7eea2d6be5a2f41b","cartCount":0}
[21:52:19 30/09/2025] [DEBUG] Request authentication | Meta: {"url":"/admin/products","method":"GET","isAuthenticated":true,"isAdmin":true,"userId":"68ccdf9b7eea2d6be5a2f41b","cartCount":0}
[21:52:24 30/09/2025] [DEBUG] Request authentication | Meta: {"url":"/admin/orders","method":"GET","isAuthenticated":true,"isAdmin":true,"userId":"68ccdf9b7eea2d6be5a2f41b","cartCount":0}
[21:52:26 30/09/2025] [DEBUG] Request authentication | Meta: {"url":"/admin/accounts","method":"GET","isAuthenticated":true,"isAdmin":true,"userId":"68ccdf9b7eea2d6be5a2f41b","cartCount":0}
[21:52:27 30/09/2025] [DEBUG] Request authentication | Meta: {"url":"/admin/categories","method":"GET","isAuthenticated":true,"isAdmin":true,"userId":"68ccdf9b7eea2d6be5a2f41b","cartCount":0}
[21:52:30 30/09/2025] [DEBUG] Request authentication | Meta: {"url":"/admin/brands","method":"GET","isAuthenticated":true,"isAdmin":true,"userId":"68ccdf9b7eea2d6be5a2f41b","cartCount":0}
[21:52:31 30/09/2025] [DEBUG] Request authentication | Meta: {"url":"/admin/reviews","method":"GET","isAuthenticated":true,"isAdmin":true,"userId":"68ccdf9b7eea2d6be5a2f41b","cartCount":0}
[21:54:15 30/09/2025] [DEBUG] Request authentication | Meta: {"url":"/logout","method":"POST","isAuthenticated":true,"isAdmin":true,"userId":"68ccdf9b7eea2d6be5a2f41b","cartCount":0}
[21:54:15 30/09/2025] [DEBUG] Request authentication | Meta: {"url":"/","method":"GET","isAuthenticated":false,"userId":null,"cartCount":0}
[22:00:44 30/09/2025] [DEBUG] Request authentication | Meta: {"url":"/search?q=adidas","method":"GET","isAuthenticated":false,"userId":null,"cartCount":0}
[22:00:52 30/09/2025] [DEBUG] Request authentication | Meta: {"url":"/","method":"GET","isAuthenticated":false,"userId":null,"cartCount":0}
[22:00:56 30/09/2025] [DEBUG] Request authentication | Meta: {"url":"/categories","method":"GET","isAuthenticated":false,"userId":null,"cartCount":0}
[22:01:36 30/09/2025] [DEBUG] Request authentication | Meta: {"url":"/","method":"GET","isAuthenticated":false,"userId":null,"cartCount":0}
