[11:07:42 09/07/2025] [DEBUG] Request authentication | Meta: {"url":"/","method":"GET","isAuthenticated":false,"userId":null,"cartCount":0}
[11:07:44 09/07/2025] [DEBUG] Request authentication | Meta: {"url":"/favicon.ico","method":"GET","isAuthenticated":false,"userId":null,"cartCount":0}
[11:07:57 09/07/2025] [DEBUG] Request authentication | Meta: {"url":"/products","method":"GET","isAuthenticated":false,"userId":null,"cartCount":0}
[11:08:06 09/07/2025] [DEBUG] Request authentication | Meta: {"url":"/login","method":"GET","isAuthenticated":false,"userId":null,"cartCount":0}
[11:08:10 09/07/2025] [DEBUG] Request authentication | Meta: {"url":"/","method":"GET","isAuthenticated":false,"userId":null,"cartCount":0}
[11:08:13 09/07/2025] [DEBUG] Request authentication | Meta: {"url":"/products/6865522580c38388b5018010","method":"GET","isAuthenticated":false,"userId":null,"cartCount":0}
[11:08:25 09/07/2025] [DEBUG] Request authentication | Meta: {"url":"/","method":"GET","isAuthenticated":false,"userId":null,"cartCount":0}
[11:08:27 09/07/2025] [DEBUG] Request authentication | Meta: {"url":"/login","method":"GET","isAuthenticated":false,"userId":null,"cartCount":0}
[11:08:31 09/07/2025] [DEBUG] Request authentication | Meta: {"url":"/login","method":"POST","isAuthenticated":false,"userId":null,"cartCount":0}
[11:08:32 09/07/2025] [DEBUG] Request authentication | Meta: {"url":"/admin/dashboard","method":"GET","isAuthenticated":true,"isAdmin":true,"userId":"6863a3bd5493cc908b53292a","cartCount":0}
[11:08:34 09/07/2025] [DEBUG] Request authentication | Meta: {"url":"/admin/products","method":"GET","isAuthenticated":true,"isAdmin":true,"userId":"6863a3bd5493cc908b53292a","cartCount":0}
[11:08:39 09/07/2025] [DEBUG] Request authentication | Meta: {"url":"/admin/inventory","method":"GET","isAuthenticated":true,"isAdmin":true,"userId":"6863a3bd5493cc908b53292a","cartCount":0}
[11:08:53 09/07/2025] [DEBUG] Request authentication | Meta: {"url":"/admin/edit-product/6865522580c38388b5018010","method":"GET","isAuthenticated":true,"isAdmin":true,"userId":"6863a3bd5493cc908b53292a","cartCount":0}
[11:08:53 09/07/2025] [DEBUG] Request authentication | Meta: {"url":"/","method":"GET","isAuthenticated":true,"isAdmin":true,"userId":"6863a3bd5493cc908b53292a","cartCount":0}
[11:13:47 09/07/2025] [DEBUG] Request authentication | Meta: {"url":"/logout","method":"POST","isAuthenticated":true,"isAdmin":true,"userId":"6863a3bd5493cc908b53292a","cartCount":0}
[11:13:48 09/07/2025] [DEBUG] Request authentication | Meta: {"url":"/","method":"GET","isAuthenticated":false,"userId":null,"cartCount":0}
[11:13:51 09/07/2025] [DEBUG] Request authentication | Meta: {"url":"/products/6865522580c38388b5018010","method":"GET","isAuthenticated":false,"userId":null,"cartCount":0}
[11:13:54 09/07/2025] [DEBUG] Request authentication | Meta: {"url":"/cart/add","method":"POST","isAuthenticated":false,"userId":null,"cartCount":0}
[11:13:54 09/07/2025] [DEBUG] Request authentication | Meta: {"url":"/cart","method":"GET","isAuthenticated":false,"userId":null,"cartCount":1}
[11:13:55 09/07/2025] [DEBUG] Request authentication | Meta: {"url":"/cart","method":"GET","isAuthenticated":false,"userId":null,"cartCount":1}
[11:14:05 09/07/2025] [DEBUG] Request authentication | Meta: {"url":"/login","method":"GET","isAuthenticated":false,"userId":null,"cartCount":1}
[11:14:09 09/07/2025] [DEBUG] Request authentication | Meta: {"url":"/login","method":"POST","isAuthenticated":false,"userId":null,"cartCount":1}
[11:14:09 09/07/2025] [DEBUG] Request authentication | Meta: {"url":"/","method":"GET","isAuthenticated":true,"isAdmin":false,"userId":"6863a3bd5493cc908b53292b","cartCount":1}
[11:14:12 09/07/2025] [DEBUG] Request authentication | Meta: {"url":"/cart","method":"GET","isAuthenticated":true,"isAdmin":false,"userId":"6863a3bd5493cc908b53292b","cartCount":1}
[11:14:14 09/07/2025] [DEBUG] Request authentication | Meta: {"url":"/checkout","method":"GET","isAuthenticated":true,"isAdmin":false,"userId":"6863a3bd5493cc908b53292b","cartCount":1}
[11:14:18 09/07/2025] [DEBUG] Request authentication | Meta: {"url":"/","method":"GET","isAuthenticated":true,"isAdmin":false,"userId":"6863a3bd5493cc908b53292b","cartCount":1}
[11:14:35 09/07/2025] [DEBUG] Request authentication | Meta: {"url":"/products/6865522580c38388b5018010","method":"GET","isAuthenticated":true,"isAdmin":false,"userId":"6863a3bd5493cc908b53292b","cartCount":1}
[11:14:40 09/07/2025] [DEBUG] Request authentication | Meta: {"url":"/logout","method":"POST","isAuthenticated":true,"isAdmin":false,"userId":"6863a3bd5493cc908b53292b","cartCount":1}
[11:14:40 09/07/2025] [DEBUG] Request authentication | Meta: {"url":"/","method":"GET","isAuthenticated":false,"userId":null,"cartCount":0}
[11:14:48 09/07/2025] [DEBUG] Request authentication | Meta: {"url":"/login","method":"GET","isAuthenticated":false,"userId":null,"cartCount":0}
[11:14:51 09/07/2025] [DEBUG] Request authentication | Meta: {"url":"/login","method":"POST","isAuthenticated":false,"userId":null,"cartCount":0}
[11:14:51 09/07/2025] [DEBUG] Request authentication | Meta: {"url":"/","method":"GET","isAuthenticated":true,"isAdmin":false,"userId":"6863a3bd5493cc908b53292b","cartCount":0}
[11:14:55 09/07/2025] [DEBUG] Request authentication | Meta: {"url":"/profile","method":"GET","isAuthenticated":true,"isAdmin":false,"userId":"6863a3bd5493cc908b53292b","cartCount":0}
[11:14:55 09/07/2025] [DEBUG] Request authentication | Meta: {"url":"/images/default-profile.png","method":"GET","isAuthenticated":true,"isAdmin":false,"userId":"6863a3bd5493cc908b53292b","cartCount":0}
[11:14:58 09/07/2025] [DEBUG] Request authentication | Meta: {"url":"/orders","method":"GET","isAuthenticated":true,"isAdmin":false,"userId":"6863a3bd5493cc908b53292b","cartCount":0}
[11:15:23 09/07/2025] [DEBUG] Request authentication | Meta: {"url":"/logout","method":"POST","isAuthenticated":true,"isAdmin":false,"userId":"6863a3bd5493cc908b53292b","cartCount":0}
[11:15:23 09/07/2025] [DEBUG] Request authentication | Meta: {"url":"/","method":"GET","isAuthenticated":false,"userId":null,"cartCount":0}
[11:15:25 09/07/2025] [DEBUG] Request authentication | Meta: {"url":"/login","method":"GET","isAuthenticated":false,"userId":null,"cartCount":0}
[11:15:28 09/07/2025] [DEBUG] Request authentication | Meta: {"url":"/login","method":"POST","isAuthenticated":false,"userId":null,"cartCount":0}
[11:15:28 09/07/2025] [DEBUG] Request authentication | Meta: {"url":"/admin/dashboard","method":"GET","isAuthenticated":true,"isAdmin":true,"userId":"6863a3bd5493cc908b53292a","cartCount":0}
[11:15:30 09/07/2025] [DEBUG] Request authentication | Meta: {"url":"/admin/orders","method":"GET","isAuthenticated":true,"isAdmin":true,"userId":"6863a3bd5493cc908b53292a","cartCount":0}
[11:15:38 09/07/2025] [DEBUG] Request authentication | Meta: {"url":"/admin/orders/686a2ac16f1e0435c5577afa","method":"GET","isAuthenticated":true,"isAdmin":true,"userId":"6863a3bd5493cc908b53292a","cartCount":0}
[11:15:38 09/07/2025] [DEBUG] Request authentication | Meta: {"url":"/css/admin.css","method":"GET","isAuthenticated":true,"isAdmin":true,"userId":"6863a3bd5493cc908b53292a","cartCount":0}
[11:21:57 09/07/2025] [DEBUG] Request authentication | Meta: {"url":"/admin/inventory","method":"GET","isAuthenticated":true,"isAdmin":true,"userId":"6863a3bd5493cc908b53292a","cartCount":0}
[11:22:04 09/07/2025] [DEBUG] Request authentication | Meta: {"url":"/logout","method":"POST","isAuthenticated":true,"isAdmin":true,"userId":"6863a3bd5493cc908b53292a","cartCount":0}
[11:22:04 09/07/2025] [DEBUG] Request authentication | Meta: {"url":"/","method":"GET","isAuthenticated":false,"userId":null,"cartCount":0}
[11:32:22 09/07/2025] [DEBUG] Request authentication | Meta: {"url":"/","method":"GET","isAuthenticated":false,"userId":null,"cartCount":0}
[11:38:51 09/07/2025] [DEBUG] Request authentication | Meta: {"url":"/","method":"GET","isAuthenticated":false,"userId":null,"cartCount":0}
[11:39:28 09/07/2025] [DEBUG] Request authentication | Meta: {"url":"/","method":"GET","isAuthenticated":false,"userId":null,"cartCount":0}
[11:47:01 09/07/2025] [DEBUG] Request authentication | Meta: {"url":"/","method":"GET","isAuthenticated":false,"userId":null,"cartCount":0}
[11:47:29 09/07/2025] [DEBUG] Request authentication | Meta: {"url":"/","method":"GET","isAuthenticated":false,"userId":null,"cartCount":0}
[11:48:03 09/07/2025] [DEBUG] Request authentication | Meta: {"url":"/","method":"GET","isAuthenticated":false,"userId":null,"cartCount":0}
[11:53:32 09/07/2025] [DEBUG] Request authentication | Meta: {"url":"/","method":"GET","isAuthenticated":false,"userId":null,"cartCount":0}
[11:54:03 09/07/2025] [DEBUG] Request authentication | Meta: {"url":"/search?q=C%C3%A1t+t%E1%BA%AFm+cho+chu%E1%BB%99t+hamster","method":"GET","isAuthenticated":false,"userId":null,"cartCount":0}
[11:54:07 09/07/2025] [DEBUG] Request authentication | Meta: {"url":"/search?q=","method":"GET","isAuthenticated":false,"userId":null,"cartCount":0}
[11:54:09 09/07/2025] [DEBUG] Request authentication | Meta: {"url":"/search?q=C%C3%A1t+t%E1%BA%AFm+cho+chu%E1%BB%99t+hamster","method":"GET","isAuthenticated":false,"userId":null,"cartCount":0}
[11:54:12 09/07/2025] [DEBUG] Request authentication | Meta: {"url":"/","method":"GET","isAuthenticated":false,"userId":null,"cartCount":0}
[11:55:21 09/07/2025] [DEBUG] Request authentication | Meta: {"url":"/login","method":"GET","isAuthenticated":false,"userId":null,"cartCount":0}
[11:55:25 09/07/2025] [DEBUG] Request authentication | Meta: {"url":"/login","method":"POST","isAuthenticated":false,"userId":null,"cartCount":0}
[11:55:25 09/07/2025] [DEBUG] Request authentication | Meta: {"url":"/","method":"GET","isAuthenticated":true,"isAdmin":false,"userId":"6863a3bd5493cc908b53292b","cartCount":0}
[11:55:29 09/07/2025] [DEBUG] Request authentication | Meta: {"url":"/products/6865522580c38388b5018010","method":"GET","isAuthenticated":true,"isAdmin":false,"userId":"6863a3bd5493cc908b53292b","cartCount":0}
[11:55:33 09/07/2025] [DEBUG] Request authentication | Meta: {"url":"/","method":"GET","isAuthenticated":true,"isAdmin":false,"userId":"6863a3bd5493cc908b53292b","cartCount":0}
[11:55:40 09/07/2025] [DEBUG] Request authentication | Meta: {"url":"/products/6865522580c38388b5018018","method":"GET","isAuthenticated":true,"isAdmin":false,"userId":"6863a3bd5493cc908b53292b","cartCount":0}
[11:55:43 09/07/2025] [DEBUG] Request authentication | Meta: {"url":"/cart/add","method":"POST","isAuthenticated":true,"isAdmin":false,"userId":"6863a3bd5493cc908b53292b","cartCount":0}
[11:55:44 09/07/2025] [DEBUG] Request authentication | Meta: {"url":"/cart","method":"GET","isAuthenticated":true,"isAdmin":false,"userId":"6863a3bd5493cc908b53292b","cartCount":2}
[11:55:44 09/07/2025] [DEBUG] Request authentication | Meta: {"url":"/cart","method":"GET","isAuthenticated":true,"isAdmin":false,"userId":"6863a3bd5493cc908b53292b","cartCount":2}
[11:55:49 09/07/2025] [DEBUG] Request authentication | Meta: {"url":"/checkout","method":"GET","isAuthenticated":true,"isAdmin":false,"userId":"6863a3bd5493cc908b53292b","cartCount":2}
[11:56:09 09/07/2025] [DEBUG] Request authentication | Meta: {"url":"/orders","method":"POST","isAuthenticated":true,"isAdmin":false,"userId":"6863a3bd5493cc908b53292b","cartCount":2}
[11:56:12 09/07/2025] [DEBUG] Request authentication | Meta: {"url":"/orders","method":"GET","isAuthenticated":true,"isAdmin":false,"userId":"6863a3bd5493cc908b53292b","cartCount":2}
[12:04:46 09/07/2025] [DEBUG] Request authentication | Meta: {"url":"/cart","method":"GET","isAuthenticated":true,"isAdmin":false,"userId":"6863a3bd5493cc908b53292b","cartCount":2}
[12:04:50 09/07/2025] [DEBUG] Request authentication | Meta: {"url":"/checkout","method":"GET","isAuthenticated":true,"isAdmin":false,"userId":"6863a3bd5493cc908b53292b","cartCount":2}
[12:05:01 09/07/2025] [DEBUG] Request authentication | Meta: {"url":"/orders","method":"POST","isAuthenticated":true,"isAdmin":false,"userId":"6863a3bd5493cc908b53292b","cartCount":2}
[12:05:08 09/07/2025] [DEBUG] Request authentication | Meta: {"url":"/cart","method":"GET","isAuthenticated":true,"isAdmin":false,"userId":"6863a3bd5493cc908b53292b","cartCount":2}
[12:05:11 09/07/2025] [DEBUG] Request authentication | Meta: {"url":"/cart-delete-item","method":"POST","isAuthenticated":true,"isAdmin":false,"userId":"6863a3bd5493cc908b53292b","cartCount":2}
[12:05:12 09/07/2025] [DEBUG] Request authentication | Meta: {"url":"/cart-delete-item","method":"POST","isAuthenticated":true,"isAdmin":false,"userId":"6863a3bd5493cc908b53292b","cartCount":0}
[12:05:13 09/07/2025] [DEBUG] Request authentication | Meta: {"url":"/cart","method":"GET","isAuthenticated":true,"isAdmin":false,"userId":"6863a3bd5493cc908b53292b","cartCount":0}
[12:05:14 09/07/2025] [DEBUG] Request authentication | Meta: {"url":"/cart","method":"GET","isAuthenticated":true,"isAdmin":false,"userId":"6863a3bd5493cc908b53292b","cartCount":0}
[12:05:15 09/07/2025] [DEBUG] Request authentication | Meta: {"url":"/","method":"GET","isAuthenticated":true,"isAdmin":false,"userId":"6863a3bd5493cc908b53292b","cartCount":0}
[12:05:19 09/07/2025] [DEBUG] Request authentication | Meta: {"url":"/products/6865522580c38388b5018015","method":"GET","isAuthenticated":true,"isAdmin":false,"userId":"6863a3bd5493cc908b53292b","cartCount":0}
[12:05:24 09/07/2025] [DEBUG] Request authentication | Meta: {"url":"/cart/add","method":"POST","isAuthenticated":true,"isAdmin":false,"userId":"6863a3bd5493cc908b53292b","cartCount":0}
[12:05:25 09/07/2025] [DEBUG] Request authentication | Meta: {"url":"/cart","method":"GET","isAuthenticated":true,"isAdmin":false,"userId":"6863a3bd5493cc908b53292b","cartCount":2}
[12:05:26 09/07/2025] [DEBUG] Request authentication | Meta: {"url":"/cart","method":"GET","isAuthenticated":true,"isAdmin":false,"userId":"6863a3bd5493cc908b53292b","cartCount":2}
[12:05:29 09/07/2025] [DEBUG] Request authentication | Meta: {"url":"/checkout","method":"GET","isAuthenticated":true,"isAdmin":false,"userId":"6863a3bd5493cc908b53292b","cartCount":2}
[12:05:39 09/07/2025] [DEBUG] Request authentication | Meta: {"url":"/orders","method":"POST","isAuthenticated":true,"isAdmin":false,"userId":"6863a3bd5493cc908b53292b","cartCount":2}
[12:09:04 09/07/2025] [DEBUG] Request authentication | Meta: {"url":"/","method":"GET","isAuthenticated":true,"isAdmin":false,"userId":"6863a3bd5493cc908b53292b","cartCount":2}
[12:14:49 09/07/2025] [DEBUG] Request authentication | Meta: {"url":"/products/6865522580c38388b5018015","method":"GET","isAuthenticated":true,"isAdmin":false,"userId":"6863a3bd5493cc908b53292b","cartCount":2}
[12:14:53 09/07/2025] [DEBUG] Request authentication | Meta: {"url":"/cart/add","method":"POST","isAuthenticated":true,"isAdmin":false,"userId":"6863a3bd5493cc908b53292b","cartCount":2}
[12:14:54 09/07/2025] [DEBUG] Request authentication | Meta: {"url":"/cart","method":"GET","isAuthenticated":true,"isAdmin":false,"userId":"6863a3bd5493cc908b53292b","cartCount":4}
[12:14:54 09/07/2025] [DEBUG] Request authentication | Meta: {"url":"/cart","method":"GET","isAuthenticated":true,"isAdmin":false,"userId":"6863a3bd5493cc908b53292b","cartCount":4}
[12:15:04 09/07/2025] [DEBUG] Request authentication | Meta: {"url":"/checkout","method":"GET","isAuthenticated":true,"isAdmin":false,"userId":"6863a3bd5493cc908b53292b","cartCount":4}
[12:15:11 09/07/2025] [DEBUG] Request authentication | Meta: {"url":"/orders","method":"POST","isAuthenticated":true,"isAdmin":false,"userId":"6863a3bd5493cc908b53292b","cartCount":4}
[12:15:14 09/07/2025] [DEBUG] Request authentication | Meta: {"url":"/orders","method":"GET","isAuthenticated":true,"isAdmin":false,"userId":"6863a3bd5493cc908b53292b","cartCount":0}
[13:40:25 09/07/2025] [DEBUG] Request authentication | Meta: {"url":"/","method":"GET","isAuthenticated":true,"isAdmin":false,"userId":"6863a3bd5493cc908b53292b","cartCount":0}
[13:40:34 09/07/2025] [DEBUG] Request authentication | Meta: {"url":"/products/6865522580c38388b5018015","method":"GET","isAuthenticated":true,"isAdmin":false,"userId":"6863a3bd5493cc908b53292b","cartCount":0}
[13:40:38 09/07/2025] [DEBUG] Request authentication | Meta: {"url":"/cart/add","method":"POST","isAuthenticated":true,"isAdmin":false,"userId":"6863a3bd5493cc908b53292b","cartCount":0}
[13:40:38 09/07/2025] [DEBUG] Request authentication | Meta: {"url":"/cart","method":"GET","isAuthenticated":true,"isAdmin":false,"userId":"6863a3bd5493cc908b53292b","cartCount":1}
[13:40:39 09/07/2025] [DEBUG] Request authentication | Meta: {"url":"/cart","method":"GET","isAuthenticated":true,"isAdmin":false,"userId":"6863a3bd5493cc908b53292b","cartCount":1}
[13:43:27 09/07/2025] [DEBUG] Request authentication | Meta: {"url":"/checkout","method":"GET","isAuthenticated":true,"isAdmin":false,"userId":"6863a3bd5493cc908b53292b","cartCount":1}
[13:43:35 09/07/2025] [DEBUG] Request authentication | Meta: {"url":"/orders","method":"POST","isAuthenticated":true,"isAdmin":false,"userId":"6863a3bd5493cc908b53292b","cartCount":1}
[13:43:39 09/07/2025] [DEBUG] Request authentication | Meta: {"url":"/orders","method":"GET","isAuthenticated":true,"isAdmin":false,"userId":"6863a3bd5493cc908b53292b","cartCount":0}
[13:44:23 09/07/2025] [DEBUG] Request authentication | Meta: {"url":"/","method":"GET","isAuthenticated":true,"isAdmin":false,"userId":"6863a3bd5493cc908b53292b","cartCount":0}
[13:44:27 09/07/2025] [DEBUG] Request authentication | Meta: {"url":"/products/6865522580c38388b5018015","method":"GET","isAuthenticated":true,"isAdmin":false,"userId":"6863a3bd5493cc908b53292b","cartCount":0}
[13:44:30 09/07/2025] [DEBUG] Request authentication | Meta: {"url":"/cart/add","method":"POST","isAuthenticated":true,"isAdmin":false,"userId":"6863a3bd5493cc908b53292b","cartCount":0}
[13:44:30 09/07/2025] [DEBUG] Request authentication | Meta: {"url":"/cart","method":"GET","isAuthenticated":true,"isAdmin":false,"userId":"6863a3bd5493cc908b53292b","cartCount":1}
[13:44:31 09/07/2025] [DEBUG] Request authentication | Meta: {"url":"/cart","method":"GET","isAuthenticated":true,"isAdmin":false,"userId":"6863a3bd5493cc908b53292b","cartCount":1}
[13:44:33 09/07/2025] [DEBUG] Request authentication | Meta: {"url":"/checkout","method":"GET","isAuthenticated":true,"isAdmin":false,"userId":"6863a3bd5493cc908b53292b","cartCount":1}
[13:44:45 09/07/2025] [DEBUG] Request authentication | Meta: {"url":"/orders","method":"POST","isAuthenticated":true,"isAdmin":false,"userId":"6863a3bd5493cc908b53292b","cartCount":1}
[13:44:48 09/07/2025] [DEBUG] Request authentication | Meta: {"url":"/orders","method":"GET","isAuthenticated":true,"isAdmin":false,"userId":"6863a3bd5493cc908b53292b","cartCount":0}
[13:50:27 09/07/2025] [DEBUG] Request authentication | Meta: {"url":"/","method":"GET","isAuthenticated":true,"isAdmin":false,"userId":"6863a3bd5493cc908b53292b","cartCount":0}
[13:50:32 09/07/2025] [DEBUG] Request authentication | Meta: {"url":"/products/6865522580c38388b5018015","method":"GET","isAuthenticated":true,"isAdmin":false,"userId":"6863a3bd5493cc908b53292b","cartCount":0}
[13:50:35 09/07/2025] [DEBUG] Request authentication | Meta: {"url":"/cart/add","method":"POST","isAuthenticated":true,"isAdmin":false,"userId":"6863a3bd5493cc908b53292b","cartCount":0}
[13:50:35 09/07/2025] [DEBUG] Request authentication | Meta: {"url":"/cart","method":"GET","isAuthenticated":true,"isAdmin":false,"userId":"6863a3bd5493cc908b53292b","cartCount":1}
[13:50:36 09/07/2025] [DEBUG] Request authentication | Meta: {"url":"/cart","method":"GET","isAuthenticated":true,"isAdmin":false,"userId":"6863a3bd5493cc908b53292b","cartCount":1}
[13:50:40 09/07/2025] [DEBUG] Request authentication | Meta: {"url":"/checkout","method":"GET","isAuthenticated":true,"isAdmin":false,"userId":"6863a3bd5493cc908b53292b","cartCount":1}
[13:50:48 09/07/2025] [DEBUG] Request authentication | Meta: {"url":"/orders","method":"POST","isAuthenticated":true,"isAdmin":false,"userId":"6863a3bd5493cc908b53292b","cartCount":1}
[13:50:52 09/07/2025] [DEBUG] Request authentication | Meta: {"url":"/orders","method":"GET","isAuthenticated":true,"isAdmin":false,"userId":"6863a3bd5493cc908b53292b","cartCount":0}
[13:51:17 09/07/2025] [DEBUG] Request authentication | Meta: {"url":"/","method":"GET","isAuthenticated":true,"isAdmin":false,"userId":"6863a3bd5493cc908b53292b","cartCount":0}
[13:51:23 09/07/2025] [DEBUG] Request authentication | Meta: {"url":"/products","method":"GET","isAuthenticated":true,"isAdmin":false,"userId":"6863a3bd5493cc908b53292b","cartCount":0}
[13:51:28 09/07/2025] [DEBUG] Request authentication | Meta: {"url":"/cart","method":"GET","isAuthenticated":true,"isAdmin":false,"userId":"6863a3bd5493cc908b53292b","cartCount":0}
[13:51:30 09/07/2025] [DEBUG] Request authentication | Meta: {"url":"/","method":"GET","isAuthenticated":true,"isAdmin":false,"userId":"6863a3bd5493cc908b53292b","cartCount":0}
[13:51:32 09/07/2025] [DEBUG] Request authentication | Meta: {"url":"/products/6865522580c38388b5018010","method":"GET","isAuthenticated":true,"isAdmin":false,"userId":"6863a3bd5493cc908b53292b","cartCount":0}
[13:51:35 09/07/2025] [DEBUG] Request authentication | Meta: {"url":"/cart/add","method":"POST","isAuthenticated":true,"isAdmin":false,"userId":"6863a3bd5493cc908b53292b","cartCount":0}
[13:51:35 09/07/2025] [DEBUG] Request authentication | Meta: {"url":"/cart","method":"GET","isAuthenticated":true,"isAdmin":false,"userId":"6863a3bd5493cc908b53292b","cartCount":1}
[13:51:36 09/07/2025] [DEBUG] Request authentication | Meta: {"url":"/cart","method":"GET","isAuthenticated":true,"isAdmin":false,"userId":"6863a3bd5493cc908b53292b","cartCount":1}
[13:59:53 09/07/2025] [DEBUG] Request authentication | Meta: {"url":"/cart","method":"GET","isAuthenticated":true,"isAdmin":false,"userId":"6863a3bd5493cc908b53292b","cartCount":1}
[14:00:04 09/07/2025] [DEBUG] Request authentication | Meta: {"url":"/cart-update-quantity","method":"POST","isAuthenticated":true,"isAdmin":false,"userId":"6863a3bd5493cc908b53292b","cartCount":1}
[14:00:04 09/07/2025] [DEBUG] Request authentication | Meta: {"url":"/cart","method":"GET","isAuthenticated":true,"isAdmin":false,"userId":"6863a3bd5493cc908b53292b","cartCount":2}
[14:00:18 09/07/2025] [DEBUG] Request authentication | Meta: {"url":"/cart-delete-item","method":"POST","isAuthenticated":true,"isAdmin":false,"userId":"6863a3bd5493cc908b53292b","cartCount":2}
[14:00:18 09/07/2025] [DEBUG] Request authentication | Meta: {"url":"/cart","method":"GET","isAuthenticated":true,"isAdmin":false,"userId":"6863a3bd5493cc908b53292b","cartCount":0}
[14:00:29 09/07/2025] [DEBUG] Request authentication | Meta: {"url":"/","method":"GET","isAuthenticated":true,"isAdmin":false,"userId":"6863a3bd5493cc908b53292b","cartCount":0}
[14:00:32 09/07/2025] [DEBUG] Request authentication | Meta: {"url":"/logout","method":"POST","isAuthenticated":true,"isAdmin":false,"userId":"6863a3bd5493cc908b53292b","cartCount":0}
[14:00:33 09/07/2025] [DEBUG] Request authentication | Meta: {"url":"/","method":"GET","isAuthenticated":false,"userId":null,"cartCount":0}
[14:00:34 09/07/2025] [DEBUG] Request authentication | Meta: {"url":"/login","method":"GET","isAuthenticated":false,"userId":null,"cartCount":0}
[14:00:38 09/07/2025] [DEBUG] Request authentication | Meta: {"url":"/login","method":"POST","isAuthenticated":false,"userId":null,"cartCount":0}
[14:00:38 09/07/2025] [DEBUG] Request authentication | Meta: {"url":"/admin/dashboard","method":"GET","isAuthenticated":true,"isAdmin":true,"userId":"6863a3bd5493cc908b53292a","cartCount":0}
[14:00:42 09/07/2025] [DEBUG] Request authentication | Meta: {"url":"/admin/inventory","method":"GET","isAuthenticated":true,"isAdmin":true,"userId":"6863a3bd5493cc908b53292a","cartCount":0}
[14:00:58 09/07/2025] [DEBUG] Request authentication | Meta: {"url":"/logout","method":"POST","isAuthenticated":true,"isAdmin":true,"userId":"6863a3bd5493cc908b53292a","cartCount":0}
[14:00:59 09/07/2025] [DEBUG] Request authentication | Meta: {"url":"/","method":"GET","isAuthenticated":false,"userId":null,"cartCount":0}
[14:01:00 09/07/2025] [DEBUG] Request authentication | Meta: {"url":"/login","method":"GET","isAuthenticated":false,"userId":null,"cartCount":0}
[14:01:07 09/07/2025] [DEBUG] Request authentication | Meta: {"url":"/login","method":"POST","isAuthenticated":false,"userId":null,"cartCount":0}
[14:01:07 09/07/2025] [DEBUG] Request authentication | Meta: {"url":"/","method":"GET","isAuthenticated":true,"isAdmin":false,"userId":"6863a3bd5493cc908b53292b","cartCount":0}
[14:01:13 09/07/2025] [DEBUG] Request authentication | Meta: {"url":"/search?q=L%E1%BB%93ng+nu%C3%B4i+hamster","method":"GET","isAuthenticated":true,"isAdmin":false,"userId":"6863a3bd5493cc908b53292b","cartCount":0}
[14:01:15 09/07/2025] [DEBUG] Request authentication | Meta: {"url":"/products/6865522580c38388b5018015","method":"GET","isAuthenticated":true,"isAdmin":false,"userId":"6863a3bd5493cc908b53292b","cartCount":0}
[14:01:17 09/07/2025] [DEBUG] Request authentication | Meta: {"url":"/cart/add","method":"POST","isAuthenticated":true,"isAdmin":false,"userId":"6863a3bd5493cc908b53292b","cartCount":0}
[14:01:18 09/07/2025] [DEBUG] Request authentication | Meta: {"url":"/cart","method":"GET","isAuthenticated":true,"isAdmin":false,"userId":"6863a3bd5493cc908b53292b","cartCount":1}
[14:01:18 09/07/2025] [DEBUG] Request authentication | Meta: {"url":"/cart","method":"GET","isAuthenticated":true,"isAdmin":false,"userId":"6863a3bd5493cc908b53292b","cartCount":1}
[14:01:20 09/07/2025] [DEBUG] Request authentication | Meta: {"url":"/cart-update-quantity","method":"POST","isAuthenticated":true,"isAdmin":false,"userId":"6863a3bd5493cc908b53292b","cartCount":1}
[14:01:20 09/07/2025] [DEBUG] Request authentication | Meta: {"url":"/cart","method":"GET","isAuthenticated":true,"isAdmin":false,"userId":"6863a3bd5493cc908b53292b","cartCount":2}
[14:01:21 09/07/2025] [DEBUG] Request authentication | Meta: {"url":"/cart-update-quantity","method":"POST","isAuthenticated":true,"isAdmin":false,"userId":"6863a3bd5493cc908b53292b","cartCount":2}
[14:01:21 09/07/2025] [DEBUG] Request authentication | Meta: {"url":"/cart","method":"GET","isAuthenticated":true,"isAdmin":false,"userId":"6863a3bd5493cc908b53292b","cartCount":3}
[14:01:22 09/07/2025] [DEBUG] Request authentication | Meta: {"url":"/checkout","method":"GET","isAuthenticated":true,"isAdmin":false,"userId":"6863a3bd5493cc908b53292b","cartCount":3}
[14:01:29 09/07/2025] [DEBUG] Request authentication | Meta: {"url":"/orders","method":"POST","isAuthenticated":true,"isAdmin":false,"userId":"6863a3bd5493cc908b53292b","cartCount":3}
[14:01:32 09/07/2025] [DEBUG] Request authentication | Meta: {"url":"/orders","method":"GET","isAuthenticated":true,"isAdmin":false,"userId":"6863a3bd5493cc908b53292b","cartCount":0}
[14:01:36 09/07/2025] [DEBUG] Request authentication | Meta: {"url":"/logout","method":"POST","isAuthenticated":true,"isAdmin":false,"userId":"6863a3bd5493cc908b53292b","cartCount":0}
[14:01:36 09/07/2025] [DEBUG] Request authentication | Meta: {"url":"/","method":"GET","isAuthenticated":false,"userId":null,"cartCount":0}
[14:01:38 09/07/2025] [DEBUG] Request authentication | Meta: {"url":"/login","method":"GET","isAuthenticated":false,"userId":null,"cartCount":0}
[14:01:41 09/07/2025] [DEBUG] Request authentication | Meta: {"url":"/login","method":"POST","isAuthenticated":false,"userId":null,"cartCount":0}
[14:01:41 09/07/2025] [DEBUG] Request authentication | Meta: {"url":"/admin/dashboard","method":"GET","isAuthenticated":true,"isAdmin":true,"userId":"6863a3bd5493cc908b53292a","cartCount":0}
[14:01:59 09/07/2025] [DEBUG] Request authentication | Meta: {"url":"/admin/inventory","method":"GET","isAuthenticated":true,"isAdmin":true,"userId":"6863a3bd5493cc908b53292a","cartCount":0}
[14:02:03 09/07/2025] [DEBUG] Request authentication | Meta: {"url":"/admin/inventory?search=L%E1%BB%93ng+nu%C3%B4i+hamster&category=&stock=&sort=","method":"GET","isAuthenticated":true,"isAdmin":true,"userId":"6863a3bd5493cc908b53292a","cartCount":0}
[14:02:39 09/07/2025] [DEBUG] Request authentication | Meta: {"url":"/admin/orders","method":"GET","isAuthenticated":true,"isAdmin":true,"userId":"6863a3bd5493cc908b53292a","cartCount":0}
[14:02:55 09/07/2025] [DEBUG] Request authentication | Meta: {"url":"/admin/orders/686e13c9b7ff0da902282a1b","method":"GET","isAuthenticated":true,"isAdmin":true,"userId":"6863a3bd5493cc908b53292a","cartCount":0}
[14:02:56 09/07/2025] [DEBUG] Request authentication | Meta: {"url":"/css/admin.css","method":"GET","isAuthenticated":true,"isAdmin":true,"userId":"6863a3bd5493cc908b53292a","cartCount":0}
[14:03:26 09/07/2025] [DEBUG] Request authentication | Meta: {"url":"/admin/orders/686e13c9b7ff0da902282a1b","method":"GET","isAuthenticated":true,"isAdmin":true,"userId":"6863a3bd5493cc908b53292a","cartCount":0}
[14:03:27 09/07/2025] [DEBUG] Request authentication | Meta: {"url":"/css/admin.css","method":"GET","isAuthenticated":true,"isAdmin":true,"userId":"6863a3bd5493cc908b53292a","cartCount":0}
[15:38:59 09/07/2025] [DEBUG] Request authentication | Meta: {"url":"/admin/orders","method":"GET","isAuthenticated":true,"isAdmin":true,"userId":"6863a3bd5493cc908b53292a","cartCount":0}
[15:39:06 09/07/2025] [DEBUG] Request authentication | Meta: {"url":"/admin/orders/686e13c9b7ff0da902282a1b","method":"GET","isAuthenticated":true,"isAdmin":true,"userId":"6863a3bd5493cc908b53292a","cartCount":0}
[15:39:06 09/07/2025] [DEBUG] Request authentication | Meta: {"url":"/css/admin.css","method":"GET","isAuthenticated":true,"isAdmin":true,"userId":"6863a3bd5493cc908b53292a","cartCount":0}
[15:39:17 09/07/2025] [DEBUG] Request authentication | Meta: {"url":"/admin/update-order-status","method":"POST","isAuthenticated":true,"isAdmin":true,"userId":"6863a3bd5493cc908b53292a","cartCount":0}
[15:39:23 09/07/2025] [DEBUG] Request authentication | Meta: {"url":"/admin/orders/686e13c9b7ff0da902282a1b","method":"GET","isAuthenticated":true,"isAdmin":true,"userId":"6863a3bd5493cc908b53292a","cartCount":0}
[15:39:23 09/07/2025] [DEBUG] Request authentication | Meta: {"url":"/css/admin.css","method":"GET","isAuthenticated":true,"isAdmin":true,"userId":"6863a3bd5493cc908b53292a","cartCount":0}
[15:39:49 09/07/2025] [DEBUG] Request authentication | Meta: {"url":"/admin/update-payment-status","method":"POST","isAuthenticated":true,"isAdmin":true,"userId":"6863a3bd5493cc908b53292a","cartCount":0}
[15:39:51 09/07/2025] [DEBUG] Request authentication | Meta: {"url":"/admin/orders/686e13c9b7ff0da902282a1b","method":"GET","isAuthenticated":true,"isAdmin":true,"userId":"6863a3bd5493cc908b53292a","cartCount":0}
[15:39:52 09/07/2025] [DEBUG] Request authentication | Meta: {"url":"/css/admin.css","method":"GET","isAuthenticated":true,"isAdmin":true,"userId":"6863a3bd5493cc908b53292a","cartCount":0}
[15:40:00 09/07/2025] [DEBUG] Request authentication | Meta: {"url":"/admin/orders","method":"GET","isAuthenticated":true,"isAdmin":true,"userId":"6863a3bd5493cc908b53292a","cartCount":0}
[15:40:31 09/07/2025] [DEBUG] Request authentication | Meta: {"url":"/admin/inventory","method":"GET","isAuthenticated":true,"isAdmin":true,"userId":"6863a3bd5493cc908b53292a","cartCount":0}
[15:40:39 09/07/2025] [DEBUG] Request authentication | Meta: {"url":"/admin/dashboard","method":"GET","isAuthenticated":true,"isAdmin":true,"userId":"6863a3bd5493cc908b53292a","cartCount":0}
[15:43:38 09/07/2025] [DEBUG] Request authentication | Meta: {"url":"/admin/accounts","method":"GET","isAuthenticated":true,"isAdmin":true,"userId":"6863a3bd5493cc908b53292a","cartCount":0}
[15:43:46 09/07/2025] [DEBUG] Request authentication | Meta: {"url":"/admin/accounts/6863a3bd5493cc908b53292a/edit","method":"GET","isAuthenticated":true,"isAdmin":true,"userId":"6863a3bd5493cc908b53292a","cartCount":0}
[15:43:55 09/07/2025] [DEBUG] Request authentication | Meta: {"url":"/admin/accounts","method":"GET","isAuthenticated":true,"isAdmin":true,"userId":"6863a3bd5493cc908b53292a","cartCount":0}
[15:43:56 09/07/2025] [DEBUG] Request authentication | Meta: {"url":"/admin/orders","method":"GET","isAuthenticated":true,"isAdmin":true,"userId":"6863a3bd5493cc908b53292a","cartCount":0}
[15:43:57 09/07/2025] [DEBUG] Request authentication | Meta: {"url":"/admin/inventory","method":"GET","isAuthenticated":true,"isAdmin":true,"userId":"6863a3bd5493cc908b53292a","cartCount":0}
[15:43:59 09/07/2025] [DEBUG] Request authentication | Meta: {"url":"/admin/products","method":"GET","isAuthenticated":true,"isAdmin":true,"userId":"6863a3bd5493cc908b53292a","cartCount":0}
[15:44:03 09/07/2025] [DEBUG] Request authentication | Meta: {"url":"/admin/dashboard","method":"GET","isAuthenticated":true,"isAdmin":true,"userId":"6863a3bd5493cc908b53292a","cartCount":0}
[15:44:15 09/07/2025] [DEBUG] Request authentication | Meta: {"url":"/logout","method":"POST","isAuthenticated":true,"isAdmin":true,"userId":"6863a3bd5493cc908b53292a","cartCount":0}
[15:44:15 09/07/2025] [DEBUG] Request authentication | Meta: {"url":"/","method":"GET","isAuthenticated":false,"userId":null,"cartCount":0}
[15:44:27 09/07/2025] [DEBUG] Request authentication | Meta: {"url":"/about","method":"GET","isAuthenticated":false,"userId":null,"cartCount":0}
[15:44:29 09/07/2025] [DEBUG] Request authentication | Meta: {"url":"/contact","method":"GET","isAuthenticated":false,"userId":null,"cartCount":0}
[15:44:30 09/07/2025] [DEBUG] Request authentication | Meta: {"url":"/products","method":"GET","isAuthenticated":false,"userId":null,"cartCount":0}
[15:44:34 09/07/2025] [DEBUG] Request authentication | Meta: {"url":"/","method":"GET","isAuthenticated":false,"userId":null,"cartCount":0}
[15:44:38 09/07/2025] [DEBUG] Request authentication | Meta: {"url":"/products/6865522580c38388b5018010","method":"GET","isAuthenticated":false,"userId":null,"cartCount":0}
[19:29:36 09/07/2025] [DEBUG] Request authentication | Meta: {"url":"/","method":"GET","isAuthenticated":false,"userId":null,"cartCount":0}
[19:29:38 09/07/2025] [DEBUG] Request authentication | Meta: {"url":"/favicon.ico","method":"GET","isAuthenticated":false,"userId":null,"cartCount":0}
[19:29:49 09/07/2025] [DEBUG] Request authentication | Meta: {"url":"/products/6865522580c38388b5018010","method":"GET","isAuthenticated":false,"userId":null,"cartCount":0}
[19:29:56 09/07/2025] [DEBUG] Request authentication | Meta: {"url":"/cart/add","method":"POST","isAuthenticated":false,"userId":null,"cartCount":0}
[19:29:56 09/07/2025] [DEBUG] Request authentication | Meta: {"url":"/cart","method":"GET","isAuthenticated":false,"userId":null,"cartCount":2}
[19:29:57 09/07/2025] [DEBUG] Request authentication | Meta: {"url":"/cart","method":"GET","isAuthenticated":false,"userId":null,"cartCount":2}
[19:30:02 09/07/2025] [DEBUG] Request authentication | Meta: {"url":"/login","method":"GET","isAuthenticated":false,"userId":null,"cartCount":2}
[19:30:11 09/07/2025] [DEBUG] Request authentication | Meta: {"url":"/login","method":"POST","isAuthenticated":false,"userId":null,"cartCount":2}
[19:30:11 09/07/2025] [DEBUG] Request authentication | Meta: {"url":"/","method":"GET","isAuthenticated":true,"isAdmin":false,"userId":"6863a3bd5493cc908b53292b","cartCount":2}
[19:30:16 09/07/2025] [DEBUG] Request authentication | Meta: {"url":"/cart","method":"GET","isAuthenticated":true,"isAdmin":false,"userId":"6863a3bd5493cc908b53292b","cartCount":2}
[19:30:21 09/07/2025] [DEBUG] Request authentication | Meta: {"url":"/checkout","method":"GET","isAuthenticated":true,"isAdmin":false,"userId":"6863a3bd5493cc908b53292b","cartCount":2}
[19:31:00 09/07/2025] [DEBUG] Request authentication | Meta: {"url":"/","method":"GET","isAuthenticated":true,"isAdmin":false,"userId":"6863a3bd5493cc908b53292b","cartCount":2}
[19:31:03 09/07/2025] [DEBUG] Request authentication | Meta: {"url":"/logout","method":"POST","isAuthenticated":true,"isAdmin":false,"userId":"6863a3bd5493cc908b53292b","cartCount":2}
[19:31:03 09/07/2025] [DEBUG] Request authentication | Meta: {"url":"/","method":"GET","isAuthenticated":false,"userId":null,"cartCount":0}
[19:31:06 09/07/2025] [DEBUG] Request authentication | Meta: {"url":"/products/6865522580c38388b5018010","method":"GET","isAuthenticated":false,"userId":null,"cartCount":0}
[19:31:16 09/07/2025] [DEBUG] Request authentication | Meta: {"url":"/login","method":"GET","isAuthenticated":false,"userId":null,"cartCount":0}
[19:32:04 09/07/2025] [DEBUG] Request authentication | Meta: {"url":"/login","method":"POST","isAuthenticated":false,"userId":null,"cartCount":0}
[19:32:04 09/07/2025] [DEBUG] Request authentication | Meta: {"url":"/admin/dashboard","method":"GET","isAuthenticated":true,"isAdmin":true,"userId":"6863a3bd5493cc908b53292a","cartCount":0}
[19:32:06 09/07/2025] [DEBUG] Request authentication | Meta: {"url":"/admin/inventory","method":"GET","isAuthenticated":true,"isAdmin":true,"userId":"6863a3bd5493cc908b53292a","cartCount":0}
[19:35:59 09/07/2025] [DEBUG] Request authentication | Meta: {"url":"/admin/orders","method":"GET","isAuthenticated":true,"isAdmin":true,"userId":"6863a3bd5493cc908b53292a","cartCount":0}
[19:36:13 09/07/2025] [DEBUG] Request authentication | Meta: {"url":"/admin/orders/686e13c9b7ff0da902282a1b","method":"GET","isAuthenticated":true,"isAdmin":true,"userId":"6863a3bd5493cc908b53292a","cartCount":0}
[19:36:14 09/07/2025] [DEBUG] Request authentication | Meta: {"url":"/css/admin.css","method":"GET","isAuthenticated":true,"isAdmin":true,"userId":"6863a3bd5493cc908b53292a","cartCount":0}
[19:38:53 09/07/2025] [DEBUG] Request authentication | Meta: {"url":"/admin/dashboard","method":"GET","isAuthenticated":true,"isAdmin":true,"userId":"6863a3bd5493cc908b53292a","cartCount":0}
[19:38:55 09/07/2025] [DEBUG] Request authentication | Meta: {"url":"/admin/products","method":"GET","isAuthenticated":true,"isAdmin":true,"userId":"6863a3bd5493cc908b53292a","cartCount":0}
[19:41:46 09/07/2025] [DEBUG] Request authentication | Meta: {"url":"/admin/orders","method":"GET","isAuthenticated":true,"isAdmin":true,"userId":"6863a3bd5493cc908b53292a","cartCount":0}
[19:41:54 09/07/2025] [DEBUG] Request authentication | Meta: {"url":"/admin/dashboard","method":"GET","isAuthenticated":true,"isAdmin":true,"userId":"6863a3bd5493cc908b53292a","cartCount":0}
[19:41:55 09/07/2025] [DEBUG] Request authentication | Meta: {"url":"/admin/products","method":"GET","isAuthenticated":true,"isAdmin":true,"userId":"6863a3bd5493cc908b53292a","cartCount":0}
[19:49:06 09/07/2025] [DEBUG] Request authentication | Meta: {"url":"/admin/accounts","method":"GET","isAuthenticated":true,"isAdmin":true,"userId":"6863a3bd5493cc908b53292a","cartCount":0}
[19:49:27 09/07/2025] [DEBUG] Request authentication | Meta: {"url":"/logout","method":"POST","isAuthenticated":true,"isAdmin":true,"userId":"6863a3bd5493cc908b53292a","cartCount":0}
[19:49:27 09/07/2025] [DEBUG] Request authentication | Meta: {"url":"/","method":"GET","isAuthenticated":false,"userId":null,"cartCount":0}
[19:49:29 09/07/2025] [DEBUG] Request authentication | Meta: {"url":"/login","method":"GET","isAuthenticated":false,"userId":null,"cartCount":0}
[19:49:36 09/07/2025] [DEBUG] Request authentication | Meta: {"url":"/login","method":"POST","isAuthenticated":false,"userId":null,"cartCount":0}
[19:49:37 09/07/2025] [DEBUG] Request authentication | Meta: {"url":"/admin/dashboard","method":"GET","isAuthenticated":true,"isAdmin":true,"userId":"6863a3bd5493cc908b53292a","cartCount":0}
[19:50:42 09/07/2025] [DEBUG] Request authentication | Meta: {"url":"/admin/accounts","method":"GET","isAuthenticated":true,"isAdmin":true,"userId":"6863a3bd5493cc908b53292a","cartCount":0}
[19:50:48 09/07/2025] [DEBUG] Request authentication | Meta: {"url":"/admin/accounts/6863a3bd5493cc908b53292a/edit","method":"GET","isAuthenticated":true,"isAdmin":true,"userId":"6863a3bd5493cc908b53292a","cartCount":0}
[19:50:52 09/07/2025] [DEBUG] Request authentication | Meta: {"url":"/admin/accounts","method":"GET","isAuthenticated":true,"isAdmin":true,"userId":"6863a3bd5493cc908b53292a","cartCount":0}
[19:51:14 09/07/2025] [DEBUG] Request authentication | Meta: {"url":"/admin/products","method":"GET","isAuthenticated":true,"isAdmin":true,"userId":"6863a3bd5493cc908b53292a","cartCount":0}
[19:52:37 09/07/2025] [DEBUG] Request authentication | Meta: {"url":"/logout","method":"POST","isAuthenticated":true,"isAdmin":true,"userId":"6863a3bd5493cc908b53292a","cartCount":0}
[19:52:37 09/07/2025] [DEBUG] Request authentication | Meta: {"url":"/","method":"GET","isAuthenticated":false,"userId":null,"cartCount":0}
[19:52:43 09/07/2025] [DEBUG] Request authentication | Meta: {"url":"/about","method":"GET","isAuthenticated":false,"userId":null,"cartCount":0}
[19:52:46 09/07/2025] [DEBUG] Request authentication | Meta: {"url":"/contact","method":"GET","isAuthenticated":false,"userId":null,"cartCount":0}
[19:53:01 09/07/2025] [DEBUG] Request authentication | Meta: {"url":"/","method":"GET","isAuthenticated":false,"userId":null,"cartCount":0}
[19:53:30 09/07/2025] [DEBUG] Request authentication | Meta: {"url":"/login","method":"GET","isAuthenticated":false,"userId":null,"cartCount":0}
[19:53:34 09/07/2025] [DEBUG] Request authentication | Meta: {"url":"/login","method":"POST","isAuthenticated":false,"userId":null,"cartCount":0}
[19:53:34 09/07/2025] [DEBUG] Request authentication | Meta: {"url":"/admin/dashboard","method":"GET","isAuthenticated":true,"isAdmin":true,"userId":"6863a3bd5493cc908b53292a","cartCount":0}
[19:53:37 09/07/2025] [DEBUG] Request authentication | Meta: {"url":"/logout","method":"POST","isAuthenticated":true,"isAdmin":true,"userId":"6863a3bd5493cc908b53292a","cartCount":0}
[19:53:37 09/07/2025] [DEBUG] Request authentication | Meta: {"url":"/","method":"GET","isAuthenticated":false,"userId":null,"cartCount":0}
[19:53:40 09/07/2025] [DEBUG] Request authentication | Meta: {"url":"/login","method":"GET","isAuthenticated":false,"userId":null,"cartCount":0}
[19:53:42 09/07/2025] [DEBUG] Request authentication | Meta: {"url":"/signup","method":"GET","isAuthenticated":false,"userId":null,"cartCount":0}
[19:53:49 09/07/2025] [DEBUG] Request authentication | Meta: {"url":"/signup","method":"GET","isAuthenticated":false,"userId":null,"cartCount":0}
[19:55:07 09/07/2025] [DEBUG] Request authentication | Meta: {"url":"/signup","method":"GET","isAuthenticated":false,"userId":null,"cartCount":0}
[19:55:12 09/07/2025] [DEBUG] Request authentication | Meta: {"url":"/login","method":"GET","isAuthenticated":false,"userId":null,"cartCount":0}
[19:55:15 09/07/2025] [DEBUG] Request authentication | Meta: {"url":"/login","method":"POST","isAuthenticated":false,"userId":null,"cartCount":0}
[19:55:15 09/07/2025] [DEBUG] Request authentication | Meta: {"url":"/","method":"GET","isAuthenticated":false,"userId":null,"cartCount":0}
[19:55:17 09/07/2025] [DEBUG] Request authentication | Meta: {"url":"/login","method":"GET","isAuthenticated":true,"isAdmin":false,"userId":"6863a3bd5493cc908b53292b","cartCount":0}
[19:55:17 09/07/2025] [DEBUG] Request authentication | Meta: {"url":"/","method":"GET","isAuthenticated":true,"isAdmin":false,"userId":"6863a3bd5493cc908b53292b","cartCount":0}
[19:55:21 09/07/2025] [DEBUG] Request authentication | Meta: {"url":"/orders","method":"GET","isAuthenticated":true,"isAdmin":false,"userId":"6863a3bd5493cc908b53292b","cartCount":0}
[19:55:49 09/07/2025] [DEBUG] Request authentication | Meta: {"url":"/","method":"GET","isAuthenticated":true,"isAdmin":false,"userId":"6863a3bd5493cc908b53292b","cartCount":0}
